
Gurobi 10.0.2 (linux64) logging started Thu Sep  7 10:02:53 2023

Set parameter LogFile to value "../surrogate_problem/log/surrogate2_35.log"
Set parameter Threads to value 30
Gurobi Optimizer version 10.0.2 build v10.0.2rc0 (linux64)

CPU model: Intel(R) Xeon(R) Platinum 8280 CPU @ 2.70GHz, instruction set [SSE2|AVX|AVX2|AVX512]
Thread count: 112 physical cores, 112 logical processors, using up to 30 threads

Optimize a model with 566 rows, 1753 columns and 205913 nonzeros
Model fingerprint: 0x51885034
Variable types: 321 continuous, 1432 integer (1432 binary)
Coefficient statistics:
  Matrix range     [8e-07, 1e+05]
  Objective range  [5e-01, 5e+01]
  Bounds range     [1e+00, 1e+00]
  RHS range        [3e-02, 1e+05]
Found heuristic solution: objective 207158.67309
Presolve removed 253 rows and 253 columns
Presolve time: 0.16s
Presolved: 313 rows, 1500 columns, 93706 nonzeros
Variable types: 152 continuous, 1348 integer (1348 binary)

Root relaxation: objective 1.671042e+05, 174 iterations, 0.01 seconds (0.01 work units)

    Nodes    |    Current Node    |     Objective Bounds      |     Work
 Expl Unexpl |  Obj  Depth IntInf | Incumbent    BestBd   Gap | It/Node Time

     0     0 167104.236    0   13 207158.673 167104.236  19.3%     -    0s
H    0     0                    167104.39766 167104.236  0.00%     -    0s
     0     0 167104.236    0   13 167104.398 167104.236  0.00%     -    0s

Explored 1 nodes (174 simplex iterations) in 0.25 seconds (0.21 work units)
Thread count was 30 (of 112 available processors)

Solution count 2: 167104 207159 

Optimal solution found (tolerance 1.00e-04)
Best objective 1.671043976632e+05, best bound 1.671043976632e+05, gap 0.0000%

Gurobi 10.0.2 (linux64) logging started Fri Sep  8 15:21:27 2023

Set parameter LogFile to value "../surrogate_problem/log/surrogate2_35.log"
Gurobi Optimizer version 10.0.2 build v10.0.2rc0 (linux64)

CPU model: Intel(R) Xeon(R) Platinum 8280 CPU @ 2.70GHz, instruction set [SSE2|AVX|AVX2|AVX512]
Thread count: 112 physical cores, 112 logical processors, using up to 30 threads

Optimize a model with 566 rows, 1753 columns and 205913 nonzeros
Model fingerprint: 0x51885034
Variable types: 321 continuous, 1432 integer (1432 binary)
Coefficient statistics:
  Matrix range     [8e-07, 1e+05]
  Objective range  [5e-01, 5e+01]
  Bounds range     [1e+00, 1e+00]
  RHS range        [3e-02, 1e+05]
Found heuristic solution: objective 207158.67309
Presolve removed 253 rows and 253 columns
Presolve time: 0.17s
Presolved: 313 rows, 1500 columns, 93706 nonzeros
Variable types: 152 continuous, 1348 integer (1348 binary)

Root relaxation: objective 1.671042e+05, 174 iterations, 0.01 seconds (0.01 work units)

    Nodes    |    Current Node    |     Objective Bounds      |     Work
 Expl Unexpl |  Obj  Depth IntInf | Incumbent    BestBd   Gap | It/Node Time

     0     0 167104.236    0   13 207158.673 167104.236  19.3%     -    0s
H    0     0                    167104.39766 167104.236  0.00%     -    0s
     0     0 167104.236    0   13 167104.398 167104.236  0.00%     -    0s

Explored 1 nodes (174 simplex iterations) in 0.28 seconds (0.21 work units)
Thread count was 30 (of 112 available processors)

Solution count 2: 167104 207159 

Optimal solution found (tolerance 1.00e-04)
Best objective 1.671043976632e+05, best bound 1.671043976632e+05, gap 0.0000%
