
Gurobi 9.5.1 (linux64, gurobi_cl) logging started Tue Jan 31 14:36:50 2023

Set parameter Username
Set parameter TimeLimit to value 7200
Set parameter LogFile to value "./log/reopt_p2/problem2_33.log"
Set parameter Threads to value 1
Academic license - for non-commercial use only - expires 2023-07-13
Using license file /opt/gurobi951/linux64/gurobi.lic

Gurobi Optimizer version 9.5.1 build v9.5.1rc2 (linux64)
Copyright (c) 2022, Gurobi Optimization, LLC

Read MPS format model from file ./ins/reopt_p2/problem2_33.mps.mps.gz
Reading time = 0.36 seconds
problem_: 103990 rows, 225479 columns, 406649 nonzeros
Thread count: 112 physical cores, 224 logical processors, using up to 1 threads
Optimize a model with 103990 rows, 225479 columns and 406649 nonzeros
Model fingerprint: 0xb0f30ede
Variable types: 0 continuous, 225479 integer (225479 binary)
Coefficient statistics:
  Matrix range     [6e-02, 3e+01]
  Objective range  [2e-01, 8e+01]
  Bounds range     [1e+00, 1e+00]
  RHS range        [1e+00, 1e+00]
Presolve removed 28233 rows and 60530 columns (presolve time = 14s) ...
Presolve removed 28233 rows and 60530 columns
Presolve time: 14.19s
Presolved: 75757 rows, 164949 columns, 334564 nonzeros
Variable types: 0 continuous, 164949 integer (164949 binary)
Found heuristic solution: objective 60739.656000

Root simplex log...

Iteration    Objective       Primal Inf.    Dual Inf.      Time
       0    1.0401138e+04   5.940000e+02   0.000000e+00     15s
    3576    1.4847776e+04   0.000000e+00   0.000000e+00     15s
    3576    1.4847776e+04   0.000000e+00   0.000000e+00     15s

Use crossover to convert LP symmetric solution to basic solution...

Root crossover log...

    7088 DPushes remaining with DInf 0.0000000e+00                15s
       0 DPushes remaining with DInf 0.0000000e+00                15s

       4 PPushes remaining with PInf 0.0000000e+00                15s
       0 PPushes remaining with PInf 0.0000000e+00                15s

  Push phase complete: Pinf 0.0000000e+00, Dinf 9.9603572e-12     15s


Root simplex log...

Iteration    Objective       Primal Inf.    Dual Inf.      Time
    4698    1.4847776e+04   0.000000e+00   0.000000e+00     15s
    5663    1.4847776e+04   0.000000e+00   0.000000e+00     15s
Extra simplex iterations after uncrush: 965

Root relaxation: objective 1.484778e+04, 5663 iterations, 0.82 seconds (0.58 work units)

    Nodes    |    Current Node    |     Objective Bounds      |     Work
 Expl Unexpl |  Obj  Depth IntInf | Incumbent    BestBd   Gap | It/Node Time

     0     0 14847.7757    0 1551 60739.6560 14847.7757  75.6%     -   16s
H    0     0                    29789.844000 14847.7757  50.2%     -   16s
H    0     0                    29630.764000 14847.7757  49.9%     -   16s
     0     0 16392.2324    0 1581 29630.7640 16392.2324  44.7%     -   18s
H    0     0                    29496.322000 16392.2324  44.4%     -   19s
     0     0 17168.6713    0 1833 29496.3220 17168.6713  41.8%     -   21s
H    0     0                    29431.290000 17168.6713  41.7%     -   22s
     0     0 17201.8231    0 1825 29431.2900 17201.8231  41.6%     -   22s
     0     0 17939.7992    0 3725 29431.2900 17939.7992  39.0%     -   25s
     0     0 18032.7968    0 2830 29431.2900 18032.7968  38.7%     -   27s
     0     0 18034.3562    0 2825 29431.2900 18034.3562  38.7%     -   27s
     0     0 18667.8093    0 3153 29431.2900 18667.8093  36.6%     -   32s
H    0     0                    29419.546000 18667.8093  36.5%     -   32s
     0     0 18907.7824    0 5377 29419.5460 18907.7824  35.7%     -   38s
     0     0 18965.2873    0 5966 29419.5460 18965.2873  35.5%     -   41s
     0     0 19004.8276    0 5945 29419.5460 19004.8276  35.4%     -   44s
     0     0 19008.1653    0 6182 29419.5460 19008.1653  35.4%     -   44s
     0     0 19008.3844    0 6178 29419.5460 19008.3844  35.4%     -   44s
     0     0 19411.8764    0 15804 29419.5460 19411.8764  34.0%     -   63s
H    0     0                    29142.976000 19411.8764  33.4%     -   64s
     0     0 19657.7333    0 17899 29142.9760 19657.7333  32.5%     -   85s
     0     0 19672.6378    0 16042 29142.9760 19672.6378  32.5%     -   89s
     0     0 19683.0698    0 17921 29142.9760 19683.0698  32.5%     -   95s
     0     0 19685.2933    0 15569 29142.9760 19685.2933  32.5%     -   98s
     0     0 19686.3666    0 17698 29142.9760 19686.3666  32.4%     -  100s
     0     0 19686.7000    0 16270 29142.9760 19686.7000  32.4%     -  102s
     0     0 20201.4260    0 21675 29142.9760 20201.4260  30.7%     -  146s
H    0     0                    29088.064000 20201.4260  30.6%     -  147s
     0     0 20478.2619    0 33561 29088.0640 20478.2619  29.6%     -  195s
     0     0 20547.2887    0 33811 29088.0640 20547.2887  29.4%     -  217s
     0     0 20571.0306    0 34581 29088.0640 20571.0306  29.3%     -  230s
     0     0 20600.3861    0 34160 29088.0640 20600.3861  29.2%     -  243s
     0     0 20620.3751    0 35035 29088.0640 20620.3751  29.1%     -  256s
     0     0 20634.4593    0 35790 29088.0640 20634.4593  29.1%     -  266s
     0     0 20642.9687    0 35499 29088.0640 20642.9687  29.0%     -  272s
     0     0 20649.0288    0 35792 29088.0640 20649.0288  29.0%     -  276s
     0     0 20651.4199    0 35858 29088.0640 20651.4199  29.0%     -  279s
     0     0 20653.4642    0 35737 29088.0640 20653.4642  29.0%     -  281s
     0     0 20654.9657    0 36135 29088.0640 20654.9657  29.0%     -  283s
     0     0 20656.0352    0 35963 29088.0640 20656.0352  29.0%     -  284s
     0     0 21211.4494    0 40737 29088.0640 21211.4494  27.1%     -  412s
H    0     0                    29071.832000 21211.4494  27.0%     -  413s
     0     0 21345.2439    0 41630 29071.8320 21345.2439  26.6%     -  467s
     0     0 21370.3463    0 41600 29071.8320 21370.3463  26.5%     -  493s
     0     0 21384.6244    0 41949 29071.8320 21384.6244  26.4%     -  508s
     0     0 21393.5565    0 41494 29071.8320 21393.5565  26.4%     -  521s
     0     0 21403.7878    0 42291 29071.8320 21403.7878  26.4%     -  537s
     0     0 21407.3332    0 42024 29071.8320 21407.3332  26.4%     -  547s
     0     0 21411.9246    0 42338 29071.8320 21411.9246  26.3%     -  556s
     0     0 21414.0273    0 41900 29071.8320 21414.0273  26.3%     -  563s
     0     0 21417.8884    0 42471 29071.8320 21417.8884  26.3%     -  573s
     0     0 21419.1115    0 42244 29071.8320 21419.1115  26.3%     -  580s
     0     0 21699.4097    0 43040 29071.8320 21699.4097  25.4%     -  665s
     0     0 21743.3082    0 43206 29071.8320 21743.3082  25.2%     -  698s
     0     0 21761.5109    0 43624 29071.8320 21761.5109  25.1%     -  722s
     0     0 21775.1778    0 43718 29071.8320 21775.1778  25.1%     -  739s
     0     0 21781.2176    0 43751 29071.8320 21781.2176  25.1%     -  750s
     0     0 21792.7544    0 43915 29071.8320 21792.7544  25.0%     -  765s
     0     0 21807.5267    0 44091 29071.8320 21807.5267  25.0%     -  781s
     0     0 21815.6147    0 44221 29071.8320 21815.6147  25.0%     -  794s
     0     0 21824.9818    0 44343 29071.8320 21824.9818  24.9%     -  806s
     0     0 21830.5611    0 44506 29071.8320 21830.5611  24.9%     -  816s
     0     0 21833.3381    0 44620 29071.8320 21833.3381  24.9%     -  823s
     0     0 21835.6443    0 44660 29071.8320 21835.6443  24.9%     -  830s
     0     0 22062.5920    0 42414 29071.8320 22062.5920  24.1%     -  905s
H    0     0                    29055.344000 22062.5920  24.1%     -  905s
     0     0 22114.9560    0 42285 29055.3440 22114.9560  23.9%     -  932s
     0     0 22153.2982    0 42163 29055.3440 22153.2982  23.8%     -  955s
     0     0 22164.1220    0 42390 29055.3440 22164.1220  23.7%     -  971s
     0     0 22172.7842    0 42543 29055.3440 22172.7842  23.7%     -  983s
     0     0 22177.6189    0 42699 29055.3440 22177.6189  23.7%     -  992s
     0     0 22179.7859    0 42810 29055.3440 22179.7859  23.7%     -  998s
     0     0 22408.4741    0 41301 29055.3440 22408.4741  22.9%     - 1058s
     0     0 22433.2978    0 41532 29055.3440 22433.2978  22.8%     - 1082s
     0     0 22446.0013    0 41765 29055.3440 22446.0013  22.7%     - 1099s
     0     0 22451.1336    0 41950 29055.3440 22451.1336  22.7%     - 1109s
     0     0 22457.6393    0 42041 29055.3440 22457.6393  22.7%     - 1121s
     0     0 22463.3371    0 42145 29055.3440 22463.3371  22.7%     - 1131s
     0     0 22465.3464    0 42231 29055.3440 22465.3464  22.7%     - 1137s
     0     0 22550.6914    0 40848 29055.3440 22550.6914  22.4%     - 1177s
     0     0 22614.1998    0 41052 29055.3440 22614.1998  22.2%     - 1195s
     0     0 22684.9739    0 41180 29055.3440 22684.9739  21.9%     - 1211s
     0     0 22695.0824    0 41284 29055.3440 22695.0824  21.9%     - 1218s
     0     0 22697.4588    0 41390 29055.3440 22697.4588  21.9%     - 1225s
     0     0 22786.8264    0 42531 29055.3440 22786.8264  21.6%     - 1259s
     0     0 22800.0912    0 40965 29055.3440 22800.0912  21.5%     - 1272s
     0     0 22804.1380    0 41137 29055.3440 22804.1380  21.5%     - 1280s
     0     0 22806.9357    0 41228 29055.3440 22806.9357  21.5%     - 1288s
     0     0 22860.7299    0 40459 29055.3440 22860.7299  21.3%     - 1309s
H    0     0                    28957.384000 22860.7299  21.1%     - 1310s
     0     0 22874.4836    0 42323 28957.3840 22874.4836  21.0%     - 1319s
     0     0 22877.7566    0 40683 28957.3840 22877.7566  21.0%     - 1325s
     0     0 22906.6598    0 40371 28957.3840 22906.6598  20.9%     - 1339s
H    0     0                    28953.600000 22906.6598  20.9%     - 1339s
H    0     0                    28943.128000 22906.6598  20.9%     - 1339s
     0     0 22915.1936    0 42573 28943.1280 22915.1936  20.8%     - 1347s
     0     0 22922.5984    0 42029 28943.1280 22922.5984  20.8%     - 1352s
     0     0 22924.6900    0 42096 28943.1280 22924.6900  20.8%     - 1358s
     0     0 22960.5084    0 40222 28943.1280 22960.5084  20.7%     - 1374s
     0     0 22977.5812    0 40414 28943.1280 22977.5812  20.6%     - 1383s
     0     0 22979.2864    0 40498 28943.1280 22979.2864  20.6%     - 1388s
     0     0 22986.9607    0 40215 28943.1280 22986.9607  20.6%     - 1398s
     0     0 22986.9607    0 40198 28943.1280 22986.9607  20.6%     - 1403s
H    0     0                    28941.504000 22986.9607  20.6%     - 1489s
     0     0 23172.1119    0 36762 28941.5040 23172.1119  19.9%     - 1900s
     0     0 23377.3811    0 37240 28941.5040 23377.3811  19.2%     - 1947s
     0     0 23450.3804    0 37196 28941.5040 23450.3804  19.0%     - 1965s
     0     0 23475.4957    0 37115 28941.5040 23475.4957  18.9%     - 1974s
     0     0 23483.9618    0 36896 28941.5040 23483.9618  18.9%     - 1980s
     0     0 23488.7002    0 36855 28941.5040 23488.7002  18.8%     - 1983s
     0     0 23491.5960    0 36831 28941.5040 23491.5960  18.8%     - 1987s
     0     0 23494.1911    0 36818 28941.5040 23494.1911  18.8%     - 1991s
     0     0 23494.1956    0 36821 28941.5040 23494.1956  18.8%     - 1993s
     0     0 23501.1953    0 36958 28941.5040 23501.1953  18.8%     - 2016s
H    0     0                    28938.008000 23501.1953  18.8%     - 2017s
     0     0 23502.8225    0 36950 28938.0080 23502.8225  18.8%     - 2021s
     0     0 23503.1726    0 36960 28938.0080 23503.1726  18.8%     - 2024s
     0     0 23503.3310    0 36959 28938.0080 23503.3310  18.8%     - 2028s
     0     0 23503.3916    0 36950 28938.0080 23503.3916  18.8%     - 2028s
     0     0 23507.6751    0 36955 28938.0080 23507.6751  18.8%     - 2061s
     0     0 23507.9939    0 36935 28938.0080 23507.9939  18.8%     - 2062s
     0     0 23508.0911    0 36933 28938.0080 23508.0911  18.8%     - 2063s
     0     0 23508.1011    0 36939 28938.0080 23508.1011  18.8%     - 2064s
     0     0 23509.1290    0 36931 28938.0080 23509.1290  18.8%     - 2093s
     0     0 23509.2868    0 36933 28938.0080 23509.2868  18.8%     - 2094s
     0     0 23509.2903    0 36934 28938.0080 23509.2903  18.8%     - 2095s
     0     0 23509.3271    0 36932 28938.0080 23509.3271  18.8%     - 2113s
     0     0 23509.3353    0 36928 28938.0080 23509.3353  18.8%     - 2114s
     0     0 23509.3481    0 36926 28938.0080 23509.3481  18.8%     - 2131s
     0     0 23509.3481    0 36912 28938.0080 23509.3481  18.8%     - 2156s
     0     0 23509.3481    0 34442 28938.0080 23509.3481  18.8%     - 2416s
     0     0 23509.3481    0 34932 28938.0080 23509.3481  18.8%     - 2457s
     0     0 23509.3481    0 34737 28938.0080 23509.3481  18.8%     - 2474s
     0     0 23509.3481    0 35225 28938.0080 23509.3481  18.8%     - 2485s
     0     0 23509.3481    0 35218 28938.0080 23509.3481  18.8%     - 2490s
     0     0 23509.3481    0 34620 28938.0080 23509.3481  18.8%     - 2494s
     0     0 23509.3481    0 35123 28938.0080 23509.3481  18.8%     - 2498s
     0     0 23510.5652    0 34594 28938.0080 23510.5652  18.8%     - 2502s
     0     0 23510.6984    0 34593 28938.0080 23510.6984  18.8%     - 2505s
     0     0 23510.7268    0 34591 28938.0080 23510.7268  18.8%     - 2507s
     0     0 23511.8112    0 34590 28938.0080 23511.8112  18.8%     - 2510s
     0     0 23511.8125    0 34589 28938.0080 23511.8125  18.8%     - 2512s
     0     0 23511.8340    0 34599 28938.0080 23511.8340  18.8%     - 2530s
     0     0 23511.8342    0 34606 28938.0080 23511.8342  18.8%     - 2556s
     0     0 23511.8342    0 34607 28938.0080 23511.8342  18.8%     - 2557s
     0     0 23511.8342    0 34590 28938.0080 23511.8342  18.8%     - 2588s
     0     2 23512.2840    0 34586 28938.0080 23512.2840  18.7%     - 2738s
     1     4 23642.4899    1 34995 28938.0080 23512.2840  18.7% 65851 2756s
     2     5 24338.3666    1 32895 28938.0080 23642.4998  18.3% 67694 2818s
     3     5 23787.2077    2 34893 28938.0080 23642.5505  18.3% 51403 2835s
     4     6 24422.2677    2 32908 28938.0080 23787.2344  17.8% 53766 2893s
     5     7 23926.3204    3 34876 28938.0080 23787.3033  17.8% 46626 2910s
     6     8 24495.1943    3 32881 28938.0080 23926.3406  17.3% 48315 2964s
     7     9 24168.7286    4 33940 28938.0080 23926.3893  17.3% 44388 2985s
     8    10 24554.9964    4 32912 28938.0080 24168.7403  16.5% 45144 3035s
     9    11 24329.6579    5 33820 28938.0080 24168.7722  16.5% 41780 3050s
    10    12 24901.1515    5 32743 28938.0080 24329.6835  15.9% 42744 3104s
    11    13 24479.5241    6 33500 28938.0080 24329.7668  15.9% 39525 3111s
    12    14 25013.6492    6 32752 28938.0080 24338.3830  15.9% 40005 3215s
    13    15 24696.8374    7 33499 28938.0080 24338.3830  15.9% 38115 3231s
    14    16 25030.3088    7 32755 28938.0080 24338.3830  15.9% 38363 3273s
    15    17 24855.9106    8 33307 28938.0080 24338.3830  15.9% 36784 3288s
    16    18 25172.3125    8 32868 28938.0080 24338.3830  15.9% 36596 3323s
    17    19 25172.0999    9 32728 28938.0080 24338.3830  15.9% 35891 3348s
    18    20 25088.2688    9 33250 28938.0080 24338.3830  15.9% 34882 3367s
    19    21 25253.1889   10 32735 28938.0080 24338.3830  15.9% 33763 3381s
    20    22 25423.0679   10 32858 28938.0080 24338.3830  15.9% 32936 3452s
    21    23 25329.9841   11 32641 28938.0080 24338.3830  15.9% 31762 3461s
    22    24 25945.0305   11 30103 28938.0080 24338.3830  15.9% 32050 3498s
    23    25 25392.5609   12 32540 28938.0080 24338.3830  15.9% 30938 3504s
    24    26 26280.6355   12 30291 28938.0080 24338.3830  15.9% 31348 3544s
    25    27 25464.5567   13 32429 28938.0080 24338.3830  15.9% 30396 3551s
    26    28 26253.9951   13 30727 28938.0080 24338.3830  15.9% 30683 3588s
    27    29 25578.1285   14 32359 28938.0080 24338.3830  15.9% 29937 3606s
    28    30 26121.0612   14 30808 28938.0080 24338.3830  15.9% 30123 3640s
    29    31 25690.3463   15 32537 28938.0080 24338.3830  15.9% 29434 3650s
    30    32 26236.2654   15 30282 28938.0080 24338.3830  15.9% 29530 3682s
    31    33 25766.8765   16 32093 28938.0080 24338.3830  15.9% 28840 3690s
    32    34 26817.5334   16 30849 28938.0080 24338.3830  15.9% 29172 3729s
    33    35 25854.9474   17 31950 28938.0080 24338.3830  15.9% 28549 3738s
    34    35 26522.8697   17 30094 28938.0080 24338.3830  15.9% 28689 3771s
    35    36 26005.8842   18 31507 28938.0080 24338.3830  15.9% 28197 3793s
    36    36 26402.2640   18 30100 28938.0080 24338.3830  15.9% 28195 3821s
    37    37 26132.2277   19 31637 28938.0080 24338.3830  15.9% 27640 3829s
    38    38 26507.3694   19 30716 28938.0080 24338.3830  15.9% 27589 3855s
    39    39 26556.8585   20 30272 28938.0080 24338.3830  15.9% 27433 3876s
    40    40 26352.6983   20 31502 28938.0080 24338.3830  15.9% 27056 3890s
    41    41 26489.1744   21 31174 28938.0080 24338.3830  15.9% 26608 3899s
    42    42 26770.9899   21 30542 28938.0080 24338.3830  15.9% 26502 3921s
    43    43 26633.3771   22 31130 28938.0080 24338.3830  15.9% 26124 3932s
    44    44 26794.3825   22 30289 28938.0080 24338.3830  15.9% 25906 3948s
    45    45 26821.6699   23 30406 28938.0080 24338.3830  15.9% 25582 3959s
    46    46 26869.3600   23 30633 28938.0080 24338.3830  15.9% 25223 3969s
    47    47 26927.0678   24 30006 28938.0080 24338.3830  15.9% 24848 3977s
    48    48 27472.0650   24 27870 28938.0080 24338.3830  15.9% 24835 3999s
    49    49 26996.3857   25 29891 28938.0080 24338.3830  15.9% 24425 4004s
    50    50 27869.9194   25 27905 28938.0080 24338.3830  15.9% 24543 4032s
    51    51 27065.2243   26 29776 28938.0080 24338.3830  15.9% 24153 4036s
    52    52 28068.2965   26 28302 28938.0080 24338.3830  15.9% 24225 4061s
    53    53 27157.2588   27 29662 28938.0080 24338.3830  15.9% 23879 4067s
    54    54 28013.7319   27 28162 28938.0080 24338.3830  15.9% 24069 4107s
    55    55 27265.6126   28 29728 28938.0080 24338.3830  15.9% 23750 4152s
    56    56 27950.3398   28 28471 28938.0080 24338.3830  15.9% 23940 4183s
    57    57 27380.1493   29 30109 28938.0080 24338.3830  15.9% 23668 4192s
    58    58 28009.9719   29 28318 28938.0080 24338.3830  15.9% 23794 4220s
    59    59 27528.6226   30 30308 28938.0080 24338.3830  15.9% 23552 4230s
    60    60 28121.0006   30 28442 28938.0080 24338.3830  15.9% 23623 4256s
    61    61 27673.3185   31 30204 28938.0080 24338.3830  15.9% 23394 4266s
    62    62 28243.2341   31 28176 28938.0080 24338.3830  15.9% 23492 4294s
    63    63 27818.8670   32 30044 28938.0080 24338.3830  15.9% 23249 4302s
    64    64 28379.2227   32 28171 28938.0080 24338.3830  15.9% 23293 4327s
    65    65 27997.6664   33 29901 28938.0080 24338.3830  15.9% 23086 4338s
    66    66 28463.1420   33 28497 28938.0080 24338.3830  15.9% 23137 4363s
    67    67 28603.2773   34 28302 28938.0080 24338.3830  15.9% 23131 4388s
    68    68 28193.8200   34 29711 28938.0080 24338.3830  15.9% 22928 4398s
    69    69 28394.2019   35 29386 28938.0080 24338.3830  15.9% 22695 4405s
    70    70 28755.5295   35 28148 28938.0080 24338.3830  15.9% 22650 4423s
    71    71 28575.7726   36 29175 28938.0080 24338.3830  15.9% 22443 4430s
    72    72 28875.9653   36 28146 28938.0080 24338.3830  15.9% 22391 4448s
    73    73 28891.7327   37 28465 28938.0080 24338.3830  15.9% 22269 4462s
    74    74 28802.5369   37 28978 28938.0080 24338.3830  15.9% 22097 4471s
    75    75 28802.8247   38 28978 28938.0080 24338.3830  15.9% 21802 4475s
    87    83 28884.8090   47 28961 28938.0080 24338.3830  15.9% 18834 4480s
    99    84     cutoff   53      28938.0080 24338.3830  15.9% 16575 4485s
   102    83 24453.6189    2 32502 28938.0080 24338.4196  15.9% 16228 4498s
   103    84 24534.6524    3 32724 28938.0080 24338.4196  15.9% 16161 4507s
   104    85 24616.0907    4 32620 28938.0080 24338.4196  15.9% 16108 4517s
   105    86 24703.9912    5 32518 28938.0080 24338.4196  15.9% 16061 4528s
   106    87 24798.2265    6 32420 28938.0080 24338.4196  15.9% 15997 4537s
   107    88 24910.7410    7 32629 28938.0080 24338.4196  15.9% 15962 4550s
   108    89 25059.3254    8 32537 28938.0080 24338.4196  15.9% 15935 4563s
   109    90 25247.0024    9 32423 28938.0080 24338.4196  15.9% 15930 4579s
   110    91 25377.1509   10 32097 28938.0080 24338.4196  15.9% 15865 4588s
   111    92 25556.8502   11 31831 28938.0080 24338.4196  15.9% 15825 4600s
   112    93 26071.6762   11 30882 28938.0080 24338.4196  15.9% 16014 4638s
   113    94 25774.5038   12 32100 28938.0080 24338.4196  15.9% 15986 4652s
   114    95 26214.4529   12 30572 28938.0080 24338.4196  15.9% 16124 4684s
   115    96 25987.7804   13 31786 28938.0080 24338.4196  15.9% 16079 4696s
   116    97 26381.8874   13 30918 28938.0080 24338.4196  15.9% 16221 4730s
   117    98 26174.1983   14 31721 28938.0080 24338.4196  15.9% 16183 4742s
   118    99 26505.6785   14 30564 28938.0080 24338.4196  15.9% 16287 4771s
   119   100 26362.2278   15 31547 28938.0080 24338.4196  15.9% 16250 4783s
   120   101 26523.9177   15 30849 28938.0080 24338.4196  15.9% 16270 4802s
   121   102 26433.6957   16 31289 28938.0080 24338.4196  15.9% 16186 4808s
   122   103 26521.8354   17 31209 28938.0080 24338.4196  15.9% 16124 4817s
   123   104 26599.0857   18 31251 28938.0080 24338.4196  15.9% 16046 4824s
   124   105 26689.9454   19 30998 28938.0080 24338.4196  15.9% 15978 4831s
   125   106 26765.2453   20 30832 28938.0080 24338.4196  15.9% 15893 4837s
   126   107 26865.4048   21 30574 28938.0080 24338.4196  15.9% 15823 4844s
   127   108 26995.6115   22 30596 28938.0080 24338.4196  15.9% 15763 4852s
   128   109 27091.0465   23 30435 28938.0080 24338.4196  15.9% 15693 4859s
   129   110 27277.9561   24 30441 28938.0080 24338.4196  15.9% 15653 4870s
   130   111 27544.4253   24 29176 28938.0080 24338.4196  15.9% 15680 4889s
   131   112 27427.5117   25 30280 28938.0080 24338.4196  15.9% 15620 4897s
   132   113 27546.4285   26 30108 28938.0080 24338.4196  15.9% 15557 4904s
   133   114 27709.8308   27 29911 28938.0080 24338.4196  15.9% 15494 4911s
   134   115 27813.8386   27 29199 28938.0080 24338.4196  15.9% 15475 4923s
   135   116 27973.9219   28 28653 28938.0080 24338.4196  15.9% 15424 4932s
   136   117 28053.1071   28 28524 28938.0080 24338.4196  15.9% 15365 4939s
   137   118 28065.0522   29 28240 28938.0080 24338.4196  15.9% 15290 4944s
   138   119 28586.4281   29 26650 28938.0080 24338.4196  15.9% 15331 4962s
   139   120 28124.1022   30 28127 28938.0080 24338.4196  15.9% 15254 4966s
   140   119     cutoff   30      28938.0080 24338.4196  15.9% 15247 4976s
   141   120 28193.7622   31 27743 28938.0080 24338.4196  15.9% 15184 4982s
   142   119     cutoff   31      28938.0080 24338.4196  15.9% 15216 4998s
   143   120 28253.8884   32 27912 28938.0080 24338.4196  15.9% 15143 5003s
   144   119     cutoff   32      28938.0080 24338.4196  15.9% 15099 5008s
   145   120 28355.2590   33 27959 28938.0080 24338.4196  15.9% 15056 5017s
   146   119     cutoff   33      28938.0080 24338.4196  15.9% 15131 5038s
   147   120 28429.3976   34 27833 28938.0080 24338.4196  15.9% 15068 5043s
   148   119     cutoff   34      28938.0080 24338.4196  15.9% 15007 5046s
   149   120 28505.7114   35 27662 28938.0080 24338.4196  15.9% 14937 5051s
   150   119     cutoff   35      28938.0080 24338.4196  15.9% 14867 5055s
   151   120 28599.0194   36 27546 28938.0080 24338.4196  15.9% 14807 5060s
   152   119     cutoff   36      28938.0080 24338.4196  15.9% 14792 5071s
   153   120 28708.6198   37 27377 28938.0080 24338.4196  15.9% 14740 5077s
   154   119     cutoff   37      28938.0080 24338.4196  15.9% 14672 5080s
   155   120 28832.8509   38 26953 28938.0080 24338.4196  15.9% 14624 5087s
   157   120 28839.3088   39 26949 28938.0080 24338.4196  15.9% 14462 5090s
   169   122 25036.5327    2 30383 28938.0080 24422.2865  15.6% 13697 5132s
   170   123 25108.3974    3 30296 28938.0080 24422.2865  15.6% 13664 5139s
   171   124 25196.2432    4 30196 28938.0080 24422.2865  15.6% 13627 5146s
   172   125 25291.6745    5 30106 28938.0080 24422.2865  15.6% 13590 5153s
   173   126 25412.4810    6 29856 28938.0080 24422.2865  15.6% 13562 5161s
   174   127 25541.0192    7 29708 28938.0080 24422.2865  15.6% 13537 5171s
   175   128 25743.9918    8 30309 28938.0080 24422.2865  15.6% 13541 5185s
   176   129 26232.2053    8 28901 28938.0080 24422.2865  15.6% 13672 5220s
   177   130 25866.9861    9 30139 28938.0080 24422.2865  15.6% 13649 5229s
   178   131 26054.0139   10 30114 28938.0080 24422.2865  15.6% 13629 5240s
   179   132 26484.3279   10 28884 28938.0080 24422.2865  15.6% 13727 5269s
   180   133 26276.0896   11 29923 28938.0080 24422.2865  15.6% 13713 5280s
   181   134 26645.1697   11 28865 28938.0080 24422.2865  15.6% 13797 5307s
   182   135 26447.6402   12 29747 28938.0080 24422.2865  15.6% 13772 5316s
   183   136 26842.8806   12 28868 28938.0080 24422.2865  15.6% 13838 5342s
   184   137 26648.7812   13 29546 28938.0080 24422.2865  15.6% 13821 5352s
   185   138 26895.2438   13 28853 28938.0080 24422.2865  15.6% 13858 5372s
   186   139 26822.0220   14 28874 28938.0080 24422.2865  15.6% 13840 5383s
   187   140 26983.6714   15 28987 28938.0080 24422.2865  15.6% 13816 5392s
   188   141 27043.7872   15 28857 28938.0080 24422.2865  15.6% 13792 5402s
   189   142 27058.1153   16 28875 28938.0080 24422.2865  15.6% 13749 5407s
   190   143 27136.8707   17 28625 28938.0080 24422.2865  15.6% 13713 5414s
   191   144 27222.6510   18 28470 28938.0080 24422.2865  15.6% 13668 5424s
   192   145 27314.0020   19 28538 28938.0080 24422.2865  15.6% 13630 5429s
   193   146 27413.7564   20 28274 28938.0080 24422.2865  15.6% 13592 5436s
   194   147 27526.5105   21 28187 28938.0080 24422.2865  15.6% 13559 5448s
   195   148 27613.2925   22 28176 28938.0080 24422.2865  15.6% 13512 5452s
   196   149 27714.4700   23 27851 28938.0080 24422.2865  15.6% 13479 5459s
   197   150 27889.3827   24 27873 28938.0080 24422.2865  15.6% 13456 5468s
   198   151 28134.7986   24 26405 28938.0080 24422.2865  15.6% 13468 5482s
   199   152 28013.3394   25 27541 28938.0080 24422.2865  15.6% 13433 5489s
   200   153 28319.2882   25 26382 28938.0080 24422.2865  15.6% 13441 5501s
   201   154 28118.7172   26 27373 28938.0080 24422.2865  15.6% 13402 5507s
   202   155 28255.6134   27 27130 28938.0080 24422.2865  15.6% 13363 5538s
   203   156 28358.4065   27 26445 28938.0080 24422.2865  15.6% 13344 5547s
   204   157 28418.6749   28 26580 28938.0080 24422.2865  15.6% 13320 5555s
   205   158 28407.4400   28 26923 28938.0080 24422.2865  15.6% 13279 5560s
   206   159 28468.9357   29 26684 28938.0080 24422.2865  15.6% 13241 5565s
   207   160 28538.1227   30 26099 28938.0080 24422.2865  15.6% 13200 5570s
   209   162 28692.4362   32 25678 28938.0080 24422.2865  15.6% 13124 5580s
   210   163 28777.7991   33 26112 28938.0080 24422.2865  15.6% 13089 5585s
   211   164 28847.8643   34 26189 28938.0080 24422.2865  15.6% 13051 5590s
   213   162     cutoff   35      28938.0080 24422.2865  15.6% 12952 5595s
   215   160     cutoff   34      28938.0080 24422.2865  15.6% 12864 5600s
   216   161 25156.5128    3 30541 28938.0080 24422.2880  15.6% 13005 5642s
   217   162 25230.5913    4 30122 28938.0080 24422.2880  15.6% 12979 5648s
   218   163 25322.7458    5 30356 28938.0080 24422.2880  15.6% 12954 5655s
   219   164 25416.8897    6 30105 28938.0080 24422.2880  15.6% 12925 5662s
   220   165 25543.0857    7 29839 28938.0080 24422.2880  15.6% 12907 5671s
   221   166 26162.5001    5 28418 28938.0080 24422.2880  15.6% 13027 5706s
   222   167 25689.3249    8 29864 28938.0080 24422.2880  15.6% 13008 5714s
   223   168 26169.1186    6 28387 28938.0080 24422.2880  15.6% 13122 5748s
   224   169 26197.8637    7 28862 28938.0080 24422.2880  15.6% 13240 5784s
   225   170 26288.3787    8 28688 28938.0080 24422.2880  15.6% 13349 5819s
   226   171 25865.4959    9 29594 28938.0080 24422.2880  15.6% 13339 5830s
   227   172 26001.3296   10 29460 28938.0080 24422.2880  15.6% 13321 5839s
   228   173 26413.6342    9 28714 28938.0080 24422.2880  15.6% 13416 5871s
   229   174 26171.8109   11 29623 28938.0080 24422.2880  15.6% 13398 5881s
   230   175 26583.7198   10 28688 28938.0080 24422.2880  15.6% 13481 5911s
   231   176 26497.4608   10 28799 28938.0080 24422.2880  15.6% 13450 5917s
   232   177 26557.5316   11 28649 28938.0080 24422.2880  15.6% 13410 5921s
   233   178 26394.7278   12 29275 28938.0080 24422.2880  15.6% 13403 5932s
   234   179 26638.7063   11 28059 28938.0080 24422.2880  15.6% 13470 5959s
   235   180 26658.4265   11 28622 28938.0080 24422.2880  15.6% 13438 5965s
   236   181 26718.5040   12 28797 28938.0080 24422.2880  15.6% 13407 5971s
   237   182 26554.9375   13 28946 28938.0080 24422.2880  15.6% 13388 5980s
   238   183 26758.1009   12 28372 28938.0080 24422.2880  15.6% 13439 6004s
   239   184 26775.7532   13 28671 28938.0080 24422.2880  15.6% 13407 6009s
   240   185 26870.7451   14 28565 28938.0080 24422.2880  15.6% 13541 6064s
   241   186 27222.7180   12 26464 28938.0080 24422.2880  15.6% 13565 6079s
   242   187 26957.4692   15 28459 28938.0080 24422.2880  15.6% 13532 6084s
   243   188 27065.0790   16 28006 28938.0080 24422.2880  15.6% 13502 6091s
   244   189 27330.0685   14 26586 28938.0080 24422.2880  15.6% 13529 6107s
   245   190 27167.0213   17 27925 28938.0080 24422.2880  15.6% 13498 6112s
   246   191 27477.4149   15 26617 28938.0080 24422.2880  15.6% 13526 6130s
   247   192 27529.8326   16 26622 28938.0080 24422.2880  15.6% 13554 6147s
   248   193 27281.6681   18 27580 28938.0080 24422.2880  15.6% 13526 6154s
   249   193 27663.7176   17 26625 28938.0080 24422.2880  15.6% 13556 6172s
   250   194 27387.6574   19 27413 28938.0080 24422.2880  15.6% 13526 6178s
   251   194 27706.3721   18 26615 28938.0080 24422.2880  15.6% 13547 6195s
   252   195 27562.2560   20 27300 28938.0080 24422.2880  15.6% 13526 6202s
   253   196 27789.3076   19 26628 28938.0080 24422.2880  15.6% 13545 6219s
   255   198 27788.3590   20 26033 28938.0080 24422.2880  15.6% 13459 6223s
   256   199 27831.9124   20 26465 28938.0080 24422.2880  15.6% 13478 6240s
   257   200 27668.1257   21 27098 28938.0080 24422.2880  15.6% 13448 6245s
   258   201 27853.1125   20 26039 28938.0080 24422.2880  15.6% 13415 6250s
   260   203 27908.0469   21 25961 28938.0080 24422.2880  15.6% 13347 6258s
   261   204 27783.3023   22 26932 28938.0080 24422.2880  15.6% 13322 6264s
   262   205 27971.2455   22 25582 28938.0080 24422.2880  15.6% 13288 6268s
   263   206 27901.8701   23 26722 28938.0080 24422.2880  15.6% 13259 6273s
   264   207 28018.2925   22 26587 28938.0080 24422.2880  15.6% 13258 6286s
   265   208 28055.5438   24 26603 28938.0080 24422.2880  15.6% 13235 6292s
   266   209 28077.3715   23 26033 28938.0080 24422.2880  15.6% 13202 6296s
   267   210 28029.2559   23 26641 28938.0080 24422.2880  15.6% 13196 6306s
   268   211 28134.4846   24 26507 28938.0080 24422.2880  15.6% 13170 6312s
   269   212 28087.0036   24 25921 28938.0080 24422.2880  15.6% 13135 6315s
   271   214 28155.9510   25 26124 28938.0080 24422.2880  15.6% 13072 6323s
   272   215 28186.6859   26 26087 28938.0080 24422.2880  15.6% 13041 6327s
   273   216 28193.9397   25 26760 28938.0080 24422.2880  15.6% 13011 6332s
   274   217 28253.1587   27 25820 28938.0080 24422.2880  15.6% 12983 6336s
   275   218 28330.7470   28 25372 28938.0080 24422.2880  15.6% 12954 6341s
   276   219 28420.8769   29 25745 28938.0080 24422.2880  15.6% 12928 6346s
   277   220 28526.6382   30 25447 28938.0080 24422.2880  15.6% 12903 6351s
   278   219     cutoff   30      28938.0080 24422.2880  15.6% 12949 6371s
   279   218     cutoff   29      28938.0080 24422.2880  15.6% 12936 6377s
   280   217     cutoff   28      28938.0080 24422.2880  15.6% 12923 6382s
   281   218 28597.7515   31 25656 28938.0080 24422.2880  15.6% 12892 6386s
   282   219 28711.2178   32 25380 28938.0080 24422.2880  15.6% 12870 6394s
   283   218     cutoff   32      28938.0080 24422.2880  15.6% 12842 6396s
   284   219 28792.9940   33 24998 28938.0080 24422.2880  15.6% 12815 6401s
   288   220 28798.0319   36 25202 28938.0080 24422.2880  15.6% 12653 6406s
   305   234 28842.3111   45 25188 28938.0080 24422.2880  15.6% 11953 6410s
   318   243 28871.1875   53 24976 28938.0080 24422.2880  15.6% 11475 6415s
   324   239     cutoff   54      28938.0080 24422.2880  15.6% 11287 6422s
   325   240 24542.5502    3 32685 28938.0080 24454.2496  15.5% 11293 6435s
   326   241 24623.2293    4 32696 28938.0080 24454.2496  15.5% 11280 6442s
   327   242 24754.1170    5 32743 28938.0080 24454.2496  15.5% 11273 6459s
   328   243 24834.4326    6 32669 28938.0080 24454.2496  15.5% 11277 6471s
   329   244 24923.4859    7 32565 28938.0080 24454.2496  15.5% 11272 6481s
   330   245 25387.0005    5 30578 28938.0080 24454.2496  15.5% 11370 6523s
   331   246 25036.5487    8 32467 28938.0080 24454.2496  15.5% 11368 6533s
   332   247 25157.0050    9 31905 28938.0080 24454.2496  15.5% 11369 6545s
   333   248 25307.8705   10 31770 28938.0080 24454.2496  15.5% 11374 6558s
   334   249 25854.2770    9 30300 28938.0080 24454.2496  15.5% 11466 6599s
   335   250 25471.2713   11 32474 28938.0080 24454.2496  15.5% 11473 6613s
   336   251 25928.2655   10 30434 28938.0080 24454.2496  15.5% 11566 6655s
   337   252 25597.8538   12 31564 28938.0080 24454.2496  15.5% 11563 6666s
   338   253 25768.9918   13 31265 28938.0080 24454.2496  15.5% 11563 6678s
   339   254 26067.1823   11 30162 28938.0080 24454.2496  15.5% 11648 6718s
   340   255 26156.2982   12 30531 28938.0080 24454.2496  15.5% 11638 6726s
   341   256 25991.6060   14 31377 28938.0080 24454.2496  15.5% 11642 6739s
   342   257 26278.7239   12 30141 28938.0080 24454.2496  15.5% 11726 6781s
   343   258 26280.9408   13 30135 28938.0080 24454.2496  15.5% 11800 6819s
   344   259 26181.2533   15 31198 28938.0080 24454.2496  15.5% 11792 6828s
   345   260 26360.9440   14 30535 28938.0080 24454.2496  15.5% 11779 6838s
   346   261 26404.6614   14 30436 28938.0080 24454.2496  15.5% 11838 6875s
   347   262 26439.4465   15 30470 28938.0080 24454.2496  15.5% 11826 6883s
   348   263 26487.6776   15 30348 28938.0080 24454.2496  15.5% 11812 6890s
   349   264 26511.3504   16 30341 28938.0080 24454.2496  15.5% 11794 6896s
   350   265 26593.3668   17 30391 28938.0080 24454.2496  15.5% 11778 6902s
   351   266 26682.2315   18 30230 28938.0080 24454.2496  15.5% 11763 6909s
   352   267 26816.8818   19 29798 28938.0080 24454.2496  15.5% 11757 6919s
   353   268 27181.1226   17 28247 28938.0080 24454.2496  15.5% 11793 6941s
   354   269 26921.9635   20 29960 28938.0080 24454.2496  15.5% 11781 6949s
   355   270 27229.8369   18 28218 28938.0080 24454.2496  15.5% 11824 6975s
   356   271 27018.0625   21 29477 28938.0080 24454.2496  15.5% 11808 6982s
   357   271 27271.3066   19 28198 28938.0080 24454.2496  15.5% 11843 7005s
   358   272 27186.8791   22 29487 28938.0080 24454.2496  15.5% 11833 7014s
   359   272 27468.7367   20 28202 28938.0080 24454.2496  15.5% 11864 7037s
   360   273 27481.5641   22 28228 28938.0080 24454.2496  15.5% 11886 7056s
   361   274 27299.1976   23 29283 28938.0080 24454.2496  15.5% 11873 7063s
   362   275 27508.9006   21 28185 28938.0080 24454.2496  15.5% 11905 7085s
   363   276 27547.7498   23 28120 28938.0080 24454.2496  15.5% 11887 7090s
   364   277 27435.6129   24 29112 28938.0080 24454.2496  15.5% 11872 7097s
   365   278 27615.1666   24 28029 28938.0080 24454.2496  15.5% 11854 7102s
   366   279 27700.6575   25 27644 28938.0080 24454.2496  15.5% 11840 7108s
   367   280 27773.0820   26 27821 28938.0080 24454.2496  15.5% 11822 7113s
   368   281 27839.3701   27 27694 28938.0080 24454.2496  15.5% 11805 7119s
   369   282 28513.7504   25 25295 28938.0080 24454.2496  15.5% 11836 7137s
   370   283 27922.8706   28 27576 28938.0080 24454.2496  15.5% 11824 7144s
   371   284 28025.7029   29 27090 28938.0080 24454.2496  15.5% 11811 7152s
   372   283     cutoff   27      28938.0080 24454.2496  15.5% 11840 7170s
   373   284 28112.9371   30 27248 28938.0080 24454.2496  15.5% 11824 7180s
   374   283     cutoff   29      28938.0080 24454.2496  15.5% 11851 7197s

Cutting planes:
  Gomory: 15
  Cover: 1154
  Clique: 445
  MIR: 184
  StrongCG: 19
  Mod-K: 1
  RLT: 16

Explored 375 nodes (5996700 simplex iterations) in 7200.03 seconds (13521.30 work units)
Thread count was 1 (of 224 available processors)

Solution count 10: 28938 28941.5 28943.1 ... 29419.5

Time limit reached
Best objective 2.893800800000e+04, best bound 2.445424961837e+04, gap 15.4944%

Gurobi 10.0.2 (linux64) logging started Tue Sep  5 17:37:58 2023

Set parameter LogFile to value "../reopt_p2/problem2_33.log"
Set parameter TimeLimit to value 600
Gurobi Optimizer version 10.0.2 build v10.0.2rc0 (linux64)

CPU model: Intel(R) Xeon(R) Platinum 8280 CPU @ 2.70GHz, instruction set [SSE2|AVX|AVX2|AVX512]
Thread count: 112 physical cores, 112 logical processors, using up to 32 threads

Optimize a model with 103990 rows, 225479 columns and 406649 nonzeros
Model fingerprint: 0xb0f30ede
Variable types: 0 continuous, 225479 integer (225479 binary)
Coefficient statistics:
  Matrix range     [6e-02, 3e+01]
  Objective range  [2e-01, 8e+01]
  Bounds range     [1e+00, 1e+00]
  RHS range        [1e+00, 1e+00]
Presolve removed 28233 rows and 60530 columns (presolve time = 42s) ...
Presolve removed 28233 rows and 60530 columns
Presolve time: 42.31s
Presolved: 75757 rows, 164949 columns, 334564 nonzeros
Variable types: 0 continuous, 164949 integer (164949 binary)
Found heuristic solution: objective 60739.656000
Deterministic concurrent LP optimizer: primal and dual simplex
Showing first log only...


Root simplex log...

Iteration    Objective       Primal Inf.    Dual Inf.      Time
       0    2.0087417e+03   6.000000e+00   1.009009e+08     44s
       7    2.1396295e+04   0.000000e+00   3.990407e+04     44s
    4943    1.4847776e+04   0.000000e+00   0.000000e+00     44s
Concurrent spin time: 0.06s

Solved with dual simplex

Root simplex log...

Iteration    Objective       Primal Inf.    Dual Inf.      Time
    3576    1.4847776e+04   0.000000e+00   0.000000e+00     44s

Use crossover to convert LP symmetric solution to basic solution...

Root crossover log...

       0 DPushes remaining with DInf 0.0000000e+00                44s

       4 PPushes remaining with PInf 0.0000000e+00                44s
       0 PPushes remaining with PInf 0.0000000e+00                44s

  Push phase complete: Pinf 0.0000000e+00, Dinf 9.9603572e-12     44s


Root simplex log...

Iteration    Objective       Primal Inf.    Dual Inf.      Time
    4698    1.4847776e+04   0.000000e+00   0.000000e+00     44s
    5654    1.4847776e+04   0.000000e+00   0.000000e+00     44s
Extra simplex iterations after uncrush: 956

Root relaxation: objective 1.484778e+04, 5654 iterations, 1.19 seconds (0.54 work units)

    Nodes    |    Current Node    |     Objective Bounds      |     Work
 Expl Unexpl |  Obj  Depth IntInf | Incumbent    BestBd   Gap | It/Node Time

     0     0 14847.7757    0 1551 60739.6560 14847.7757  75.6%     -   45s
H    0     0                    29789.844000 14847.7757  50.2%     -   45s
H    0     0                    29630.764000 14847.7757  49.9%     -   45s
H    0     0                    29606.540000 14847.7757  49.8%     -   46s
     0     0 16392.2324    0 1581 29606.5400 16392.2324  44.6%     -   49s
H    0     0                    29472.098000 16392.2324  44.4%     -   53s
     0     0 17168.6720    0 1840 29472.0980 17168.6720  41.7%     -   68s
H    0     0                    29461.626000 17168.6720  41.7%     -   69s
     0     0 17201.8239    0 1832 29461.6260 17201.8239  41.6%     -   70s
     0     0 17934.4211    0 3727 29461.6260 17934.4211  39.1%     -   78s
     0     0 18033.8263    0 2827 29461.6260 18033.8263  38.8%     -   84s
     0     0 18034.3562    0 2825 29461.6260 18034.3562  38.8%     -   84s
     0     0 18647.8890    0 3980 29461.6260 18647.8890  36.7%     -   97s
H    0     0                    29449.482000 18647.8890  36.7%     -   98s
     0     0 18921.1000    0 5724 29449.4820 18921.1000  35.8%     -  110s
     0     0 18982.6632    0 5532 29449.4820 18982.6632  35.5%     -  115s
     0     0 19003.6075    0 6470 29449.4820 19003.6075  35.5%     -  120s
     0     0 19005.6283    0 6183 29449.4820 19005.6283  35.5%     -  122s
     0     0 19397.8125    0 16063 29449.4820 19397.8125  34.1%     -  155s
H    0     0                    29437.738000 19397.8125  34.1%     -  156s
H    0     0                    29149.336000 19397.8125  33.5%     -  157s
     0     0 19642.1120    0 18377 29149.3360 19642.1120  32.6%     -  195s
     0     0 19656.0268    0 15826 29149.3360 19656.0268  32.6%     -  202s
     0     0 19663.7524    0 17708 29149.3360 19663.7524  32.5%     -  210s
     0     0 19664.2302    0 2482 29149.3360 19664.2302  32.5%     -  212s
     0     0 19901.3309    0 22163 29149.3360 19901.3309  31.7%     -  238s
H    0     0                    29094.424000 19901.3309  31.6%     -  238s
H    0     0                    29092.672000 19901.3309  31.6%     -  239s
     0     0 20129.8451    0 27976 29092.6720 20129.8451  30.8%     -  298s
     0     0 20157.9410    0 27261 29092.6720 20157.9410  30.7%     -  315s
     0     0 20173.2761    0 28160 29092.6720 20173.2761  30.7%     -  330s
     0     0 20182.1168    0 28473 29092.6720 20182.1168  30.6%     -  341s
     0     0 20189.4520    0 28514 29092.6720 20189.4520  30.6%     -  351s
     0     0 20192.3320    0 28822 29092.6720 20192.3320  30.6%     -  358s
     0     0 20193.8382    0 28837 29092.6720 20193.8382  30.6%     -  361s
     0     0 20194.7256    0 28929 29092.6720 20194.7256  30.6%     -  362s
     0     0 20805.8541    0 34474 29092.6720 20805.8541  28.5%     -  547s
H    0     0                    29070.936000 20805.8541  28.4%     -  549s
     0     0          -    0      29070.9360 20805.8541  28.4%     -  600s

Cutting planes:
  Gomory: 132
  Cover: 8622
  Clique: 1894
  MIR: 1448
  StrongCG: 97
  RLT: 4

Explored 1 nodes (188126 simplex iterations) in 600.05 seconds (383.83 work units)
Thread count was 32 (of 112 available processors)

Solution count 10: 29070.9 29092.7 29094.4 ... 29630.8

Time limit reached
Best objective 2.907093600000e+04, best bound 2.080585411587e+04, gap 28.4307%

Gurobi 10.0.2 (linux64) logging started Wed Sep  6 14:19:28 2023

Set parameter LogFile to value "../reopt_p2/problem2_33.log"
Set parameter TimeLimit to value 600
Set parameter Threads to value 30
Gurobi Optimizer version 10.0.2 build v10.0.2rc0 (linux64)

CPU model: Intel(R) Xeon(R) Platinum 8280 CPU @ 2.70GHz, instruction set [SSE2|AVX|AVX2|AVX512]
Thread count: 112 physical cores, 112 logical processors, using up to 30 threads

Optimize a model with 103990 rows, 225479 columns and 406649 nonzeros
Model fingerprint: 0xb0f30ede
Variable types: 0 continuous, 225479 integer (225479 binary)
Coefficient statistics:
  Matrix range     [6e-02, 3e+01]
  Objective range  [2e-01, 8e+01]
  Bounds range     [1e+00, 1e+00]
  RHS range        [1e+00, 1e+00]
Presolve removed 28233 rows and 60530 columns (presolve time = 15s) ...
Presolve removed 28233 rows and 60530 columns
Presolve time: 15.52s
Presolved: 75757 rows, 164949 columns, 334564 nonzeros
Variable types: 0 continuous, 164949 integer (164949 binary)
Found heuristic solution: objective 60739.656000
Deterministic concurrent LP optimizer: primal and dual simplex
Showing first log only...


Root simplex log...

Iteration    Objective       Primal Inf.    Dual Inf.      Time
       0    2.0087417e+03   6.000000e+00   1.009009e+08     16s
       7    2.1396295e+04   0.000000e+00   3.990407e+04     16s
    4943    1.4847776e+04   0.000000e+00   0.000000e+00     16s
Concurrent spin time: 0.02s

Solved with dual simplex

Root simplex log...

Iteration    Objective       Primal Inf.    Dual Inf.      Time
    3576    1.4847776e+04   0.000000e+00   0.000000e+00     16s

Use crossover to convert LP symmetric solution to basic solution...

Root crossover log...

       0 DPushes remaining with DInf 0.0000000e+00                16s

       4 PPushes remaining with PInf 0.0000000e+00                16s
       0 PPushes remaining with PInf 0.0000000e+00                16s

  Push phase complete: Pinf 0.0000000e+00, Dinf 9.9603572e-12     16s


Root simplex log...

Iteration    Objective       Primal Inf.    Dual Inf.      Time
    4698    1.4847776e+04   0.000000e+00   0.000000e+00     16s
    5654    1.4847776e+04   0.000000e+00   0.000000e+00     16s
Extra simplex iterations after uncrush: 956

Root relaxation: objective 1.484778e+04, 5654 iterations, 0.63 seconds (0.54 work units)

    Nodes    |    Current Node    |     Objective Bounds      |     Work
 Expl Unexpl |  Obj  Depth IntInf | Incumbent    BestBd   Gap | It/Node Time

     0     0 14847.7757    0 1551 60739.6560 14847.7757  75.6%     -   17s
H    0     0                    29789.844000 14847.7757  50.2%     -   17s
H    0     0                    29630.764000 14847.7757  49.9%     -   17s
H    0     0                    29606.540000 14847.7757  49.8%     -   17s
     0     0 16392.2324    0 1581 29606.5400 16392.2324  44.6%     -   19s
H    0     0                    29472.098000 16392.2324  44.4%     -   19s
     0     0 17168.6720    0 1840 29472.0980 17168.6720  41.7%     -   21s
H    0     0                    29461.626000 17168.6720  41.7%     -   21s
     0     0 17201.8239    0 1832 29461.6260 17201.8239  41.6%     -   21s
     0     0 17934.4211    0 3727 29461.6260 17934.4211  39.1%     -   24s
     0     0 18033.8263    0 2827 29461.6260 18033.8263  38.8%     -   25s
     0     0 18034.3562    0 2825 29461.6260 18034.3562  38.8%     -   26s
     0     0 18647.8890    0 3980 29461.6260 18647.8890  36.7%     -   29s
H    0     0                    29449.482000 18647.8890  36.7%     -   30s
     0     0 18921.1000    0 5724 29449.4820 18921.1000  35.8%     -   35s
     0     0 18982.6632    0 5532 29449.4820 18982.6632  35.5%     -   37s
     0     0 19003.6075    0 6470 29449.4820 19003.6075  35.5%     -   39s
     0     0 19005.6283    0 6183 29449.4820 19005.6283  35.5%     -   40s
     0     0 19397.8125    0 16063 29449.4820 19397.8125  34.1%     -   54s
H    0     0                    29437.738000 19397.8125  34.1%     -   55s
H    0     0                    29149.336000 19397.8125  33.5%     -   55s
     0     0 19642.1120    0 18377 29149.3360 19642.1120  32.6%     -   73s
     0     0 19656.0268    0 15826 29149.3360 19656.0268  32.6%     -   76s
     0     0 19663.7524    0 17708 29149.3360 19663.7524  32.5%     -   80s
     0     0 19664.2302    0 2482 29149.3360 19664.2302  32.5%     -   81s
     0     0 19901.3309    0 22163 29149.3360 19901.3309  31.7%     -   94s
H    0     0                    29094.424000 19901.3309  31.6%     -   94s
H    0     0                    29092.672000 19901.3309  31.6%     -   94s
     0     0 20129.8451    0 27976 29092.6720 20129.8451  30.8%     -  119s
     0     0 20157.9410    0 27261 29092.6720 20157.9410  30.7%     -  126s
     0     0 20173.2761    0 28160 29092.6720 20173.2761  30.7%     -  132s
     0     0 20182.1168    0 28473 29092.6720 20182.1168  30.6%     -  136s
     0     0 20189.4520    0 28514 29092.6720 20189.4520  30.6%     -  140s
     0     0 20192.3320    0 28822 29092.6720 20192.3320  30.6%     -  143s
     0     0 20193.8382    0 28837 29092.6720 20193.8382  30.6%     -  144s
     0     0 20194.7256    0 28929 29092.6720 20194.7256  30.6%     -  145s
     0     0 20805.8541    0 34474 29092.6720 20805.8541  28.5%     -  216s
H    0     0                    29070.936000 20805.8541  28.4%     -  217s
     0     0 20988.0261    0 37952 29070.9360 20988.0261  27.8%     -  255s
     0     0 21067.6785    0 38921 29070.9360 21067.6785  27.5%     -  284s
     0     0 21106.8325    0 39889 29070.9360 21106.8325  27.4%     -  304s
     0     0 21148.0919    0 39973 29070.9360 21148.0919  27.3%     -  325s
     0     0 21171.3004    0 40391 29070.9360 21171.3004  27.2%     -  339s
     0     0 21186.9842    0 40548 29070.9360 21186.9842  27.1%     -  350s
     0     0 21200.6579    0 40688 29070.9360 21200.6579  27.1%     -  360s
     0     0 21212.7286    0 40873 29070.9360 21212.7286  27.0%     -  369s
     0     0 21222.3068    0 40961 29070.9360 21222.3068  27.0%     -  377s
     0     0 21228.7022    0 41102 29070.9360 21228.7022  27.0%     -  384s
     0     0 21231.4972    0 41022 29070.9360 21231.4972  27.0%     -  390s
     0     0 21233.3757    0 41276 29070.9360 21233.3757  27.0%     -  394s
     0     0 21234.1504    0 41223 29070.9360 21234.1504  27.0%     -  397s
     0     0 21575.3064    0 42995 29070.9360 21575.3064  25.8%     -  475s
     0     0 21625.3948    0 43214 29070.9360 21625.3948  25.6%     -  498s
     0     0 21660.0996    0 43096 29070.9360 21660.0996  25.5%     -  521s
     0     0 21677.1564    0 43803 29070.9360 21677.1564  25.4%     -  540s
     0     0 21683.3741    0 44087 29070.9360 21683.3741  25.4%     -  552s
     0     0 21688.9775    0 44151 29070.9360 21688.9775  25.4%     -  559s
     0     0 21692.7752    0 44258 29070.9360 21692.7752  25.4%     -  567s
     0     0 21696.4135    0 44230 29070.9360 21696.4135  25.4%     -  573s
     0     0 21697.7197    0 44347 29070.9360 21697.7197  25.4%     -  578s
     0     0          -    0      29070.9360 21697.7197  25.4%     -  600s

Cutting planes:
  Gomory: 90
  Cover: 11554
  Clique: 3385
  MIR: 1543
  StrongCG: 76
  RLT: 3

Explored 1 nodes (437650 simplex iterations) in 600.02 seconds (1203.85 work units)
Thread count was 30 (of 112 available processors)

Solution count 10: 29070.9 29092.7 29094.4 ... 29630.8

Time limit reached
Best objective 2.907093600000e+04, best bound 2.169771974354e+04, gap 25.3628%
