
Gurobi 9.5.1 (linux64, gurobi_cl) logging started Tue Jan 31 14:43:11 2023

Set parameter Username
Set parameter TimeLimit to value 7200
Set parameter LogFile to value "./log/reopt_p2/problem2_1.log"
Set parameter Threads to value 1
Academic license - for non-commercial use only - expires 2023-07-13
Using license file /opt/gurobi951/linux64/gurobi.lic

Gurobi Optimizer version 9.5.1 build v9.5.1rc2 (linux64)
Copyright (c) 2022, Gurobi Optimization, LLC

Read MPS format model from file ./ins/reopt_p2/problem2_1.mps.mps.gz
Reading time = 0.30 seconds
problem_: 87496 rows, 182660 columns, 306620 nonzeros
Thread count: 112 physical cores, 224 logical processors, using up to 1 threads
Optimize a model with 87496 rows, 182660 columns and 306620 nonzeros
Model fingerprint: 0x8df308a0
Variable types: 0 continuous, 182660 integer (182660 binary)
Coefficient statistics:
  Matrix range     [7e-02, 3e+01]
  Objective range  [3e-01, 8e+01]
  Bounds range     [1e+00, 1e+00]
  RHS range        [1e+00, 1e+00]
Presolve removed 33664 rows and 71423 columns (presolve time = 15s) ...
Presolve removed 33664 rows and 71423 columns
Presolve time: 15.18s
Presolved: 53832 rows, 111237 columns, 220618 nonzeros
Variable types: 0 continuous, 111237 integer (111237 binary)
Found heuristic solution: objective 45676.608000

Root simplex log...

Iteration    Objective       Primal Inf.    Dual Inf.      Time
       0    1.1332817e+04   3.370000e+02   0.000000e+00     16s
     842    1.4959076e+04   0.000000e+00   0.000000e+00     16s
     842    1.4959076e+04   0.000000e+00   0.000000e+00     16s

Use crossover to convert LP symmetric solution to basic solution...

Root crossover log...

       0 DPushes remaining with DInf 0.0000000e+00                16s

       0 PPushes remaining with PInf 0.0000000e+00                16s

  Push phase complete: Pinf 0.0000000e+00, Dinf 7.6958466e-12     16s


Root simplex log...

Iteration    Objective       Primal Inf.    Dual Inf.      Time
    1041    1.4959076e+04   0.000000e+00   0.000000e+00     16s
    1215    1.4959076e+04   0.000000e+00   0.000000e+00     16s
Extra simplex iterations after uncrush: 174

Root relaxation: objective 1.495908e+04, 1215 iterations, 0.34 seconds (0.23 work units)

    Nodes    |    Current Node    |     Objective Bounds      |     Work
 Expl Unexpl |  Obj  Depth IntInf | Incumbent    BestBd   Gap | It/Node Time

     0     0 14959.0761    0 1088 45676.6080 14959.0761  67.3%     -   16s
H    0     0                    24237.714000 14959.0761  38.3%     -   16s
H    0     0                    24227.962000 14959.0761  38.3%     -   16s
     0     0 16114.4218    0 1440 24227.9620 16114.4218  33.5%     -   17s
H    0     0                    23713.694000 16114.4218  32.0%     -   18s
     0     0 16118.5710    0 1437 23713.6940 16118.5710  32.0%     -   18s
     0     0 16118.5725    0 1437 23713.6940 16118.5725  32.0%     -   18s
     0     0 17042.5002    0  921 23713.6940 17042.5002  28.1%     -   19s
     0     0 17127.4337    0 1358 23713.6940 17127.4337  27.8%     -   19s
     0     0 17127.6667    0  949 23713.6940 17127.6667  27.8%     -   20s
     0     0 17666.3996    0 1251 23713.6940 17666.3996  25.5%     -   21s
H    0     0                    23589.068000 17666.3996  25.1%     -   21s
     0     0 17839.6923    0 1275 23589.0680 17839.6923  24.4%     -   21s
     0     0 17852.5465    0 1278 23589.0680 17852.5465  24.3%     -   22s
     0     0 18294.9148    0 2643 23589.0680 18294.9148  22.4%     -   23s
     0     0 18476.6025    0 1689 23589.0680 18476.6025  21.7%     -   25s
     0     0 18499.2779    0 1635 23589.0680 18499.2779  21.6%     -   25s
     0     0 18510.8822    0 2032 23589.0680 18510.8822  21.5%     -   25s
     0     0 18511.0114    0 1235 23589.0680 18511.0114  21.5%     -   25s
     0     0 18710.3407    0 4281 23589.0680 18710.3407  20.7%     -   27s
     0     0 18914.1399    0 4918 23589.0680 18914.1399  19.8%     -   29s
     0     0 18953.2235    0 7124 23589.0680 18953.2235  19.7%     -   30s
     0     0 18967.0621    0 7530 23589.0680 18967.0621  19.6%     -   31s
     0     0 18968.9247    0 5443 23589.0680 18968.9247  19.6%     -   31s
     0     0 18969.6790    0 6891 23589.0680 18969.6790  19.6%     -   32s
     0     0 19552.6955    0 5491 23589.0680 19552.6955  17.1%     -   36s
     0     0 19761.6303    0 11888 23589.0680 19761.6303  16.2%     -   39s
     0     0 19820.3235    0 7297 23589.0680 19820.3235  16.0%     -   41s
     0     0 19852.1823    0 14695 23589.0680 19852.1823  15.8%     -   43s
     0     0 19867.3166    0 14121 23589.0680 19867.3166  15.8%     -   44s
     0     0 19871.3256    0 14496 23589.0680 19871.3256  15.8%     -   45s
     0     0 19873.0047    0 14544 23589.0680 19873.0047  15.8%     -   45s
     0     0 19874.5004    0 14525 23589.0680 19874.5004  15.7%     -   45s
     0     0 19875.3624    0 14569 23589.0680 19875.3624  15.7%     -   46s
     0     0 20422.6205    0 14964 23589.0680 20422.6205  13.4%     -   57s
H    0     0                    23574.204000 20422.6205  13.4%     -   58s
     0     0 20553.4636    0 15914 23574.2040 20553.4636  12.8%     -   63s
     0     0 20597.9576    0 22677 23574.2040 20597.9576  12.6%     -   67s
     0     0 20614.4139    0 21325 23574.2040 20614.4139  12.6%     -   69s
     0     0 20624.5194    0 22836 23574.2040 20624.5194  12.5%     -   70s
     0     0 20628.0957    0 21861 23574.2040 20628.0957  12.5%     -   71s
     0     0 20629.6093    0 22530 23574.2040 20629.6093  12.5%     -   72s
     0     0 21006.8320    0 18021 23574.2040 21006.8320  10.9%     -   87s
H    0     0                    23558.412000 21006.8320  10.8%     -   87s
     0     0 21078.0296    0 25277 23558.4120 21078.0296  10.5%     -   94s
     0     0 21097.5084    0 18659 23558.4120 21097.5084  10.4%     -   96s
     0     0 21102.2525    0 18463 23558.4120 21102.2525  10.4%     -   97s
     0     0 21103.9728    0 18593 23558.4120 21103.9728  10.4%     -   98s
     0     0 21307.7012    0 26583 23558.4120 21307.7012  9.55%     -  110s
H    0     0                    23553.660000 21307.7012  9.54%     -  110s
     0     0 21355.3587    0 27533 23553.6600 21355.3587  9.33%     -  114s
     0     0 21384.6052    0 26913 23553.6600 21384.6052  9.21%     -  116s
     0     0 21386.4204    0 27354 23553.6600 21386.4204  9.20%     -  117s
     0     0 21510.0280    0 22444 23553.6600 21510.0280  8.68%     -  126s
     0     0 21559.8158    0 22130 23553.6600 21559.8158  8.47%     -  130s
     0     0 21572.7420    0 20268 23553.6600 21572.7420  8.41%     -  132s
     0     0 21575.8064    0 19907 23553.6600 21575.8064  8.40%     -  133s
     0     0 21577.1198    0 20511 23553.6600 21577.1198  8.39%     -  135s
     0     0 21670.6108    0 22818 23553.6600 21670.6108  7.99%     -  142s
     0     0 21704.1552    0 27789 23553.6600 21704.1552  7.85%     -  147s
     0     0 21713.8527    0 22205 23553.6600 21713.8527  7.81%     -  148s
     0     0 21716.7145    0 19693 23553.6600 21716.7145  7.80%     -  150s
     0     0 21773.1689    0 22344 23553.6600 21773.1689  7.56%     -  156s
     0     0 21783.6718    0 20174 23553.6600 21783.6718  7.51%     -  159s
     0     0 21792.6864    0 20228 23553.6600 21792.6864  7.48%     -  161s
     0     0 21794.4276    0 20400 23553.6600 21794.4276  7.47%     -  163s
     0     0 21822.0395    0 29708 23553.6600 21822.0395  7.35%     -  167s
     0     0 21833.7943    0 22260 23553.6600 21833.7943  7.30%     -  170s
     0     0 21840.8428    0 22549 23553.6600 21840.8428  7.27%     -  172s
     0     0 21842.5359    0 22402 23553.6600 21842.5359  7.26%     -  173s
     0     0 21881.3074    0 28759 23553.6600 21881.3074  7.10%     -  179s
     0     0 21890.2404    0 21106 23553.6600 21890.2404  7.06%     -  182s
     0     0 21892.6781    0 21387 23553.6600 21892.6781  7.05%     -  183s
     0     0 21911.4112    0 29248 23553.6600 21911.4112  6.97%     -  187s
     0     0 21911.4112    0 29239 23553.6600 21911.4112  6.97%     -  189s
     3     3 21930.6344    2  524 23553.6600 21929.9613  6.89% 64686  278s
    12    12 21975.8188   10   94 23553.6600 21929.9613  6.89% 16288  280s
   120   114 22034.4144    3  951 23553.6600 21931.7457  6.89%  1694  285s
   140   134 22205.0565   16 7873 23553.6600 21931.7457  6.89%  1527  290s
   198   184 22114.4222    9  113 23553.6600 21936.3793  6.87%  1128  295s
   345   309 22161.2805   29  839 23553.6600 21944.1943  6.83%   670  300s
   466   416 22158.5535   25   93 23553.6600 21945.6622  6.83%   511  305s
   503   454 22026.3406    2 19365 23553.6600 22001.5591  6.59%   669  518s
   504   454 22265.1821    2 17363 23553.6600 22026.3421  6.48%   689  525s
   506   455 22330.6376    3 17132 23553.6600 22054.0124  6.37%   713  533s
   507   456 22080.0358    4 19287 23553.6600 22054.0846  6.37%   718  535s
   508   457 22206.5301    4 15892 23553.6600 22080.1773  6.26%   731  540s
   510   459 22197.3683    5 16087 23553.6600 22113.1364  6.12%   748  546s
   511   460 22173.0747    6 18833 23553.6600 22113.3056  6.12%   758  550s
   512   461 22568.9916    6 1354 23553.6600 22173.0983  5.86%   781  558s
   513   462 22194.3596    7 18829 23553.6600 22173.3296  5.86%   787  560s
   515   464 22223.3606    8 18497 23553.6600 22194.4885  5.77%   811  566s
   516   465 22425.1536    8 14833 23553.6600 22197.4207  5.76%   826  572s
   518   467 22480.2143    9 15121 23553.6600 22197.4207  5.76%   848  580s
   519   468 22284.0486   10 18470 23553.6600 22197.4207  5.76%   853  586s
   520   469 22594.9168   10 14769 23553.6600 22197.4207  5.76%   871  593s
   521   470 22322.2300   11 17955 23553.6600 22197.4207  5.76%   877  595s
   522   471 22543.1349   11 15163 23553.6600 22197.4207  5.76%   896  601s
   524   473 22610.3933   12 15084 23553.6600 22197.4207  5.76%   921  610s
   525   474 22723.1875   13 14517 23553.6600 22197.4207  5.76%   941  616s
   527   476 22473.8759   14 16524 23553.6600 22197.4207  5.76%   951  621s
   528   477 22762.3926   14 15129 23553.6600 22197.4207  5.76%   972  628s
   529   478 22795.2622   15 14255 23553.6600 22197.4207  5.76%   991  634s
   530   479 22549.5890   15 15877 23553.6600 22197.4207  5.76%   996  636s
   532   481 22809.8609   16 15204 23553.6600 22197.4207  5.76%  1021  645s
   546   495 22861.4113   29 14353 23553.6600 22197.4207  5.76%  1025  655s
   547   496 22897.1052   30 14437 23553.6600 22197.4207  5.76%  1039  664s
   548   497 22839.4559   30 14550 23553.6600 22197.4207  5.76%  1045  666s
   562   509 22915.0907   41 14606 23553.6600 22197.4207  5.76%  1027  670s
   587   530 23034.6874   61 15515 23553.6600 22197.4207  5.76%   995  675s
   607   550 23087.2346   78 14395 23553.6600 22197.4207  5.76%   972  680s
   619   556 22511.8669    7 16980 23553.6600 22198.0315  5.76%   986  694s
   620   557 22647.7068    7   79 23553.6600 22198.0315  5.76%   996  697s
   644   581 22868.7107   24   68 23553.6600 22198.0315  5.76%   962  700s
   708   629 22776.5049    6 15378 23553.6600 22206.5411  5.72%   901  712s
   710   631 22815.8443    8 14001 23553.6600 22206.5411  5.72%   905  715s
   727   647 22874.2879   21 14438 23553.6600 22206.5411  5.72%   891  720s
   747   667 22933.9272   40 13142 23553.6600 22206.5411  5.72%   875  725s
   760   680 22980.7612   50 9364 23553.6600 22206.5411  5.72%   870  730s
   789   709 23072.6721   74 9383 23553.6600 22206.5411  5.72%   845  735s
   816   726     cutoff   92      23553.6600 22206.5411  5.72%   824  740s
   817   727 22426.6095    5 17124 23553.6600 22206.5629  5.72%   841  748s
   818   728 22448.7066    6 17013 23553.6600 22206.5629  5.72%   843  750s
   821   731 23135.0716    8 14775 23553.6600 22206.5629  5.72%   856  757s
   822   732 22588.5342    9 8726 23553.6600 22206.5629  5.72%   862  760s
   834   744 22636.1339   15 12366 23553.6600 22206.5629  5.72%   859  765s
   902   812 22847.8021   56  590 23553.6600 22206.5629  5.72%   800  770s
   974   868 22614.4387    5   80 23553.6600 22270.1859  5.45%   749  776s
  1000   894 22796.4913   16   69 23553.6600 22270.1859  5.45%   734  780s
H 1002   895                    23550.548000 22270.1859  5.44%   830  780s
  1018     1 22671.2138    0 29239 23550.5480 22671.2138  3.73%   0.0  809s
  1018     1 22671.2138    0 18584 23550.5480 22671.2138  3.73%   0.0  829s
  1018     1 22671.2138    0 18628 23550.5480 22671.2138  3.73%   0.0  832s
  1018     1 22671.2138    0 18691 23550.5480 22671.2138  3.73%   0.0  841s
  1018     1 22671.2138    0 18682 23550.5480 22671.2138  3.73%   0.0  855s
  1018     1 22671.2138    0 18774 23550.5480 22671.2138  3.73%   0.0  883s
  1018     1 22671.2138    0 18786 23550.5480 22671.2138  3.73%   0.0  904s
  1018     1 22671.2138    0 18786 23550.5480 22671.2138  3.73%   0.0  905s
  1018     1 22671.2138    0 18779 23550.5480 22671.2138  3.73%   0.0  928s
  1018     2 22671.2138    0 16780 23550.5480 22671.2138  3.73%   145  947s
  1018     2 22671.2138    0 16711 23550.5480 22671.2138  3.73%   145  950s
  1018     2 22671.2138    0 16992 23550.5480 22671.2138  3.73%   145  959s
  1018     2 22671.2138    0 16981 23550.5480 22671.2138  3.73%   145  960s
  1018     2 22671.2138    0 16974 23550.5480 22671.2138  3.73%   145  971s
  1018     2 22671.2138    0 16985 23550.5480 22671.2138  3.73%   145  991s
  1018     2 22671.2138    0 16979 23550.5480 22671.2138  3.73%   145 1009s
  1018     2 22671.2138    0 16972 23550.5480 22671.2138  3.73%   145 1011s
  1018     2 22671.2138    0 16972 23550.5480 22671.2138  3.73%   145 1031s
  1019     5 22671.2138   26 15772 23550.5480 22671.2138  3.73%   294 1036s
  1020     6 23133.2882   26 15476 23550.5480 22671.2138  3.73%   316 1044s
  1021     6 23269.7216   27 15503 23550.5480 22671.2138  3.73%   335 1052s
  1022     7 22707.2828   27 16832 23550.5480 22707.2828  3.58%   343 1055s
  1024     8 23405.5864   28 15476 23550.5480 22828.7573  3.06%   369 1066s
  1025     9 23428.5877   29 15329 23550.5480 22828.7573  3.06%   384 1072s
  1026    10 23018.7462   29 16609 23550.5480 23018.7462  2.26%   392 1076s
  1028    10     cutoff   30      23550.5480 23133.4317  1.77%   406 1082s
  1030    10     cutoff   31      23550.5480 23133.4317  1.77%   420 1088s
  1037    17 23322.9933   36 16360 23550.5480 23133.4317  1.77%   421 1090s
  1048    24     cutoff   44      23550.5480 23133.4317  1.77%   428 1095s
  1078    36 23548.2459   39    4 23550.5480 23133.4633  1.77%   425 1100s
  1088    40 23297.6117   32 15204 23550.5480 23270.0831  1.19%   432 1105s
  1109    51 23423.7611   30 14828 23550.5480 23270.5436  1.19%   435 1110s
  1120    54     cutoff   35      23550.5480 23270.5436  1.19%   441 1115s
  1126    52 23429.8647   31 15238 23550.5480 23278.6065  1.15%   450 1120s
  1144    58 23421.8723   32 15255 23550.5480 23294.9421  1.09%   455 1125s
  1162    60     cutoff   37      23550.5480 23294.9421  1.09%   457 1130s
  1171    59 23454.3851   31 15254 23550.5480 23300.3871  1.06%   463 1135s
  1177    59 23439.6573   31 14716 23550.5480 23305.5206  1.04%   470 1140s
  1184    58 23374.3087   34 16209 23550.5480 23305.5842  1.04%   475 1145s
  1190    58 23499.5682   36 16083 23550.5480 23309.6380  1.02%   484 1151s
  1193    55     cutoff   36      23550.5480 23309.6380  1.02%   492 1155s
  1197    55     cutoff   36      23550.5480 23310.1647  1.02%   504 1162s
  1201    53     cutoff   35      23550.5480 23313.8921  1.00%   510 1166s
  1203    55 23524.6058   35 14289 23550.5480 23319.1173  0.98%   521 1172s
  1216    52     cutoff   37      23550.5480 23323.1088  0.97%   522 1175s
  1221    51 23498.7847   29 15389 23550.5480 23406.0399  0.61%   529 1180s
  1232    44     cutoff   33      23550.5480 23430.0701  0.51%   535 1185s
  1247    37 23517.6660   32    5 23550.5480 23492.5151  0.25%   536 1190s
  1306    16 23532.9811   32    1 23550.5480 23517.9254  0.14%   516 1195s

Cutting planes:
  Gomory: 13
  Cover: 325
  Clique: 77
  MIR: 34
  StrongCG: 3
  Inf proof: 1
  Zero half: 9
  Mod-K: 8
  RLT: 2

Explored 1330 nodes (1775864 simplex iterations) in 1195.89 seconds (1657.96 work units)
Thread count was 1 (of 224 available processors)

Solution count 9: 23550.5 23553.7 23558.4 ... 45676.6

Optimal solution found (tolerance 1.00e-04)
Best objective 2.355054800000e+04, best bound 2.355054800000e+04, gap 0.0000%

Gurobi 10.0.2 (linux64) logging started Tue Sep  5 17:37:58 2023

Set parameter LogFile to value "../reopt_p2/problem2_1.log"
Set parameter TimeLimit to value 600
Gurobi Optimizer version 10.0.2 build v10.0.2rc0 (linux64)

CPU model: Intel(R) Xeon(R) Platinum 8280 CPU @ 2.70GHz, instruction set [SSE2|AVX|AVX2|AVX512]
Thread count: 112 physical cores, 112 logical processors, using up to 32 threads

Optimize a model with 87496 rows, 182660 columns and 306620 nonzeros
Model fingerprint: 0x8df308a0
Variable types: 0 continuous, 182660 integer (182660 binary)
Coefficient statistics:
  Matrix range     [7e-02, 3e+01]
  Objective range  [3e-01, 8e+01]
  Bounds range     [1e+00, 1e+00]
  RHS range        [1e+00, 1e+00]
Presolve removed 33664 rows and 71423 columns (presolve time = 45s) ...
Presolve removed 33664 rows and 71423 columns
Presolve time: 45.71s
Presolved: 53832 rows, 111237 columns, 220618 nonzeros
Variable types: 0 continuous, 111237 integer (111237 binary)
Found heuristic solution: objective 45676.608000
Deterministic concurrent LP optimizer: primal and dual simplex
Showing first log only...


Root simplex log...

Iteration    Objective       Primal Inf.    Dual Inf.      Time
       0    7.0473619e+03   6.867881e+00   8.258994e+08     49s
Concurrent spin time: 0.05s

Solved with dual simplex

Root simplex log...

Iteration    Objective       Primal Inf.    Dual Inf.      Time
     842    1.4959076e+04   0.000000e+00   0.000000e+00     49s

Use crossover to convert LP symmetric solution to basic solution...

Root crossover log...

       0 DPushes remaining with DInf 0.0000000e+00                49s

       0 PPushes remaining with PInf 0.0000000e+00                49s

  Push phase complete: Pinf 0.0000000e+00, Dinf 7.6958466e-12     49s


Root simplex log...

Iteration    Objective       Primal Inf.    Dual Inf.      Time
    1041    1.4959076e+04   0.000000e+00   0.000000e+00     49s
    1215    1.4959076e+04   0.000000e+00   0.000000e+00     49s
Extra simplex iterations after uncrush: 174

Root relaxation: objective 1.495908e+04, 1215 iterations, 1.99 seconds (0.23 work units)

    Nodes    |    Current Node    |     Objective Bounds      |     Work
 Expl Unexpl |  Obj  Depth IntInf | Incumbent    BestBd   Gap | It/Node Time

     0     0 14959.0761    0 1088 45676.6080 14959.0761  67.3%     -   52s
H    0     0                    24237.714000 14959.0761  38.3%     -   52s
H    0     0                    24227.962000 14959.0761  38.3%     -   53s
H    0     0                    24088.864000 16114.4218  33.1%     -   60s
     0     0 16114.4218    0 1440 24088.8640 16114.4218  33.1%     -   60s
H    0     0                    24079.112000 16114.4218  33.1%     -   61s
H    0     0                    23713.694000 16114.4218  32.0%     -   61s
     0     0 16118.5725    0 1437 23713.6940 16118.5725  32.0%     -   67s
     0     0 16118.5725    0 1437 23713.6940 16118.5725  32.0%     -   68s
H    0     0                    23698.830000 17052.0241  28.0%     -   73s
     0     0 17052.0241    0  924 23698.8300 17052.0241  28.0%     -   75s
     0     0 17139.2766    0 1368 23698.8300 17139.2766  27.7%     -   80s
     0     0 17139.6296    0  954 23698.8300 17139.6296  27.7%     -   81s
     0     0 17673.9575    0 1255 23698.8300 17673.9575  25.4%     -   85s
H    0     0                    23574.204000 17673.9575  25.0%     -   85s
     0     0 17852.6852    0 1278 23574.2040 17852.6852  24.3%     -   87s
     0     0 17869.9177    0 1276 23574.2040 17869.9177  24.2%     -   87s
     0     0 17871.5954    0 1689 23574.2040 17871.5954  24.2%     -   88s
     0     0 18347.4325    0 2705 23574.2040 18347.4325  22.2%     -   98s
H    0     0                    23569.452000 18515.5506  21.4%     -  100s
     0     0 18515.5506    0 3221 23569.4520 18515.5506  21.4%     -  102s
     0     0 18542.2499    0 2606 23569.4520 18542.2499  21.3%     -  102s
H    0     0                    23553.660000 18555.2247  21.2%     -  103s
     0     0 18555.2247    0 2580 23553.6600 18555.2247  21.2%     -  103s
     0     0 18555.3713    0 2999 23553.6600 18555.3713  21.2%     -  103s
     0     0 18768.9273    0 3774 23553.6600 18768.9273  20.3%     -  107s
     0     0 18952.2445    0 5561 23553.6600 18952.2445  19.5%     -  112s
     0     0 18988.0984    0 3337 23553.6600 18988.0984  19.4%     -  113s
     0     0 18997.1406    0 2238 23553.6600 18997.1406  19.3%     -  113s
     0     0 18999.2122    0 5716 23553.6600 18999.2122  19.3%     -  114s
     0     0 18999.7848    0 3477 23553.6600 18999.7848  19.3%     -  114s
     0     0 19284.8914    0 5882 23553.6600 19284.8914  18.1%     -  120s
     0     0 19535.3688    0 6401 23553.6600 19535.3688  17.1%     -  129s
     0     0 19561.7664    0 6178 23553.6600 19561.7664  16.9%     -  130s
     0     0 19601.0826    0 10055 23553.6600 19601.0826  16.8%     -  135s
     0     0 19607.8768    0 6399 23553.6600 19607.8768  16.8%     -  135s
     0     0 19612.3569    0 7561 23553.6600 19612.3569  16.7%     -  136s
     0     0 19614.0645    0 7561 23553.6600 19614.0645  16.7%     -  136s
     0     0 19617.4959    0 7304 23553.6600 19617.4959  16.7%     -  137s
     0     0 19617.8211    0 7301 23553.6600 19617.8211  16.7%     -  138s
     0     0 20065.3110    0 14571 23553.6600 20065.3110  14.8%     -  165s
H    0     0                    23550.548000 20214.7799  14.2%     -  180s
     0     0 20214.7799    0 14918 23550.5480 20214.7799  14.2%     -  182s
     0     0 20269.9457    0 17726 23550.5480 20269.9457  13.9%     -  189s
     0     0 20291.9888    0 18974 23550.5480 20291.9888  13.8%     -  194s
     0     0 20309.7022    0 18549 23550.5480 20309.7022  13.8%     -  200s
     0     0 20313.9094    0 18891 23550.5480 20313.9094  13.7%     -  202s
     0     0 20317.9080    0 19282 23550.5480 20317.9080  13.7%     -  204s
     0     0 20320.2560    0 18926 23550.5480 20320.2560  13.7%     -  206s
     0     0 20320.4534    0 18916 23550.5480 20320.4534  13.7%     -  206s
     0     0 20839.9416    0 23148 23550.5480 20839.9416  11.5%     -  266s
     0     0 20926.5188    0 18533 23550.5480 20926.5188  11.1%     -  287s
     0     0 20956.6192    0 18688 23550.5480 20956.6192  11.0%     -  309s
     0     0 20967.3991    0 18161 23550.5480 20967.3991  11.0%     -  320s
     0     0 20978.9393    0 18676 23550.5480 20978.9393  10.9%     -  330s
     0     0 20983.5419    0 18419 23550.5480 20983.5419  10.9%     -  338s
     0     0 20989.7019    0 18895 23550.5480 20989.7019  10.9%     -  347s
     0     0 20990.6620    0 18061 23550.5480 20990.6620  10.9%     -  351s
     0     0 21253.1252    0 26194 23550.5480 21253.1252  9.76%     -  425s
     0     0 21304.5997    0 25225 23550.5480 21304.5997  9.54%     -  438s
     0     0 21342.3594    0 26674 23550.5480 21342.3594  9.38%     -  460s
     0     0 21348.8534    0 25888 23550.5480 21348.8534  9.35%     -  467s
     0     0 21352.0198    0 26203 23550.5480 21352.0198  9.34%     -  471s
     0     0 21352.4733    0 26477 23550.5480 21352.4733  9.33%     -  474s
     0     0 21499.4324    0 22433 23550.5480 21499.4324  8.71%     -  528s
     0     0 21538.4227    0 21619 23550.5480 21538.4227  8.54%     -  550s
     0     0 21565.9802    0 22637 23550.5480 21565.9802  8.43%     -  568s
     0     0 21572.6546    0 21166 23550.5480 21572.6546  8.40%     -  579s
     0     0 21574.1484    0 21949 23550.5480 21574.1484  8.39%     -  584s
     0     0 21669.6373    0 20145 23550.5480 21669.6373  7.99%     -  600s

Cutting planes:
  Gomory: 80
  Cover: 9683
  Clique: 1987
  MIR: 1038
  StrongCG: 34
  Zero half: 6

Explored 1 nodes (148939 simplex iterations) in 600.24 seconds (177.26 work units)
Thread count was 32 (of 112 available processors)

Solution count 10: 23550.5 23553.7 23569.5 ... 24237.7

Time limit reached
Best objective 2.355054800000e+04, best bound 2.166963730201e+04, gap 7.9867%

Gurobi 10.0.2 (linux64) logging started Wed Sep  6 08:58:55 2023

Set parameter LogFile to value "../reopt_p2/problem2_1.log"
Set parameter TimeLimit to value 600
Set parameter Threads to value 30
Gurobi Optimizer version 10.0.2 build v10.0.2rc0 (linux64)

CPU model: Intel(R) Xeon(R) Platinum 8280 CPU @ 2.70GHz, instruction set [SSE2|AVX|AVX2|AVX512]
Thread count: 112 physical cores, 112 logical processors, using up to 30 threads

Optimize a model with 87496 rows, 182660 columns and 306620 nonzeros
Model fingerprint: 0x8df308a0
Variable types: 0 continuous, 182660 integer (182660 binary)
Coefficient statistics:
  Matrix range     [7e-02, 3e+01]
  Objective range  [3e-01, 8e+01]
  Bounds range     [1e+00, 1e+00]
  RHS range        [1e+00, 1e+00]
Presolve removed 33664 rows and 71423 columns (presolve time = 18s) ...
Presolve removed 33664 rows and 71423 columns
Presolve time: 18.49s
Presolved: 53832 rows, 111237 columns, 220618 nonzeros
Variable types: 0 continuous, 111237 integer (111237 binary)
Found heuristic solution: objective 45676.608000
Deterministic concurrent LP optimizer: primal and dual simplex
Showing first log only...


Root simplex log...

Iteration    Objective       Primal Inf.    Dual Inf.      Time
       0    7.0473619e+03   6.867881e+00   8.258994e+08     19s
       1    2.2909993e+04   0.000000e+00   4.644319e+04     19s
    1861    1.4959076e+04   0.000000e+00   0.000000e+00     19s
Concurrent spin time: 0.00s

Solved with dual simplex

Root simplex log...

Iteration    Objective       Primal Inf.    Dual Inf.      Time
     842    1.4959076e+04   0.000000e+00   0.000000e+00     19s

Use crossover to convert LP symmetric solution to basic solution...

Root crossover log...

       0 DPushes remaining with DInf 0.0000000e+00                19s

       0 PPushes remaining with PInf 0.0000000e+00                19s

  Push phase complete: Pinf 0.0000000e+00, Dinf 7.6958466e-12     19s


Root simplex log...

Iteration    Objective       Primal Inf.    Dual Inf.      Time
    1041    1.4959076e+04   0.000000e+00   0.000000e+00     19s
    1215    1.4959076e+04   0.000000e+00   0.000000e+00     19s
Extra simplex iterations after uncrush: 174

Root relaxation: objective 1.495908e+04, 1215 iterations, 0.27 seconds (0.23 work units)

    Nodes    |    Current Node    |     Objective Bounds      |     Work
 Expl Unexpl |  Obj  Depth IntInf | Incumbent    BestBd   Gap | It/Node Time

     0     0 14959.0761    0 1088 45676.6080 14959.0761  67.3%     -   19s
H    0     0                    24237.714000 14959.0761  38.3%     -   19s
H    0     0                    24227.962000 14959.0761  38.3%     -   19s
H    0     0                    24088.864000 16114.4218  33.1%     -   20s
     0     0 16114.4218    0 1440 24088.8640 16114.4218  33.1%     -   21s
H    0     0                    24079.112000 16114.4218  33.1%     -   21s
H    0     0                    23713.694000 16114.4218  32.0%     -   21s
     0     0 16118.5725    0 1437 23713.6940 16118.5725  32.0%     -   22s
     0     0 16118.5725    0 1437 23713.6940 16118.5725  32.0%     -   22s
H    0     0                    23698.830000 17052.0241  28.0%     -   23s
     0     0 17052.0241    0  924 23698.8300 17052.0241  28.0%     -   23s
     0     0 17139.2766    0 1368 23698.8300 17139.2766  27.7%     -   24s
     0     0 17139.6296    0  954 23698.8300 17139.6296  27.7%     -   24s
     0     0 17673.9575    0 1255 23698.8300 17673.9575  25.4%     -   25s
H    0     0                    23574.204000 17673.9575  25.0%     -   25s
     0     0 17852.6852    0 1278 23574.2040 17852.6852  24.3%     -   26s
     0     0 17869.9177    0 1276 23574.2040 17869.9177  24.2%     -   26s
     0     0 17871.5954    0 1689 23574.2040 17871.5954  24.2%     -   26s
     0     0 18347.4325    0 2705 23574.2040 18347.4325  22.2%     -   29s
H    0     0                    23569.452000 18515.5506  21.4%     -   31s
     0     0 18515.5506    0 3221 23569.4520 18515.5506  21.4%     -   31s
     0     0 18542.2499    0 2606 23569.4520 18542.2499  21.3%     -   32s
H    0     0                    23553.660000 18555.2247  21.2%     -   32s
     0     0 18555.2247    0 2580 23553.6600 18555.2247  21.2%     -   33s
     0     0 18555.3713    0 2999 23553.6600 18555.3713  21.2%     -   33s
     0     0 18768.9273    0 3774 23553.6600 18768.9273  20.3%     -   36s
     0     0 18952.2445    0 5561 23553.6600 18952.2445  19.5%     -   39s
     0     0 18988.0984    0 3337 23553.6600 18988.0984  19.4%     -   40s
     0     0 18997.1406    0 2238 23553.6600 18997.1406  19.3%     -   40s
     0     0 18999.2122    0 5716 23553.6600 18999.2122  19.3%     -   40s
     0     0 18999.7848    0 3477 23553.6600 18999.7848  19.3%     -   41s
     0     0 19284.8914    0 5882 23553.6600 19284.8914  18.1%     -   44s
     0     0 19535.3688    0 6401 23553.6600 19535.3688  17.1%     -   49s
     0     0 19561.7664    0 6178 23553.6600 19561.7664  16.9%     -   50s
     0     0 19601.0826    0 10055 23553.6600 19601.0826  16.8%     -   53s
     0     0 19607.8768    0 6399 23553.6600 19607.8768  16.8%     -   53s
     0     0 19612.3569    0 7561 23553.6600 19612.3569  16.7%     -   54s
     0     0 19614.0645    0 7561 23553.6600 19614.0645  16.7%     -   54s
     0     0 19617.4959    0 7304 23553.6600 19617.4959  16.7%     -   55s
     0     0 19617.8211    0 7301 23553.6600 19617.8211  16.7%     -   55s
     0     0 20065.3110    0 14571 23553.6600 20065.3110  14.8%     -   73s
H    0     0                    23550.548000 20214.7799  14.2%     -   83s
     0     0 20214.7799    0 14918 23550.5480 20214.7799  14.2%     -   84s
     0     0 20269.9457    0 17726 23550.5480 20269.9457  13.9%     -   90s
     0     0 20291.9888    0 18974 23550.5480 20291.9888  13.8%     -   94s
     0     0 20309.7022    0 18549 23550.5480 20309.7022  13.8%     -   97s
     0     0 20313.9094    0 18891 23550.5480 20313.9094  13.7%     -   99s
     0     0 20317.9080    0 19282 23550.5480 20317.9080  13.7%     -  100s
     0     0 20320.2560    0 18926 23550.5480 20320.2560  13.7%     -  101s
     0     0 20320.4534    0 18916 23550.5480 20320.4534  13.7%     -  102s
     0     0 20839.9416    0 23148 23550.5480 20839.9416  11.5%     -  143s
     0     0 20926.5188    0 18533 23550.5480 20926.5188  11.1%     -  158s
     0     0 20956.6192    0 18688 23550.5480 20956.6192  11.0%     -  171s
     0     0 20967.3991    0 18161 23550.5480 20967.3991  11.0%     -  179s
     0     0 20978.9393    0 18676 23550.5480 20978.9393  10.9%     -  187s
     0     0 20983.5419    0 18419 23550.5480 20983.5419  10.9%     -  192s
     0     0 20989.7019    0 18895 23550.5480 20989.7019  10.9%     -  198s
     0     0 20990.6620    0 18061 23550.5480 20990.6620  10.9%     -  201s
     0     0 21253.1252    0 26194 23550.5480 21253.1252  9.76%     -  250s
     0     0 21304.5997    0 25225 23550.5480 21304.5997  9.54%     -  259s
     0     0 21342.3594    0 26674 23550.5480 21342.3594  9.38%     -  274s
     0     0 21348.8534    0 25888 23550.5480 21348.8534  9.35%     -  279s
     0     0 21352.0198    0 26203 23550.5480 21352.0198  9.34%     -  282s
     0     0 21352.4733    0 26477 23550.5480 21352.4733  9.33%     -  284s
     0     0 21499.4324    0 22433 23550.5480 21499.4324  8.71%     -  322s
     0     0 21538.4227    0 21619 23550.5480 21538.4227  8.54%     -  336s
     0     0 21565.9802    0 22637 23550.5480 21565.9802  8.43%     -  349s
     0     0 21572.6546    0 21166 23550.5480 21572.6546  8.40%     -  357s
     0     0 21574.1484    0 21949 23550.5480 21574.1484  8.39%     -  360s
     0     0 21669.6373    0 20145 23550.5480 21669.6373  7.99%     -  388s
     0     0 21696.9758    0 27400 23550.5480 21696.9758  7.87%     -  401s
     0     0 21716.4047    0 20362 23550.5480 21716.4047  7.79%     -  412s
     0     0 21722.6186    0 20140 23550.5480 21722.6186  7.76%     -  418s
     0     0 21723.6774    0 19855 23550.5480 21723.6774  7.76%     -  422s
     0     0 21774.5579    0 22504 23550.5480 21774.5579  7.54%     -  449s
     0     0 21789.0316    0 20071 23550.5480 21789.0316  7.48%     -  459s
     0     0 21795.6535    0 22268 23550.5480 21795.6535  7.45%     -  465s
     0     0 21810.0976    0 20010 23550.5480 21810.0976  7.39%     -  470s
     0     0 21812.7074    0 20292 23550.5480 21812.7074  7.38%     -  474s
     0     0 21856.3708    0 28948 23550.5480 21856.3708  7.19%     -  494s
     0     0 21862.8742    0 22077 23550.5480 21862.8742  7.17%     -  503s
     0     0 21868.1764    0 21991 23550.5480 21868.1764  7.14%     -  509s
     0     0 21871.1864    0 21759 23550.5480 21871.1864  7.13%     -  513s
     0     0 21897.0979    0 28844 23550.5480 21897.0979  7.02%     -  529s
     0     0 21903.4698    0 20182 23550.5480 21903.4698  6.99%     -  538s
     0     0 21904.1436    0 20005 23550.5480 21904.1436  6.99%     -  540s
     0     0 21934.6558    0 28811 23550.5480 21934.6558  6.86%     -  558s
     0     0 21947.1501    0 29522 23550.5480 21947.1501  6.81%     -  569s
     0     0 21952.8807    0 29543 23550.5480 21952.8807  6.78%     -  573s
     0     0 21954.9326    0 29668 23550.5480 21954.9326  6.78%     -  576s
     0     0 21973.8328    0 28901 23550.5480 21973.8328  6.70%     -  588s
     0     0 21978.9933    0 29253 23550.5480 21978.9933  6.67%     -  596s
     0     0 21980.6772    0 28842 23550.5480 21980.6772  6.67%     -  598s

Cutting planes:
  Gomory: 81
  Cover: 11018
  Clique: 2181
  MIR: 1090
  StrongCG: 33
  Zero half: 38

Explored 1 nodes (210052 simplex iterations) in 600.14 seconds (274.32 work units)
Thread count was 30 (of 112 available processors)

Solution count 10: 23550.5 23553.7 23569.5 ... 24237.7

Time limit reached
Best objective 2.355054800000e+04, best bound 2.198067722193e+04, gap 6.6660%
