
Gurobi 9.5.1 (linux64, gurobi_cl) logging started Tue Jan 31 16:42:42 2023

Set parameter Username
Set parameter TimeLimit to value 7200
Set parameter LogFile to value "./log/reopt_p2/problem2_48.log"
Set parameter Threads to value 1
Academic license - for non-commercial use only - expires 2023-07-13
Using license file /opt/gurobi951/linux64/gurobi.lic

Gurobi Optimizer version 9.5.1 build v9.5.1rc2 (linux64)
Copyright (c) 2022, Gurobi Optimization, LLC

Read MPS format model from file ./ins/reopt_p2/problem2_48.mps.mps.gz
Reading time = 0.65 seconds
problem_: 189353 rows, 395486 columns, 726780 nonzeros
Thread count: 112 physical cores, 224 logical processors, using up to 1 threads
Optimize a model with 189353 rows, 395486 columns and 726780 nonzeros
Model fingerprint: 0x46d2ba99
Variable types: 0 continuous, 395486 integer (395486 binary)
Coefficient statistics:
  Matrix range     [1e-01, 5e+01]
  Objective range  [6e-01, 5e+01]
  Bounds range     [1e+00, 1e+00]
  RHS range        [1e+00, 1e+00]
Presolve removed 48317 rows and 94584 columns (presolve time = 47s) ...
Presolve removed 48317 rows and 94584 columns
Presolve time: 47.49s
Presolved: 141036 rows, 300902 columns, 603311 nonzeros
Variable types: 0 continuous, 300902 integer (300902 binary)
Found heuristic solution: objective 73486.880000

Root simplex log...

Iteration    Objective       Primal Inf.    Dual Inf.      Time
       0    1.5818910e+04   8.180000e+02   0.000000e+00     49s
    2235    2.0677189e+04   0.000000e+00   0.000000e+00     49s

Use crossover to convert LP symmetric solution to basic solution...

Root crossover log...

       0 DPushes remaining with DInf 0.0000000e+00                49s

       0 PPushes remaining with PInf 0.0000000e+00                49s

  Push phase complete: Pinf 0.0000000e+00, Dinf 1.4916578e-11     49s


Root simplex log...

Iteration    Objective       Primal Inf.    Dual Inf.      Time
    2929    2.0677189e+04   0.000000e+00   0.000000e+00     49s
    3438    2.0677189e+04   0.000000e+00   0.000000e+00     49s
Extra simplex iterations after uncrush: 509

Root relaxation: objective 2.067719e+04, 3438 iterations, 1.15 seconds (0.69 work units)
Total elapsed time = 50.24s

    Nodes    |    Current Node    |     Objective Bounds      |     Work
 Expl Unexpl |  Obj  Depth IntInf | Incumbent    BestBd   Gap | It/Node Time

     0     0 20677.1892    0 2948 73486.8800 20677.1892  71.9%     -   52s
H    0     0                    40915.985000 20677.1892  49.5%     -   52s
H    0     0                    40900.285000 20677.1892  49.4%     -   53s
     0     0 22900.4983    0 3192 40900.2850 22900.4983  44.0%     -   58s
H    0     0                    40682.850000 22900.4983  43.7%     -   60s
     0     0 22901.7537    0 3196 40682.8500 22901.7537  43.7%     -   61s
     0     0 24117.5436    0 3216 40682.8500 24117.5436  40.7%     -   66s
     0     0 24161.8282    0 4587 40682.8500 24161.8282  40.6%     -   70s
     0     0 24162.3210    0 4590 40682.8500 24162.3210  40.6%     -   71s
     0     0 25137.6109    0 3195 40682.8500 25137.6109  38.2%     -   79s
     0     0 25362.0861    0 4044 40682.8500 25362.0861  37.7%     -   85s
     0     0 25366.7441    0 4064 40682.8500 25366.7441  37.6%     -   86s
     0     0 25366.7441    0 4066 40682.8500 25366.7441  37.6%     -   86s
     0     0 26013.4646    0 2916 40682.8500 26013.4646  36.1%     -   97s
     0     0 26399.7244    0 10287 40682.8500 26399.7244  35.1%     -  110s
     0     0 26562.1048    0 3709 40682.8500 26562.1048  34.7%     -  115s
     0     0 26605.9674    0 4416 40682.8500 26605.9674  34.6%     -  118s
     0     0 26608.8589    0 4424 40682.8500 26608.8589  34.6%     -  119s
     0     0 26611.1525    0 4428 40682.8500 26611.1525  34.6%     -  119s
     0     0 26612.9847    0 4435 40682.8500 26612.9847  34.6%     -  120s
     0     0 26613.0540    0 4436 40682.8500 26613.0540  34.6%     -  121s
     0     0 27065.3335    0 12510 40682.8500 27065.3335  33.5%     -  142s
H    0     0                    40681.280000 27065.3335  33.5%     -  143s
     0     0 27397.9043    0 13300 40681.2800 27397.9043  32.7%     -  165s
     0     0 27422.5113    0 6732 40681.2800 27422.5113  32.6%     -  171s
     0     0 27486.7492    0 12550 40681.2800 27486.7492  32.4%     -  179s
     0     0 27500.7894    0 10621 40681.2800 27500.7894  32.4%     -  184s
     0     0 27503.8247    0 9755 40681.2800 27503.8247  32.4%     -  185s
     0     0 27915.4722    0 33614 40681.2800 27915.4722  31.4%     -  221s
     0     0 28524.0189    0 54370 40681.2800 28524.0189  29.9%     -  303s
     0     0 28630.2223    0 45302 40681.2800 28630.2223  29.6%     -  325s
     0     0 28716.7211    0 59621 40681.2800 28716.7211  29.4%     -  348s
     0     0 28768.5440    0 60235 40681.2800 28768.5440  29.3%     -  364s
     0     0 28794.6004    0 60608 40681.2800 28794.6004  29.2%     -  375s
     0     0 28817.3756    0 60828 40681.2800 28817.3756  29.2%     -  385s
     0     0 28831.0325    0 60526 40681.2800 28831.0325  29.1%     -  394s
     0     0 28842.5121    0 60662 40681.2800 28842.5121  29.1%     -  403s
     0     0 28849.6000    0 60281 40681.2800 28849.6000  29.1%     -  410s
     0     0 28853.0570    0 60256 40681.2800 28853.0570  29.1%     -  417s
     0     0 28854.7776    0 60405 40681.2800 28854.7776  29.1%     -  422s
     0     0 29744.8210    0 67447 40681.2800 29744.8210  26.9%     -  600s
H    0     0                    40679.215000 29744.8210  26.9%     -  602s
     0     0 30194.1553    0 83352 40679.2150 30194.1553  25.8%     -  743s
     0     0 30313.6822    0 83112 40679.2150 30313.6822  25.5%     -  801s
     0     0 30389.2522    0 85824 40679.2150 30389.2522  25.3%     -  851s
     0     0 30447.1684    0 86177 40679.2150 30447.1684  25.2%     -  890s
     0     0 30492.3423    0 86638 40679.2150 30492.3423  25.0%     -  935s
     0     0 30522.2877    0 86880 40679.2150 30522.2877  25.0%     -  964s
     0     0 30543.1300    0 88053 40679.2150 30543.1300  24.9%     -  994s
     0     0 30556.1855    0 88229 40679.2150 30556.1855  24.9%     - 1017s
     0     0 30570.1373    0 87769 40679.2150 30570.1373  24.9%     - 1040s
     0     0 30577.9363    0 88570 40679.2150 30577.9363  24.8%     - 1055s
     0     0 30585.8084    0 88292 40679.2150 30585.8084  24.8%     - 1068s
     0     0 30591.4063    0 88364 40679.2150 30591.4063  24.8%     - 1080s
     0     0 30596.0311    0 88535 40679.2150 30596.0311  24.8%     - 1092s
     0     0 30599.3294    0 88349 40679.2150 30599.3294  24.8%     - 1102s
     0     0 30602.3620    0 88773 40679.2150 30602.3620  24.8%     - 1111s
     0     0 30603.7864    0 88995 40679.2150 30603.7864  24.8%     - 1118s
     0     0 31319.0305    0 92742 40679.2150 31319.0305  23.0%     - 1336s
     0     0 31461.7846    0 93478 40679.2150 31461.7846  22.7%     - 1433s
     0     0 31519.8467    0 94360 40679.2150 31519.8467  22.5%     - 1469s
     0     0 31548.9886    0 94515 40679.2150 31548.9886  22.4%     - 1499s
     0     0 31572.2246    0 95519 40679.2150 31572.2246  22.4%     - 1524s
     0     0 31588.1505    0 96091 40679.2150 31588.1505  22.3%     - 1546s
     0     0 31596.3451    0 95842 40679.2150 31596.3451  22.3%     - 1559s
     0     0 31608.2258    0 97044 40679.2150 31608.2258  22.3%     - 1578s
     0     0 31619.9330    0 97239 40679.2150 31619.9330  22.3%     - 1593s
     0     0 31622.8893    0 97379 40679.2150 31622.8893  22.3%     - 1601s
     0     0 32059.6102    0 94646 40679.2150 32059.6102  21.2%     - 1787s
H    0     0                    40669.525000 32059.6102  21.2%     - 1789s
     0     0 32106.0459    0 96126 40669.5250 32106.0459  21.1%     - 1831s
     0     0 32137.3159    0 96742 40669.5250 32137.3159  21.0%     - 1863s
     0     0 32152.9211    0 96485 40669.5250 32152.9211  20.9%     - 1887s
     0     0 32168.0586    0 96849 40669.5250 32168.0586  20.9%     - 1913s
     0     0 32172.4811    0 97917 40669.5250 32172.4811  20.9%     - 1925s
     0     0 32438.0511    0 95000 40669.5250 32438.0511  20.2%     - 2058s
     0     0 32467.8983    0 94718 40669.5250 32467.8983  20.2%     - 2090s
     0     0 32488.5975    0 95544 40669.5250 32488.5975  20.1%     - 2116s
     0     0 32497.9752    0 96025 40669.5250 32497.9752  20.1%     - 2135s
     0     0 32503.0323    0 96485 40669.5250 32503.0323  20.1%     - 2147s
     0     0 32636.7619    0 92372 40669.5250 32636.7619  19.8%     - 2235s
H    0     0                    40669.480000 32636.7619  19.8%     - 2236s
     0     0 32672.4299    0 94640 40669.4800 32672.4299  19.7%     - 2272s
     0     0 32690.1201    0 93554 40669.4800 32690.1201  19.6%     - 2292s
     0     0 32698.7410    0 95403 40669.4800 32698.7410  19.6%     - 2307s
     0     0 32703.9982    0 95100 40669.4800 32703.9982  19.6%     - 2317s
     0     0 32802.2059    0 90668 40669.4800 32802.2059  19.3%     - 2388s
     0     0 32826.2398    0 93568 40669.4800 32826.2398  19.3%     - 2417s
     0     0 32839.3482    0 93433 40669.4800 32839.3482  19.3%     - 2436s
     0     0 32846.8086    0 93877 40669.4800 32846.8086  19.2%     - 2449s
     0     0 32851.9380    0 94082 40669.4800 32851.9380  19.2%     - 2458s
     0     0 32905.3947    0 92042 40669.4800 32905.3947  19.1%     - 2516s
H    0     0                    40449.210000 32905.3947  18.7%     - 2517s
     0     0 32915.2486    0 91937 40449.2100 32915.2486  18.6%     - 2535s
     0     0 32923.8607    0 92275 40449.2100 32923.8607  18.6%     - 2550s
     0     0 32930.1851    0 93246 40449.2100 32930.1851  18.6%     - 2562s
     0     0 32965.1380    0 91362 40449.2100 32965.1380  18.5%     - 2604s
     0     0 32965.1380    0 91359 40449.2100 32965.1380  18.5%     - 2611s
     3     3 33120.1951    2 39979 40449.2100 33036.1951  18.3% 395579 5930s
     4     4 33444.9629    2 33685 40449.2100 33120.1956  18.1% 304526 5967s
     5     5 33172.0915    3 39851 40449.2100 33120.1956  18.1% 245307 5976s
     6     6 33570.5687    3 33772 40449.2100 33172.0926  18.0% 209392 6011s
     7     7 33230.9591    4 39533 40449.2100 33172.0981  18.0% 180726 6022s
     8     8 33607.3981    4 34131 40449.2100 33230.9710  17.8% 161631 6056s
     9     9 33275.2069    5 39105 40449.2100 33230.9710  17.8% 144468 6064s
    10    10 33666.0512    5 33795 40449.2100 33275.2418  17.7% 132768 6096s
    11    11 33310.8809    6 38846 40449.2100 33275.3723  17.7% 121281 6103s
    12    12 33668.0128    6 34352 40449.2100 33310.8893  17.6% 113180 6131s
    13    13 33344.4154    7 38345 40449.2100 33310.8976  17.6% 105369 6139s
    14    14 33494.8915    7 31373 40449.2100 33344.4227  17.6% 99904 6160s
    15    15 33427.5224    8 37498 40449.2100 33344.4362  17.6% 93945 6172s
    16    16 33561.3632    8 34063 40449.2100 33427.5240  17.4% 88907 6181s
    17    17 33465.4548    9 37115 40449.2100 33427.6127  17.4% 84090 6189s
    18    18 33762.0157    9 33007 40449.2100 33444.9659  17.3% 80279 6199s
    19    19 33513.5406   10 37319 40449.2100 33444.9659  17.3% 76460 6208s
    20    20 33633.9126   10 10471 40449.2100 33444.9659  17.3% 73142 6218s
    21    21 33540.1663   11 37168 40449.2100 33444.9659  17.3% 69890 6222s
    22    22 33706.7361   11 31364 40449.2100 33444.9659  17.3% 67851 6238s
    23    23 33571.3516   12 36088 40449.2100 33444.9659  17.3% 65163 6245s
    24    24 33680.2058   12 11072 40449.2100 33444.9659  17.3% 62821 6254s
    25    25 33609.7559   13 35907 40449.2100 33444.9659  17.3% 60687 6260s
    26    26 33640.8158   13 25808 40449.2100 33444.9659  17.3% 58722 6270s
    29    29 33669.8299   15 21213 40449.2100 33444.9659  17.3% 52910 6277s
    36    36 33692.6041   22 1701 40449.2100 33444.9659  17.3% 42756 6280s
    45    45 33738.6837   29  391 40449.2100 33444.9659  17.3% 34362 6285s
    65    65 33827.1516   44  382 40449.2100 33444.9659  17.3% 23848 6290s
    82    82 33925.6222   59 1686 40449.2100 33444.9659  17.3% 18980 6295s
    87    87 33951.8493   62 1691 40449.2100 33444.9659  17.3% 17969 6300s
    94    94 33960.9283   67  372 40449.2100 33444.9659  17.3% 16725 6305s
   100   100 33979.0071   70  369 40449.2100 33444.9659  17.3% 15794 6310s
   107   107 33989.3936   74  367 40449.2100 33444.9659  17.3% 14814 6315s
   117   117 34063.3164   80  363 40449.2100 33444.9659  17.3% 13610 6320s
   122   122 34026.9139   83  361 40449.2100 33444.9659  17.3% 13110 6325s
   129   129 34040.0905   87 1027 40449.2100 33444.9659  17.3% 12452 6330s
   134   134 34060.1594   90  357 40449.2100 33444.9659  17.3% 12040 6335s
   143   143 34097.5467   95  352 40449.2100 33444.9659  17.3% 11329 6341s
   154   154 34111.5043  104  349 40449.2100 33444.9659  17.3% 10553 6345s
   158   158 34162.3600  106  347 40449.2100 33444.9659  17.3% 10334 6351s
   161   161 34190.8953  108  346 40449.2100 33444.9659  17.3% 10187 6355s
   166   166 34179.1590  110  346 40449.2100 33444.9659  17.3%  9920 6360s
   170   170 34195.3358  112  344 40449.2100 33444.9659  17.3%  9745 6365s
   185   185 34282.0809  122  337 40449.2100 33444.9659  17.3%  8993 6370s
   205   205 34380.8067  135  331 40449.2100 33444.9659  17.3%  8139 6375s
   219   219 34455.8313  143  326 40449.2100 33444.9659  17.3%  7655 6380s
   224   224 34483.5148  145  325 40449.2100 33444.9659  17.3%  7512 6385s
   232   232 34538.8310  151  322 40449.2100 33444.9659  17.3%  7291 6390s
   280   280 34763.9138  182  303 40449.2100 33444.9659  17.3%  6043 6395s
   328   328 34956.9288  211  286 40449.2100 33444.9659  17.3%  5162 6400s
   369   369 35137.4276  235  273 40449.2100 33444.9659  17.3%  4594 6405s
   381   375 33484.6230    3 32856 40449.2100 33444.9798  17.3%  4478 6413s
   382   376 33908.2772    4 35430 40449.2100 33444.9798  17.3%  4564 6472s
   383   377 34340.0511    4 31784 40449.2100 33444.9798  17.3%  4693 6545s
   384   378 33933.0544    5 34546 40449.2100 33444.9798  17.3%  4693 6561s
   385   379 33979.5860    6 34326 40449.2100 33444.9798  17.3%  4691 6566s
   386   380 34020.3581    7 34351 40449.2100 33444.9798  17.3%  4820 6637s
   387   381 34447.9627    7 30694 40449.2100 33444.9798  17.3%  4877 6680s
   390   384 34078.5991    9 34463 40449.2100 33444.9798  17.3%  4854 6687s
   391   385 34646.2419    9 31273 40449.2100 33444.9798  17.3%  4930 6737s
   394   388 34080.0597   11 34461 40449.2100 33444.9798  17.3%  4897 6740s
   395   389 34105.3585   12 33981 40449.2100 33444.9798  17.3%  5000 6811s
   396   390 34420.5423   12 29349 40449.2100 33444.9798  17.3%  5020 6841s
   397   391 34531.7561   13 29629 40449.2100 33444.9798  17.3%  5082 6892s
   398   392 34162.5701   13 33846 40449.2100 33444.9798  17.3%  5091 6917s
   399   393 34166.5071   14 33872 40449.2100 33444.9798  17.3%  5203 6999s
   400   394 34519.9882   15 30180 40449.2100 33444.9798  17.3%  5323 7079s
   401   395 34232.2370   15 34529 40449.2100 33444.9798  17.3%  5333 7092s
   402   396 34271.1653   16 34155 40449.2100 33444.9798  17.3%  5417 7159s
   403   397 34568.9502   16 27932 40449.2100 33444.9798  17.3%  5453 7186s
   404   398 34292.3278   17 32076 40449.2100 33444.9798  17.3%  5451 7192s

Cutting planes:
  Gomory: 109
  Cover: 34179
  Clique: 8506
  MIR: 2958
  StrongCG: 82
  Zero half: 17

Explored 405 nodes (2946708 simplex iterations) in 7200.11 seconds (15621.35 work units)
Thread count was 1 (of 224 available processors)

Solution count 9: 40449.2 40669.5 40669.5 ... 73486.9

Time limit reached
Best objective 4.044921000000e+04, best bound 3.344497978045e+04, gap 17.3161%

Gurobi 10.0.2 (linux64) logging started Tue Sep  5 17:37:59 2023

Set parameter LogFile to value "../reopt_p2/problem2_48.log"
Set parameter TimeLimit to value 600
Gurobi Optimizer version 10.0.2 build v10.0.2rc0 (linux64)

CPU model: Intel(R) Xeon(R) Platinum 8280 CPU @ 2.70GHz, instruction set [SSE2|AVX|AVX2|AVX512]
Thread count: 112 physical cores, 112 logical processors, using up to 32 threads

Optimize a model with 189353 rows, 395486 columns and 726780 nonzeros
Model fingerprint: 0x46d2ba99
Variable types: 0 continuous, 395486 integer (395486 binary)
Coefficient statistics:
  Matrix range     [1e-01, 5e+01]
  Objective range  [6e-01, 5e+01]
  Bounds range     [1e+00, 1e+00]
  RHS range        [1e+00, 1e+00]
Presolve removed 48317 rows and 94584 columns (presolve time = 144s) ...
Presolve removed 48317 rows and 94584 columns
Presolve time: 143.99s
Presolved: 141036 rows, 300902 columns, 603311 nonzeros
Variable types: 0 continuous, 300902 integer (300902 binary)
Found heuristic solution: objective 73486.880000
Deterministic concurrent LP optimizer: primal simplex, dual simplex, and barrier
Showing barrier log only...

Root barrier log...

Ordering time: 0.01s

Barrier statistics:
 Dense cols : 149
 AA' NZ     : 1.190e+05
 Factor NZ  : 2.441e+05 (roughly 13 MB of memory)
 Factor Ops : 1.894e+07 (less than 1 second per iteration)
 Threads    : 30

                  Objective                Residual
Iter       Primal          Dual         Primal    Dual     Compl     Time
   0   3.81280419e+07 -5.10387239e+07  1.53e+03 2.17e+01  3.32e+04   146s
   1   1.03718478e+07 -2.93092344e+07  4.16e+02 1.75e+00  9.06e+03   146s
   2   2.60899394e+06 -1.59202186e+07  1.03e+02 2.56e-01  2.37e+03   146s
   3   7.18472237e+05 -6.47390437e+06  2.73e+01 8.39e-02  6.31e+02   146s
   4   1.39234475e+05 -2.79880186e+06  4.03e+00 1.30e-02  1.29e+02   146s

Barrier performed 4 iterations in 146.11 seconds (32.15 work units)
Barrier solve interrupted - model solved by another algorithm

Concurrent spin time: 0.00s

Solved with dual simplex

Use crossover to convert LP symmetric solution to basic solution...

Root crossover log...

       0 DPushes remaining with DInf 0.0000000e+00               146s

       0 PPushes remaining with PInf 0.0000000e+00               146s

  Push phase complete: Pinf 0.0000000e+00, Dinf 1.4916578e-11    146s


Root simplex log...

Iteration    Objective       Primal Inf.    Dual Inf.      Time
    2929    2.0677189e+04   0.000000e+00   0.000000e+00    146s
    3438    2.0677189e+04   0.000000e+00   0.000000e+00    147s
Extra simplex iterations after uncrush: 509

Root relaxation: objective 2.067719e+04, 3438 iterations, 1.49 seconds (0.69 work units)

    Nodes    |    Current Node    |     Objective Bounds      |     Work
 Expl Unexpl |  Obj  Depth IntInf | Incumbent    BestBd   Gap | It/Node Time

     0     0 20677.1892    0 2948 73486.8800 20677.1892  71.9%     -  155s
H    0     0                    40915.985000 20677.1892  49.5%     -  155s
H    0     0                    40900.285000 20677.1892  49.4%     -  156s
     0     0 22900.4983    0 3192 40900.2850 22900.4983  44.0%     -  168s
H    0     0                    40682.850000 22900.4983  43.7%     -  171s
     0     0 22901.7537    0 3196 40682.8500 22901.7537  43.7%     -  171s
     0     0 24117.5436    0 3216 40682.8500 24117.5436  40.7%     -  183s
     0     0 24161.8282    0 4587 40682.8500 24161.8282  40.6%     -  188s
     0     0 24162.3210    0 4590 40682.8500 24162.3210  40.6%     -  189s
     0     0 25137.6109    0 3195 40682.8500 25137.6109  38.2%     -  203s
     0     0 25362.0861    0 4046 40682.8500 25362.0861  37.7%     -  213s
     0     0 25366.7441    0 4066 40682.8500 25366.7441  37.6%     -  214s
     0     0 25366.7441    0 4068 40682.8500 25366.7441  37.6%     -  214s
     0     0 26013.4646    0 2916 40682.8500 26013.4646  36.1%     -  231s
     0     0 26399.7244    0 10286 40682.8500 26399.7244  35.1%     -  255s
     0     0 26562.1048    0 3709 40682.8500 26562.1048  34.7%     -  264s
     0     0 26605.9674    0 4418 40682.8500 26605.9674  34.6%     -  269s
     0     0 26608.8589    0 4424 40682.8500 26608.8589  34.6%     -  270s
     0     0 26611.1525    0 4428 40682.8500 26611.1525  34.6%     -  271s
     0     0 26612.9847    0 4435 40682.8500 26612.9847  34.6%     -  272s
     0     0 26613.0540    0 4436 40682.8500 26613.0540  34.6%     -  273s
     0     0 27065.4449    0 12507 40682.8500 27065.4449  33.5%     -  310s
H    0     0                    40681.280000 27065.4449  33.5%     -  312s
     0     0 27397.5650    0 13297 40681.2800 27397.5650  32.7%     -  355s
     0     0 27430.2106    0 6728 40681.2800 27430.2106  32.6%     -  364s
     0     0 27486.0821    0 12545 40681.2800 27486.0821  32.4%     -  376s
     0     0 27500.1144    0 10616 40681.2800 27500.1144  32.4%     -  383s
     0     0 27502.8828    0 9751 40681.2800 27502.8828  32.4%     -  386s
     0     0 27503.1268    0 9746 40681.2800 27503.1268  32.4%     -  387s
     0     0 27915.2783    0 33617 40681.2800 27915.2783  31.4%     -  456s
     0     0          -    0      40681.2800 27915.2783  31.4%     -  600s

Cutting planes:
  Gomory: 183
  Cover: 11568
  Clique: 1814
  MIR: 2556
  StrongCG: 178
  Zero half: 7

Explored 1 nodes (145165 simplex iterations) in 600.10 seconds (272.98 work units)
Thread count was 32 (of 112 available processors)

Solution count 5: 40681.3 40682.8 40900.3 ... 73486.9

Time limit reached
Best objective 4.068128000000e+04, best bound 2.791527828974e+04, gap 31.3805%

Gurobi 10.0.2 (linux64) logging started Wed Sep  6 16:49:42 2023

Set parameter LogFile to value "../reopt_p2/problem2_48.log"
Set parameter TimeLimit to value 600
Set parameter Threads to value 30
Gurobi Optimizer version 10.0.2 build v10.0.2rc0 (linux64)

CPU model: Intel(R) Xeon(R) Platinum 8280 CPU @ 2.70GHz, instruction set [SSE2|AVX|AVX2|AVX512]
Thread count: 112 physical cores, 112 logical processors, using up to 30 threads

Optimize a model with 189353 rows, 395486 columns and 726780 nonzeros
Model fingerprint: 0x46d2ba99
Variable types: 0 continuous, 395486 integer (395486 binary)
Coefficient statistics:
  Matrix range     [1e-01, 5e+01]
  Objective range  [6e-01, 5e+01]
  Bounds range     [1e+00, 1e+00]
  RHS range        [1e+00, 1e+00]
Presolve removed 48317 rows and 94584 columns (presolve time = 54s) ...
Presolve removed 48317 rows and 94584 columns
Presolve time: 53.69s
Presolved: 141036 rows, 300902 columns, 603311 nonzeros
Variable types: 0 continuous, 300902 integer (300902 binary)
Found heuristic solution: objective 73486.880000
Deterministic concurrent LP optimizer: primal simplex, dual simplex, and barrier
Showing barrier log only...

Root barrier log...

Ordering time: 0.01s

Barrier statistics:
 Dense cols : 149
 AA' NZ     : 1.190e+05
 Factor NZ  : 2.441e+05 (roughly 13 MB of memory)
 Factor Ops : 1.894e+07 (less than 1 second per iteration)
 Threads    : 28

                  Objective                Residual
Iter       Primal          Dual         Primal    Dual     Compl     Time
   0   3.81280433e+07 -5.10387239e+07  1.53e+03 2.17e+01  3.32e+04    55s
   1   1.03718529e+07 -2.93092375e+07  4.16e+02 1.87e+00  9.06e+03    55s
   2   2.60899440e+06 -1.59202085e+07  1.03e+02 2.50e-01  2.37e+03    55s
   3   7.18472095e+05 -6.47390230e+06  2.73e+01 6.73e-02  6.31e+02    55s
   4   1.39234553e+05 -2.79880092e+06  4.03e+00 1.29e-02  1.29e+02    55s
   5   6.53665689e+04 -1.40175637e+06  1.15e+00 4.16e-03  5.04e+01    55s

Barrier performed 5 iterations in 54.94 seconds (32.15 work units)
Barrier solve interrupted - model solved by another algorithm

Concurrent spin time: 0.00s

Solved with dual simplex

Use crossover to convert LP symmetric solution to basic solution...

Root crossover log...

       0 DPushes remaining with DInf 0.0000000e+00                55s

       0 PPushes remaining with PInf 0.0000000e+00                55s

  Push phase complete: Pinf 0.0000000e+00, Dinf 1.4916578e-11     55s


Root simplex log...

Iteration    Objective       Primal Inf.    Dual Inf.      Time
    2929    2.0677189e+04   0.000000e+00   0.000000e+00     55s
    2929    2.0677189e+04   0.000000e+00   9.103726e+01     55s
    3438    2.0677189e+04   0.000000e+00   0.000000e+00     55s
Extra simplex iterations after uncrush: 509

Root relaxation: objective 2.067719e+04, 3438 iterations, 0.85 seconds (0.69 work units)

    Nodes    |    Current Node    |     Objective Bounds      |     Work
 Expl Unexpl |  Obj  Depth IntInf | Incumbent    BestBd   Gap | It/Node Time

     0     0 20677.1892    0 2948 73486.8800 20677.1892  71.9%     -   57s
H    0     0                    40915.985000 20677.1892  49.5%     -   58s
H    0     0                    40900.285000 20677.1892  49.4%     -   58s
     0     0 22900.4983    0 3192 40900.2850 22900.4983  44.0%     -   63s
H    0     0                    40682.850000 22900.4983  43.7%     -   65s
     0     0 22901.7537    0 3196 40682.8500 22901.7537  43.7%     -   66s
     0     0 24117.5436    0 3216 40682.8500 24117.5436  40.7%     -   71s
     0     0 24161.8282    0 4587 40682.8500 24161.8282  40.6%     -   74s
     0     0 24162.3210    0 4590 40682.8500 24162.3210  40.6%     -   74s
     0     0 25137.6109    0 3195 40682.8500 25137.6109  38.2%     -   80s
     0     0 25362.0861    0 4046 40682.8500 25362.0861  37.7%     -   85s
     0     0 25366.7441    0 4066 40682.8500 25366.7441  37.6%     -   86s
     0     0 25366.7441    0 4068 40682.8500 25366.7441  37.6%     -   86s
     0     0 26013.4646    0 2916 40682.8500 26013.4646  36.1%     -   94s
     0     0 26399.7244    0 10286 40682.8500 26399.7244  35.1%     -  104s
     0     0 26562.1048    0 3709 40682.8500 26562.1048  34.7%     -  108s
     0     0 26605.9674    0 4418 40682.8500 26605.9674  34.6%     -  111s
     0     0 26608.8589    0 4424 40682.8500 26608.8589  34.6%     -  111s
     0     0 26611.1525    0 4428 40682.8500 26611.1525  34.6%     -  112s
     0     0 26612.9847    0 4435 40682.8500 26612.9847  34.6%     -  112s
     0     0 26613.0540    0 4436 40682.8500 26613.0540  34.6%     -  113s
     0     0 27065.4449    0 12507 40682.8500 27065.4449  33.5%     -  128s
H    0     0                    40681.280000 27065.4449  33.5%     -  130s
     0     0 27397.5650    0 13297 40681.2800 27397.5650  32.7%     -  145s
     0     0 27430.2106    0 6728 40681.2800 27430.2106  32.6%     -  149s
     0     0 27486.0821    0 12545 40681.2800 27486.0821  32.4%     -  154s
     0     0 27500.1144    0 10616 40681.2800 27500.1144  32.4%     -  157s
     0     0 27502.8828    0 9751 40681.2800 27502.8828  32.4%     -  158s
     0     0 27503.1268    0 9746 40681.2800 27503.1268  32.4%     -  159s
     0     0 27915.2783    0 33617 40681.2800 27915.2783  31.4%     -  185s
     0     0 28522.4645    0 54388 40681.2800 28522.4645  29.9%     -  250s
     0     0 28632.1058    0 45303 40681.2800 28632.1058  29.6%     -  268s
     0     0 28714.7228    0 59235 40681.2800 28714.7228  29.4%     -  287s
     0     0 28768.2913    0 60253 40681.2800 28768.2913  29.3%     -  300s
     0     0 28795.3361    0 60649 40681.2800 28795.3361  29.2%     -  309s
     0     0 28818.0968    0 61429 40681.2800 28818.0968  29.2%     -  317s
     0     0 28839.0956    0 60089 40681.2800 28839.0956  29.1%     -  325s
     0     0 28848.4008    0 60673 40681.2800 28848.4008  29.1%     -  331s
     0     0 28852.0414    0 60266 40681.2800 28852.0414  29.1%     -  336s
     0     0 28853.8376    0 60346 40681.2800 28853.8376  29.1%     -  341s
     0     0 28854.6381    0 60370 40681.2800 28854.6381  29.1%     -  344s
     0     0 29757.0684    0 69427 40681.2800 29757.0684  26.9%     -  485s
H    0     0                    40679.215000 29757.0684  26.8%     -  486s
     0     0          -    0      40679.2150 29757.0684  26.8%     -  600s

Cutting planes:
  Gomory: 135
  Cover: 19201
  Clique: 3487
  MIR: 2946
  StrongCG: 181
  Zero half: 5

Explored 1 nodes (335990 simplex iterations) in 600.07 seconds (945.44 work units)
Thread count was 30 (of 112 available processors)

Solution count 6: 40679.2 40681.3 40682.8 ... 73486.9

Time limit reached
Best objective 4.067921500000e+04, best bound 2.975706842415e+04, gap 26.8495%
