
Gurobi 9.5.1 (linux64, gurobi_cl) logging started Tue Jan 31 12:48:09 2023

Set parameter Username
Set parameter TimeLimit to value 7200
Set parameter LogFile to value "./log/reopt_p2/problem2_40.log"
Set parameter Threads to value 1
Academic license - for non-commercial use only - expires 2023-07-13
Using license file /opt/gurobi951/linux64/gurobi.lic

Gurobi Optimizer version 9.5.1 build v9.5.1rc2 (linux64)
Copyright (c) 2022, Gurobi Optimization, LLC

Read MPS format model from file ./ins/reopt_p2/problem2_40.mps.mps.gz
Reading time = 0.35 seconds
problem_: 103681 rows, 214305 columns, 370369 nonzeros
Thread count: 112 physical cores, 224 logical processors, using up to 1 threads
Optimize a model with 103681 rows, 214305 columns and 370369 nonzeros
Model fingerprint: 0x5e9b3b09
Variable types: 0 continuous, 214305 integer (214305 binary)
Coefficient statistics:
  Matrix range     [4e-01, 3e+01]
  Objective range  [2e-01, 9e+01]
  Bounds range     [1e+00, 1e+00]
  RHS range        [1e+00, 1e+00]
Presolve removed 36268 rows and 74544 columns (presolve time = 21s) ...
Presolve removed 36268 rows and 74544 columns
Presolve time: 21.13s
Presolved: 67413 rows, 139761 columns, 277691 nonzeros
Variable types: 0 continuous, 139761 integer (139761 binary)
Found heuristic solution: objective 73556.024000

Root simplex log...

Iteration    Objective       Primal Inf.    Dual Inf.      Time
       0    1.7676639e+04   4.330000e+02   0.000000e+00     22s
    1805    2.3661824e+04   0.000000e+00   0.000000e+00     22s
    1805    2.3661824e+04   0.000000e+00   0.000000e+00     22s

Use crossover to convert LP symmetric solution to basic solution...

Root crossover log...

       0 DPushes remaining with DInf 0.0000000e+00                22s

      10 PPushes remaining with PInf 0.0000000e+00                22s
       0 PPushes remaining with PInf 0.0000000e+00                22s

  Push phase complete: Pinf 0.0000000e+00, Dinf 1.9440314e-11     22s


Root simplex log...

Iteration    Objective       Primal Inf.    Dual Inf.      Time
    2467    2.3661824e+04   0.000000e+00   0.000000e+00     22s
    2637    2.3661824e+04   0.000000e+00   0.000000e+00     22s
Extra simplex iterations after uncrush: 170

Root relaxation: objective 2.366182e+04, 2637 iterations, 0.48 seconds (0.34 work units)

    Nodes    |    Current Node    |     Objective Bounds      |     Work
 Expl Unexpl |  Obj  Depth IntInf | Incumbent    BestBd   Gap | It/Node Time

     0     0 23661.8242    0 1369 73556.0240 23661.8242  67.8%     -   22s
H    0     0                    42932.659000 23661.8242  44.9%     -   22s
H    0     0                    42846.934000 23661.8242  44.8%     -   23s
     0     0 25490.9962    0 1806 42846.9340 25490.9962  40.5%     -   24s
H    0     0                    42457.929000 25490.9962  40.0%     -   25s
     0     0 25494.5697    0 1817 42457.9290 25494.5697  40.0%     -   25s
     0     0 25495.4395    0 1809 42457.9290 25495.4395  40.0%     -   25s
     0     0 26841.0912    0 2347 42457.9290 26841.0912  36.8%     -   27s
H    0     0                    42436.977000 26841.0912  36.8%     -   27s
H    0     0                    42435.798000 26841.0912  36.7%     -   27s
     0     0 26960.0943    0 3119 42435.7980 26960.0943  36.5%     -   29s
     0     0 26960.7154    0 1661 42435.7980 26960.7154  36.5%     -   29s
     0     0 26960.7154    0 1663 42435.7980 26960.7154  36.5%     -   29s
     0     0 27784.7698    0 3572 42435.7980 27784.7698  34.5%     -   31s
H    0     0                    42308.599000 27784.7698  34.3%     -   31s
     0     0 27973.8883    0 3750 42308.5990 27973.8883  33.9%     -   32s
     0     0 27976.3871    0 3763 42308.5990 27976.3871  33.9%     -   33s
     0     0 27976.9200    0 3760 42308.5990 27976.9200  33.9%     -   33s
     0     0 29194.7464    0 5562 42308.5990 29194.7464  31.0%     -   37s
H    0     0                    42301.678000 29194.7464  31.0%     -   37s
H    0     0                    42246.598000 29194.7464  30.9%     -   37s
     0     0 29450.0659    0 2971 42246.5980 29450.0659  30.3%     -   39s
     0     0 29494.3481    0 2976 42246.5980 29494.3481  30.2%     -   39s
     0     0 29521.3238    0 4815 42246.5980 29521.3238  30.1%     -   40s
     0     0 29526.4754    0 3184 42246.5980 29526.4754  30.1%     -   41s
     0     0 29546.6764    0 3190 42246.5980 29546.6764  30.1%     -   41s
     0     0 29546.7385    0 3192 42246.5980 29546.7385  30.1%     -   41s
     0     0 29968.3995    0 8000 42246.5980 29968.3995  29.1%     -   45s
H    0     0                    42202.723000 29968.3995  29.0%     -   45s
H    0     0                    42178.756000 29968.3995  28.9%     -   45s
     0     0 30310.6321    0 13665 42178.7560 30310.6321  28.1%     -   49s
     0     0 30352.4571    0 5219 42178.7560 30352.4571  28.0%     -   50s
     0     0 30391.7085    0 7767 42178.7560 30391.7085  27.9%     -   52s
     0     0 30398.0525    0 6624 42178.7560 30398.0525  27.9%     -   52s
     0     0 30401.0404    0 6642 42178.7560 30401.0404  27.9%     -   52s
     0     0 30401.3745    0 6653 42178.7560 30401.3745  27.9%     -   52s
     0     0 31090.7080    0 12730 42178.7560 31090.7080  26.3%     -   58s
     0     0 31509.6723    0 20012 42178.7560 31509.6723  25.3%     -   65s
     0     0 31598.9511    0 21224 42178.7560 31598.9511  25.1%     -   68s
     0     0 31616.9169    0 21450 42178.7560 31616.9169  25.0%     -   70s
     0     0 31632.8820    0 20812 42178.7560 31632.8820  25.0%     -   72s
     0     0 31638.0410    0 21859 42178.7560 31638.0410  25.0%     -   73s
     0     0 31641.5658    0 21888 42178.7560 31641.5658  25.0%     -   74s
     0     0 31643.4978    0 21899 42178.7560 31643.4978  25.0%     -   74s
     0     0 33198.1511    0 19436 42178.7560 33198.1511  21.3%     -   98s
H    0     0                    42016.796000 33198.1511  21.0%     -   99s
     0     0 33536.2838    0 30612 42016.7960 33536.2838  20.2%     -  109s
     0     0 33672.5324    0 31311 42016.7960 33672.5324  19.9%     -  115s
     0     0 33706.2384    0 31487 42016.7960 33706.2384  19.8%     -  120s
     0     0 33733.1229    0 31884 42016.7960 33733.1229  19.7%     -  123s
     0     0 33740.9203    0 31845 42016.7960 33740.9203  19.7%     -  125s
     0     0 33746.5430    0 31941 42016.7960 33746.5430  19.7%     -  126s
     0     0 33749.1427    0 32305 42016.7960 33749.1427  19.7%     -  127s
     0     0 34940.7767    0 36831 42016.7960 34940.7767  16.8%     -  174s
H    0     0                    41995.052000 34940.7767  16.8%     -  175s
     0     0 35081.6097    0 37853 41995.0520 35081.6097  16.5%     -  187s
     0     0 35149.9405    0 39623 41995.0520 35149.9405  16.3%     -  198s
     0     0 35175.9546    0 39416 41995.0520 35175.9546  16.2%     -  204s
     0     0 35191.9117    0 39393 41995.0520 35191.9117  16.2%     -  207s
     0     0 35202.6594    0 39411 41995.0520 35202.6594  16.2%     -  210s
     0     0 35207.8080    0 39538 41995.0520 35207.8080  16.2%     -  212s
     0     0 35210.1472    0 39211 41995.0520 35210.1472  16.2%     -  213s
     0     0 35879.8982    0 41028 41995.0520 35879.8982  14.6%     -  254s
H    0     0                    41960.299000 35879.8982  14.5%     -  255s
     0     0 35980.9726    0 42365 41960.2990 35980.9726  14.2%     -  269s
     0     0 36029.2804    0 42992 41960.2990 36029.2804  14.1%     -  277s
     0     0 36041.9833    0 42539 41960.2990 36041.9833  14.1%     -  281s
     0     0 36049.8067    0 43273 41960.2990 36049.8067  14.1%     -  285s
     0     0 36055.6731    0 43559 41960.2990 36055.6731  14.1%     -  288s
     0     0 36410.8700    0 43181 41960.2990 36410.8700  13.2%     -  322s
H    0     0                    41959.120000 36410.8700  13.2%     -  323s
     0     0 36454.8571    0 42920 41959.1200 36454.8571  13.1%     -  331s
     0     0 36482.5970    0 43812 41959.1200 36482.5970  13.1%     -  338s
     0     0 36487.8333    0 43438 41959.1200 36487.8333  13.0%     -  340s
     0     0 36690.1883    0 42842 41959.1200 36690.1883  12.6%     -  364s
H    0     0                    41956.618000 36690.1883  12.6%     -  365s
     0     0 36737.5658    0 43109 41956.6180 36737.5658  12.4%     -  374s
     0     0 36750.5645    0 43407 41956.6180 36750.5645  12.4%     -  379s
     0     0 36757.4778    0 43295 41956.6180 36757.4778  12.4%     -  381s
     0     0 36893.6447    0 41554 41956.6180 36893.6447  12.1%     -  402s
     0     0 36937.2005    0 42833 41956.6180 36937.2005  12.0%     -  411s
     0     0 36958.2337    0 42553 41956.6180 36958.2337  11.9%     -  416s
     0     0 36961.9907    0 42902 41956.6180 36961.9907  11.9%     -  418s
     0     0 37015.2839    0 41534 41956.6180 37015.2839  11.8%     -  430s
     0     0 37029.9350    0 41826 41956.6180 37029.9350  11.7%     -  435s
     0     0 37037.6662    0 41506 41956.6180 37037.6662  11.7%     -  438s
     0     0 37068.9533    0 41478 41956.6180 37068.9533  11.6%     -  448s
     0     0 37068.9533    0 41466 41956.6180 37068.9533  11.6%     -  451s
H    0     0                    41948.084994 37068.9533  11.6%     -  477s
H    0     0                    41859.041000 37069.9589  11.4%     -  532s
     3     3 37194.5360    2 19151 41859.0410 37094.8525  11.4% 132819  786s
     4     4 37525.3378    2 4899 41859.0410 37194.5442  11.1% 102477  793s
     5     5 37266.4160    3 19154 41859.0410 37194.6038  11.1% 83035  796s
     6     6 37607.6523    3 5433 41859.0410 37266.4276  11.0% 71051  803s
     8     8 37651.7085    5 2589 41859.0410 37266.4276  11.0% 53643  805s
    81    79 38548.7572   51  117 41859.0410 37266.4276  11.0%  5390  810s
   104    94 37572.8899    4 5720 41859.0410 37266.4307  11.0%  4289  815s
   110   100 37762.1630    9  112 41859.0410 37266.4307  11.0%  4149  820s
   196   178     cutoff   61      41859.0410 37266.4307  11.0%  2350  825s
   202   176 37409.9483    5 18586 41859.0410 37331.2799  10.8%  2423  844s
   203   177 37948.8959    5   99 41859.0410 37409.9928  10.6%  2463  850s
   210   184 38030.4763    9 15280 41859.0410 37409.9928  10.6%  2424  855s
   296   249 37481.7590    6 18596 41859.0410 37410.2310  10.6%  1746  862s
   297   250 37602.0761    7 18864 41859.0410 37410.2310  10.6%  1762  866s
   298   251 37538.0702    7 18871 41859.0410 37410.2310  10.6%  1776  870s
   301   254 37558.1978   10 18812 41859.0410 37410.2310  10.6%  1781  875s
   308   261 37663.3671   14 18157 41859.0410 37410.2310  10.6%  1780  883s
   309   262 38005.2691   15 16506 41859.0410 37410.2310  10.6%  1809  890s
   311   264 37707.9323   14 18348 41859.0410 37410.2310  10.6%  1821  895s
   313   266 37700.1873   16 18697 41859.0410 37410.2310  10.6%  1832  900s
   314   267 38182.3212   16 14618 41859.0410 37410.2310  10.6%  1865  907s
   317   270 38435.2614   18 14645 41859.0410 37410.2310  10.6%  1881  916s
   319   272 37745.6455   19 18315 41859.0410 37410.2310  10.6%  1932  929s
   320   273 37790.6022   20 18044 41859.0410 37410.2310  10.6%  1947  933s
   321   274 38380.9768   20 11802 41859.0410 37410.2310  10.6%  1976  939s
   322   275 38682.9300   19 15748 41859.0410 37410.2310  10.6%  2007  947s
   324   277 38397.3847   21 15891 41859.0410 37410.2310  10.6%  2031  954s
   325   278 37859.8494   22 17468 41859.0410 37410.2310  10.6%  2032  956s
   326   279 38105.8238   22 15701 41859.0410 37410.2310  10.6%  2048  960s
   332   285 37912.3872   24 17467 41859.0410 37410.2310  10.6%  2030  965s
   338   291 38101.2926   31 17135 41859.0410 37410.2310  10.6%  2018  970s
   349   302 37963.0895   36 17862 41859.0410 37410.2310  10.6%  1971  975s
   360   313 38028.5047   41 17894 41859.0410 37410.2310  10.6%  1930  980s
   366   319 38027.6318   46 17861 41859.0410 37410.2310  10.6%  1917  985s
   368   321 38508.6071   45 3022 41859.0410 37410.2310  10.6%  1942  992s
   369   322 38464.3228   46 15294 41859.0410 37410.2310  10.6%  1954  996s
   376   329 38077.0222   52 17619 41859.0410 37410.2310  10.6%  1945 1003s
   383   336 38094.7473   57 17584 41859.0410 37410.2310  10.6%  1917 1005s
   388   339     cutoff   58      41859.0410 37410.2310  10.6%  1910 1010s
   398   347 38485.5861   65 15140 41859.0410 37410.2310  10.6%  1891 1017s
   402   351 38524.7541   66 15140 41859.0410 37410.2310  10.6%  1892 1022s
   412   361 38290.5852   75 17012 41859.0410 37410.2310  10.6%  1855 1025s
   418   365 38426.8065   77 16346 41859.0410 37410.2310  10.6%  1850 1031s
   430   377 38430.2785   87 16667 41859.0410 37410.2310  10.6%  1812 1035s
   448   395 38468.9796   97 16806 41859.0410 37410.2310  10.6%  1758 1041s
   452   399 38469.9522   97 16801 41859.0410 37410.2310  10.6%  1760 1045s
   454   401 38473.2721   95 16809 41859.0410 37410.2310  10.6%  1773 1050s
   469   416 38534.7016  102 16693 41859.0410 37410.2310  10.6%  1730 1055s
   475   422 38556.9963  102 16792 41859.0410 37410.2310  10.6%  1724 1060s
   482   419 38564.3319  103 16645 41859.0410 37410.2310  10.6%  1718 1065s
   488   421 38628.2001  103 16133 41859.0410 37410.2310  10.6%  1714 1070s
   503   433 37518.8922    2 22340 41859.0410 37431.7153  10.6%  2262 1375s
   504   434 37836.0927    2 17294 41859.0410 37518.8935  10.4%  2287 1385s
   506   436 37999.0053    3 16918 41859.0410 37578.6219  10.2%  2314 1398s
   507   437 37633.3241    4 21826 41859.0410 37578.7167  10.2%  2318 1401s
   508   438 37972.8724    4 17316 41859.0410 37633.3610  10.1%  2337 1410s
   510   440 38050.7097    5 15268 41859.0410 37664.8304  10.0%  2355 1419s
   511   441 37705.9493    6 21423 41859.0410 37665.0828  10.0%  2357 1421s
   512   442 38101.3773    6 17001 41859.0410 37705.9836  9.92%  2372 1428s
   513   443 37740.5408    7 20958 41859.0410 37706.6664  9.92%  2382 1432s
   514   444 38066.7617    7 14121 41859.0410 37740.5428  9.84%  2395 1435s
   516   446 38128.2093    8 14818 41859.0410 37771.8279  9.76%  2416 1442s
   517   447 37818.4764    9 20329 41859.0410 37771.8279  9.76%  2418 1445s
   519   449 37866.8737   10 20549 41859.0410 37818.5331  9.65%  2431 1451s
   520   449 38051.7205   10 15044 41859.0410 37836.0950  9.61%  2438 1455s
   522   451 38289.6116   11 12240 41859.0410 37836.0950  9.61%  2452 1462s
   523   452 37919.3519   12 19971 41859.0410 37836.0950  9.61%  2457 1465s
   525   454 37959.1174   13 19861 41859.0410 37836.0950  9.61%  2472 1471s
   527   456 37987.8010   14 20621 41859.0410 37836.0950  9.61%  2484 1477s
   528   457 38225.5979   14 15371 41859.0410 37836.0950  9.61%  2490 1481s
   530   459 38272.3776   15 11462 41859.0410 37836.0950  9.61%  2500 1487s
   531   460 38058.5842   16 20328 41859.0410 37836.0950  9.61%  2510 1491s
   533   462 38088.1121   17 20586 41859.0410 37836.0950  9.61%  2512 1495s
   536   465 38183.7409   18 8156 41859.0410 37836.0950  9.61%  2514 1500s
   539   468 38161.4491   20 17658 41859.0410 37836.0950  9.61%  2516 1506s
   542   471 38309.0143   21 7494 41859.0410 37836.0950  9.61%  2515 1510s
   546   475 38359.7486   23 8565 41859.0410 37836.0950  9.61%  2514 1516s
   551   480 38247.1253   26 9194 41859.0410 37836.0950  9.61%  2502 1520s
   583   512 38462.6288   45  264 41859.0410 37836.0950  9.61%  2379 1525s
   661   589 39689.3044   93  329 41859.0410 37836.0950  9.61%  2108 1530s
   771   695 37855.6247    3 16235 41859.0410 37836.0993  9.61%  1812 1535s
   772   696 38266.1167    4 19286 41859.0410 37836.0993  9.61%  1833 1549s
   773   697 38880.7655    4 17720 41859.0410 37836.0993  9.61%  1862 1565s
   775   699 38367.0282    6 19447 41859.0410 37836.0993  9.61%  1867 1570s
   777   701 38452.9456    8 19744 41859.0410 37836.0993  9.61%  1868 1575s
   780   704 38557.0394   11 19423 41859.0410 37836.0993  9.61%  1872 1582s
   782   706 39062.5500   12 16826 41859.0410 37836.0993  9.61%  1887 1592s
   783   707 38683.4815   13 19141 41859.0410 37836.0993  9.61%  1891 1596s
   784   708 38962.3338   13 5534 41859.0410 37836.0993  9.61%  1903 1603s
   785   709 38722.3382   14 19023 41859.0410 37836.0993  9.61%  1904 1605s
   787   711 39055.5279   15 16811 41859.0410 37836.0993  9.61%  1914 1613s
   788   712 38791.8095   16 19131 41859.0410 37836.0993  9.61%  1914 1615s
   791   715 39501.0704   18 17553 41859.0410 37836.0993  9.61%  1928 1626s
   794   718 39427.9266   20 17492 41859.0410 37836.0993  9.61%  1939 1636s
   796   720 39246.8166   21 17395 41859.0410 37836.0993  9.61%  1950 1645s
   800   724 39107.5570   25 17514 41859.0410 37836.0993  9.61%  1949 1650s
   803   727 39198.1702   27  182 41859.0410 37836.0993  9.61%  1951 1655s
   831   754 39458.9615   46  180 41859.0410 37836.0993  9.61%  1894 1660s
   910   833 40017.3553  104  152 41859.0410 37836.0993  9.61%  1734 1665s
H 1002   912                    41857.826000 37836.0993  9.61%  1541 1668s
  1007   916 39100.9295  115 15922 41857.8260 37836.0993  9.61%  1634 1670s
  1064   958 37836.0993   22 16507 41857.8260 37836.0993  9.61%  2133 2137s
  1066   958 37836.0993   23 16369 41857.8260 37836.0993  9.61%  2133 2143s
  1068   957 37838.1200   24 16279 41857.8260 37836.0993  9.61%  2134 2145s
  1069   956     cutoff   24      41857.8260 37838.4341  9.60%  2148 2152s
  1071   955     cutoff   25      41857.8260 37933.1503  9.38%  2153 2157s
  1075   958 37978.0973   27 16145 41857.8260 37940.9718  9.36%  2148 2160s
  1079   960 38609.9138   29 14637 41857.8260 37969.2817  9.29%  2162 2173s
  1080   961 38302.8227   30 15993 41857.8260 37969.2817  9.29%  2165 2176s
  1082   962 38433.7211   31 15749 41857.8260 37969.2817  9.29%  2172 2181s
  1083   961     cutoff   31      41857.8260 37969.2817  9.29%  2180 2185s
  1089   959     cutoff   34      41857.8260 37969.2817  9.29%  2181 2190s
  1096   958 38818.4195   38 15279 41857.8260 37969.2817  9.29%  2177 2195s
  1101   959     cutoff   40      41857.8260 37969.2817  9.29%  2176 2200s
  1116   955 38880.4321   28   65 41857.8260 37969.3410  9.29%  2155 2205s
  1144   962 38304.7614   28 15959 41857.8260 37978.6520  9.27%  2113 2212s
  1145   962 38740.4514   28 14400 41857.8260 37978.6520  9.27%  2124 2219s
  1146   963 38434.9860   29 15713 41857.8260 37978.6520  9.27%  2126 2221s
  1147   962     cutoff   29      41857.8260 37978.6520  9.27%  2134 2226s
  1149   961     cutoff   30      41857.8260 37978.6520  9.27%  2139 2230s
  1154   960 38779.2955   33 15394 41857.8260 37978.6520  9.27%  2140 2235s
  1160   958 39010.2616   36 15084 41857.8260 37978.6520  9.27%  2137 2240s
  1167   955 38236.7526   29 16057 41857.8260 37979.2848  9.27%  2134 2246s
  1168   956 38649.2185   29 14641 41857.8260 37979.2848  9.27%  2146 2253s
  1169   956 38371.1859   30 15950 41857.8260 37979.2848  9.27%  2148 2255s
  1171   956     cutoff   30      41857.8260 37979.2848  9.27%  2158 2262s
  1184   952 38027.6895   28 16141 41857.8260 37987.7488  9.25%  2139 2265s
  1186   954 38695.0648   29 14504 41857.8260 37987.7488  9.25%  2156 2276s
  1188   955 38523.9510   31 15885 41857.8260 37987.7488  9.25%  2159 2280s
  1189   954     cutoff   30      41857.8260 37987.7488  9.25%  2171 2287s
  1191   953     cutoff   31      41857.8260 37987.7488  9.25%  2177 2291s
  1194   953 38744.5868   34 15491 41857.8260 37987.7488  9.25%  2179 2295s
  1199   950 38930.1403   36 15316 41857.8260 37987.7488  9.25%  2178 2300s
  1207   946 38653.4578   29 14634 41857.8260 37987.9550  9.25%  2185 2311s
  1211   948 38932.2101   31 1535 41857.8260 37987.9550  9.25%  2184 2315s
  1236   955 38244.9603   29 16060 41857.8260 38244.9603  8.63%  2147 2321s
  1238   956 38480.9206   31 15888 41857.8260 38245.5882  8.63%  2152 2325s
  1242   957     cutoff   35      41857.8260 38245.5882  8.63%  2154 2330s
  1247   958 39033.9746   38 15086 41857.8260 38245.5882  8.63%  2152 2335s
  1254   951     cutoff   30      41857.8260 38377.0339  8.32%  2153 2341s
  1255   952 39093.3561   31 3374 41857.8260 38474.1907  8.08%  2157 2345s
  1261   952 38825.3795   35 15416 41857.8260 38474.9231  8.08%  2156 2350s
  1270   948     cutoff   32      41857.8260 38482.5084  8.06%  2150 2355s
  1274   944 38702.4215   30 14436 41857.8260 38609.9510  7.76%  2153 2360s
  1289   944 38859.1616   30 1294 41857.8260 38643.5689  7.68%  2135 2365s
  1331   951 38816.4770   31 14330 41857.8260 38684.8720  7.58%  2076 2371s
  1376   969     cutoff   34      41857.8260 38695.4319  7.56%  2012 2375s
  1403   974 38914.3304   30 1916 41857.8260 38702.6006  7.54%  1979 2380s
  1446   978 38830.0848   29 14324 41857.8260 38740.8368  7.45%  1923 2386s
  1451   977     cutoff   33      41857.8260 38740.8368  7.45%  1922 2390s
  1489   971 39104.8154   32   62 41857.8260 38758.2540  7.40%  1878 2395s
  1538   965 39117.7934   44   17 41857.8260 38816.4780  7.27%  1821 2400s
  1578   967 38937.0443   32 14242 41857.8260 38821.4209  7.25%  1780 2405s
  1611   975 39051.6358   40   30 41857.8260 38825.4473  7.24%  1745 2410s
  1642   971 39070.6608   31   41 41857.8260 38845.6607  7.20%  1714 2415s
  1716  1009 38845.7471   25 18841 41857.8260 38845.7471  7.20%  2085 3050s
  1717  1010 40259.7581   25 16757 41857.8260 38845.7471  7.20%  2097 3064s
  1718  1010 38899.6759   26 18832 41857.8260 38845.7471  7.20%  2098 3067s
  1720  1010 38901.3730   27 18835 41857.8260 38899.9943  7.07%  2098 3070s
  1725  1013 38945.6885   29 18835 41857.8260 38902.3995  7.06%  2094 3075s
  1728  1015 39068.2481   31 18905 41857.8260 38902.3995  7.06%  2096 3081s
  1729  1016 39781.9453   31 17491 41857.8260 38902.3995  7.06%  2106 3096s
  1731  1017 40660.5961   32 16490 41857.8260 38902.3995  7.06%  2117 3107s
  1732  1018 39245.8945   33 18664 41857.8260 38902.3995  7.06%  2119 3110s
  1733  1018 40886.5383   33 17192 41857.8260 38902.3995  7.06%  2126 3116s
  1735  1020 40557.7684   34 16383 41857.8260 38902.3995  7.06%  2135 3126s
  1737  1021 40759.8029   35 16366 41857.8260 38902.3995  7.06%  2144 3135s
  1738  1022 39599.5317   36 18218 41857.8260 38902.3995  7.06%  2146 3142s
  1739  1022 40551.5233   36 16074 41857.8260 38902.3995  7.06%  2153 3148s
  1740  1023 39694.2457   37 18080 41857.8260 38902.3995  7.06%  2153 3150s
  1741  1024 41166.3771   37 16569 41857.8260 38902.3995  7.06%  2159 3156s
  1743  1023     cutoff   38      41857.8260 38902.3995  7.06%  2164 3162s
  1745  1022     cutoff   39      41857.8260 38902.3995  7.06%  2166 3165s
  1747  1024 40670.4733   40 3731 41857.8260 38902.3995  7.06%  2172 3172s
  1749  1025 41458.0849   41 16012 41857.8260 38902.3995  7.06%  2177 3177s
  1751  1025 41025.9841   42 4301 41857.8260 38902.3995  7.06%  2180 3182s
  1753  1027 41277.1737   43 15944 41857.8260 38902.3995  7.06%  2184 3187s
  1755  1028 40930.7500   44 4052 41857.8260 38902.3995  7.06%  2185 3190s
  1759  1031 41206.0517   46 3703 41857.8260 38902.3995  7.06%  2186 3195s
  1760  1031 40646.8013   47 17071 41857.8260 38902.3995  7.06%  2186 3200s
  1765  1029     cutoff   49      41857.8260 38902.3995  7.06%  2186 3205s
  1770  1028 41538.1178   52 15567 41857.8260 38902.3995  7.06%  2187 3211s
  1776  1028 41368.1829   55 16622 41857.8260 38902.3995  7.06%  2185 3215s
  1785  1024 39069.5056   30 18916 41857.8260 38902.5090  7.06%  2180 3223s
  1786  1025 39783.7694   30 17335 41857.8260 38902.5090  7.06%  2191 3233s
  1787  1025 39150.0436   31 18639 41857.8260 38902.5090  7.06%  2192 3236s
  1788  1026 40660.9471   31 16498 41857.8260 38902.5090  7.06%  2203 3247s
  1790  1027 40888.6135   32 17207 41857.8260 38902.5090  7.06%  2212 3258s
  1791  1028 39376.0446   33 18139 41857.8260 38902.5090  7.06%  2214 3261s
  1792  1029 40561.0727   33 16388 41857.8260 38902.5090  7.06%  2223 3270s
  1794  1030 40740.3987   34 16373 41857.8260 38902.5090  7.06%  2232 3284s
  1795  1031 39599.8635   35 18333 41857.8260 38902.5090  7.06%  2233 3286s
  1796  1029     cutoff   35      41857.8260 38902.5090  7.06%  2240 3293s
  1797  1030 39692.4326   36 18186 41857.8260 38902.5090  7.06%  2241 3295s
  1798  1031 41144.0347   36 16670 41857.8260 38902.5090  7.06%  2246 3300s
  1800  1032 41135.5437   37 16186 41857.8260 38902.5090  7.06%  2252 3307s
  1802  1033 40640.9159   38 3912 41857.8260 38902.5090  7.06%  2261 3317s
  1804  1035 40657.7686   39 16145 41857.8260 38902.5090  7.06%  2268 3325s
  1808  1035 41093.2617   41 16000 41857.8260 38902.5090  7.06%  2272 3333s
  1810  1037 41132.2543   42 3472 41857.8260 38902.5090  7.06%  2276 3338s
  1812  1037 41159.7393   43 3862 41857.8260 38902.5090  7.06%  2277 3340s
  1816  1038 41058.9710   45 3853 41857.8260 38902.5090  7.06%  2278 3345s
  1819  1038 40877.1413   47 17094 41857.8260 38902.5090  7.06%  2279 3350s
  1825  1038 41085.8170   50 16779 41857.8260 38902.5090  7.06%  2277 3355s
  1835  1034 41474.7121   55 16694 41857.8260 38902.5090  7.06%  2271 3361s
  1842  1031 39088.0879   30 18906 41857.8260 38925.1657  7.01%  2268 3367s
  1843  1032 39802.6548   30 17483 41857.8260 38932.8431  6.99%  2278 3378s
  1844  1032 39168.7000   31 18630 41857.8260 38932.8431  6.99%  2279 3380s
  1845  1033 40681.3818   31 16487 41857.8260 38932.8431  6.99%  2288 3389s
  1846  1034 39253.6790   32 18352 41857.8260 38932.8431  6.99%  2289 3392s
  1847  1034 41498.2602   32 16468 41857.8260 38932.8431  6.99%  2297 3399s
  1848  1035 39384.6014   33 18253 41857.8260 38932.8431  6.99%  2298 3402s
  1849  1036 40510.0079   33 16502 41857.8260 38932.8431  6.99%  2306 3414s
  1850  1036 39520.7919   34 18300 41857.8260 38932.8431  6.99%  2308 3417s
  1851  1037 40684.5895   34 16489 41857.8260 38932.8431  6.99%  2315 3424s
  1852  1038 39617.7352   35 18322 41857.8260 38932.8431  6.99%  2316 3427s
  1853  1038 41195.4465   35 16662 41857.8260 38932.8431  6.99%  2323 3434s
  1854  1039 39759.0891   36 18245 41857.8260 38932.8431  6.99%  2325 3437s
  1855  1040 40574.8566   36 16474 41857.8260 38932.8431  6.99%  2334 3446s
  1857  1041 40621.2979   37 16301 41857.8260 38932.8431  6.99%  2342 3455s
  1859  1042 41246.0080   38 16267 41857.8260 38932.8431  6.99%  2348 3464s
  1860  1043 40124.6854   39 17868 41857.8260 38932.8431  6.99%  2348 3465s
  1862  1044 40264.7560   40 17726 41857.8260 38932.8431  6.99%  2353 3474s
  1863  1045 41052.1053   40 16127 41857.8260 38932.8431  6.99%  2356 3478s
  1865  1044     cutoff   41      41857.8260 38932.8431  6.99%  2355 3480s
  1868  1046 40518.2935   43 17209 41857.8260 38932.8431  6.99%  2358 3485s
  1872  1046 40662.5565   45 16974 41857.8260 38932.8431  6.99%  2359 3490s
  1876  1047 40892.6300   47 17083 41857.8260 38932.8431  6.99%  2359 3495s
  1883  1045     cutoff   50      41857.8260 38932.8431  6.99%  2356 3500s
  1893  1042     cutoff   55      41857.8260 38932.8431  6.99%  2349 3505s
  1899  1040 39099.2144   29 18902 41857.8260 38936.7488  6.98%  2347 3511s
  1901  1041 39815.5630   29 17327 41857.8260 38936.7488  6.98%  2358 3524s
  1902  1042 39265.3102   31 18342 41857.8260 38936.7488  6.98%  2358 3526s
  1904  1043 39534.2682   33 18301 41857.8260 38936.7488  6.98%  2362 3535s
  1905  1044 40522.3439   32 16503 41857.8260 38936.7488  6.98%  2371 3545s
  1906  1045 40693.2962   31 16488 41857.8260 38936.7488  6.98%  2378 3553s
  1907  1045 39687.9070   34 18200 41857.8260 38936.7488  6.98%  2380 3557s
  1908  1046 40696.5152   33 16489 41857.8260 38936.7488  6.98%  2387 3565s
  1909  1047 40413.6925   34 16498 41857.8260 38936.7488  6.98%  2393 3572s
  1910  1047 39786.3453   35 18072 41857.8260 38936.7488  6.98%  2394 3576s
  1912  1049 39991.1611   37 17949 41857.8260 38936.7488  6.98%  2394 3580s
  1914  1050 41309.9622   36 16560 41857.8260 38936.7488  6.98%  2401 3591s
  1916  1051 40279.6709   39 17727 41857.8260 38936.7488  6.98%  2404 3595s
  1917  1052 41168.4022   37 16176 41857.8260 38936.7488  6.98%  2409 3600s
  1920  1054 41064.4413   39 16128 41857.8260 38936.7488  6.98%  2414 3608s
  1922  1055 40619.6694   43 16949 41857.8260 38936.7488  6.98%  2414 3610s
  1925  1057 40795.5154   45 17335 41857.8260 38936.7488  6.98%  2417 3616s
  1929  1057     cutoff   44      41857.8260 38936.7488  6.98%  2417 3620s
  1969  1078     cutoff   60      41857.8260 38936.7488  6.98%  2371 3625s
  1977  1075 39117.0550   29 18903 41857.8260 38937.2914  6.98%  2366 3630s
  1979  1076 39833.5957   29 17319 41857.8260 38937.2914  6.98%  2376 3643s
  1980  1077 39323.1691   31 18242 41857.8260 38937.2914  6.98%  2378 3646s
  1982  1078 39593.1713   33 18210 41857.8260 38937.2914  6.98%  2381 3654s
  1983  1079 40542.0233   31 16502 41857.8260 38937.2914  6.98%  2388 3661s
  1984  1080 40716.0609   32 16489 41857.8260 38937.2914  6.98%  2396 3669s
  1985  1080 39743.4183   34 18290 41857.8260 38937.2914  6.98%  2397 3672s
  1986  1081 40475.1555   33 16736 41857.8260 38937.2914  6.98%  2405 3682s
  1988  1082 40576.2666   34 16417 41857.8260 38937.2914  6.98%  2414 3693s
  1989  1083 39951.3800   36 17999 41857.8260 38937.2914  6.98%  2414 3695s
  1992  1085 40295.0969   39 17727 41857.8260 38937.2914  6.98%  2416 3701s
  1995  1087 41084.1207   39 16127 41857.8260 38937.2914  6.98%  2420 3707s
  1997  1088 41175.8227   40 3468 41857.8260 38937.2914  6.98%  2422 3711s
  2000  1090 40809.9920   45 17332 41857.8260 38937.2914  6.98%  2422 3716s
  2004  1090     cutoff   44      41857.8260 38937.2914  6.98%  2422 3720s
  2028  1106 41489.8289   56   48 41857.8260 38937.2914  6.98%  2397 3725s
  2059  1115 39015.6423   31 18716 41857.8260 38937.6263  6.98%  2363 3730s
  2061  1116 39308.8382   33 18255 41857.8260 38937.6263  6.98%  2366 3737s
  2062  1117 39892.3085   32 17227 41857.8260 38937.6263  6.98%  2375 3747s
  2063  1117 39445.3324   34 18424 41857.8260 38937.6263  6.98%  2376 3751s
  2064  1118 39584.1617   35 18253 41857.8260 38937.6263  6.98%  2378 3755s
  2065  1119 40527.2815   33 16508 41857.8260 38937.6263  6.98%  2386 3764s
  2066  1119 39735.9441   36 18285 41857.8260 38937.6263  6.98%  2388 3768s
  2067  1120 40686.0431   34 16494 41857.8260 38937.6263  6.98%  2395 3776s
  2068  1121 40467.9871   35 16740 41857.8260 38937.6263  6.98%  2403 3785s
  2070  1122 39945.0447   38 18018 41857.8260 38937.6263  6.98%  2405 3790s
  2071  1123 40576.1558   36 16424 41857.8260 38937.6263  6.98%  2411 3798s
  2073  1124 40148.4527   40 17874 41857.8260 38937.6263  6.98%  2412 3801s
  2075  1125 40391.8227   42 17656 41857.8260 38937.6263  6.98%  2413 3805s
  2077  1127 41069.4977   41 16131 41857.8260 38937.6263  6.98%  2416 3811s
  2081  1129 40803.1029   47 17337 41857.8260 38937.6263  6.98%  2416 3815s
  2086  1131 40999.7213   49 16993 41857.8260 38937.6263  6.98%  2415 3820s
  2129  1148 40563.7247   31 16578 41857.8260 38945.8181  6.96%  2376 3833s
  2130  1149 40696.5962   32 16489 41857.8260 38945.8181  6.96%  2376 3835s
  2132  1150 41262.1703   34 2898 41857.8260 38945.8181  6.96%  2379 3840s
  2168  1142 38994.1482   30 18820 41857.8260 38951.0476  6.94%  2342 3846s
  2169  1143 39161.4335   31 18739 41857.8260 38951.0476  6.94%  2344 3850s
  2171  1144 39393.5250   33 18380 41857.8260 38951.0476  6.94%  2347 3856s
  2173  1146 39633.1502   35 18077 41857.8260 38951.0476  6.94%  2350 3866s
  2175  1147 39889.4870   37 17965 41857.8260 38951.0476  6.94%  2352 3872s
  2177  1148 40099.0805   39 17558 41857.8260 38951.0476  6.94%  2354 3877s
  2179  1150 40343.9334   41 17709 41857.8260 38951.0476  6.94%  2355 3881s
  2182  1152 40605.0430   44 16701 41857.8260 38951.0476  6.94%  2356 3885s
  2187  1155 41058.6414   49 16797 41857.8260 38951.0476  6.94%  2356 3890s
  2192  1158 41407.3161   54 16454 41857.8260 38951.0476  6.94%  2354 3897s
  2197  1154     cutoff   54      41857.8260 38951.0476  6.94%  2351 3900s
  2199  1153 39827.6989   31 17326 41857.8260 39099.5758  6.59%  2359 3911s
  2200  1154 39981.2991   32 17408 41857.8260 39099.5758  6.59%  2360 3917s
  2202  1155 40160.9101   34 17177 41857.8260 39099.5758  6.59%  2361 3920s
  2205  1157 40499.2962   37 16535 41857.8260 39099.5758  6.59%  2362 3925s
  2210  1160 40930.9532   42 16376 41857.8260 39099.5758  6.59%  2362 3930s
  2215  1164 41381.1178   47 16041 41857.8260 39099.5758  6.59%  2360 3935s
  2222  1160 41514.5843   30 16474 41857.8260 39118.4708  6.54%  2362 3944s
  2224  1158     cutoff   31      41857.8260 39118.4708  6.54%  2361 3945s
  2225  1158 40714.5730   30 16485 41857.8260 39162.1687  6.44%  2368 3953s
  2226  1159 40864.8663   31 16399 41857.8260 39162.1687  6.44%  2369 3955s
  2229  1161 41120.9208   34 16027 41857.8260 39162.1687  6.44%  2369 3960s
  2234  1162     cutoff   39      41857.8260 39162.1687  6.44%  2368 3965s
  2238  1159 40568.6373   32 16335 41857.8260 39273.7082  6.17%  2374 3976s
  2242  1158     cutoff   35      41857.8260 39273.7082  6.17%  2373 3980s
  2251  1163 41538.2145   40   50 41857.8260 39273.7082  6.17%  2368 3985s
  2269  1158 40742.7526   33 16314 41857.8260 39393.6787  5.89%  2356 3993s
  2270  1158 41230.2139   34 3076 41857.8260 39393.6787  5.89%  2359 3997s
  2290  1162 40737.4680   34 16311 41857.8260 39497.7845  5.64%  2347 4006s
  2293  1164 41069.5855   37 16306 41857.8260 39497.7845  5.64%  2347 4011s
  2297  1166 41378.0879   41 15433 41857.8260 39497.7845  5.64%  2347 4015s
  2328  1167 39750.5505   37   47 41857.8260 39508.6401  5.61%  2346 4020s
  2345  1140 39559.5129   32 1310 41857.8260 39517.6158  5.59%  2332 4026s
  2373  1138 39572.4133   32   63 41857.8260 39526.7708  5.57%  2305 4032s
  2400  1137 39734.2617   44   14 41857.8260 39526.7708  5.57%  2280 4036s
  2426  1135     cutoff   42      41857.8260 39528.2296  5.57%  2258 4040s
  2449  1132 39715.8248   34   45 41857.8260 39544.9080  5.53%  2238 4045s
  2483  1125 39628.5649   33 14149 41857.8260 39557.1358  5.50%  2210 4050s
  2537  1123 39561.0408   33   64 41857.8260 39559.8498  5.49%  2164 4055s
  2575  1112 39667.7624   32  888 41857.8260 39565.3002  5.48%  2132 4060s
  2596  1115 39755.9901   33   16 41857.8260 39567.1319  5.47%  2115 4065s
  2693  1095 39770.0138   35   19 41857.8260 39582.9481  5.43%  2041 4070s
  2744  1087 39754.5900   35 1945 41857.8260 39593.8520  5.41%  2006 4075s
  2802  1060     cutoff   32      41857.8260 39607.1113  5.38%  1966 4080s
  2881  1053 39652.5194   37   20 41857.8260 39616.5521  5.35%  1913 4085s
  2935  1050 39716.5483   35   25 41857.8260 39619.3151  5.35%  1879 4090s
  2991  1032 39771.6875   41   14 41857.8260 39622.5907  5.34%  1845 4095s
  3053  1011 39727.1100   46   21 41857.8260 39637.5271  5.30%  1808 4100s
  3088  1010 39754.3983   39   15 41857.8260 39640.4875  5.30%  1788 4105s
  3121  1005 39675.3562   36   29 41857.8260 39643.9089  5.29%  1769 4114s
  3145  1006     cutoff   43      41857.8260 39643.9089  5.29%  1756 4115s
H 3147  1007                    41857.825983 39644.9553  5.29%  1723 4115s
  3148  1006 40658.1333   35 16884 41857.8260 39780.4067  4.96%  1740 4124s
  3149  1007 40779.2172   36 16790 41857.8260 39780.4067  4.96%  1740 4126s
  3153  1010 40977.6586   40 3480 41857.8260 39780.4067  4.96%  1740 4133s
  3156  1012 41247.1445   43 1669 41857.8260 39780.4067  4.96%  1739 4135s
  3189  1026 40758.6215   36 16248 41857.8260 39835.2131  4.83%  1726 4145s
  3193  1026 41020.6053   39 15865 41857.8260 39835.2131  4.83%  1726 4150s
  3198  1028 41402.4660   43 15872 41857.8260 39835.2131  4.83%  1727 4155s
  3206  1025 41505.0335   35 16568 41857.8260 39883.6270  4.72%  1729 4164s
  3207  1026 41637.2001   36 16487 41857.8260 39883.6270  4.72%  1729 4177s
  3211  1020     cutoff   37      41857.8260 39890.7686  4.70%  1731 4183s
  3212  1019     cutoff   35      41857.8260 39929.1170  4.61%  1733 4188s
  3213  1020 40009.3876   32 17226 41857.8260 39929.1661  4.61%  1734 4190s
  3216  1022 40894.8875   35 4133 41857.8260 39929.1661  4.61%  1738 4199s
  3218  1023 41074.3639   37 2914 41857.8260 39929.1661  4.61%  1738 4200s
  3264   940 41631.5442   82    4 41857.8260 39929.1661  4.61%  1714 4205s
  3266   939 41355.3897   32 15165 41857.8260 39930.9663  4.60%  1718 4211s
  3275   942 41628.5896   37  876 41857.8260 39930.9663  4.60%  1715 4215s
  3280   939 40138.9573   32 17093 41857.8260 39931.0823  4.60%  1715 4220s
  3283   941 40545.5975   35 16465 41857.8260 39931.0823  4.60%  1717 4225s
  3286   943 41561.2226   38 15088 41857.8260 39931.0823  4.60%  1720 4231s
  3291   941 40833.1395   38 16028 41857.8260 39931.0823  4.60%  1718 4243s
  3293   942 41027.5781   40 16015 41857.8260 39931.0823  4.60%  1719 4245s
  3298   945 41457.2974   45 16106 41857.8260 39931.0823  4.60%  1719 4250s
  3305   942 41361.5283   31 15149 41857.8260 39934.2962  4.60%  1720 4256s
  3317   939 infeasible   36      41857.8260 39934.2962  4.60%  1716 4260s
  3320   937 40063.0065   31 17365 41857.8260 39950.4790  4.56%  1718 4286s
  3321   938 40156.4064   32 17103 41857.8260 39950.4790  4.56%  1718 4292s
  3322   938 41410.0740   32 15143 41857.8260 39950.4790  4.56%  1722 4297s
  3323   939 41377.4863   33 4591 41857.8260 39950.4790  4.56%  1725 4302s
  3327   940 41511.9862   34 3482 41857.8260 39950.4790  4.56%  1725 4305s
  3335   935 41165.6966   31 15180 41857.8260 39962.8706  4.53%  1725 4310s
  3363   942 40077.7875   30 17366 41857.8260 39967.1290  4.52%  1713 4316s
  3365   943 40280.5367   32 16961 41857.8260 39967.1290  4.52%  1714 4320s
  3366   944 40948.8132   33 4468 41857.8260 39967.1290  4.52%  1717 4325s
  3399   966 41627.0929   66   15 41857.8260 39967.1290  4.52%  1702 4330s
  3405   964 41171.3741   30 15186 41857.8260 39974.9034  4.50%  1704 4336s
  3410   965 41538.6457   34 2490 41857.8260 39974.9034  4.50%  1704 4340s
  3421   962 40892.1525   32 15921 41857.8260 39980.8241  4.48%  1703 4347s
  3425   965 41075.6535   36 5343 41857.8260 39980.8241  4.48%  1703 4350s
  3454   968 41588.6118   50   51 41857.8260 39980.8241  4.48%  1690 4356s
  3512   950 40095.9208   30 17374 41857.8260 39980.9951  4.48%  1664 4362s
  3514   951 40297.4638   32 16954 41857.8260 39980.9951  4.48%  1665 4366s
  3516   953 40597.3779   34 16645 41857.8260 39980.9951  4.48%  1666 4370s
  3521   956 41097.8940   39 16025 41857.8260 39980.9951  4.48%  1668 4376s
  3526   959 41527.0645   44 16106 41857.8260 39980.9951  4.48%  1668 4380s
  3532   955 41196.0821   30 15184 41857.8260 39990.3502  4.46%  1670 4387s
  3534   957 41384.5372   32 2929 41857.8260 39990.3502  4.46%  1670 4390s
  3545   952     cutoff   38      41857.8260 39997.7484  4.44%  1669 4396s
  3546   951     cutoff   36      41857.8260 40009.6570  4.42%  1672 4401s
  3547   951 41151.3858   33 15186 41857.8260 40022.6433  4.38%  1675 4407s
  3565   959     cutoff   50      41857.8260 40022.6433  4.38%  1668 4410s
  3571   957 41289.4345   33 15085 41857.8260 40037.0010  4.35%  1668 4415s
  3589   955     cutoff   38      41857.8260 40039.4899  4.34%  1665 4424s
  3590   956 40172.3154   33 17107 41857.8260 40040.0468  4.34%  1666 4427s
  3592   957 41377.1769   34 4594 41857.8260 40040.0468  4.34%  1668 4432s
  3594   959 40966.6363   35 4127 41857.8260 40040.0468  4.34%  1671 4438s
  3595   959 40585.6274   36 16643 41857.8260 40040.0468  4.34%  1672 4440s
  3599   960 40792.6495   38 16155 41857.8260 40040.0468  4.34%  1674 4446s
  3602   960     cutoff   39      41857.8260 40040.0468  4.34%  1676 4450s
  3607   962 41162.1707   42 16064 41857.8260 40040.0468  4.34%  1676 4455s
  3628   972 41604.4480   52   39 41857.8260 40040.0468  4.34%  1669 4460s
  3635   970 41185.7003   33 15179 41857.8260 40079.4084  4.25%  1669 4471s
  3639   971 41376.3914   35 2931 41857.8260 40079.4084  4.25%  1669 4475s
  3661   962 41424.2983   31 15140 41857.8260 40093.3540  4.22%  1664 4483s
  3662   963 41567.0578   32 15059 41857.8260 40093.3540  4.22%  1665 4485s
  3670   958 41425.1204   39 16246 41857.8260 40096.0982  4.21%  1666 4494s
  3671   959 41498.5395   40 16083 41857.8260 40096.0982  4.21%  1666 4495s
  3677   955 41445.6012   31 15140 41857.8260 40098.6041  4.20%  1668 4503s
  3679   956 41636.7325   33 2909 41857.8260 40098.6041  4.20%  1668 4505s
  3686   951 41441.7245   37 16242 41857.8260 40129.0902  4.13%  1670 4513s
  3688   952 41579.2252   39 15760 41857.8260 40129.0902  4.13%  1670 4515s
  3693   948 41335.7996   33 15080 41857.8260 40137.6424  4.11%  1671 4527s
  3699   950 41607.7230   38 1906 41857.8260 40137.6424  4.11%  1670 4530s
  3706   945 41380.8309   34 4594 41857.8260 40139.0283  4.11%  1670 4535s
  3719   940 41376.6038   33 4594 41857.8260 40143.3818  4.10%  1669 4544s
  3720   941 41538.8336   34 4992 41857.8260 40143.3818  4.10%  1670 4546s
  3732   933     cutoff   39      41857.8260 40156.5603  4.06%  1668 4554s
  3733   933 40271.2937   33 16800 41857.8260 40172.9668  4.03%  1669 4558s
  3734   934 40431.7323   34 16738 41857.8260 40172.9668  4.03%  1670 4561s
  3737   936 40743.7358   37 16368 41857.8260 40172.9668  4.03%  1671 4565s
  3738   937 40878.4579   38 16182 41857.8260 40172.9668  4.03%  1671 4578s
  3740   938 41074.4493   40 16029 41857.8260 40172.9668  4.03%  1671 4580s
  3745   941 41475.4306   45 16114 41857.8260 40172.9668  4.03%  1672 4585s
  3751   938 41408.1492   32 4595 41857.8260 40192.8371  3.98%  1673 4593s
  3755   937 41568.4053   33 15066 41857.8260 40192.8371  3.98%  1673 4596s
  3760   934 41430.1632   32 4596 41857.8260 40201.1474  3.96%  1674 4601s
  3769   928     cutoff   40      41857.8260 40207.4827  3.94%  1674 4608s
  3770   927     cutoff   38      41857.8260 40224.0800  3.90%  1677 4612s
  3771   928 41589.9296   34 15067 41857.8260 40244.3528  3.85%  1678 4617s
  3774   926 40393.0965   35 16885 41857.8260 40246.7871  3.85%  1679 4620s
  3777   928 40727.1483   38 16347 41857.8260 40246.7871  3.85%  1680 4625s
  3782   931 41188.4768   43 15949 41857.8260 40246.7871  3.85%  1681 4630s
  3784   932 41407.2186   45 16208 41857.8260 40246.7871  3.85%  1682 4637s
  3790   930     cutoff   48      41857.8260 40246.7871  3.85%  1681 4640s
  3793   930 41413.2184   41 15831 41857.8260 40246.9890  3.85%  1683 4645s
  3801   926 40951.8352   34 4474 41857.8260 40271.3895  3.79%  1683 4652s
  3809   931 41370.3493   42   55 41857.8260 40271.3895  3.79%  1681 4655s
  3842   945 41039.3631   34 15017 41857.8260 40280.7625  3.77%  1668 4660s
  3876   966 41538.4358   51   43 41857.8260 40280.7625  3.77%  1655 4665s
  3890   968 40584.4542   34 16659 41857.8260 40297.9861  3.73%  1652 4670s
  3894   971 40994.4186   38 16096 41857.8260 40297.9861  3.73%  1653 4675s
  3898   973 41362.9551   42 16142 41857.8260 40297.9861  3.73%  1654 4680s
  3906   971 40986.8367   33 4473 41857.8260 40308.2098  3.70%  1655 4689s
  3908   972 41133.8713   35 5114 41857.8260 40308.2098  3.70%  1655 4690s
  3932   977 41589.0385   35 15070 41857.8260 40382.2734  3.53%  1648 4701s
  3937   974 41549.7898   41 15904 41857.8260 40384.4795  3.52%  1648 4706s
  3942   972 41158.6373   35 15084 41857.8260 40393.1014  3.50%  1649 4710s
  3959   973 41160.8104   36 14924 41857.8260 40407.6759  3.46%  1645 4718s
  3962   975 41372.7146   39 2487 41857.8260 40407.6759  3.46%  1645 4720s
  3976   980 40637.6222   27 16716 41857.8260 40407.7397  3.46%  1641 4725s
  3979   983 40966.8756   30 16346 41857.8260 40407.7397  3.46%  1642 4730s
  3983   987 41320.8401   34 16021 41857.8260 40407.7397  3.46%  1643 4735s
  3986   990 41605.6705   37 16181 41857.8260 40407.7397  3.46%  1644 4740s
H 3992   987                    41786.469983 40409.0644  3.30%  1634 4744s
  4005   989     cutoff   36      41786.4700 40410.5794  3.29%  1654 4745s
  4011   987 40484.2626   39 15007 41786.4700 40412.4245  3.29%  1652 4752s
  4073  1001 40506.8093   42   23 41786.4700 40413.4215  3.29%  1628 4755s
  4167  1014     cutoff   35      41786.4700 40420.3627  3.27%  1592 4760s
  4253   994     cutoff   40      41786.4700 40432.1441  3.24%  1562 4765s
  4345   972 40494.7009   33   16 41786.4700 40443.8654  3.21%  1531 4770s
  4454   946     cutoff   38      41786.4700 40455.7689  3.18%  1495 4775s
  4569   900 40504.3096   35   23 41786.4700 40471.1920  3.15%  1459 4780s
  4709   824     cutoff   34      41786.4700 40488.8019  3.11%  1417 4785s
  4879   691     cutoff   39      41786.4700 40526.2544  3.02%  1369 4790s
  4915   659 40992.7080   28 16585 41786.4700 40541.1819  2.98%  1347 4795s
  4918   660     cutoff   31      41786.4700 40541.1819  2.98%  1350 4803s
  4921   659     cutoff   32      41786.4700 40541.1819  2.98%  1350 4805s
  4927   661 41613.6915   35 16249 41786.4700 40541.1819  2.98%  1350 4810s
  4933   659 41373.0366   36 15094 41786.4700 40554.5006  2.95%  1352 4823s
  4936   662 41605.4941   39 2485 41786.4700 40554.5006  2.95%  1352 4828s
  4946   662 41355.2422   34 15094 41786.4700 40561.0288  2.93%  1352 4834s
  4947   663 41417.1422   35 2927 41786.4700 40561.0288  2.93%  1352 4835s
  4963   662     cutoff   40      41786.4700 40565.4406  2.92%  1349 4840s
  4965   662 41375.5681   34 15091 41786.4700 40569.4140  2.91%  1352 4845s
  4976   665 41551.5333   42 15290 41786.4700 40570.1270  2.91%  1352 4853s
  4980   665 41656.6343   43 15514 41786.4700 40570.1270  2.91%  1352 4856s
  4985   664 41363.2256   27 15223 41786.4700 40614.8391  2.80%  1354 4875s
  4990   665     cutoff   31      41786.4700 40614.8391  2.80%  1354 4880s
  4994   665 41542.4293   28 15148 41786.4700 40623.4512  2.78%  1356 4886s
  5001   664 41582.9264   42 15443 41786.4700 40645.5931  2.73%  1358 4894s
  5002   665 41686.5593   43 15319 41786.4700 40645.5931  2.73%  1358 4896s
  5008   663 41201.7664   36 5332 41786.4700 40675.2587  2.66%  1359 4900s
  5011   666 41355.2503   39 4346 41786.4700 40675.2587  2.66%  1359 4915s
  5031   668     cutoff   37      41786.4700 40693.0314  2.62%  1355 4920s
  5034   671 41469.7710   37 2092 41786.4700 40693.1009  2.62%  1357 4925s
  5037   674 41556.8585   40   24 41786.4700 40693.1009  2.62%  1356 4936s
  5058   681 40907.8713   35 16431 41786.4700 40696.1055  2.61%  1352 4940s
  5063   686 41316.0931   40 15610 41786.4700 40696.1055  2.61%  1353 4946s
  5067   688 41743.4779   43   28 41786.4700 40696.1055  2.61%  1353 4950s
  5077   682 41716.4859   44 3279 41786.4700 40747.3216  2.49%  1354 4957s
  5080   681 40925.5972   36 16452 41786.4700 40747.4504  2.49%  1354 4960s
  5083   684 41219.9128   39 16691 41786.4700 40747.4504  2.49%  1356 4965s
  5089   690 41621.3936   44 1262 41786.4700 40747.4504  2.49%  1355 4975s
  5125   718 41368.6411   36 3079 41786.4700 40750.5505  2.48%  1348 4984s
  5127   720 41534.4428   38   25 41786.4700 40750.5505  2.48%  1348 4985s
  5145   732 41740.4174   51   17 41786.4700 40750.5505  2.48%  1343 4990s
  5154   730 41382.8692   34 3084 41786.4700 40754.5052  2.47%  1343 4995s
  5170   744 41743.3225   49   15 41786.4700 40754.5052  2.47%  1339 5008s
  5175   743 40936.4319   34 16452 41786.4700 40763.9427  2.45%  1339 5011s
  5178   746 41224.6644   37 16695 41786.4700 40763.9427  2.45%  1340 5015s
  5197   755     cutoff   37      41786.4700 40770.0006  2.43%  1337 5020s
  5198   756 41441.1392   28 3265 41786.4700 40780.3054  2.41%  1338 5048s
  5200   758 41543.4811   30 1667 41786.4700 40780.3054  2.41%  1338 5050s
  5211   755     cutoff   37      41786.4700 40789.4514  2.39%  1338 5055s
  5214   758 41140.4279   36 16309 41786.4700 40789.4941  2.39%  1339 5060s
  5218   762 41473.5505   40 15656 41786.4700 40789.4941  2.39%  1339 5065s
  5222   762     cutoff   43      41786.4700 40789.4941  2.39%  1340 5070s
  5225   761 41440.1011   34 3084 41786.4700 40790.7716  2.38%  1341 5091s
  5226   762 41618.7001   35 2081 41786.4700 40790.7716  2.38%  1341 5096s
  5293   823 41759.5592   42   22 41786.4700 40790.7716  2.38%  1324 5100s
  5338   828     cutoff   36      41786.4700 40801.6795  2.36%  1316 5106s
  5340   830 41074.7105   34 16302 41786.4700 40802.0459  2.36%  1316 5110s
  5342   832 41212.5366   36 16141 41786.4700 40802.0459  2.36%  1317 5116s
  5345   835 41485.4894   39 15656 41786.4700 40802.0459  2.36%  1318 5120s
  5348   836     cutoff   42      41786.4700 40802.0459  2.36%  1319 5125s
  5352   834 41445.2177   33 3084 41786.4700 40804.9705  2.35%  1319 5136s
  5372   837 40996.1823   34 16430 41786.4700 40807.0600  2.34%  1316 5141s
  5375   840 41214.8666   37 16143 41786.4700 40807.0600  2.34%  1317 5145s
  5379   842     cutoff   41      41786.4700 40807.0600  2.34%  1318 5150s
  5385   842 41452.8748   34 3085 41786.4700 40812.6721  2.33%  1320 5157s
  5404   847 41011.7713   32 16421 41786.4700 40821.7611  2.31%  1317 5162s
  5407   850 41232.2160   35 16141 41786.4700 40821.7611  2.31%  1317 5165s
  5411   854 41622.8890   39 16378 41786.4700 40821.7611  2.31%  1319 5171s
  5417   852 41467.2317   32 3084 41786.4700 40830.8942  2.29%  1319 5175s
  5431   856 41187.6326   38 16088 41786.4700 40830.9803  2.29%  1318 5181s
  5434   859 41450.0748   41 15594 41786.4700 40830.9803  2.29%  1319 5185s
  5444   857     cutoff   43      41786.4700 40830.9803  2.29%  1318 5190s
  5464   866 41457.6362   28 3265 41786.4700 40831.5877  2.29%  1316 5196s
  5475   869 41752.4896   33   25 41786.4700 40831.5877  2.29%  1314 5200s
  5492   868 41150.3690   36 16221 41786.4700 40837.5158  2.27%  1312 5205s
  5496   870 41282.6784   38 16053 41786.4700 40837.5158  2.27%  1313 5210s
  5500   870 41462.8766   40 16142 41786.4700 40837.5158  2.27%  1313 5233s
  5503   871 41573.5391   41 16380 41786.4700 40837.5158  2.27%  1313 5235s
  5511   869 41652.5898   35   35 41786.4700 40840.3661  2.26%  1314 5241s
  5526   874 41043.9709   34 16300 41786.4700 40840.4897  2.26%  1312 5245s
  5531   879 41453.9859   39 15655 41786.4700 40840.4897  2.26%  1313 5251s
  5535   881     cutoff   43      41786.4700 40840.4897  2.26%  1313 5255s
  5561   890     cutoff   42      41786.4700 40843.0848  2.26%  1309 5260s
  5567   890 41747.3198   33 15095 41786.4700 40848.8657  2.24%  1310 5265s
  5585   892 41012.1739   37 16349 41786.4700 40855.4554  2.23%  1308 5271s
  5588   895 41286.8451   40 3557 41786.4700 40855.4554  2.23%  1309 5275s
  5633   912 41019.9902   37 16329 41786.4700 40855.5974  2.23%  1300 5280s
  5637   916 41318.4139   41 15768 41786.4700 40855.5974  2.23%  1300 5285s
  5642   919 41705.9273   43 3260 41786.4700 40855.5974  2.23%  1301 5290s
  5655   917 41035.1221   35 16327 41786.4700 40855.6399  2.23%  1301 5296s
  5658   920 41261.6940   38 15893 41786.4700 40855.6399  2.23%  1301 5300s
  5662   924 41658.6079   42 16108 41786.4700 40855.6399  2.23%  1302 5305s
  5668   922 41728.9205   37 3061 41786.4700 40858.5960  2.22%  1303 5311s
  5691   931 41755.4704   39 15115 41786.4700 40882.7726  2.16%  1300 5316s
  5694   928     cutoff   38      41786.4700 40885.4018  2.16%  1301 5320s
  5695   929 41727.7449   45 3279 41786.4700 40889.3217  2.15%  1301 5340s
  5699   927 41740.1795   37 3061 41786.4700 40900.6508  2.12%  1303 5345s
  5705   928 41243.5405   40 15937 41786.4700 40901.1099  2.12%  1303 5350s
  5710   931 41626.8920   44 16108 41786.4700 40901.1099  2.12%  1304 5356s
  5716   929 41717.9405   38 3060 41786.4700 40901.3956  2.12%  1305 5360s
  5727   924 41122.0356   39 3683 41786.4700 40920.2199  2.07%  1305 5365s
  5746   933 41734.5208   39 3078 41786.4700 40928.0263  2.05%  1302 5370s
  5753   930 41223.8765   41 15941 41786.4700 40937.2215  2.03%  1302 5375s
  5767   933     cutoff   49      41786.4700 40937.2215  2.03%  1300 5380s
  5777   936 41264.5428   34 16329 41786.4700 40940.3167  2.02%  1300 5385s
  5781   940 41558.6257   38 15741 41786.4700 40940.3167  2.02%  1301 5390s
  5788   939 41111.6315   32 16392 41786.4700 40940.8084  2.02%  1301 5395s
  5789   940 41683.7827   33 2895 41786.4700 40940.8084  2.02%  1303 5400s
  5795   940 41345.2356   34 16201 41786.4700 40940.8084  2.02%  1303 5405s
  5800   945 41776.8720   39 16352 41786.4700 40940.8084  2.02%  1305 5411s
  5808   937     cutoff   32      41786.4700 40941.0131  2.02%  1304 5415s
  5811   938 41317.0784   42 16453 41786.4700 40949.7853  2.00%  1306 5421s
  5843   957 41741.4124   56   30 41786.4700 40960.6867  1.98%  1300 5425s
  5853   957 41778.4286   34 2319 41786.4700 40960.8422  1.98%  1300 5430s
  5860   956 41331.6074   34 16121 41786.4700 40963.9336  1.97%  1300 5439s
  5861   957 41437.8360   35 16040 41786.4700 40963.9336  1.97%  1300 5440s
  5865   959     cutoff   39      41786.4700 40963.9336  1.97%  1301 5445s
  5872   958 41364.4240   37 16286 41786.4700 40964.0360  1.97%  1301 5450s
  5878   958 41606.0218   40 15892 41786.4700 40964.0360  1.97%  1302 5455s
  5884   956 41686.0522   35 3075 41786.4700 40965.3907  1.96%  1302 5460s
  5889   955 41664.6529   35 3076 41786.4700 40965.4005  1.96%  1304 5466s
  5894   954 41184.4733   35 16571 41786.4700 40967.0345  1.96%  1304 5470s
  5898   958 41525.1501   39 16239 41786.4700 40967.0345  1.96%  1305 5475s
  5905   957 41624.1085   39 5071 41786.4700 40972.7319  1.95%  1305 5480s
  5915   958 41268.3771   33 16280 41786.4700 40972.7398  1.95%  1304 5485s
  5919   962 41588.5982   37 15746 41786.4700 40972.7398  1.95%  1305 5490s
  5925   960 41653.3398   32 3077 41786.4700 40973.9254  1.94%  1306 5495s
  5931   958 41691.0237   34 3077 41786.4700 40975.9168  1.94%  1307 5501s
  5937   958 41299.0697   35 16444 41786.4700 40975.9724  1.94%  1307 5505s
  5941   962 41618.3578   39 15893 41786.4700 40975.9724  1.94%  1308 5510s
  5948   961 41271.6824   34 16286 41786.4700 40977.6646  1.94%  1308 5516s
  5951   964 41530.1273   37 15912 41786.4700 40977.6646  1.94%  1309 5520s
  5959   964 41697.6977   41 2489 41786.4700 40981.6754  1.93%  1309 5525s
  5968   960 41764.5266   38   24 41786.4700 40993.9895  1.90%  1309 5530s
  5976   958 41232.4602   33 16398 41786.4700 40995.6263  1.89%  1310 5536s
  5980   962 41575.3215   37 16237 41786.4700 40995.6263  1.89%  1310 5541s
  5987   959     cutoff   37      41786.4700 40995.6263  1.89%  1310 5545s
  5992   958     cutoff   34      41786.4700 40995.8232  1.89%  1311 5550s
  6008   954     cutoff   38      41786.4700 41012.0403  1.85%  1310 5555s
  6017   955 41404.2544   38 2901 41786.4700 41013.9695  1.85%  1310 5561s
  6075   993 41672.2559   35 3078 41786.4700 41018.3174  1.84%  1299 5566s
  6083   989     cutoff   36      41786.4700 41019.6942  1.83%  1299 5570s
  6087   989     cutoff   37      41786.4700 41019.7228  1.83%  1300 5576s
  6092   990 41586.3424   39 15892 41786.4700 41019.7228  1.83%  1300 5580s
  6097   989 41290.9687   39 3483 41786.4700 41019.7736  1.83%  1301 5585s
  6126  1000 41664.0382   35 3075 41786.4700 41021.0436  1.83%  1296 5591s
  6135   997 41256.9335   34 16567 41786.4700 41024.2953  1.82%  1296 5595s
  6139  1001 41605.3538   38 16045 41786.4700 41024.2953  1.82%  1297 5600s
  6145  1000 41651.6288   38 5475 41786.4700 41024.9719  1.82%  1297 5605s
  6170  1002 41584.5897   47 4107 41786.4700 41035.4290  1.80%  1294 5610s
  6189  1001 41694.7475   38 3062 41786.4700 41039.5605  1.79%  1292 5615s
  6200  1001 41230.5913   36 16437 41786.4700 41041.5991  1.78%  1291 5639s
  6201  1002 41699.1128   37 2525 41786.4700 41041.5991  1.78%  1293 5643s
  6202  1003 41375.3608   37 16357 41786.4700 41041.5991  1.78%  1293 5645s
  6210  1001 41591.7402   40 15895 41786.4700 41041.5991  1.78%  1293 5650s
  6219  1004 41460.9161   41 2295 41786.4700 41043.7576  1.78%  1292 5711s
  6245  1013 41724.7087   40 3284 41786.4700 41075.8841  1.70%  1288 5715s
  6259  1003     cutoff   42      41786.4700 41098.8314  1.65%  1288 5720s
  6291  1020     cutoff   39      41786.4700 41098.9948  1.65%  1283 5725s
  6296  1021 41374.4504   37 4347 41786.4700 41106.5714  1.63%  1284 5730s
  6328  1025     cutoff   37      41786.4700 41108.3518  1.62%  1279 5735s
  6353  1033     cutoff   40      41786.4700 41110.1964  1.62%  1275 5740s
  6381  1039 41352.9817   36 2911 41786.4700 41114.8842  1.61%  1271 5745s
  6418  1056 41755.4900   35 2323 41786.4700 41119.0413  1.60%  1265 5750s
  6442  1054     cutoff   39      41786.4700 41139.9022  1.55%  1262 5755s
  6495  1107 41693.5389   54   27 41786.4700 41140.1923  1.55%  1253 5760s
  6522  1098     cutoff   39      41786.4700 41152.4350  1.52%  1250 5765s
  6529  1095 41446.8480   35 17287 41786.4700 41166.0974  1.48%  1250 5771s
  6532  1096     cutoff   38      41786.4700 41166.0974  1.48%  1251 5775s
  6539  1091     cutoff   34      41786.4700 41168.1744  1.48%  1252 5782s
  6541  1093 41559.4706   35 16741 41786.4700 41168.1744  1.48%  1253 5795s
  6548  1088     cutoff   40      41786.4700 41170.2621  1.47%  1253 5800s
  6576  1106     cutoff   35      41786.4700 41175.4051  1.46%  1249 5805s
  6594  1110 infeasible   54      41786.4700 41188.3600  1.43%  1247 5810s
  6619  1108 infeasible   48      41786.4700 41208.3358  1.38%  1244 5815s
  6643  1109     cutoff   53      41786.4700 41210.9314  1.38%  1241 5820s
  6672  1103     cutoff   38      41786.4700 41215.8970  1.37%  1238 5826s
  6694  1111     cutoff   40      41786.4700 41220.5824  1.35%  1235 5830s
  6721  1110     cutoff   45      41786.4700 41242.3402  1.30%  1232 5835s
  6730  1109 41653.3328   40 16175 41786.4700 41248.6468  1.29%  1232 5841s
  6735  1105     cutoff   37      41786.4700 41251.2936  1.28%  1232 5845s
  6768  1113     cutoff   40      41786.4700 41258.1523  1.26%  1228 5850s
  6774  1111 41534.7677   42 15896 41786.4700 41264.6372  1.25%  1228 5855s
  6791  1108     cutoff   35      41786.4700 41264.7310  1.25%  1226 5860s
  6806  1106 41627.8643   51 16635 41786.4700 41270.0183  1.24%  1225 5865s
  6821  1099     cutoff   37      41786.4700 41274.2977  1.23%  1224 5870s
  6853  1105 41420.9484   50 17036 41786.4700 41279.1190  1.21%  1220 5876s
  6856  1108 41627.3447   53 16633 41786.4700 41279.1190  1.21%  1220 5882s
  6862  1106 41696.3800   41 2693 41786.4700 41280.7827  1.21%  1220 5885s
  6884  1102 41478.8573   34 15102 41786.4700 41283.5974  1.20%  1218 5891s
  6889  1101     cutoff   36      41786.4700 41283.5974  1.20%  1218 5895s
  6895  1105 41710.7324   52 16528 41786.4700 41284.2659  1.20%  1219 5900s
  6918  1097 41751.6597   37 1665 41786.4700 41292.0142  1.18%  1216 5905s
  6945  1091 41518.4369   42 16027 41786.4700 41296.6651  1.17%  1214 5911s
  6955  1095     cutoff   47      41786.4700 41296.6651  1.17%  1213 5915s
  6964  1092     cutoff   35      41786.4700 41299.4459  1.17%  1213 5920s
  6987  1088     cutoff   32      41786.4700 41305.6160  1.15%  1211 5925s
  7024  1095     cutoff   35      41786.4700 41311.6693  1.14%  1206 5930s
  7028  1097     cutoff   39      41786.4700 41313.2186  1.13%  1207 5935s
  7039  1098     cutoff   40      41786.4700 41313.2581  1.13%  1207 5940s
  7063  1089 41659.4911   44 2695 41786.4700 41322.6458  1.11%  1204 5945s
  7073  1090 41629.7023   44 16234 41786.4700 41323.5776  1.11%  1204 5950s
  7083  1086 41630.6189   43 14932 41786.4700 41329.0616  1.09%  1204 5956s
  7094  1083     cutoff   32      41786.4700 41331.4638  1.09%  1204 5960s
  7099  1086 41764.7342   44 15660 41786.4700 41332.2759  1.09%  1204 5965s
  7128  1085 41734.8299   44 2300 41786.4700 41337.2818  1.07%  1201 5970s
  7150  1079 41608.8087   38 4339 41786.4700 41343.4516  1.06%  1199 5975s
  7161  1080 41568.2303   41 15861 41786.4700 41344.0492  1.06%  1199 5980s
  7183  1077 41615.5358   41 3993 41786.4700 41346.5143  1.05%  1197 5985s
  7195  1075 41534.9223   42 16036 41786.4700 41348.9570  1.05%  1196 5991s
  7203  1071     cutoff   42      41786.4700 41351.4860  1.04%  1196 5995s
  7238  1080 41600.2878   41 4101 41786.4700 41355.4628  1.03%  1192 6000s
  7276  1082     cutoff   42      41786.4700 41363.2913  1.01%  1187 6005s
  7293  1082 41618.7720   41 16057 41786.4700 41364.0745  1.01%  1186 6010s
  7335  1092 41769.5896   46   26 41786.4700 41369.1590  1.00%  1180 6015s
  7360  1092 41740.3100   44 15825 41786.4700 41372.8192  0.99%  1178 6020s
  7392  1082     cutoff   40      41786.4700 41376.5717  0.98%  1174 6025s
  7403  1083 41615.4623   45 16105 41786.4700 41379.5219  0.97%  1174 6030s
  7415  1081 41685.7433   38  849 41786.4700 41379.9492  0.97%  1174 6035s
  7440  1086 41660.1140   38 2088 41786.4700 41381.3053  0.97%  1171 6040s
  7455  1089     cutoff   43      41786.4700 41382.3866  0.97%  1170 6045s
  7492  1101     cutoff   40      41786.4700 41383.7561  0.96%  1165 6050s
  7549  1123 41639.9060   42 16236 41786.4700 41388.5561  0.95%  1158 6055s
  7573  1123     cutoff   40      41786.4700 41394.8969  0.94%  1155 6060s
  7588  1118     cutoff   35      41786.4700 41400.5615  0.92%  1154 6065s
  7650  1146 41666.5818   44 2532 41786.4700 41404.3711  0.91%  1146 6070s
  7686  1156     cutoff   38      41786.4700 41410.6689  0.90%  1142 6075s
  7698  1155 41685.8267   43 15216 41786.4700 41412.4271  0.90%  1142 6082s
  7704  1151 41629.8355   38 16100 41786.4700 41415.9735  0.89%  1143 6086s
  7715  1156 41748.6259   54   36 41786.4700 41418.2013  0.88%  1142 6090s
  7752  1157     cutoff   42      41786.4700 41419.3762  0.88%  1138 6095s
  7805  1200 41778.8379   61   16 41786.4700 41420.6467  0.88%  1131 6100s
  7849  1212 41574.1508   37 16509 41786.4700 41424.1015  0.87%  1126 6106s
  7855  1208     cutoff   38      41786.4700 41425.3127  0.86%  1126 6110s
  7864  1203 41672.3587   40 2930 41786.4700 41428.8858  0.86%  1126 6115s
  7907  1212     cutoff   37      41786.4700 41432.0932  0.85%  1121 6120s
  7961  1242 41757.5932   54   38 41786.4700 41438.7772  0.83%  1114 6125s
  8013  1245 41661.6399   35 15628 41786.4700 41441.1769  0.83%  1109 6131s
  8020  1242     cutoff   30      41786.4700 41441.3860  0.83%  1108 6138s
  8021  1243 41713.8272   42 15216 41786.4700 41441.4937  0.83%  1109 6140s
  8029  1237     cutoff   35      41786.4700 41445.6673  0.82%  1109 6145s
  8034  1234     cutoff   39      41786.4700 41447.7158  0.81%  1110 6150s
  8038  1232     cutoff   39      41786.4700 41447.7878  0.81%  1111 6155s
  8072  1232 41676.5386   35 15624 41786.4700 41453.5753  0.80%  1108 6161s
  8089  1232 41682.5029   41 15367 41786.4700 41455.2666  0.79%  1107 6166s
  8117  1242 41669.5972   52   43 41786.4700 41456.3594  0.79%  1104 6170s
  8158  1249 41686.9118   34 7476 41786.4700 41464.6599  0.77%  1100 6176s
  8180  1255 41765.5028   38  849 41786.4700 41466.1399  0.77%  1098 6180s
  8190  1247     cutoff   34      41786.4700 41468.6936  0.76%  1098 6185s
  8222  1261 41695.3681   40  848 41786.4700 41470.0567  0.76%  1095 6190s
  8261  1276 41713.1154   50   38 41786.4700 41470.9551  0.76%  1090 6195s
  8296  1289 41778.2178   37 16437 41786.4700 41474.8193  0.75%  1087 6200s
  8324  1283     cutoff   47      41786.4700 41477.9797  0.74%  1085 6205s
  8381  1294 41732.4092   42   53 41786.4700 41485.3745  0.72%  1078 6210s
  8427  1306     cutoff   47      41786.4700 41490.3869  0.71%  1073 6215s
  8463  1307 41775.3419   57   40 41786.4700 41493.2620  0.70%  1070 6220s
  8480  1298     cutoff   47      41786.4700 41494.5955  0.70%  1069 6225s
  8490  1292 41680.7833   44 2530 41786.4700 41499.3504  0.69%  1069 6230s
  8549  1299 41754.0970   43 2510 41786.4700 41503.6743  0.68%  1063 6235s
  8560  1296 41677.3340   40 14708 41786.4700 41505.8723  0.67%  1062 6243s
  8563  1297 41751.0155   42 1696 41786.4700 41505.8723  0.67%  1063 6245s
  8597  1292 41735.8438   35 15264 41786.4700 41509.5701  0.66%  1060 6251s
  8624  1301 41710.6907   51   38 41786.4700 41514.5164  0.65%  1057 6255s
  8661  1307 41686.1677   37 15122 41786.4700 41516.6528  0.65%  1054 6261s
  8689  1303     cutoff   39      41786.4700 41518.9564  0.64%  1052 6265s
  8700  1296 41649.3048   39 16099 41786.4700 41525.5971  0.62%  1052 6270s
  8728  1292 41714.9250   50   51 41786.4700 41526.5940  0.62%  1050 6275s
  8785  1311 41738.7237   54   23 41786.4700 41533.5626  0.61%  1044 6280s
  8826  1315 41676.0411   47   42 41786.4700 41534.5278  0.60%  1040 6285s
  8884  1315 41699.0095   40   56 41786.4700 41541.1368  0.59%  1034 6290s
  8912  1314 41726.2598   31 1233 41786.4700 41543.6215  0.58%  1032 6295s
  8940  1315     cutoff   44      41786.4700 41545.6266  0.58%  1029 6300s
  8994  1313 41756.1049   36 3658 41786.4700 41551.4319  0.56%  1025 6305s
  9024  1308 41733.8894   44 15660 41786.4700 41557.2315  0.55%  1022 6311s
  9074  1317 41761.8870   48   14 41786.4700 41558.9274  0.54%  1017 6315s
  9148  1308     cutoff   29      41786.4700 41564.0095  0.53%  1010 6320s
  9202  1305     cutoff   36      41786.4700 41569.3346  0.52%  1005 6325s
  9254  1301 41647.6463   44  849 41786.4700 41574.4601  0.51%  1001 6330s
  9316  1302 41735.5016   40   23 41786.4700 41583.2002  0.49%   995 6335s
  9389  1296     cutoff   43      41786.4700 41589.1305  0.47%   988 6340s
  9423  1289 41711.2296   51   39 41786.4700 41594.4594  0.46%   985 6345s
  9490  1292 41723.3025   50   38 41786.4700 41597.1679  0.45%   979 6350s
  9547  1291 41733.4328   53   34 41786.4700 41602.0921  0.44%   974 6355s
  9601  1294     cutoff   42      41786.4700 41605.8202  0.43%   969 6360s
  9672  1291     cutoff   51      41786.4700 41608.8425  0.43%   963 6365s
  9729  1287 41754.7271   44   22 41786.4700 41612.9590  0.42%   958 6370s
  9800  1285     cutoff   43      41786.4700 41615.4106  0.41%   952 6375s
  9847  1273 41777.5858   44   16 41786.4700 41618.5438  0.40%   948 6380s
  9887  1241 41744.6996   46   27 41786.4700 41629.2631  0.38%   946 6385s
  9950  1225     cutoff   43      41786.4700 41636.1023  0.36%   941 6390s
  9999  1206 41750.9349   44   39 41786.4700 41641.4035  0.35%   937 6395s
 10045  1168     cutoff   37      41786.4700 41648.6634  0.33%   934 6400s
 10080  1138 41731.5823   45  846 41786.4700 41656.8523  0.31%   932 6407s
 10119  1123     cutoff   44      41786.4700 41659.9304  0.30%   928 6410s
 10169  1105 41719.1091   48 2524 41786.4700 41663.6380  0.29%   925 6415s
 10228  1082 41759.6344   43  844 41786.4700 41669.6573  0.28%   920 6420s
 10293  1057     cutoff   39      41786.4700 41672.7472  0.27%   915 6425s
 10359  1047 41768.1376   48   17 41786.4700 41675.7349  0.27%   910 6430s
 10415  1016 41733.7832   57 2514 41786.4700 41682.1274  0.25%   906 6435s
 10492   989 41714.1055   45   16 41786.4700 41686.9762  0.24%   900 6440s
 10557   967     cutoff   44      41786.4700 41689.5107  0.23%   895 6445s
 10618   948 41765.2490   52 2075 41786.4700 41692.6131  0.22%   891 6450s
 10678   921     cutoff   42      41786.4700 41695.4622  0.22%   887 6455s
 10723   889     cutoff   51      41786.4700 41699.3059  0.21%   884 6460s
 10792   858 41735.4919   42   18 41786.4700 41703.2739  0.20%   879 6465s
 10850   830 41762.5253   57    9 41786.4700 41707.4619  0.19%   874 6470s
 10920   793 41768.1411   41  846 41786.4700 41710.5982  0.18%   870 6475s
 11000   741     cutoff   50      41786.4700 41716.1055  0.17%   864 6480s
 11066   689     cutoff   53      41786.4700 41720.9086  0.16%   860 6485s
 11166   615     cutoff   50      41786.4700 41725.6591  0.15%   852 6490s
 11248   576     cutoff   47      41786.4700 41728.1638  0.14%   847 6495s
 11340   494     cutoff   45      41786.4700 41735.2338  0.12%   841 6500s
 11427   414     cutoff   44      41786.4700 41741.8856  0.11%   835 6505s
 11533   320     cutoff   52      41786.4700 41748.9318  0.09%   828 6510s
 11682   171     cutoff   45      41786.4700 41762.7106  0.06%   818 6515s
 11852     1     cutoff   67      41786.4700 41786.4514  0.00%   806 6520s

Cutting planes:
  Gomory: 80
  Cover: 16760
  Clique: 3845
  MIR: 1095
  StrongCG: 53
  Zero half: 1
  RLT: 1

Explored 11854 nodes (9906585 simplex iterations) in 6520.09 seconds (9044.35 work units)
Thread count was 1 (of 224 available processors)

Solution count 10: 41786.5 41857.8 41857.8 ... 42016.8

Optimal solution found (tolerance 1.00e-04)
Warning: max constraint violation (3.9174e-06) exceeds tolerance
Best objective 4.178646998379e+04, best bound 4.178646998379e+04, gap 0.0000%

Gurobi 10.0.2 (linux64) logging started Tue Sep  5 17:37:59 2023

Set parameter LogFile to value "../reopt_p2/problem2_40.log"
Set parameter TimeLimit to value 600
Gurobi Optimizer version 10.0.2 build v10.0.2rc0 (linux64)

CPU model: Intel(R) Xeon(R) Platinum 8280 CPU @ 2.70GHz, instruction set [SSE2|AVX|AVX2|AVX512]
Thread count: 112 physical cores, 112 logical processors, using up to 32 threads

Optimize a model with 103681 rows, 214305 columns and 370369 nonzeros
Model fingerprint: 0x5e9b3b09
Variable types: 0 continuous, 214305 integer (214305 binary)
Coefficient statistics:
  Matrix range     [4e-01, 3e+01]
  Objective range  [2e-01, 9e+01]
  Bounds range     [1e+00, 1e+00]
  RHS range        [1e+00, 1e+00]
Presolve removed 36268 rows and 74544 columns (presolve time = 96s) ...
Presolve removed 36268 rows and 74544 columns
Presolve time: 96.39s
Presolved: 67413 rows, 139761 columns, 277691 nonzeros
Variable types: 0 continuous, 139761 integer (139761 binary)
Found heuristic solution: objective 73556.024000
Deterministic concurrent LP optimizer: primal and dual simplex
Showing first log only...


Root simplex log...

Iteration    Objective       Primal Inf.    Dual Inf.      Time
       1    3.3874943e+04   0.000000e+00   5.725127e+04     97s
    2782    2.3661824e+04   0.000000e+00   0.000000e+00     97s
Concurrent spin time: 0.07s

Solved with dual simplex

Root simplex log...

Iteration    Objective       Primal Inf.    Dual Inf.      Time
    1805    2.3661824e+04   0.000000e+00   0.000000e+00     98s

Use crossover to convert LP symmetric solution to basic solution...

Root crossover log...

       0 DPushes remaining with DInf 0.0000000e+00                98s

      10 PPushes remaining with PInf 0.0000000e+00                98s
       0 PPushes remaining with PInf 0.0000000e+00                98s

  Push phase complete: Pinf 0.0000000e+00, Dinf 1.9440314e-11     98s


Root simplex log...

Iteration    Objective       Primal Inf.    Dual Inf.      Time
    2467    2.3661824e+04   0.000000e+00   0.000000e+00     98s
    2637    2.3661824e+04   0.000000e+00   0.000000e+00     98s
Extra simplex iterations after uncrush: 170

Root relaxation: objective 2.366182e+04, 2637 iterations, 0.90 seconds (0.34 work units)

    Nodes    |    Current Node    |     Objective Bounds      |     Work
 Expl Unexpl |  Obj  Depth IntInf | Incumbent    BestBd   Gap | It/Node Time

     0     0 23661.8242    0 1369 73556.0240 23661.8242  67.8%     -  100s
H    0     0                    42932.659000 23661.8242  44.9%     -  100s
H    0     0                    42846.934000 23661.8242  44.8%     -  101s
     0     0 25490.9962    0 1806 42846.9340 25490.9962  40.5%     -  108s
H    0     0                    42457.929000 25490.9962  40.0%     -  109s
     0     0 25495.4395    0 1817 42457.9290 25495.4395  40.0%     -  110s
     0     0 25495.4395    0 1809 42457.9290 25495.4395  40.0%     -  110s
     0     0 26841.0912    0 2347 42457.9290 26841.0912  36.8%     -  114s
H    0     0                    42436.977000 26841.0912  36.8%     -  115s
H    0     0                    42435.798000 26841.0912  36.7%     -  115s
H    0     0                    42329.940000 26960.0943  36.3%     -  115s
     0     0 26960.0943    0 3119 42329.9400 26960.0943  36.3%     -  117s
     0     0 26960.7154    0 1657 42329.9400 26960.7154  36.3%     -  118s
     0     0 26960.7154    0 1659 42329.9400 26960.7154  36.3%     -  118s
H    0     0                    42319.545000 27784.7698  34.3%     -  120s
     0     0 27784.7698    0 3572 42319.5450 27784.7698  34.3%     -  122s
H    0     0                    42258.604000 27784.7698  34.3%     -  123s
     0     0 27975.1827    0 3749 42258.6040 27975.1827  33.8%     -  125s
     0     0 27977.9099    0 3760 42258.6040 27977.9099  33.8%     -  125s
     0     0 27978.0167    0 3759 42258.6040 27978.0167  33.8%     -  126s
H    0     0                    42239.253000 27978.0167  33.8%     -  126s
H    0     0                    42232.296000 29194.7616  30.9%     -  135s
H    0     0                    42205.872000 29194.7616  30.8%     -  135s
     0     0 29194.7616    0 5560 42205.8720 29194.7616  30.8%     -  137s
H    0     0                    42198.519000 29194.7616  30.8%     -  137s
     0     0 29462.2671    0 2972 42198.5190 29462.2671  30.2%     -  142s
     0     0 29494.3481    0 2975 42198.5190 29494.3481  30.1%     -  143s
     0     0 29524.4682    0 4815 42198.5190 29524.4682  30.0%     -  144s
     0     0 29532.3690    0 3186 42198.5190 29532.3690  30.0%     -  145s
H    0     0                    42166.056000 29546.6764  29.9%     -  146s
     0     0 29546.6764    0 3190 42166.0560 29546.6764  29.9%     -  146s
     0     0 29546.7385    0 3192 42166.0560 29546.7385  29.9%     -  146s
     0     0 29952.9141    0 7247 42166.0560 29952.9141  29.0%     -  158s
H    0     0                    42137.702000 29952.9141  28.9%     -  158s
     0     0 30317.1741    0 13690 42137.7020 30317.1741  28.1%     -  171s
     0     0 30359.2299    0 5312 42137.7020 30359.2299  28.0%     -  174s
     0     0 30399.5100    0 14288 42137.7020 30399.5100  27.9%     -  179s
     0     0 30407.2630    0 6626 42137.7020 30407.2630  27.8%     -  179s
     0     0 30408.4592    0 6361 42137.7020 30408.4592  27.8%     -  180s
H    0     0                    42037.001000 31083.9674  26.1%     -  193s
     0     0 31083.9674    0 13590 42037.0010 31083.9674  26.1%     -  194s
H    0     0                    41920.941000 31486.5265  24.9%     -  218s
H    0     0                    41852.928000 31486.5265  24.8%     -  218s
H    0     0                    41828.577000 31486.5265  24.7%     -  218s
     0     0 31486.5265    0 20866 41828.5770 31486.5265  24.7%     -  221s
     0     0 31567.4278    0 21918 41828.5770 31567.4278  24.5%     -  229s
     0     0 31598.0823    0 20939 41828.5770 31598.0823  24.5%     -  233s
     0     0 31613.8192    0 22349 41828.5770 31613.8192  24.4%     -  238s
     0     0 31617.4959    0 22039 41828.5770 31617.4959  24.4%     -  241s
     0     0 31620.2524    0 21078 41828.5770 31620.2524  24.4%     -  242s
     0     0 31620.4773    0 22065 41828.5770 31620.4773  24.4%     -  243s
H    0     0                    41793.824000 33101.0061  20.8%     -  318s
     0     0 33101.0061    0 17488 41793.8240 33101.0061  20.8%     -  321s
H    0     0                    41786.470000 33487.9250  19.9%     -  367s
H    0     0                    41786.469992 33487.9250  19.9%     -  367s
     0     0 33487.9250    0 28766 41786.4700 33487.9250  19.9%     -  370s
     0     0 33635.0114    0 31097 41786.4700 33635.0114  19.5%     -  402s
     0     0 33687.5121    0 30928 41786.4700 33687.5121  19.4%     -  417s
     0     0 33722.2388    0 31565 41786.4700 33722.2388  19.3%     -  433s
     0     0 33736.9856    0 31760 41786.4700 33736.9856  19.3%     -  444s
     0     0 33743.2242    0 32117 41786.4700 33743.2242  19.2%     -  449s
     0     0 33748.3543    0 32108 41786.4700 33748.3543  19.2%     -  455s
     0     0 33749.8733    0 31876 41786.4700 33749.8733  19.2%     -  459s
H    0     0                    41786.469982 34958.5437  16.3%     -  600s
     0     0 34958.5437    0 36823 41786.4700 34958.5437  16.3%     -  600s

Cutting planes:
  Gomory: 96
  Cover: 11538
  Clique: 2811
  MIR: 1057
  StrongCG: 90
  RLT: 1

Explored 1 nodes (162348 simplex iterations) in 600.23 seconds (180.39 work units)
Thread count was 32 (of 112 available processors)

Solution count 10: 41786.5 41786.5 41786.5 ... 42166.1

Time limit reached
Best objective 4.178646997384e+04, best bound 3.495854365831e+04, gap 16.3400%

Gurobi 10.0.2 (linux64) logging started Wed Sep  6 15:29:35 2023

Set parameter LogFile to value "../reopt_p2/problem2_40.log"
Set parameter TimeLimit to value 600
Set parameter Threads to value 30
Gurobi Optimizer version 10.0.2 build v10.0.2rc0 (linux64)

CPU model: Intel(R) Xeon(R) Platinum 8280 CPU @ 2.70GHz, instruction set [SSE2|AVX|AVX2|AVX512]
Thread count: 112 physical cores, 112 logical processors, using up to 30 threads

Optimize a model with 103681 rows, 214305 columns and 370369 nonzeros
Model fingerprint: 0x5e9b3b09
Variable types: 0 continuous, 214305 integer (214305 binary)
Coefficient statistics:
  Matrix range     [4e-01, 3e+01]
  Objective range  [2e-01, 9e+01]
  Bounds range     [1e+00, 1e+00]
  RHS range        [1e+00, 1e+00]
Presolve removed 36268 rows and 74544 columns (presolve time = 27s) ...
Presolve removed 36268 rows and 74544 columns
Presolve time: 27.46s
Presolved: 67413 rows, 139761 columns, 277691 nonzeros
Variable types: 0 continuous, 139761 integer (139761 binary)
Found heuristic solution: objective 73556.024000
Deterministic concurrent LP optimizer: primal and dual simplex
Showing first log only...


Root simplex log...

Iteration    Objective       Primal Inf.    Dual Inf.      Time
       1    3.3874943e+04   0.000000e+00   5.725127e+04     28s
    2782    2.3661824e+04   0.000000e+00   0.000000e+00     28s
Concurrent spin time: 0.01s

Solved with dual simplex

Root simplex log...

Iteration    Objective       Primal Inf.    Dual Inf.      Time
    1805    2.3661824e+04   0.000000e+00   0.000000e+00     28s

Use crossover to convert LP symmetric solution to basic solution...

Root crossover log...

       0 DPushes remaining with DInf 0.0000000e+00                28s

      10 PPushes remaining with PInf 0.0000000e+00                28s
       0 PPushes remaining with PInf 0.0000000e+00                28s

  Push phase complete: Pinf 0.0000000e+00, Dinf 1.9440314e-11     28s


Root simplex log...

Iteration    Objective       Primal Inf.    Dual Inf.      Time
    2467    2.3661824e+04   0.000000e+00   0.000000e+00     28s
    2637    2.3661824e+04   0.000000e+00   0.000000e+00     28s
Extra simplex iterations after uncrush: 170

Root relaxation: objective 2.366182e+04, 2637 iterations, 0.39 seconds (0.34 work units)

    Nodes    |    Current Node    |     Objective Bounds      |     Work
 Expl Unexpl |  Obj  Depth IntInf | Incumbent    BestBd   Gap | It/Node Time

     0     0 23661.8242    0 1369 73556.0240 23661.8242  67.8%     -   29s
H    0     0                    42932.659000 23661.8242  44.9%     -   29s
H    0     0                    42846.934000 23661.8242  44.8%     -   29s
     0     0 25490.9962    0 1806 42846.9340 25490.9962  40.5%     -   31s
H    0     0                    42457.929000 25490.9962  40.0%     -   32s
     0     0 25495.4395    0 1817 42457.9290 25495.4395  40.0%     -   33s
     0     0 25495.4395    0 1809 42457.9290 25495.4395  40.0%     -   33s
     0     0 26841.0912    0 2347 42457.9290 26841.0912  36.8%     -   35s
H    0     0                    42436.977000 26841.0912  36.8%     -   35s
H    0     0                    42435.798000 26841.0912  36.7%     -   35s
H    0     0                    42329.940000 26960.0943  36.3%     -   36s
     0     0 26960.0943    0 3119 42329.9400 26960.0943  36.3%     -   37s
     0     0 26960.7154    0 1657 42329.9400 26960.7154  36.3%     -   37s
     0     0 26960.7154    0 1659 42329.9400 26960.7154  36.3%     -   37s
H    0     0                    42319.545000 27784.7698  34.3%     -   39s
     0     0 27784.7698    0 3572 42319.5450 27784.7698  34.3%     -   40s
H    0     0                    42258.604000 27784.7698  34.3%     -   40s
     0     0 27975.1827    0 3749 42258.6040 27975.1827  33.8%     -   42s
     0     0 27977.9099    0 3760 42258.6040 27977.9099  33.8%     -   42s
     0     0 27978.0167    0 3759 42258.6040 27978.0167  33.8%     -   42s
H    0     0                    42239.253000 27978.0167  33.8%     -   43s
H    0     0                    42232.296000 29194.7616  30.9%     -   49s
H    0     0                    42205.872000 29194.7616  30.8%     -   49s
     0     0 29194.7616    0 5560 42205.8720 29194.7616  30.8%     -   50s
H    0     0                    42198.519000 29194.7616  30.8%     -   50s
     0     0 29462.2671    0 2972 42198.5190 29462.2671  30.2%     -   54s
     0     0 29494.3481    0 2975 42198.5190 29494.3481  30.1%     -   54s
     0     0 29524.4682    0 4815 42198.5190 29524.4682  30.0%     -   55s
     0     0 29532.3690    0 3186 42198.5190 29532.3690  30.0%     -   56s
H    0     0                    42166.056000 29546.6764  29.9%     -   57s
     0     0 29546.6764    0 3190 42166.0560 29546.6764  29.9%     -   57s
     0     0 29546.7385    0 3192 42166.0560 29546.7385  29.9%     -   57s
     0     0 29952.9141    0 7247 42166.0560 29952.9141  29.0%     -   64s
H    0     0                    42137.702000 29952.9141  28.9%     -   65s
     0     0 30317.1741    0 13690 42137.7020 30317.1741  28.1%     -   74s
     0     0 30359.2299    0 5312 42137.7020 30359.2299  28.0%     -   75s
     0     0 30399.5100    0 14288 42137.7020 30399.5100  27.9%     -   78s
     0     0 30407.2630    0 6626 42137.7020 30407.2630  27.8%     -   79s
     0     0 30408.4592    0 6361 42137.7020 30408.4592  27.8%     -   79s
H    0     0                    42037.001000 31083.9674  26.1%     -   89s
     0     0 31083.9674    0 13590 42037.0010 31083.9674  26.1%     -   90s
H    0     0                    41920.941000 31486.5265  24.9%     -  106s
H    0     0                    41852.928000 31486.5265  24.8%     -  106s
H    0     0                    41828.577000 31486.5265  24.7%     -  106s
     0     0 31486.5265    0 20866 41828.5770 31486.5265  24.7%     -  107s
     0     0 31567.4278    0 21918 41828.5770 31567.4278  24.5%     -  113s
     0     0 31598.0823    0 20939 41828.5770 31598.0823  24.5%     -  117s
     0     0 31613.8192    0 22349 41828.5770 31613.8192  24.4%     -  120s
     0     0 31617.4959    0 22039 41828.5770 31617.4959  24.4%     -  123s
     0     0 31620.2524    0 21078 41828.5770 31620.2524  24.4%     -  124s
     0     0 31620.4773    0 22065 41828.5770 31620.4773  24.4%     -  124s
H    0     0                    41793.824000 33101.0061  20.8%     -  171s
     0     0 33101.0061    0 17488 41793.8240 33101.0061  20.8%     -  173s
H    0     0                    41786.470000 33487.9250  19.9%     -  199s
H    0     0                    41786.469992 33487.9250  19.9%     -  199s
     0     0 33487.9250    0 28766 41786.4700 33487.9250  19.9%     -  200s
     0     0 33635.0114    0 31097 41786.4700 33635.0114  19.5%     -  223s
     0     0 33687.5121    0 30928 41786.4700 33687.5121  19.4%     -  234s
     0     0 33722.2388    0 31565 41786.4700 33722.2388  19.3%     -  245s
     0     0 33736.9856    0 31760 41786.4700 33736.9856  19.3%     -  252s
     0     0 33743.2242    0 32117 41786.4700 33743.2242  19.2%     -  257s
     0     0 33748.3543    0 32108 41786.4700 33748.3543  19.2%     -  261s
     0     0 33749.8733    0 31876 41786.4700 33749.8733  19.2%     -  263s
H    0     0                    41786.469982 34958.5437  16.3%     -  405s
     0     0 34958.5437    0 36823 41786.4700 34958.5437  16.3%     -  407s
     0     0 35082.6915    0 39110 41786.4700 35082.6915  16.0%     -  445s
     0     0 35137.9689    0 39978 41786.4700 35137.9689  15.9%     -  473s
     0     0 35170.8568    0 38778 41786.4700 35170.8568  15.8%     -  495s
     0     0 35193.7807    0 39580 41786.4700 35193.7807  15.8%     -  509s
     0     0 35205.7979    0 39851 41786.4700 35205.7979  15.7%     -  522s
H    0     0                    41786.469967 35209.5874  15.7%     -  527s
     0     0 35209.5874    0 39348 41786.4700 35209.5874  15.7%     -  527s
     0     0 35909.4938    0 40898 41786.4700 35909.4938  14.1%     -  600s

Cutting planes:
  Gomory: 86
  Cover: 13816
  Clique: 3478
  MIR: 1120
  StrongCG: 79
  Zero half: 3
  RLT: 1

Explored 1 nodes (224832 simplex iterations) in 600.27 seconds (292.34 work units)
Thread count was 30 (of 112 available processors)

Solution count 10: 41786.5 41786.5 41786.5 ... 42166.1

Time limit reached
Best objective 4.178646996866e+04, best bound 3.590949383329e+04, gap 14.0643%
