
Gurobi 9.5.1 (linux64, gurobi_cl) logging started Tue Jan 31 14:43:10 2023

Set parameter Username
Set parameter TimeLimit to value 7200
Set parameter LogFile to value "./log/reopt_p2/problem2_29.log"
Set parameter Threads to value 1
Academic license - for non-commercial use only - expires 2023-07-13
Using license file /opt/gurobi951/linux64/gurobi.lic

Gurobi Optimizer version 9.5.1 build v9.5.1rc2 (linux64)
Copyright (c) 2022, Gurobi Optimization, LLC

Read MPS format model from file ./ins/reopt_p2/problem2_29.mps.mps.gz
Reading time = 0.42 seconds
problem_: 124377 rows, 262057 columns, 425991 nonzeros
Thread count: 112 physical cores, 224 logical processors, using up to 1 threads
Optimize a model with 124377 rows, 262057 columns and 425991 nonzeros
Model fingerprint: 0xca035a4f
Variable types: 0 continuous, 262057 integer (262057 binary)
Coefficient statistics:
  Matrix range     [6e-02, 3e+01]
  Objective range  [4e-01, 7e+01]
  Bounds range     [1e+00, 1e+00]
  RHS range        [1e+00, 1e+00]
Presolve removed 52659 rows and 114732 columns (presolve time = 21s) ...
Presolve removed 52659 rows and 114732 columns
Presolve time: 20.94s
Presolved: 71718 rows, 147325 columns, 291344 nonzeros
Variable types: 0 continuous, 147325 integer (147325 binary)
Found heuristic solution: objective 63888.110000

Root simplex log...

Iteration    Objective       Primal Inf.    Dual Inf.      Time
       0    1.7560635e+04   4.770000e+02   0.000000e+00     22s
    2077    2.3013412e+04   0.000000e+00   0.000000e+00     22s
    2077    2.3013412e+04   0.000000e+00   0.000000e+00     22s

Use crossover to convert LP symmetric solution to basic solution...

Root crossover log...

       0 DPushes remaining with DInf 0.0000000e+00                22s

       6 PPushes remaining with PInf 0.0000000e+00                22s
       0 PPushes remaining with PInf 0.0000000e+00                22s

  Push phase complete: Pinf 0.0000000e+00, Dinf 6.3945705e-02     22s


Root simplex log...

Iteration    Objective       Primal Inf.    Dual Inf.      Time
    2748    2.3013412e+04   0.000000e+00   6.394570e-02     22s
    2749    2.3013412e+04   0.000000e+00   0.000000e+00     22s
    3199    2.3013412e+04   0.000000e+00   0.000000e+00     22s
Extra simplex iterations after uncrush: 450

Root relaxation: objective 2.301341e+04, 3199 iterations, 0.54 seconds (0.37 work units)

    Nodes    |    Current Node    |     Objective Bounds      |     Work
 Expl Unexpl |  Obj  Depth IntInf | Incumbent    BestBd   Gap | It/Node Time

     0     0 23013.4120    0 1352 63888.1100 23013.4120  64.0%     -   22s
H    0     0                    36258.718000 23013.4120  36.5%     -   22s
H    0     0                    36132.165000 23013.4120  36.3%     -   23s
     0     0 23842.4777    0 1933 36132.1650 23842.4777  34.0%     -   24s
H    0     0                    35658.207000 23842.4777  33.1%     -   25s
     0     0 23847.9454    0 1937 35658.2070 23847.9454  33.1%     -   25s
     0     0 25190.1127    0 1277 35658.2070 25190.1127  29.4%     -   27s
H    0     0                    35648.960000 25190.1127  29.3%     -   27s
     0     0 25299.7700    0 2038 35648.9600 25299.7700  29.0%     -   28s
     0     0 25303.6749    0 2036 35648.9600 25303.6749  29.0%     -   28s
     0     0 26202.2562    0 3398 35648.9600 26202.2562  26.5%     -   31s
H    0     0                    35648.183000 26202.2562  26.5%     -   31s
H    0     0                    35622.892000 26202.2562  26.4%     -   31s
     0     0 26413.4499    0 2733 35622.8920 26413.4499  25.9%     -   32s
     0     0 26424.9694    0 2739 35622.8920 26424.9694  25.8%     -   33s
     0     0 26425.8825    0 2744 35622.8920 26425.8825  25.8%     -   33s
     0     0 26425.9263    0 2748 35622.8920 26425.9263  25.8%     -   33s
     0     0 26865.0422    0 1114 35622.8920 26865.0422  24.6%     -   35s
     0     0 27076.1571    0 4512 35622.8920 27076.1571  24.0%     -   37s
     0     0 27148.7359    0 1566 35622.8920 27148.7359  23.8%     -   39s
     0     0 27151.4029    0 1569 35622.8920 27151.4029  23.8%     -   39s
     0     0 27693.8207    0 3350 35622.8920 27693.8207  22.3%     -   42s
H    0     0                    35562.422000 27693.8207  22.1%     -   43s
     0     0 28007.6643    0 4567 35562.4220 28007.6643  21.2%     -   46s
     0     0 28129.2784    0 5440 35562.4220 28129.2784  20.9%     -   48s
     0     0 28167.9845    0 7524 35562.4220 28167.9845  20.8%     -   50s
     0     0 28180.1870    0 5637 35562.4220 28180.1870  20.8%     -   51s
     0     0 28181.1866    0 4516 35562.4220 28181.1866  20.8%     -   51s
     0     0 28661.6922    0 8086 35562.4220 28661.6922  19.4%     -   57s
     0     0 28909.7252    0 19038 35562.4220 28909.7252  18.7%     -   62s
     0     0 28980.9231    0 9273 35562.4220 28980.9231  18.5%     -   65s
     0     0 29033.7903    0 20294 35562.4220 29033.7903  18.4%     -   67s
     0     0 29065.9771    0 20573 35562.4220 29065.9771  18.3%     -   69s
     0     0 29070.0533    0 20626 35562.4220 29070.0533  18.3%     -   71s
     0     0 29073.0213    0 20522 35562.4220 29073.0213  18.2%     -   73s
     0     0 29073.6674    0 20577 35562.4220 29073.6674  18.2%     -   74s
     0     0 30266.8182    0 15787 35562.4220 30266.8182  14.9%     -   94s
H    0     0                    35528.514000 30266.8182  14.8%     -   95s
     0     0 30581.0796    0 26831 35528.5140 30581.0796  13.9%     -  106s
     0     0 30676.6974    0 20808 35528.5140 30676.6974  13.7%     -  111s
     0     0 30717.3786    0 29285 35528.5140 30717.3786  13.5%     -  115s
     0     0 30736.0370    0 20867 35528.5140 30736.0370  13.5%     -  118s
     0     0 30748.6568    0 28219 35528.5140 30748.6568  13.5%     -  121s
     0     0 30758.3429    0 29782 35528.5140 30758.3429  13.4%     -  122s
     0     0 30761.8296    0 29747 35528.5140 30761.8296  13.4%     -  123s
     0     0 30762.5290    0 29244 35528.5140 30762.5290  13.4%     -  124s
     0     0 31462.6302    0 25094 35528.5140 31462.6302  11.4%     -  155s
     0     0 31530.9753    0 32861 35528.5140 31530.9753  11.3%     -  163s
     0     0 31551.6855    0 24990 35528.5140 31551.6855  11.2%     -  167s
     0     0 31569.0147    0 25836 35528.5140 31569.0147  11.1%     -  170s
     0     0 31577.5854    0 25792 35528.5140 31577.5854  11.1%     -  172s
     0     0 31580.6605    0 25408 35528.5140 31580.6605  11.1%     -  174s
     0     0 31864.8382    0 34374 35528.5140 31864.8382  10.3%     -  195s
H    0     0                    35503.839000 31864.8382  10.2%     -  195s
     0     0 31960.0563    0 35721 35503.8390 31960.0563  10.0%     -  204s
     0     0 31985.1961    0 35785 35503.8390 31985.1961  9.91%     -  208s
     0     0 31994.5468    0 36383 35503.8390 31994.5468  9.88%     -  210s
     0     0 31998.3063    0 36169 35503.8390 31998.3063  9.87%     -  212s
     0     0 32000.5158    0 36474 35503.8390 32000.5158  9.87%     -  214s
     0     0 32275.4572    0 25601 35503.8390 32275.4572  9.09%     -  228s
     0     0 32309.5617    0 25218 35503.8390 32309.5617  9.00%     -  232s
     0     0 32325.1868    0 25031 35503.8390 32325.1868  8.95%     -  234s
     0     0 32331.6316    0 24949 35503.8390 32331.6316  8.93%     -  236s
     0     0 32331.9221    0 25009 35503.8390 32331.9221  8.93%     -  237s
     0     0 32421.3380    0 26729 35503.8390 32421.3380  8.68%     -  247s
     0     0 32434.8715    0 24442 35503.8390 32434.8715  8.64%     -  250s
     0     0 32442.7905    0 25228 35503.8390 32442.7905  8.62%     -  252s
     0     0 32451.4703    0 26002 35503.8390 32451.4703  8.60%     -  255s
     0     0 32452.6972    0 24831 35503.8390 32452.6972  8.59%     -  257s
     0     0 32496.8235    0 37763 35503.8390 32496.8235  8.47%     -  266s
     0     0 32531.8885    0 26375 35503.8390 32531.8885  8.37%     -  271s
     0     0 32553.7440    0 25167 35503.8390 32553.7440  8.31%     -  274s
     0     0 32566.4449    0 40041 35503.8390 32566.4449  8.27%     -  278s
     0     0 32581.4505    0 39520 35503.8390 32581.4505  8.23%     -  280s
     0     0 32589.5929    0 40099 35503.8390 32589.5929  8.21%     -  282s
     0     0 32591.1558    0 39606 35503.8390 32591.1558  8.20%     -  283s
     0     0 32619.5563    0 25434 35503.8390 32619.5563  8.12%     -  290s
     0     0 32633.3431    0 25494 35503.8390 32633.3431  8.09%     -  294s
     0     0 32633.9676    0 25312 35503.8390 32633.9676  8.08%     -  295s
     0     0 32659.3859    0 25595 35503.8390 32659.3859  8.01%     -  301s
     0     0 32659.3859    0 25582 35503.8390 32659.3859  8.01%     -  303s
H    0     0                    35301.138000 32659.9151  7.48%     -  354s
     0     0 32966.8493    0 25062 35301.1380 32966.8493  6.61%     -  425s
     0     0 33031.7561    0 25038 35301.1380 33031.7561  6.43%     -  438s
     0     0 33049.6955    0 24989 35301.1380 33049.6955  6.38%     -  441s
     0     0 33058.4576    0 24958 35301.1380 33058.4576  6.35%     -  443s
     0     0 33060.3182    0 25393 35301.1380 33060.3182  6.35%     -  445s
     0     0 33062.8254    0 24950 35301.1380 33062.8254  6.34%     -  446s
     0     0 33062.8655    0 25378 35301.1380 33062.8655  6.34%     -  447s
     0     0 33063.0513    0 24942 35301.1380 33063.0513  6.34%     -  449s
     0     0 33071.1292    0 25374 35301.1380 33071.1292  6.32%     -  461s
     0     0 33071.5695    0 25376 35301.1380 33071.5695  6.32%     -  463s
     0     0 33071.8959    0 25372 35301.1380 33071.8959  6.31%     -  464s
     0     0 33073.2970    0 25373 35301.1380 33073.2970  6.31%     -  484s
     0     0 33074.7874    0 25370 35301.1380 33074.7874  6.31%     -  486s
     0     0 33078.0889    0 25367 35301.1380 33078.0889  6.30%     -  506s
     0     0 33078.1184    0 25369 35301.1380 33078.1184  6.30%     -  508s
     0     0 33078.1225    0 25370 35301.1380 33078.1225  6.30%     -  509s
     0     0 33078.4535    0 25368 35301.1380 33078.4535  6.30%     -  520s
     0     0 33078.4538    0 25368 35301.1380 33078.4538  6.30%     -  520s
     0     0 33078.4538    0 25365 35301.1380 33078.4538  6.30%     -  533s
     0     0 33080.0003    0 22755 35301.1380 33080.0003  6.29%     -  601s
     0     0 33080.0003    0 22731 35301.1380 33080.0003  6.29%     -  613s
     0     0 33080.0003    0 22683 35301.1380 33080.0003  6.29%     -  615s
     0     0 33080.0003    0 22871 35301.1380 33080.0003  6.29%     -  617s
     0     0 33080.0003    0 23077 35301.1380 33080.0003  6.29%     -  619s
     0     0 33082.1641    0 22639 35301.1380 33082.1641  6.29%     -  621s
     0     0 33082.8379    0 23042 35301.1380 33082.8379  6.28%     -  622s
     0     0 33083.0833    0 23046 35301.1380 33083.0833  6.28%     -  623s
     0     0 33083.1677    0 23041 35301.1380 33083.1677  6.28%     -  624s
     0     0 33083.2066    0 23043 35301.1380 33083.2066  6.28%     -  626s
     0     0 33085.9567    0 23045 35301.1380 33085.9567  6.28%     -  636s
     0     0 33086.1343    0 23047 35301.1380 33086.1343  6.27%     -  638s
     0     0 33086.7724    0 23047 35301.1380 33086.7724  6.27%     -  640s
     0     0 33088.1075    0 22846 35301.1380 33088.1075  6.27%     -  658s
     0     0 33088.1227    0 23053 35301.1380 33088.1227  6.27%     -  660s
     0     0 33088.1250    0 23053 35301.1380 33088.1250  6.27%     -  676s
     0     0 33088.1250    0 23046 35301.1380 33088.1250  6.27%     -  686s
     0     2 33088.1521    0 23045 35301.1380 33088.1521  6.27%     -  702s
     1     4 33227.8354    1 22946 35301.1380 33088.3397  6.27% 36539  707s
     2     5 34099.2043    1 20706 35301.1380 33227.8920  5.87% 33434  719s
     3     5 33375.1115    2 22812 35301.1380 33227.9188  5.87% 24694  723s
     4     6 34087.4569    2 20861 35301.1380 33375.1848  5.46% 23610  731s
     5     7 33537.5911    3 22708 35301.1380 33375.5413  5.45% 20347  735s
     6     8 34180.7916    3 20864 35301.1380 33537.5952  5.00% 20393  743s
     7     9 33755.2599    4 22603 35301.1380 33537.5952  5.00% 18516  747s
     8    10 34247.2631    4 20885 35301.1380 33755.2948  4.38% 18404  755s
     9    11 34057.2188    5 22480 35301.1380 33755.2948  4.38% 17346  760s
    10    12 34405.8195    5 21084 35301.1380 34057.5971  3.52% 17405  768s
    11    13 34686.3786    6 21102 35301.1380 34057.5971  3.52% 16871  775s
    12    14 34562.3575    6 22352 35301.1380 34087.4641  3.44% 16406  781s
    13    15 34810.3021    7 20993 35301.1380 34087.4641  3.44% 15565  792s
    14    14     cutoff    7      35301.1380 34087.4641  3.44% 14961  795s
    17    15 35029.2364    9 20523 35301.1380 34087.4641  3.44% 13099  800s
    23    13     cutoff   12      35301.1380 34087.4641  3.44% 10188  806s
    26    14 34328.4467    4 20853 35301.1380 34087.7408  3.44%  9405  811s
    28    16 34590.1372    6 19590 35301.1380 34087.7408  3.44%  9016  815s
    30    18 34701.2929    7 19487 35301.1380 34087.7408  3.44%  8870  821s
    32    18 34763.6907    8 19682 35301.1380 34087.7408  3.44%  8608  825s
    34    18 35222.1019    9 19545 35301.1380 34087.7408  3.44%  8646  834s
    36    16     cutoff   10      35301.1380 34087.7408  3.44%  8211  835s
    38    16 34817.6378    3 17850 35301.1380 34099.2565  3.40%  8108  840s
    42    20 35231.9029    6   48 35301.1380 34099.2565  3.40%  7577  845s
    56    27 34365.7474    3 20498 35301.1380 34099.5653  3.40%  5861  851s
    59    30 34676.3145    6 20536 35301.1380 34099.5653  3.40%  5727  856s
    60    31 35201.7040    4 16984 35301.1380 34099.5653  3.40%  5802  860s
    61    32 35185.3578    7 19757 35301.1380 34099.5653  3.40%  5902  866s
    62    33 35145.5031    6 17210 35301.1380 34099.5653  3.40%  5947  870s
    64    33     cutoff    5      35301.1380 34099.5653  3.40%  6012  877s
    68    31     cutoff    7      35301.1380 34099.5653  3.40%  5750  880s
    73    28 34894.2793    2 17763 35301.1380 34180.9173  3.17%  5605  887s
    74    29 35023.3766    3 18767 35301.1380 34180.9173  3.17%  5582  890s
    95    50 35113.8410   12   23 35301.1380 34180.9173  3.17%  4431  895s
   158    99 34911.0913    4 17864 35301.1380 34180.9480  3.17%  2768  904s
   159   100 35029.0229    5 17745 35301.1380 34180.9480  3.17%  2770  906s
   163   100     cutoff    8      35301.1380 34180.9480  3.17%  2749  910s
   167   100 35139.2202    5 18070 35301.1380 34214.7336  3.08%  2806  918s
   171   100 35245.1265    6 18403 35301.1380 34214.7336  3.08%  2765  920s
   175    98     cutoff    6      35301.1380 34214.7336  3.08%  2780  926s
   178   101 34736.3141    8 20316 35301.1380 34214.7336  3.08%  2787  931s
   179   102 35247.4974    9 19996 35301.1380 34214.7336  3.08%  2842  937s
   182   101 35278.5377    9 17179 35301.1380 34214.7336  3.08%  2846  942s
   185   100 35224.4002    8 17393 35301.1380 34214.7336  3.08%  2863  947s
   189    98 34910.7997    4 17627 35301.1380 34238.7201  3.01%  2906  955s
   195    98     cutoff    7      35301.1380 34238.7201  3.01%  2869  960s
   206   107 35266.5742   12   31 35301.1380 34247.2771  2.99%  2774  965s
   220   108 34621.8177    7 20548 35301.1380 34247.5772  2.98%  2653  971s
   222   110 35223.5432    9 20321 35301.1380 34247.5772  2.98%  2709  981s
   226   108 35204.7160    8 17743 35301.1380 34247.5772  2.98%  2732  988s
   229   107 34948.1325    5 17686 35301.1380 34328.4542  2.76%  2757  994s
   230   108 35060.4465    6 17104 35301.1380 34328.4542  2.76%  2758  995s
   236   108 35265.5874    7   49 35301.1380 34328.4542  2.76%  2728 1000s
   256   112     cutoff   14      35301.1380 34378.1344  2.61%  2553 1005s
   259   111     cutoff    7      35301.1380 34405.9208  2.54%  2583 1011s
   262   110     cutoff    7      35301.1380 34406.3025  2.53%  2635 1020s
   265   113 34948.4417    9 20643 35301.1380 34406.3025  2.53%  2655 1028s
   266   112     cutoff   10      35301.1380 34406.3025  2.53%  2671 1031s
   268   110     cutoff    9      35301.1380 34406.3025  2.53%  2689 1035s
   270   110 35157.0404    6 17676 35301.1380 34502.3473  2.26%  2735 1042s
   273   109 35179.8727    7 17530 35301.1380 34562.4252  2.09%  2757 1048s
   274   108     cutoff    8      35301.1380 34562.4252  2.09%  2757 1050s
   276   108 35199.1888    7 20842 35301.1380 34562.4794  2.09%  2784 1056s
   279   107 35141.7343    7 21968 35301.1380 34817.6585  1.37%  2803 1063s
   280   106     cutoff    8      35301.1380 34817.6585  1.37%  2804 1066s
   305   129 35218.5955   18   27 35301.1380 34910.8350  1.11%  2585 1070s
   352   150     cutoff   14      35301.1380 34917.3483  1.09%  2257 1075s
   376   154 35134.6158    5 17296 35301.1380 34948.1678  1.00%  2134 1080s
   396   158 35203.7788    6 2616 35301.1380 34950.2848  0.99%  2044 1085s
   455   179 35119.6646    7 17595 35301.1380 35011.2177  0.82%  1792 1091s
   461   177 35259.0555    4 2080 35301.1380 35055.0431  0.70%  1789 1095s
   505   185 35258.7666   14   36 35301.1380 35093.8900  0.59%  1643 1100s
   552   187 35244.1382    7 17395 35301.1380 35101.9432  0.56%  1514 1106s
   585   187 35248.7066   12   19 35301.1380 35112.0169  0.54%  1437 1110s
   615   193 35295.5660   17   14 35301.1380 35113.9697  0.53%  1371 1115s
   654   198 35258.2714   16   18 35301.1380 35114.8060  0.53%  1294 1120s
   678   199 35253.4229   16   27 35301.1380 35117.4888  0.52%  1252 1125s
   717   200 35294.8497   16   17 35301.1380 35118.2475  0.52%  1187 1130s
   744   199 35238.7159   14   24 35301.1380 35120.5638  0.51%  1148 1135s
   774   203 35275.0242   17   19 35301.1380 35121.6264  0.51%  1107 1140s
   810   203 35145.8261    6   31 35301.1380 35134.6932  0.47%  1063 1145s
   865   238 35273.1639   15   23 35301.1380 35135.0329  0.47%   998 1152s
   892   245 35288.3696   16   10 35301.1380 35136.2922  0.47%   970 1156s
   922   241 35226.6925   10 1586 35301.1380 35146.2023  0.44%   942 1161s
   949   242 35235.2105   13   21 35301.1380 35152.3734  0.42%   919 1165s
   998   263 35273.4994   19   17 35301.1380 35160.0477  0.40%   877 1170s
  1043   276 35272.3382   18   18 35301.1380 35168.1307  0.38%   842 1175s
  1067   256 35239.3337    9  522 35301.1380 35186.6444  0.32%   833 1181s
  1105   256 35231.5896    9   26 35301.1380 35192.9434  0.31%   808 1185s
  1163   262 35299.8168   15   11 35301.1380 35196.3557  0.30%   768 1190s
  1206   267 35284.4770   14   33 35301.1380 35201.4238  0.28%   743 1196s
  1237   266 35300.7497   17   17 35301.1380 35204.4237  0.27%   726 1200s
  1285   261 35294.5709   13   23 35301.1380 35212.7897  0.25%   703 1206s
  1300   258     cutoff   10      35301.1380 35214.0481  0.25%   696 1210s
  1340   261 35232.2805    9   23 35301.1380 35219.1254  0.23%   676 1215s
  1377   260     cutoff   16      35301.1380 35221.3338  0.23%   659 1220s
  1422   264 35273.5988   13   20 35301.1380 35227.4309  0.21%   639 1225s
  1452   256 35263.0608   10   25 35301.1380 35232.3097  0.19%   626 1232s
  1483   242 35295.8442   13   19 35301.1380 35234.8749  0.19%   614 1236s
  1514   220 35295.0039   10   22 35301.1380 35239.8403  0.17%   605 1243s
  1555   179     cutoff   15      35301.1380 35248.4737  0.15%   590 1245s
  1595   144 35288.6977   16 1000 35301.1380 35257.0508  0.12%   577 1252s
  1632   111 35298.2633   16   13 35301.1380 35261.5168  0.11%   564 1257s
  1659    88 35300.8463   19   13 35301.1380 35265.7689  0.10%   556 1262s
  1724    27     cutoff   23      35301.1380 35280.1444  0.06%   535 1265s

Cutting planes:
  Gomory: 14
  Cover: 339
  Clique: 106
  MIR: 60
  StrongCG: 5
  Zero half: 4
  Mod-K: 3
  RLT: 4

Explored 1746 nodes (1513556 simplex iterations) in 1265.66 seconds (1466.18 work units)
Thread count was 1 (of 224 available processors)

Solution count 10: 35301.1 35503.8 35503.8 ... 35658.2

Optimal solution found (tolerance 1.00e-04)
Best objective 3.530113800000e+04, best bound 3.529769748614e+04, gap 0.0097%

Gurobi 10.0.2 (linux64) logging started Tue Sep  5 17:37:58 2023

Set parameter LogFile to value "../reopt_p2/problem2_29.log"
Set parameter TimeLimit to value 600
Gurobi Optimizer version 10.0.2 build v10.0.2rc0 (linux64)

CPU model: Intel(R) Xeon(R) Platinum 8280 CPU @ 2.70GHz, instruction set [SSE2|AVX|AVX2|AVX512]
Thread count: 112 physical cores, 112 logical processors, using up to 32 threads

Optimize a model with 124377 rows, 262057 columns and 425991 nonzeros
Model fingerprint: 0xca035a4f
Variable types: 0 continuous, 262057 integer (262057 binary)
Coefficient statistics:
  Matrix range     [6e-02, 3e+01]
  Objective range  [4e-01, 7e+01]
  Bounds range     [1e+00, 1e+00]
  RHS range        [1e+00, 1e+00]
Presolve removed 52659 rows and 114732 columns (presolve time = 68s) ...
Presolve removed 52659 rows and 114732 columns
Presolve time: 67.69s
Presolved: 71718 rows, 147325 columns, 291344 nonzeros
Variable types: 0 continuous, 147325 integer (147325 binary)
Found heuristic solution: objective 63888.110000
Deterministic concurrent LP optimizer: primal and dual simplex
Showing first log only...


Root simplex log...

Iteration    Objective       Primal Inf.    Dual Inf.      Time
       0    1.1557187e+04   2.000000e+00   3.491731e+07     70s
       3    3.1021242e+04   0.000000e+00   4.165466e+04     70s
    3060    2.3013412e+04   0.000000e+00   0.000000e+00     70s
Concurrent spin time: 0.17s

Solved with dual simplex

Root simplex log...

Iteration    Objective       Primal Inf.    Dual Inf.      Time
    2077    2.3013412e+04   0.000000e+00   0.000000e+00     71s

Use crossover to convert LP symmetric solution to basic solution...

Root crossover log...

       0 DPushes remaining with DInf 0.0000000e+00                71s

       6 PPushes remaining with PInf 0.0000000e+00                71s
       0 PPushes remaining with PInf 0.0000000e+00                71s

  Push phase complete: Pinf 0.0000000e+00, Dinf 6.3945705e-02     71s


Root simplex log...

Iteration    Objective       Primal Inf.    Dual Inf.      Time
    2748    2.3013412e+04   0.000000e+00   6.394570e-02     71s
    2749    2.3013412e+04   0.000000e+00   0.000000e+00     71s
    3199    2.3013412e+04   0.000000e+00   0.000000e+00     71s
Extra simplex iterations after uncrush: 450

Root relaxation: objective 2.301341e+04, 3199 iterations, 1.52 seconds (0.37 work units)

    Nodes    |    Current Node    |     Objective Bounds      |     Work
 Expl Unexpl |  Obj  Depth IntInf | Incumbent    BestBd   Gap | It/Node Time

     0     0 23013.4120    0 1352 63888.1100 23013.4120  64.0%     -   71s
H    0     0                    36258.718000 23013.4120  36.5%     -   71s
H    0     0                    36132.165000 23013.4120  36.3%     -   72s
     0     0 23842.4777    0 1933 36132.1650 23842.4777  34.0%     -   79s
H    0     0                    35658.207000 23842.4777  33.1%     -   81s
     0     0 23847.9454    0 1937 35658.2070 23847.9454  33.1%     -   82s
     0     0 25190.1127    0 1277 35658.2070 25190.1127  29.4%     -   84s
H    0     0                    35648.960000 25190.1127  29.3%     -   84s
     0     0 25299.7700    0 2038 35648.9600 25299.7700  29.0%     -   86s
     0     0 25303.6749    0 2036 35648.9600 25303.6749  29.0%     -   86s
     0     0 26204.1386    0 3402 35648.9600 26204.1386  26.5%     -   93s
H    0     0                    35648.183000 26204.1386  26.5%     -   94s
H    0     0                    35622.892000 26204.1386  26.4%     -   94s
     0     0 26409.6766    0 1798 35622.8920 26409.6766  25.9%     -   97s
     0     0 26420.5057    0 2735 35622.8920 26420.5057  25.8%     -   98s
     0     0 26423.3024    0 2740 35622.8920 26423.3024  25.8%     -   98s
     0     0 26424.2013    0 2745 35622.8920 26424.2013  25.8%     -   99s
     0     0 26424.2083    0 2750 35622.8920 26424.2083  25.8%     -   99s
     0     0 26852.6734    0 1105 35622.8920 26852.6734  24.6%     -  102s
H    0     0                    35600.191000 26852.6734  24.6%     -  102s
     0     0 27062.7508    0 4516 35600.1910 27062.7508  24.0%     -  106s
     0     0 27133.5227    0 1560 35600.1910 27133.5227  23.8%     -  107s
     0     0 27135.0296    0 1565 35600.1910 27135.0296  23.8%     -  108s
     0     0 27695.3664    0 3350 35600.1910 27695.3664  22.2%     -  114s
H    0     0                    35560.742000 27695.3664  22.1%     -  114s
     0     0 28007.9089    0 4561 35560.7420 28007.9089  21.2%     -  120s
     0     0 28130.8335    0 5447 35560.7420 28130.8335  20.9%     -  124s
     0     0 28169.5530    0 7533 35560.7420 28169.5530  20.8%     -  126s
     0     0 28179.3712    0 5635 35560.7420 28179.3712  20.8%     -  127s
     0     0 28183.2648    0 4516 35560.7420 28183.2648  20.7%     -  128s
     0     0 28653.3962    0 8803 35560.7420 28653.3962  19.4%     -  137s
     0     0 28913.7440    0 19337 35560.7420 28913.7440  18.7%     -  145s
     0     0 28973.0162    0 8587 35560.7420 28973.0162  18.5%     -  149s
     0     0 29033.8496    0 19613 35560.7420 29033.8496  18.4%     -  153s
     0     0 29065.5696    0 20029 35560.7420 29065.5696  18.3%     -  156s
     0     0 29071.9108    0 20605 35560.7420 29071.9108  18.2%     -  160s
     0     0 29073.3683    0 20603 35560.7420 29073.3683  18.2%     -  163s
     0     0 29073.7805    0 20646 35560.7420 29073.7805  18.2%     -  163s
     0     0 30269.7458    0 18114 35560.7420 30269.7458  14.9%     -  193s
H    0     0                    35542.983000 30269.7458  14.8%     -  194s
     0     0 30608.6661    0 26410 35542.9830 30608.6661  13.9%     -  210s
     0     0 30677.9421    0 28446 35542.9830 30677.9421  13.7%     -  218s
     0     0 30712.6406    0 28779 35542.9830 30712.6406  13.6%     -  223s
     0     0 30731.1712    0 28873 35542.9830 30731.1712  13.5%     -  229s
     0     0 30741.2358    0 29239 35542.9830 30741.2358  13.5%     -  234s
     0     0 30745.8481    0 29499 35542.9830 30745.8481  13.5%     -  237s
     0     0 30747.7047    0 29015 35542.9830 30747.7047  13.5%     -  238s
     0     0 31473.3907    0 24505 35542.9830 31473.3907  11.4%     -  286s
     0     0 31536.7332    0 25076 35542.9830 31536.7332  11.3%     -  298s
     0     0 31558.2887    0 24574 35542.9830 31558.2887  11.2%     -  306s
     0     0 31567.9054    0 24955 35542.9830 31567.9054  11.2%     -  311s
     0     0 31581.5597    0 24942 35542.9830 31581.5597  11.1%     -  315s
     0     0 31584.9138    0 24543 35542.9830 31584.9138  11.1%     -  318s
     0     0 31590.7738    0 24282 35542.9830 31590.7738  11.1%     -  322s
     0     0 31593.4344    0 24277 35542.9830 31593.4344  11.1%     -  324s
     0     0 31837.3579    0 34803 35542.9830 31837.3579  10.4%     -  360s
H    0     0                    35518.308000 31837.3579  10.4%     -  361s
     0     0 31899.6018    0 24754 35518.3080 31899.6018  10.2%     -  370s
     0     0 31972.7301    0 35769 35518.3080 31972.7301  10.0%     -  381s
     0     0 31989.6121    0 36139 35518.3080 31989.6121  9.93%     -  384s
     0     0 31995.8201    0 36360 35518.3080 31995.8201  9.92%     -  388s
     0     0 31997.8888    0 36153 35518.3080 31997.8888  9.91%     -  390s
     0     0 32284.1190    0 25860 35518.3080 32284.1190  9.11%     -  416s
     0     0 32314.5592    0 25392 35518.3080 32314.5592  9.02%     -  423s
     0     0 32347.8185    0 27060 35518.3080 32347.8185  8.93%     -  428s
     0     0 32358.8172    0 26092 35518.3080 32358.8172  8.90%     -  431s
     0     0 32360.1962    0 26675 35518.3080 32360.1962  8.89%     -  433s
     0     0 32430.7684    0 37214 35518.3080 32430.7684  8.69%     -  453s
     0     0 32455.2056    0 25866 35518.3080 32455.2056  8.62%     -  460s
     0     0 32488.0224    0 39415 35518.3080 32488.0224  8.53%     -  471s
     0     0 32494.6502    0 24977 35518.3080 32494.6502  8.51%     -  473s
     0     0 32496.6011    0 40339 35518.3080 32496.6011  8.51%     -  476s
     0     0 32564.1318    0 25621 35518.3080 32564.1318  8.32%     -  487s
     0     0 32575.1082    0 25546 35518.3080 32575.1082  8.29%     -  492s
     0     0 32594.1655    0 25873 35518.3080 32594.1655  8.23%     -  496s
     0     0 32600.0621    0 25810 35518.3080 32600.0621  8.22%     -  498s
     0     0 32603.2459    0 25822 35518.3080 32603.2459  8.21%     -  500s
     0     0 32650.3305    0 25954 35518.3080 32650.3305  8.07%     -  509s
     0     0 32658.0316    0 25073 35518.3080 32658.0316  8.05%     -  514s
     0     0 32658.8080    0 25937 35518.3080 32658.8080  8.05%     -  516s
     0     0 32671.9242    0 26062 35518.3080 32671.9242  8.01%     -  521s
     0     0 32671.9242    0 26056 35518.3080 32671.9242  8.01%     -  523s
H    0     0                    35330.580000 32671.9242  7.53%     -  542s
H    0     0                    35315.607000 32671.9242  7.49%     -  542s

Cutting planes:
  Gomory: 71
  Cover: 14011
  Clique: 2777
  MIR: 1104
  StrongCG: 21
  RLT: 2

Explored 1 nodes (238076 simplex iterations) in 600.06 seconds (450.00 work units)
Thread count was 32 (of 112 available processors)

Solution count 10: 35315.6 35330.6 35518.3 ... 35658.2

Time limit reached
Best objective 3.531560700000e+04, best bound 3.267192417578e+04, gap 7.4859%

Gurobi 10.0.2 (linux64) logging started Wed Sep  6 13:39:25 2023

Set parameter LogFile to value "../reopt_p2/problem2_29.log"
Set parameter TimeLimit to value 600
Set parameter Threads to value 30
Gurobi Optimizer version 10.0.2 build v10.0.2rc0 (linux64)

CPU model: Intel(R) Xeon(R) Platinum 8280 CPU @ 2.70GHz, instruction set [SSE2|AVX|AVX2|AVX512]
Thread count: 112 physical cores, 112 logical processors, using up to 30 threads

Optimize a model with 124377 rows, 262057 columns and 425991 nonzeros
Model fingerprint: 0xca035a4f
Variable types: 0 continuous, 262057 integer (262057 binary)
Coefficient statistics:
  Matrix range     [6e-02, 3e+01]
  Objective range  [4e-01, 7e+01]
  Bounds range     [1e+00, 1e+00]
  RHS range        [1e+00, 1e+00]
Presolve removed 52659 rows and 114732 columns (presolve time = 24s) ...
Presolve removed 52659 rows and 114732 columns
Presolve time: 24.24s
Presolved: 71718 rows, 147325 columns, 291344 nonzeros
Variable types: 0 continuous, 147325 integer (147325 binary)
Found heuristic solution: objective 63888.110000
Deterministic concurrent LP optimizer: primal and dual simplex
Showing first log only...


Root simplex log...

Iteration    Objective       Primal Inf.    Dual Inf.      Time
       0    1.1557187e+04   2.000000e+00   3.491731e+07     25s
       3    3.1021242e+04   0.000000e+00   4.165466e+04     25s
    3060    2.3013412e+04   0.000000e+00   0.000000e+00     25s
Concurrent spin time: 0.02s

Solved with dual simplex

Root simplex log...

Iteration    Objective       Primal Inf.    Dual Inf.      Time
    2077    2.3013412e+04   0.000000e+00   0.000000e+00     25s

Use crossover to convert LP symmetric solution to basic solution...

Root crossover log...

       0 DPushes remaining with DInf 0.0000000e+00                25s

       6 PPushes remaining with PInf 0.0000000e+00                25s
       0 PPushes remaining with PInf 0.0000000e+00                25s

  Push phase complete: Pinf 0.0000000e+00, Dinf 6.3945705e-02     25s


Root simplex log...

Iteration    Objective       Primal Inf.    Dual Inf.      Time
    2748    2.3013412e+04   0.000000e+00   6.394570e-02     25s
    2749    2.3013412e+04   0.000000e+00   0.000000e+00     25s
    3199    2.3013412e+04   0.000000e+00   0.000000e+00     25s
Extra simplex iterations after uncrush: 450

Root relaxation: objective 2.301341e+04, 3199 iterations, 0.43 seconds (0.37 work units)

    Nodes    |    Current Node    |     Objective Bounds      |     Work
 Expl Unexpl |  Obj  Depth IntInf | Incumbent    BestBd   Gap | It/Node Time

     0     0 23013.4120    0 1352 63888.1100 23013.4120  64.0%     -   25s
H    0     0                    36258.718000 23013.4120  36.5%     -   25s
H    0     0                    36132.165000 23013.4120  36.3%     -   26s
     0     0 23842.4777    0 1933 36132.1650 23842.4777  34.0%     -   27s
H    0     0                    35658.207000 23842.4777  33.1%     -   27s
     0     0 23847.9454    0 1937 35658.2070 23847.9454  33.1%     -   28s
     0     0 25190.1127    0 1277 35658.2070 25190.1127  29.4%     -   29s
H    0     0                    35648.960000 25190.1127  29.3%     -   29s
     0     0 25299.7700    0 2038 35648.9600 25299.7700  29.0%     -   30s
     0     0 25303.6749    0 2036 35648.9600 25303.6749  29.0%     -   30s
     0     0 26204.1386    0 3402 35648.9600 26204.1386  26.5%     -   32s
H    0     0                    35648.183000 26204.1386  26.5%     -   32s
H    0     0                    35622.892000 26204.1386  26.4%     -   32s
     0     0 26409.6766    0 1798 35622.8920 26409.6766  25.9%     -   33s
     0     0 26420.5057    0 2735 35622.8920 26420.5057  25.8%     -   34s
     0     0 26423.3024    0 2740 35622.8920 26423.3024  25.8%     -   34s
     0     0 26424.2013    0 2745 35622.8920 26424.2013  25.8%     -   34s
     0     0 26424.2083    0 2750 35622.8920 26424.2083  25.8%     -   34s
     0     0 26852.6734    0 1105 35622.8920 26852.6734  24.6%     -   36s
H    0     0                    35600.191000 26852.6734  24.6%     -   36s
     0     0 27062.7508    0 4516 35600.1910 27062.7508  24.0%     -   38s
     0     0 27133.5227    0 1560 35600.1910 27133.5227  23.8%     -   38s
     0     0 27135.0296    0 1565 35600.1910 27135.0296  23.8%     -   39s
     0     0 27695.3664    0 3350 35600.1910 27695.3664  22.2%     -   41s
H    0     0                    35560.742000 27695.3664  22.1%     -   42s
     0     0 28007.9089    0 4561 35560.7420 28007.9089  21.2%     -   44s
     0     0 28130.8335    0 5447 35560.7420 28130.8335  20.9%     -   46s
     0     0 28169.5530    0 7533 35560.7420 28169.5530  20.8%     -   47s
     0     0 28179.3712    0 5635 35560.7420 28179.3712  20.8%     -   48s
     0     0 28183.2648    0 4516 35560.7420 28183.2648  20.7%     -   48s
     0     0 28653.3962    0 8803 35560.7420 28653.3962  19.4%     -   53s
     0     0 28913.7440    0 19337 35560.7420 28913.7440  18.7%     -   57s
     0     0 28973.0162    0 8587 35560.7420 28973.0162  18.5%     -   59s
     0     0 29033.8496    0 19613 35560.7420 29033.8496  18.4%     -   61s
     0     0 29065.5696    0 20029 35560.7420 29065.5696  18.3%     -   62s
     0     0 29071.9108    0 20605 35560.7420 29071.9108  18.2%     -   64s
     0     0 29073.3683    0 20603 35560.7420 29073.3683  18.2%     -   65s
     0     0 29073.7805    0 20646 35560.7420 29073.7805  18.2%     -   66s
     0     0 30269.7458    0 18114 35560.7420 30269.7458  14.9%     -   82s
H    0     0                    35542.983000 30269.7458  14.8%     -   83s
     0     0 30608.6661    0 26410 35542.9830 30608.6661  13.9%     -   91s
     0     0 30677.9421    0 28446 35542.9830 30677.9421  13.7%     -   95s
     0     0 30712.6406    0 28779 35542.9830 30712.6406  13.6%     -   98s
     0     0 30731.1712    0 28873 35542.9830 30731.1712  13.5%     -  101s
     0     0 30741.2358    0 29239 35542.9830 30741.2358  13.5%     -  104s
     0     0 30745.8481    0 29499 35542.9830 30745.8481  13.5%     -  105s
     0     0 30747.7047    0 29015 35542.9830 30747.7047  13.5%     -  106s
     0     0 31473.3907    0 24505 35542.9830 31473.3907  11.4%     -  129s
     0     0 31536.7332    0 25076 35542.9830 31536.7332  11.3%     -  135s
     0     0 31558.2887    0 24574 35542.9830 31558.2887  11.2%     -  139s
     0     0 31567.9054    0 24955 35542.9830 31567.9054  11.2%     -  141s
     0     0 31581.5597    0 24942 35542.9830 31581.5597  11.1%     -  143s
     0     0 31584.9138    0 24543 35542.9830 31584.9138  11.1%     -  145s
     0     0 31590.7738    0 24282 35542.9830 31590.7738  11.1%     -  147s
     0     0 31593.4344    0 24277 35542.9830 31593.4344  11.1%     -  148s
     0     0 31837.3579    0 34803 35542.9830 31837.3579  10.4%     -  164s
H    0     0                    35518.308000 31837.3579  10.4%     -  165s
     0     0 31899.6018    0 24754 35518.3080 31899.6018  10.2%     -  169s
     0     0 31972.7301    0 35769 35518.3080 31972.7301  10.0%     -  175s
     0     0 31989.6121    0 36139 35518.3080 31989.6121  9.93%     -  177s
     0     0 31995.8201    0 36360 35518.3080 31995.8201  9.92%     -  179s
     0     0 31997.8888    0 36153 35518.3080 31997.8888  9.91%     -  180s
     0     0 32284.1190    0 25860 35518.3080 32284.1190  9.11%     -  193s
     0     0 32314.5592    0 25392 35518.3080 32314.5592  9.02%     -  196s
     0     0 32347.8185    0 27060 35518.3080 32347.8185  8.93%     -  199s
     0     0 32358.8172    0 26092 35518.3080 32358.8172  8.90%     -  200s
     0     0 32360.1962    0 26675 35518.3080 32360.1962  8.89%     -  201s
     0     0 32430.7684    0 37214 35518.3080 32430.7684  8.69%     -  211s
     0     0 32455.2056    0 25866 35518.3080 32455.2056  8.62%     -  214s
     0     0 32488.0224    0 39415 35518.3080 32488.0224  8.53%     -  219s
     0     0 32494.6502    0 24977 35518.3080 32494.6502  8.51%     -  220s
     0     0 32496.6011    0 40339 35518.3080 32496.6011  8.51%     -  221s
     0     0 32564.1318    0 25621 35518.3080 32564.1318  8.32%     -  227s
     0     0 32575.1082    0 25546 35518.3080 32575.1082  8.29%     -  230s
     0     0 32594.1655    0 25873 35518.3080 32594.1655  8.23%     -  232s
     0     0 32600.0621    0 25810 35518.3080 32600.0621  8.22%     -  233s
     0     0 32603.2459    0 25822 35518.3080 32603.2459  8.21%     -  235s
     0     0 32650.3305    0 25954 35518.3080 32650.3305  8.07%     -  240s
     0     0 32658.0316    0 25073 35518.3080 32658.0316  8.05%     -  242s
     0     0 32658.8080    0 25937 35518.3080 32658.8080  8.05%     -  243s
     0     0 32671.9242    0 26062 35518.3080 32671.9242  8.01%     -  247s
     0     0 32671.9242    0 26056 35518.3080 32671.9242  8.01%     -  248s
H    0     0                    35330.580000 32671.9242  7.53%     -  259s
H    0     0                    35315.607000 32671.9242  7.49%     -  259s
     0     0 32966.8493    0 22861 35315.6070 32966.8493  6.65%     -  393s
     0     0 33033.9491    0 22839 35315.6070 33033.9491  6.46%     -  402s
     0     0 33052.3842    0 22783 35315.6070 33052.3842  6.41%     -  408s
     0     0 33060.7434    0 22760 35315.6070 33060.7434  6.38%     -  409s
     0     0 33062.6380    0 23169 35315.6070 33062.6380  6.38%     -  410s
     0     0 33064.2101    0 22748 35315.6070 33064.2101  6.38%     -  412s
     0     0 33112.6018    0 23161 35315.6070 33112.6018  6.24%     -  413s
     0     0 33112.6018    0 22740 35315.6070 33112.6018  6.24%     -  414s
     0     0 33112.6018    0 23155 35315.6070 33112.6018  6.24%     -  415s
     0     0 33112.6018    0 22741 35315.6070 33112.6018  6.24%     -  416s
     0     0 33112.6450    0 23174 35315.6070 33112.6450  6.24%     -  422s
     0     0 33112.6450    0 23171 35315.6070 33112.6450  6.24%     -  423s
     0     0 33112.6450    0 23169 35315.6070 33112.6450  6.24%     -  424s
     0     0 33244.4883    0 23183 35315.6070 33244.4883  5.86%     -  434s
     0     0 33244.4883    0 23177 35315.6070 33244.4883  5.86%     -  435s
     0     0 33244.4883    0 23176 35315.6070 33244.4883  5.86%     -  437s
     0     0 33244.4883    0 23177 35315.6070 33244.4883  5.86%     -  438s
     0     0 33244.4883    0 23177 35315.6070 33244.4883  5.86%     -  439s
     0     0 33244.5225    0 23177 35315.6070 33244.5225  5.86%     -  447s
     0     0 33244.5225    0 23177 35315.6070 33244.5225  5.86%     -  448s
     0     0 33425.9672    0 23178 35315.6070 33425.9672  5.35%     -  453s
     0     0 33425.9672    0 23167 35315.6070 33425.9672  5.35%     -  458s
     0     0 33425.9672    0 23166 35315.6070 33425.9672  5.35%     -  459s
     0     2 33425.9672    0 23164 35315.6070 33425.9672  5.35%     -  471s
     1     5 33425.9672    1 23066 35315.6070 33425.9672  5.35% 34604  481s
     3     8 33425.9672    2 22942 35315.6070 33425.9672  5.35% 21526  491s
     7    16 33533.3241    3 22820 35315.6070 33425.9672  5.35% 15229  499s
    15    28 33654.6935    4 22506 35315.6070 33533.5407  5.05% 11052  505s
    31    56 33791.2340    5 22406 35315.6070 33654.8951  4.70%  7261  515s
H   56    56                    35301.138000 33791.2540  4.28%  6302  516s
    59    80 33889.8214    6 22088 35301.1380 33792.8037  4.27%  6168  522s
    89   104 33977.1745    7 21953 35301.1380 33891.7530  3.99%  4799  570s
   149   144 34107.0293    9 21573 35301.1380 33891.7530  3.99%  3085  578s
   179   175     cutoff    9      35301.1380 33891.7530  3.99%  2667  580s
   291   226     cutoff   11      35301.1380 33891.7530  3.99%  1820  587s
   420   279 34299.5353   12 21157 35301.1380 33891.7530  3.99%  1358  591s
   688   389 34306.6746   15 21150 35301.1380 33891.7530  3.99%   908  596s
   903   382 34916.8481   19 19738 35301.1380 33891.7530  3.99%   756  600s

Cutting planes:
  Gomory: 7
  Cover: 473
  Clique: 111
  MIR: 63
  StrongCG: 6
  Zero half: 14
  RLT: 5

Explored 979 nodes (1078900 simplex iterations) in 600.07 seconds (980.78 work units)
Thread count was 30 (of 112 available processors)

Solution count 10: 35301.1 35315.6 35330.6 ... 35649

Time limit reached
Best objective 3.530113800000e+04, best bound 3.389175301038e+04, gap 3.9925%
