
Gurobi 9.5.1 (linux64, gurobi_cl) logging started Tue Jan 31 12:49:07 2023

Set parameter Username
Set parameter TimeLimit to value 7200
Set parameter LogFile to value "./log/reopt_p2/problem2_45.log"
Set parameter Threads to value 1
Academic license - for non-commercial use only - expires 2023-07-13
Using license file /opt/gurobi951/linux64/gurobi.lic

Gurobi Optimizer version 9.5.1 build v9.5.1rc2 (linux64)
Copyright (c) 2022, Gurobi Optimization, LLC

Read MPS format model from file ./ins/reopt_p2/problem2_45.mps.mps.gz
Reading time = 0.47 seconds
problem_: 142694 rows, 297218 columns, 517344 nonzeros
Thread count: 112 physical cores, 224 logical processors, using up to 1 threads
Optimize a model with 142694 rows, 297218 columns and 517344 nonzeros
Model fingerprint: 0x1751c883
Variable types: 0 continuous, 297218 integer (297218 binary)
Coefficient statistics:
  Matrix range     [1e-01, 4e+01]
  Objective range  [4e-01, 6e+01]
  Bounds range     [1e+00, 1e+00]
  RHS range        [1e+00, 1e+00]
Presolve removed 47606 rows and 98337 columns (presolve time = 28s) ...
Presolve removed 47606 rows and 98337 columns
Presolve time: 27.67s
Presolved: 95088 rows, 198881 columns, 395690 nonzeros
Variable types: 0 continuous, 198881 integer (198881 binary)
Found heuristic solution: objective 48752.126000

Root simplex log...

Iteration    Objective       Primal Inf.    Dual Inf.      Time
       0    1.2082298e+04   5.800000e+02   0.000000e+00     29s
    2383    1.5689450e+04   0.000000e+00   0.000000e+00     29s

Use crossover to convert LP symmetric solution to basic solution...

Root crossover log...

       0 DPushes remaining with DInf 0.0000000e+00                29s

       0 PPushes remaining with PInf 0.0000000e+00                29s

  Push phase complete: Pinf 0.0000000e+00, Dinf 1.0247081e-11     29s


Root simplex log...

Iteration    Objective       Primal Inf.    Dual Inf.      Time
    3437    1.5689450e+04   0.000000e+00   0.000000e+00     29s
    4014    1.5689450e+04   0.000000e+00   0.000000e+00     29s
Extra simplex iterations after uncrush: 577

Root relaxation: objective 1.568945e+04, 4014 iterations, 0.87 seconds (0.58 work units)

    Nodes    |    Current Node    |     Objective Bounds      |     Work
 Expl Unexpl |  Obj  Depth IntInf | Incumbent    BestBd   Gap | It/Node Time

     0     0 15689.4497    0 1896 48752.1260 15689.4497  67.8%     -   30s
H    0     0                    26870.322000 15689.4497  41.6%     -   30s
H    0     0                    26845.104000 15689.4497  41.6%     -   30s
     0     0 16966.3885    0 1853 26845.1040 16966.3885  36.8%     -   33s
H    0     0                    26713.574000 16966.3885  36.5%     -   34s
     0     0 16983.7503    0 1854 26713.5740 16983.7503  36.4%     -   34s
     0     0 16983.8950    0 1852 26713.5740 16983.8950  36.4%     -   34s
     0     0 17962.4281    0 1910 26713.5740 17962.4281  32.8%     -   37s
     0     0 17988.1127    0 1913 26713.5740 17988.1127  32.7%     -   37s
     0     0 17990.2646    0 1902 26713.5740 17990.2646  32.7%     -   38s
     0     0 18626.2937    0 2940 26713.5740 18626.2937  30.3%     -   40s
H    0     0                    26708.330000 18626.2937  30.3%     -   41s
     0     0 18707.9560    0 1752 26708.3300 18707.9560  30.0%     -   42s
     0     0 18716.7028    0 1740 26708.3300 18716.7028  29.9%     -   42s
     0     0 19631.6234    0 6596 26708.3300 19631.6234  26.5%     -   47s
H    0     0                    26705.024000 19631.6234  26.5%     -   48s
     0     0 19867.1876    0 9578 26705.0240 19867.1876  25.6%     -   52s
     0     0 19873.7472    0 3600 26705.0240 19873.7472  25.6%     -   54s
     0     0 19881.7088    0 3580 26705.0240 19881.7088  25.6%     -   55s
     0     0 19882.4997    0 2423 26705.0240 19882.4997  25.5%     -   55s
     0     0 20168.4119    0 5352 26705.0240 20168.4119  24.5%     -   60s
H    0     0                    26699.780000 20168.4119  24.5%     -   61s
     0     0 20364.2696    0 5724 26699.7800 20364.2696  23.7%     -   66s
     0     0 20414.0421    0 3115 26699.7800 20414.0421  23.5%     -   69s
     0     0 20454.8365    0 1503 26699.7800 20454.8365  23.4%     -   70s
     0     0 20463.9576    0 1506 26699.7800 20463.9576  23.4%     -   71s
     0     0 20463.9576    0 1508 26699.7800 20463.9576  23.4%     -   72s
     0     0 20658.2894    0 18435 26699.7800 20658.2894  22.6%     -   80s
     0     0 20880.2061    0 20416 26699.7800 20880.2061  21.8%     -   94s
     0     0 20916.0424    0 14676 26699.7800 20916.0424  21.7%     -   98s
     0     0 20951.4766    0 18496 26699.7800 20951.4766  21.5%     -  103s
     0     0 20963.7376    0 18632 26699.7800 20963.7376  21.5%     -  106s
     0     0 20967.0587    0 18119 26699.7800 20967.0587  21.5%     -  109s
     0     0 20975.1625    0 17472 26699.7800 20975.1625  21.4%     -  112s
     0     0 20976.6387    0 18115 26699.7800 20976.6387  21.4%     -  112s
     0     0 20977.0376    0 17789 26699.7800 20977.0376  21.4%     -  113s
     0     0 21585.1179    0 28962 26699.7800 21585.1179  19.2%     -  146s
H    0     0                    26673.192000 21585.1179  19.1%     -  147s
     0     0 21787.7201    0 36767 26673.1920 21787.7201  18.3%     -  170s
     0     0 21825.9606    0 35539 26673.1920 21825.9606  18.2%     -  178s
     0     0 21870.1768    0 35792 26673.1920 21870.1768  18.0%     -  185s
     0     0 21903.7678    0 35846 26673.1920 21903.7678  17.9%     -  195s
     0     0 21913.0023    0 37601 26673.1920 21913.0023  17.8%     -  202s
     0     0 21921.0888    0 38024 26673.1920 21921.0888  17.8%     -  208s
     0     0 21922.7925    0 36844 26673.1920 21922.7925  17.8%     -  213s
     0     0 21926.0153    0 38186 26673.1920 21926.0153  17.8%     -  217s
     0     0 21926.7017    0 37588 26673.1920 21926.7017  17.8%     -  219s
     0     0 22455.4373    0 35459 26673.1920 22455.4373  15.8%     -  289s
H    0     0                    26655.990000 22455.4373  15.8%     -  290s
     0     0 22551.7334    0 43207 26655.9900 22551.7334  15.4%     -  316s
     0     0 22596.5072    0 35043 26655.9900 22596.5072  15.2%     -  331s
     0     0 22652.2482    0 43558 26655.9900 22652.2482  15.0%     -  342s
     0     0 22660.8885    0 35030 26655.9900 22660.8885  15.0%     -  348s
     0     0 22667.1062    0 34722 26655.9900 22667.1062  15.0%     -  353s
     0     0 22669.4149    0 35021 26655.9900 22669.4149  15.0%     -  356s
     0     0 22930.3526    0 49454 26655.9900 22930.3526  14.0%     -  416s
H    0     0                    26627.976000 22930.3526  13.9%     -  417s
     0     0 22987.4932    0 50062 26627.9760 22987.4932  13.7%     -  428s
     0     0 23016.1941    0 48925 26627.9760 23016.1941  13.6%     -  440s
     0     0 23023.0162    0 48521 26627.9760 23023.0162  13.5%     -  446s
     0     0 23026.7536    0 51773 26627.9760 23026.7536  13.5%     -  451s
     0     0 23028.7312    0 51487 26627.9760 23028.7312  13.5%     -  454s
     0     0 23288.4843    0 39183 26627.9760 23288.4843  12.5%     -  492s
     0     0 23328.8480    0 48552 26627.9760 23328.8480  12.4%     -  507s
     0     0 23357.1347    0 38569 26627.9760 23357.1347  12.3%     -  513s
     0     0 23378.8711    0 38316 26627.9760 23378.8711  12.2%     -  517s
     0     0 23411.9307    0 54221 26627.9760 23411.9307  12.1%     -  525s
     0     0 23428.8853    0 38440 26627.9760 23428.8853  12.0%     -  528s
     0     0 23432.1042    0 55249 26627.9760 23432.1042  12.0%     -  531s
     0     0 23598.7595    0 39749 26627.9760 23598.7595  11.4%     -  564s
H    0     0                    26625.246000 23598.7595  11.4%     -  565s
     0     0 23654.4284    0 56344 26625.2460 23654.4284  11.2%     -  581s
     0     0 23692.3364    0 56940 26625.2460 23692.3364  11.0%     -  590s
     0     0 23716.8251    0 56708 26625.2460 23716.8251  10.9%     -  596s
     0     0 23728.0248    0 56734 26625.2460 23728.0248  10.9%     -  600s
     0     0 23738.4288    0 57094 26625.2460 23738.4288  10.8%     -  604s
     0     0 23745.0791    0 56705 26625.2460 23745.0791  10.8%     -  606s
     0     0 23752.5052    0 56683 26625.2460 23752.5052  10.8%     -  608s
     0     0 23753.4649    0 57032 26625.2460 23753.4649  10.8%     -  610s
     0     0 23809.8365    0 55072 26625.2460 23809.8365  10.6%     -  628s
     0     0 23843.4100    0 56542 26625.2460 23843.4100  10.4%     -  637s
     0     0 23850.5432    0 56639 26625.2460 23850.5432  10.4%     -  640s
     0     0 23855.2942    0 56564 26625.2460 23855.2942  10.4%     -  642s
     0     0 23857.7119    0 57051 26625.2460 23857.7119  10.4%     -  644s
     0     0 24026.3620    0 59487 26625.2460 24026.3620  9.76%     -  676s
     0     0 24043.0520    0 59206 26625.2460 24043.0520  9.70%     -  682s
     0     0 24061.9899    0 57918 26625.2460 24061.9899  9.63%     -  687s
     0     0 24067.8304    0 59681 26625.2460 24067.8304  9.61%     -  691s
     0     0 24075.5715    0 58407 26625.2460 24075.5715  9.58%     -  694s
     0     0 24079.3287    0 59401 26625.2460 24079.3287  9.56%     -  696s
     0     0 24155.8898    0 60384 26625.2460 24155.8898  9.27%     -  717s
     0     0 24163.3397    0 58849 26625.2460 24163.3397  9.25%     -  721s
     0     0 24166.7859    0 58816 26625.2460 24166.7859  9.23%     -  725s
     0     0 24200.6555    0 60404 26625.2460 24200.6555  9.11%     -  741s
     0     0 24209.3625    0 59955 26625.2460 24209.3625  9.07%     -  747s
     0     0 24212.2172    0 60422 26625.2460 24212.2172  9.06%     -  750s
     0     0 24231.0993    0 58026 26625.2460 24231.0993  8.99%     -  761s
     0     0 24231.0993    0 58020 26625.2460 24231.0993  8.99%     -  765s
     3     3 24249.9417    2 3534 26625.2460 24237.8286  8.97% 165762 1171s
     6     6 24271.7524    4 3628 26625.2460 24237.8286  8.97% 83806 1175s
    56    56 24482.8572   36  122 26625.2460 24237.8286  8.97%  9080 1180s
   121   115 24389.0648    5  127 26625.2460 24269.8911  8.85%  4257 1185s
   185   179 24689.5721   56  127 26625.2460 24269.8911  8.85%  2819 1190s
   210   194 24341.8579    5 10170 26625.2460 24271.7965  8.84%  2542 1197s
   258   242 24483.7416   44  194 26625.2460 24271.7965  8.84%  2081 1200s
   374   358 24695.5861  142  103 26625.2460 24271.7965  8.84%  1440 1205s
   397   367 24321.4314    5 15431 26625.2460 24272.5925  8.84%  1374 1210s
   398   368 24442.4673    6 18686 26625.2460 24272.5925  8.84%  1392 1215s
   400   370 24450.7534    7 17996 26625.2460 24272.5925  8.84%  1410 1221s
   406   376 24482.5225    8 18015 26625.2460 24272.5925  8.84%  1406 1227s
   410   380 24496.2126   13 18049 26625.2460 24272.5925  8.84%  1401 1230s
   422   392 24519.5744   22 17906 26625.2460 24272.5925  8.84%  1378 1235s
   430   400 24530.7067   26 18140 26625.2460 24272.5925  8.84%  1371 1240s
   439   409 24558.1797   33 16450 26625.2460 24272.5925  8.84%  1360 1245s
   442   412 24609.6545   34 13257 26625.2460 24272.5925  8.84%  1367 1250s
   445   415 24618.7211   34 17795 26625.2460 24272.5925  8.84%  1379 1255s
   453   423 24621.3913   36 17837 26625.2460 24272.5925  8.84%  1369 1260s
   472   442 24612.7057   50  919 26625.2460 24272.5925  8.84%  1328 1265s
   503   472 24309.4225    2 36534 26625.2460 24272.5925  8.84%  1815 1987s
   504   473 24522.7205    2 33176 26625.2460 24309.4490  8.70%  1858 2014s
   505   474 24364.1720    3 36147 26625.2460 24309.4498  8.70%  1873 2024s
   506   475 24525.3975    3 33149 26625.2460 24364.1800  8.49%  1910 2048s
   507   476 24409.9243    4 35950 26625.2460 24364.2310  8.49%  1923 2057s
   508   477 24602.0423    4 33209 26625.2460 24409.9364  8.32%  1960 2081s
   509   478 24610.1503    5 33188 26625.2460 24410.0085  8.32%  1995 2103s
   510   479 24465.8166    5 35742 26625.2460 24465.8166  8.11%  2011 2114s
   511   480 24647.9063    6 33207 26625.2460 24465.8245  8.11%  2044 2135s
   512   481 24533.8949    6 35592 26625.2460 24522.7254  7.90%  2061 2147s
   513   482 24584.7916    7 35309 26625.2460 24522.7254  7.90%  2079 2158s
   514   483 24716.0509    7 33474 26625.2460 24522.7254  7.90%  2110 2178s
   515   484 24632.7849    8 35073 26625.2460 24522.7254  7.90%  2129 2189s
   516   485 24759.1070    8 33108 26625.2460 24522.7254  7.90%  2159 2203s
   517   486 24666.0671    9 34348 26625.2460 24522.7254  7.90%  2169 2211s
   518   487 24902.8937    9 32503 26625.2460 24522.7254  7.90%  2198 2230s
   519   488 24700.8134   10 33996 26625.2460 24522.7254  7.90%  2207 2236s
   520   489 24810.3697   10 23608 26625.2460 24522.7254  7.90%  2224 2244s
   521   490 24736.6707   11 34130 26625.2460 24522.7254  7.90%  2231 2250s
   522   491 24852.4229   11 23654 26625.2460 24522.7254  7.90%  2250 2262s
   523   492 24787.2055   12 33826 26625.2460 24522.7254  7.90%  2259 2268s
   524   493 24917.4322   12 25044 26625.2460 24522.7254  7.90%  2281 2277s
   525   494 24808.1524   13 33701 26625.2460 24522.7254  7.90%  2286 2282s
   526   495 24980.6361   13 24572 26625.2460 24522.7254  7.90%  2303 2293s
   527   496 24877.3664   14 32386 26625.2460 24522.7254  7.90%  2320 2304s
   528   497 24902.2393   14 33219 26625.2460 24522.7254  7.90%  2334 2314s
   529   498 24904.9341   15 32164 26625.2460 24522.7254  7.90%  2338 2319s
   530   499 25051.1467   15 23087 26625.2460 24522.7254  7.90%  2355 2330s
   532   501 25081.6068   16 23129 26625.2460 24522.7254  7.90%  2377 2341s
   533   502 24938.1378   17 30073 26625.2460 24522.7254  7.90%  2379 2345s
   534   503 25072.6732   17 22441 26625.2460 24522.7254  7.90%  2394 2354s
   535   504 24951.2031   18 29876 26625.2460 24522.7254  7.90%  2395 2357s
   536   505 25144.5365   18 18661 26625.2460 24522.7254  7.90%  2408 2366s
   537   506 24963.3061   19 29131 26625.2460 24522.7254  7.90%  2412 2370s
   538   507 25142.2302   19 18658 26625.2460 24522.7254  7.90%  2425 2379s
   539   508 24979.2902   20 28616 26625.2460 24522.7254  7.90%  2425 2381s
   540   509 25195.1097   20 18985 26625.2460 24522.7254  7.90%  2440 2387s
   541   510 25019.7586   21 28125 26625.2460 24522.7254  7.90%  2446 2392s
   542   511 25095.0081   21 18938 26625.2460 24522.7254  7.90%  2457 2400s
   543   512 25068.3499   22 26794 26625.2460 24522.7254  7.90%  2463 2405s
   544   513 25094.7050   22 21627 26625.2460 24522.7254  7.90%  2478 2411s
   554   523 25191.3105   30  508 26625.2460 24522.7254  7.90%  2440 2415s
   644   613 25615.9114   94  459 26625.2460 24522.7254  7.90%  2100 2420s
   727   694 26044.6282  151  456 26625.2460 24522.7254  7.90%  1862 2425s
   735   694 24566.6175    3 33085 26625.2460 24522.7310  7.90%  1852 2433s
   736   695 24855.8769    4 33765 26625.2460 24522.7310  7.90%  1903 2483s
   737   696 25167.0149    4 31670 26625.2460 24522.7310  7.90%  1962 2538s
   738   697 24893.3491    5 34120 26625.2460 24522.7310  7.90%  1971 2548s
   739   698 24931.6297    6 34154 26625.2460 24522.7310  7.90%  1981 2558s
   740   699 24952.7687    7 33950 26625.2460 24522.7310  7.90%  1986 2565s
   741   700 24976.2433    8 33749 26625.2460 24522.7310  7.90%  1992 2572s
   742   701 24994.8592    9 33592 26625.2460 24522.7310  7.90%  1997 2578s
   743   702 25014.5306   10 33444 26625.2460 24522.7310  7.90%  2001 2584s
   744   703 25046.9556   11 33007 26625.2460 24522.7310  7.90%  2008 2591s
   745   704 25074.1421   12 32910 26625.2460 24522.7310  7.90%  2014 2599s
   746   705 25112.1092   13 32947 26625.2460 24522.7310  7.90%  2020 2606s
   747   706 25378.5918   13 28509 26625.2460 24522.7310  7.90%  2051 2634s
   748   707 25151.4858   14 32699 26625.2460 24522.7310  7.90%  2056 2641s
   749   708 25192.4595   15 32210 26625.2460 24522.7310  7.90%  2062 2648s
   750   709 25449.8082   15 28211 26625.2460 24522.7310  7.90%  2087 2671s
   751   710 25224.1156   16 32124 26625.2460 24522.7310  7.90%  2091 2677s
   752   711 25480.2599   16 26013 26625.2460 24522.7310  7.90%  2110 2695s
   754   713 25668.1154   17 27132 26625.2460 24522.7310  7.90%  2139 2723s
   755   714 25269.4603   18 31134 26625.2460 24522.7310  7.90%  2143 2729s
   756   715 25497.3426   18 26981 26625.2460 24522.7310  7.90%  2161 2745s
   757   716 25295.3093   19 31468 26625.2460 24522.7310  7.90%  2164 2751s
   758   717 25529.9155   19 26725 26625.2460 24522.7310  7.90%  2181 2767s
   759   718 25314.7924   20 31193 26625.2460 24522.7310  7.90%  2184 2771s
   760   719 25663.5565   20 27262 26625.2460 24522.7310  7.90%  2201 2788s
   763   722 25318.0921   23 31188 26625.2460 24522.7310  7.90%  2193 2790s
   771   730 25325.3428   31 31504 26625.2460 24522.7310  7.90%  2175 2795s
   776   735 25368.2163   36 30272 26625.2460 24522.7310  7.90%  2171 2804s
   777   736 25365.0973   36 31207 26625.2460 24522.7310  7.90%  2169 2805s
   780   739 25407.4629   39 29530 26625.2460 24522.7310  7.90%  2169 2812s
   781   740 25434.9768   40 29535 26625.2460 24522.7310  7.90%  2171 2817s
   782   741 25631.5688   40 26700 26625.2460 24522.7310  7.90%  2188 2832s
   783   742 25491.6960   41 29418 26625.2460 24522.7310  7.90%  2194 2840s
   784   743 25602.6124   41 26666 26625.2460 24522.7310  7.90%  2208 2853s
   785   744 25493.1635   42 28661 26625.2460 24522.7310  7.90%  2207 2855s
   795   754 25562.9637   52 27949 26625.2460 24522.7310  7.90%  2192 2866s
   797   756 25775.0247   53 25576 26625.2460 24522.7310  7.90%  2207 2884s
   798   757 25566.5773   53 28469 26625.2460 24522.7310  7.90%  2211 2889s
   800   759 25567.0089   55 28474 26625.2460 24522.7310  7.90%  2206 2890s
   804   763 25604.4413   59 27988 26625.2460 24522.7310  7.90%  2201 2895s
   809   768 25661.5835   63 27242 26625.2460 24522.7310  7.90%  2197 2904s
   810   769 25657.2722   63 27704 26625.2460 24522.7310  7.90%  2198 2907s
   814   773 25827.0013   66 25593 26625.2460 24522.7310  7.90%  2202 2920s
   816   775 25859.8892   67 25614 26625.2460 24522.7310  7.90%  2214 2934s
   817   776 25783.9301   68 26696 26625.2460 24522.7310  7.90%  2218 2940s
   823   782 25730.2307   73 27002 26625.2460 24522.7310  7.90%  2206 2945s
   828   787 25827.2561   78 26683 26625.2460 24522.7310  7.90%  2202 2953s
   829   788 25823.4541   78 25611 26625.2460 24522.7310  7.90%  2210 2962s
   830   789 25863.0395   79 25142 26625.2460 24522.7310  7.90%  2211 2965s
   831   790 25930.2659   79 4802 26625.2460 24522.7310  7.90%  2217 2972s
   832   791 25911.7064   80 24859 26625.2460 24522.7310  7.90%  2220 2976s
   833   792 25989.4175   80 3373 26625.2460 24522.7310  7.90%  2225 2981s
   837   796 25959.7674   83 24843 26625.2460 24522.7310  7.90%  2219 2985s
   855   814 25971.4504   98 23468 26625.2460 24522.7310  7.90%  2174 2990s
   863   822 26018.8303  105 21902 26625.2460 24522.7310  7.90%  2162 2997s
   865   824 26007.9250  106 24059 26625.2460 24522.7310  7.90%  2160 3000s
   877   834     cutoff  116      26625.2460 24522.7310  7.90%  2136 3006s
   892   849 26026.2738  131 24024 26625.2460 24522.7310  7.90%  2102 3010s
   901   858 26063.3167  140 23321 26625.2460 24522.7310  7.90%  2086 3015s
   905   858     cutoff  142      26625.2460 24522.7310  7.90%  2083 3020s
   910   859     cutoff  144      26625.2460 24522.7310  7.90%  2075 3025s
   914   857 25031.4313    3 31350 26625.2460 24525.3992  7.89%  2117 3080s
   915   858 25067.3495    4 31176 26625.2460 24525.3992  7.89%  2122 3089s
   916   859 25094.7303    5 31075 26625.2460 24525.3992  7.89%  2127 3096s
   917   860 25123.9217    6 30984 26625.2460 24525.3992  7.89%  2131 3102s
   918   861 25155.7772    7 30531 26625.2460 24525.3992  7.89%  2135 3108s
   919   862 25180.6932    8 30369 26625.2460 24525.3992  7.89%  2138 3114s
   920   863 25201.1684    9 30193 26625.2460 24525.3992  7.89%  2140 3119s
   921   864 25228.8058   10 29721 26625.2460 24525.3992  7.89%  2144 3124s
   922   865 25252.7740   11 29784 26625.2460 24525.3992  7.89%  2146 3129s
   923   866 25266.7501   12 28838 26625.2460 24525.3992  7.89%  2147 3133s
   924   867 25283.1751   13 27585 26625.2460 24525.3992  7.89%  2149 3136s
   926   869 25333.0865   15 26892 26625.2460 24525.3992  7.89%  2152 3144s
   927   870 25356.2546   16 27058 26625.2460 24525.3992  7.89%  2153 3148s
   928   871 25380.9664   17 26861 26625.2460 24525.3992  7.89%  2155 3151s
   930   873 25427.0017   19 26178 26625.2460 24525.3992  7.89%  2157 3158s
   931   874 25495.1237   19  323 26625.2460 24525.3992  7.89%  2161 3163s
   932   875 25513.2292   20 21939 26625.2460 24525.3992  7.89%  2163 3167s
   942   885 25564.3519   27  317 26625.2460 24525.3992  7.89%  2143 3170s
   947   890 25652.9942   29  315 26625.2460 24525.3992  7.89%  2136 3175s
   958   901 25768.8059   35  310 26625.2460 24525.3992  7.89%  2116 3180s
   980   923 25817.4397   57  299 26625.2460 24525.3992  7.89%  2072 3185s
  1002   945 24993.2951   64  283 26625.2460 24525.3992  7.89%  2342 3190s
  1099  1014 24674.7417   23 19655 26625.2460 24598.0995  7.61%  3182 4005s
  1100  1012     cutoff   23      26625.2460 24674.8243  7.33%  3194 4012s
  1101  1013 24675.0570   24 19655 26625.2460 24675.0570  7.32%  3191 4017s
  1103  1014 24706.5558   25 19651 26625.2460 24675.0570  7.32%  3188 4020s
  1106  1016 25042.6571   26  966 26625.2460 24675.0570  7.32%  3195 4030s
  1111  1016 24781.4004   28 19549 26625.2460 24675.0570  7.32%  3186 4035s
  1112  1014     cutoff   28      26625.2460 24675.0570  7.32%  3186 4041s
  1114  1014     cutoff   29      26625.2460 24675.0570  7.32%  3193 4048s
  1120  1018 24923.9252   32 19447 26625.2460 24675.0570  7.32%  3178 4050s
  1124  1018     cutoff   34      26625.2460 24675.0570  7.32%  3173 4055s
  1133  1024 25030.8003   39 19082 26625.2460 24675.0570  7.32%  3154 4061s
  1140  1021 24799.1070   26 19053 26625.2460 24675.6363  7.32%  3143 4066s
  1141  1020     cutoff   26      26625.2460 24675.6363  7.32%  3152 4073s
  1142  1020 24885.2942   27 18907 26625.2460 24675.6363  7.32%  3154 4076s
  1145  1018     cutoff   28      26625.2460 24675.6363  7.32%  3151 4080s
  1152  1019 25005.2798   32 18723 26625.2460 24675.6363  7.32%  3138 4085s
  1165  1015 24740.9198   26 19495 26625.2460 24708.5144  7.20%  3110 4090s
  1166  1015 24850.0435   27 19398 26625.2460 24708.5144  7.20%  3115 4095s
  1168  1015 24935.0148   28 19245 26625.2460 24708.5144  7.20%  3121 4102s
  1170  1014 24992.6974   29 19142 26625.2460 24708.5144  7.20%  3121 4105s
  1175  1009 24833.4399   28 19552 26625.2460 24734.1405  7.10%  3116 4111s
  1176  1010 24921.7579   29 19419 26625.2460 24734.1405  7.10%  3117 4115s
  1180  1009 25029.9611   31 18895 26625.2460 24734.1405  7.10%  3116 4122s
  1184  1003     cutoff   28      26625.2460 24895.5338  6.50%  3115 4127s
  1186  1005 24988.3247   33 19299 26625.2460 24895.9744  6.49%  3113 4130s
  1194  1000 25027.0176   33 19298 26625.2460 24899.6526  6.48%  3101 4135s
  1199   999 25040.9780   33 19089 26625.2460 24899.6855  6.48%  3096 4141s
  1205   995 25003.6876   32 19298 26625.2460 24905.9041  6.46%  3088 4147s
  1209   992 24994.7233   34 19306 26625.2460 24906.2864  6.46%  3084 4152s
  1213   989 24925.3522   33 19447 26625.2460 24924.0339  6.39%  3078 4155s
  1216   987     cutoff   35      26625.2460 24924.0339  6.39%  3077 4160s
  1219   987 25033.4163   34 19305 26625.2460 24945.0548  6.31%  3076 4165s
  1227   980     cutoff   37      26625.2460 24999.4497  6.11%  3062 4170s
  1234   975     cutoff   38      26625.2460 25003.0695  6.09%  3051 4175s
  1250     1 25044.7711    0 58020 26625.2460 25044.7711  5.94%   0.0 4180s
  1250     1 25044.7711    0 33436 26625.2460 25044.7711  5.94%   0.0 4251s
  1250     1 25044.7711    0 34445 26625.2460 25044.7711  5.94%   0.0 4264s
  1250     1 25044.7711    0 34924 26625.2460 25044.7711  5.94%   0.0 4270s
  1250     1 25044.7711    0 34847 26625.2460 25044.7711  5.94%   0.0 4294s
  1250     1 25044.7711    0 34610 26625.2460 25044.7711  5.94%   0.0 4298s
  1250     1 25044.7711    0 34611 26625.2460 25044.7711  5.94%   0.0 4330s
  1250     1 25044.7711    0 34602 26625.2460 25044.7711  5.94%   0.0 4367s
  1250     1 25044.7711    0 34825 26625.2460 25044.7711  5.94%   0.0 4371s
  1250     1 25044.7711    0 34822 26625.2460 25044.7711  5.94%   0.0 4393s
  1250     1 25044.7711    0 34823 26625.2460 25044.7711  5.94%   0.0 4396s
  1250     1 25044.7711    0 34824 26625.2460 25044.7711  5.94%   0.0 4420s
  1250     1 25044.7711    0 34819 26625.2460 25044.7711  5.94%   0.0 4427s
  1250     1 25044.7711    0 34818 26625.2460 25044.7711  5.94%   0.0 4504s
  1250     2 25044.7711    0 58020 26625.2460 25044.7711  5.94%   210 4507s
  1250     2 25044.7711    0 30658 26625.2460 25044.7711  5.94%   210 4571s
  1250     2 25044.7711    0 31640 26625.2460 25044.7711  5.94%   210 4584s
  1250     2 25044.7711    0 32138 26625.2460 25044.7711  5.94%   210 4589s
  1250     2 25044.7711    0 32064 26625.2460 25044.7711  5.94%   210 4593s
  1250     2 25044.7711    0 32043 26625.2460 25044.7711  5.94%   210 4612s
  1250     2 25044.7711    0 32035 26625.2460 25044.7711  5.94%   210 4615s
  1250     2 25044.7711    0 32036 26625.2460 25044.7711  5.94%   210 4644s
  1250     2 25044.7711    0 32025 26625.2460 25044.7711  5.94%   210 4672s
  1250     2 25044.7711    0 32022 26625.2460 25044.7711  5.94%   210 4770s
  1251     5 25044.7711   26 30878 26625.2460 25044.7711  5.94%   438 4788s
  1252     6 25513.8245   26 28795 26625.2460 25044.7711  5.94%   473 4816s
  1253     6 25046.0836   27 31571 26625.2460 25044.7711  5.94%   486 4830s
  1254     7 25520.9871   27 29447 26625.2460 25046.1014  5.93%   521 4857s
  1255     8 25171.2017   28 31212 26625.2460 25046.1376  5.93%   531 4867s
  1256     8 25680.4064   28 29244 26625.2460 25171.2503  5.46%   562 4892s
  1257     9 25304.2776   29 31285 26625.2460 25171.2940  5.46%   573 4903s
  1258    10 25737.9962   29 29051 26625.2460 25304.2829  4.96%   602 4928s
  1259    11 25779.8189   30 29254 26625.2460 25304.2931  4.96%   626 4949s
  1260    12 25599.4201   30 31379 26625.2460 25513.8246  4.17%   643 4965s
  1261    13 26139.2875   31 29456 26625.2460 25513.8246  4.17%   660 4981s
  1262    14 25795.9019   31 30404 26625.2460 25513.8246  4.17%   671 4991s
  1263    15 26293.7073   32 29037 26625.2460 25513.8246  4.17%   706 5046s
  1264    16 25978.5209   32 29973 26625.2460 25513.8246  4.17%   714 5054s
  1265    17 25981.3645   33 29973 26625.2460 25513.8246  4.17%   714 5055s
  1275    27 26248.2048   40 29271 26625.2460 25513.8246  4.17%   723 5070s
H 1276    26                    26624.586000 25513.8246  4.17%   723 5071s
  1281    33 26144.3383   44 29833 26624.5860 25513.8246  4.17%   728 5077s
  1288    40 26107.9445   48 29964 26624.5860 25513.8246  4.17%   726 5080s
  1293    45 26190.4778   52 29969 26624.5860 25513.8246  4.17%   731 5087s
  1295    47 26308.0519   53 29861 26624.5860 25513.8246  4.17%   740 5097s
  1300    52 26190.1339   56 29964 26624.5860 25513.8246  4.17%   741 5101s
  1303    55 26405.4867   58 30320 26624.5860 25513.8246  4.17%   749 5111s
  1304    56 26541.1290   58 29032 26624.5860 25513.8246  4.17%   765 5127s
  1305    55     cutoff   59      26624.5860 25513.8246  4.17%   773 5134s
  1306    56 26611.6377   59 29653 26624.5860 25513.8246  4.17%   781 5143s
  1309    53     cutoff   59      26624.5860 25513.8246  4.17%   785 5149s
  1310    52     cutoff   59      26624.5860 25513.8246  4.17%   786 5151s
  1311    53 25599.2565   27 28688 26624.5860 25513.8504  4.17%   792 5157s
  1312    54 25697.7934   28 29418 26624.5860 25513.8504  4.17%   799 5164s
  1313    55 26248.2396   28 26303 26624.5860 25513.8504  4.17%   826 5188s
  1314    56 25723.5790   29 28783 26624.5860 25513.8504  4.17%   828 5190s
  1316    56 25766.6880   30 28557 26624.5860 25513.8504  4.17%   832 5196s
  1318    56 25803.3462   31 28584 26624.5860 25513.8504  4.17%   836 5200s
  1321    55     cutoff   32      26624.5860 25513.8504  4.17%   843 5207s
  1322    56 25885.2164   33 28448 26624.5860 25513.8504  4.17%   845 5210s
  1324    56 25937.7970   34 28087 26624.5860 25513.8504  4.17%   849 5215s
  1325    55     cutoff   34      26624.5860 25513.8504  4.17%   856 5220s
  1328    56 26021.8099   36 27641 26624.5860 25513.8504  4.17%   861 5228s
  1330    56 26069.3114   37 27054 26624.5860 25513.8504  4.17%   865 5232s
  1332    56 26163.5216   38 27580 26624.5860 25513.8504  4.17%   872 5239s
  1333    57 26487.9008   38 25601 26624.5860 25513.8504  4.17%   884 5250s
  1335    58 26623.9348   39 25331 26624.5860 25513.8504  4.17%   899 5264s
  1336    59 26264.0587   40 26754 26624.5860 25513.8504  4.17%   901 5267s
  1338    59 26304.2733   41 26379 26624.5860 25513.8504  4.17%   903 5270s
  1341    58     cutoff   42      26624.5860 25513.8504  4.17%   907 5275s
  1343    58     cutoff   43      26624.5860 25513.8504  4.17%   914 5282s
  1344    59 26478.5954   44 26376 26624.5860 25513.8504  4.17%   916 5285s
  1348    59 26532.8777   46 26328 26624.5860 25513.8504  4.17%   921 5291s
  1356    65 26594.7692   52 26321 26624.5860 25513.8504  4.17%   918 5295s
  1365    64 26112.7508   27 27432 26624.5860 25520.9936  4.15%   941 5323s
  1366    65 26197.7080   28 27297 26624.5860 25520.9936  4.15%   946 5329s
  1367    66 26239.6448   29 27166 26624.5860 25520.9936  4.15%   948 5332s
  1368    67 26270.0371   30 26934 26624.5860 25520.9936  4.15%   950 5335s
  1370    69 26332.2574   32 26586 26624.5860 25520.9936  4.15%   954 5341s
  1372    71 26405.6960   34 25983 26624.5860 25520.9936  4.15%   959 5346s
  1376    75 26470.2724   38   75 26624.5860 25520.9936  4.15%   960 5350s
  1387    86 26582.7122   43   70 26624.5860 25520.9936  4.15%   956 5355s
  1402    87 26139.1878   28 26691 26624.5860 25520.9978  4.14%   966 5373s
  1403    88 26244.1634   29 26581 26624.5860 25520.9978  4.14%   971 5379s
  1404    89 26288.3567   30 26153 26624.5860 25520.9978  4.14%   974 5382s
  1405    90 26347.7620   31 26025 26624.5860 25520.9978  4.14%   977 5386s
  1425   110 26420.4646   41   87 26624.5860 25520.9978  4.14%   966 5390s
  1433   118 26472.0020   43   85 26624.5860 25520.9978  4.14%   967 5396s
  1435   120 26478.5180   43 26043 26624.5860 25520.9978  4.14%   969 5400s
  1452   137 26517.1104   49   82 26624.5860 25520.9978  4.14%   962 5405s
  1470   155 26551.0251   56   75 26624.5860 25520.9978  4.14%   954 5410s
  1481   166 26559.9547   59   74 26624.5860 25520.9978  4.14%   951 5415s
  1502   187 26572.6627   62   70 26624.5860 25520.9978  4.14%   940 5420s
  1528   205     cutoff   69      26624.5860 25520.9978  4.14%   927 5425s
  1537   200 25618.6089   28 28704 26624.5860 25618.6089  3.78%   930 5434s
  1538   201 25730.3702   29 29419 26624.5860 25618.6089  3.78%   936 5442s
  1539   202 25797.9720   30 29261 26624.5860 25618.6089  3.78%   938 5447s
  1540   203 25892.8593   31 29134 26624.5860 25618.6089  3.78%   942 5453s
  1541   204 26217.2722   29 27260 26624.5860 25680.4210  3.55%   956 5467s
  1542   205 25931.8136   32 29142 26624.5860 25680.4210  3.55%   959 5470s
  1544   207 26009.9318   34 28765 26624.5860 25680.4210  3.55%   963 5476s
  1545   208 26063.8657   35 28618 26624.5860 25680.4210  3.55%   966 5480s
  1547   210 26168.0123   37 28257 26624.5860 25680.4210  3.55%   970 5487s
  1548   211 26220.9841   38 27676 26624.5860 25680.4210  3.55%   973 5491s
  1550   211     cutoff   38      26624.5860 25680.4210  3.55%   977 5496s
  1553   212 26338.4855   41 26891 26624.5860 25680.4210  3.55%   982 5502s
  1555   212 26374.8914   42 27208 26624.5860 25680.4210  3.55%   983 5505s
  1560   211 26475.4325   44 26895 26624.5860 25680.4210  3.55%   986 5511s
  1562   213 26509.4260   46 26473 26624.5860 25680.4210  3.55%   988 5515s
  1566   217 26570.3120   49 26331 26624.5860 25680.4210  3.55%   990 5520s
  1579   224 26610.4288   54 26319 26624.5860 25680.4210  3.55%   985 5525s
  1590   221 25796.2823   29 29561 26624.5860 25680.5513  3.55%   987 5536s
  1591   222 25883.5934   30 28613 26624.5860 25680.5513  3.55%   992 5542s
  1592   223 25952.5998   31 29299 26624.5860 25680.5513  3.55%   995 5546s
  1593   224 26049.8156   32 29151 26624.5860 25680.5513  3.55%   999 5552s
  1594   225 26090.4281   33 28929 26624.5860 25680.5513  3.55%  1001 5556s
  1595   224     cutoff   31      26624.5860 25680.5513  3.55%  1022 5580s
  1597   226 26168.5291   35 28798 26624.5860 25680.5513  3.55%  1026 5586s
  1598   227 26222.8921   36 28657 26624.5860 25680.5513  3.55%  1028 5590s
  1600   229 26325.0867   38 28294 26624.5860 25680.5513  3.55%  1033 5597s
  1601   230 26375.9791   39 28152 26624.5860 25680.5513  3.55%  1035 5600s
  1603   232 26458.4630   41 27511 26624.5860 25680.5513  3.55%  1040 5607s
  1605   232 26497.9321   42 26895 26624.5860 25680.5513  3.55%  1042 5611s
  1608   231     cutoff   42      26624.5860 25680.5513  3.55%  1043 5615s
  1613   228     cutoff   44      26624.5860 25680.5513  3.55%  1044 5620s
  1614   229 26280.5018   29 25782 26624.5860 25730.4311  3.36%  1059 5635s
  1641   254     cutoff   56      26624.5860 25730.4311  3.36%  1045 5640s
  1666   249 26444.6240   30 27282 26624.5860 25738.0219  3.33%  1047 5663s
  1667   250 26485.9472   31 26935 26624.5860 25738.0219  3.33%  1049 5666s
  1669   252 26544.5587   33 26763 26624.5860 25738.0219  3.33%  1051 5670s
  1672   255 26609.8038   36 26110 26624.5860 25738.0219  3.33%  1054 5675s
  1677   252 25839.6150   30 28712 26624.5860 25738.0313  3.33%  1057 5683s
  1678   253 26458.6718   31 27277 26624.5860 25738.0313  3.33%  1071 5698s
  1680   253 26499.4860   32 27144 26624.5860 25738.0313  3.33%  1072 5701s
  1684   253 26557.3995   34 26468 26624.5860 25738.0313  3.33%  1073 5706s
  1692   253 26617.9891   37   80 26624.5860 25738.0313  3.33%  1071 5710s
  1695   252 26374.1976   30 25537 26624.5860 25779.8190  3.17%  1085 5727s
  1696   253 26464.2984   31 26779 26624.5860 25779.8190  3.17%  1088 5732s
  1697   254 26546.3843   32 26638 26624.5860 25779.8190  3.17%  1091 5736s
  1699   254     cutoff   34      26624.5860 25779.8190  3.17%  1093 5740s
  1703   252 25884.2367   31 29579 26624.5860 25779.8242  3.17%  1099 5751s
  1704   253 25970.4494   32 29433 26624.5860 25779.8242  3.17%  1103 5757s
  1705   254 26036.5254   33 29280 26624.5860 25779.8242  3.17%  1106 5762s
  1706   255 26134.2716   34 29156 26624.5860 25779.8242  3.17%  1110 5768s
  1707   256 26170.5290   35 28929 26624.5860 25779.8242  3.17%  1111 5771s
  1709   258 26257.6466   37 28869 26624.5860 25779.8242  3.17%  1114 5777s
  1710   259 26300.4167   38 28733 26624.5860 25779.8242  3.17%  1116 5780s
  1712   261 26397.8262   40 28337 26624.5860 25779.8242  3.17%  1121 5787s
  1713   262 26447.7214   41 28164 26624.5860 25779.8242  3.17%  1123 5791s
  1715   264 26528.5994   43 27528 26624.5860 25779.8242  3.17%  1127 5798s
  1716   265 26563.9599   44 27152 26624.5860 25779.8242  3.17%  1129 5800s
  1721   262 26401.8164   31 26896 26624.5860 25796.4590  3.11%  1147 5825s
  1722   263 26497.3206   32 26817 26624.5860 25796.4590  3.11%  1150 5830s
  1724   263     cutoff   34      26624.5860 25796.4590  3.11%  1155 5837s
  1726   261     cutoff   33      26624.5860 25796.4590  3.11%  1156 5840s
H 1731   257                    26593.216000 25796.4590  3.00%  1154 5842s
  1743   259 26399.7102   30 27284 26593.2160 25797.9795  2.99%  1163 5864s
  1744   258     cutoff   31      26593.2160 25797.9795  2.99%  1163 5865s
H 1747   248                    26584.941999 25797.9795  2.96%  1163 5871s
  1750   251 26537.9747   34 26559 26584.9420 25797.9795  2.96%  1168 5876s
  1755   248     cutoff   36      26584.9420 25797.9795  2.96%  1167 5880s
  1756   249 26339.9300   31 27274 26584.9420 25839.6444  2.80%  1184 5902s
  1757   250 26385.1254   32 27136 26584.9420 25839.6444  2.80%  1186 5905s
  1759   252 26446.3342   34 26523 26584.9420 25839.6444  2.80%  1188 5911s
  1761   253 26259.6003   38 58020 26584.9420 25839.6444  2.80%  1187 6186s
  1763   254 26472.2013   45 30658 26584.9420 25839.6444  2.80%  1185 6263s
  1764   255 26442.0460   43 31650 26584.9420 25839.6444  2.80%  1185 6277s
  1765   256 26248.2630   29 32137 26584.9420 25839.6444  2.80%  1184 6283s
  1766   256 25978.5369   33 32053 26584.9420 25839.6444  2.80%  1183 6287s
  1767   257 26222.9861   37 32030 26584.9420 25839.6444  2.80%  1183 6311s
  1769   258 26395.1128   38 32008 26584.9420 25839.6444  2.80%  1181 6336s
  1771   260 26513.0112   49 31998 26584.9420 25839.6444  2.80%  1180 6363s
  1772   260 26438.3692   41 31999 26584.9420 25839.6444  2.80%  1179 6367s
  1773   261 26554.0214   57 31994 26584.9420 25839.6444  2.80%  1179 6391s
  1774   262 26011.9693   37 32007 26584.9420 25839.6444  2.80%  1178 6396s
  1775   262 26529.3191   53 32004 26584.9420 25839.6444  2.80%  1177 6419s
  1776   263 26065.0329   43 31999 26584.9420 25839.6444  2.80%  1177 6421s
  1777   264 26532.4303   50 31997 26584.9420 25839.6444  2.80%  1176 6444s
  1778   264 26057.4247   41 31997 26584.9420 25839.6444  2.80%  1175 6520s
  1779   267 25839.6444   40 31860 26584.9420 25839.6444  2.80%  1338 6541s
  1780   268 26401.8301   40 28454 26584.9420 25839.6444  2.80%  1359 6578s
  1782   269 25839.6444   41 31859 26584.9420 25839.6444  2.80%  1358 6581s
  1788   273 25839.6444   44 31859 26584.9420 25839.6444  2.80%  1354 6585s
  1791   275 25839.6444   46 31515 26584.9420 25839.6444  2.80%  1357 6598s
  1792   276 25839.6444   46 27769 26584.9420 25839.6444  2.80%  1378 6632s
  1793   276 25839.6444   47 31185 26584.9420 25839.6444  2.80%  1383 6640s
  1794   277 25839.6444   47 28494 26584.9420 25839.6444  2.80%  1404 6671s
  1795   278 25839.6444   48 31027 26584.9420 25839.6444  2.80%  1411 6681s
  1796   278 25839.6444   48 28483 26584.9420 25839.6444  2.80%  1429 6717s
  1797   279 25839.6444   49 31088 26584.9420 25839.6444  2.80%  1434 6727s
  1798   280 25843.6925   49 28491 26584.9420 25839.6444  2.80%  1456 6760s
  1799   280 25839.6444   50 30561 26584.9420 25839.6444  2.80%  1461 6770s
  1800   281 25887.5518   50 28495 26584.9420 25839.6444  2.80%  1479 6798s
  1801   282 25839.6444   51 30887 26584.9420 25839.6444  2.80%  1489 6815s
  1802   282 25942.2066   51 28506 26584.9420 25839.6444  2.80%  1503 6854s
  1803   283 25950.7673   52 30720 26584.9420 25839.6444  2.80%  1509 6865s
  1804   284 26295.1294   52 28507 26584.9420 25839.6444  2.80%  1525 6888s
  1805   284 26124.3074   53 30491 26584.9420 25839.6444  2.80%  1529 6897s
  1806   285 26458.6226   53 28460 26584.9420 25839.6444  2.80%  1539 6911s
  1807   286 26299.5719   54 29403 26584.9420 25839.6444  2.80%  1543 6919s
  1808   286 26525.6794   54 28484 26584.9420 25839.6444  2.80%  1552 6934s
  1809   287 26383.9323   55 29289 26584.9420 25839.6444  2.80%  1555 6941s
  1811   286 26454.1989   56 29146 26584.9420 25839.6444  2.80%  1560 6949s
  1812   285     cutoff   56      26584.9420 25839.6444  2.80%  1559 6950s
  1814   282     cutoff   57      26584.9420 25839.6444  2.80%  1562 6957s
  1816   284 25839.6444   45 31522 26584.9420 25839.6444  2.80%  1567 6968s
  1817   284 25839.6444   45 27774 26584.9420 25839.6444  2.80%  1590 7000s
  1818   285 25839.6444   46 31198 26584.9420 25839.6444  2.80%  1594 7007s
  1819   286 25839.6444   46 28498 26584.9420 25839.6444  2.80%  1617 7043s
  1820   286 25839.6444   47 31037 26584.9420 25839.6444  2.80%  1620 7048s
  1821   287 25839.6444   47 28487 26584.9420 25839.6444  2.80%  1637 7091s
  1822   288 25839.6444   48 30877 26584.9420 25839.6444  2.80%  1643 7102s
  1823   288 25839.6444   48 28496 26584.9420 25839.6444  2.80%  1658 7124s
  1824   289 25839.6444   49 30563 26584.9420 25839.6444  2.80%  1665 7137s
  1825   290 25874.7067   49 28498 26584.9420 25839.6444  2.80%  1679 7158s
  1826   290 25839.6444   50 30890 26584.9420 25839.6444  2.80%  1689 7177s

Cutting planes:
  Gomory: 21
  Cover: 457
  Clique: 238
  MIR: 154
  StrongCG: 29
  Flow cover: 43
  Zero half: 6
  RLT: 2

Explored 1827 nodes (7123202 simplex iterations) in 7200.04 seconds (11759.42 work units)
Thread count was 1 (of 224 available processors)

Solution count 10: 26584.9 26593.2 26624.6 ... 26705

Time limit reached
Best objective 2.658494199791e+04, best bound 2.583964437416e+04, gap 2.8035%

Gurobi 10.0.2 (linux64) logging started Tue Sep  5 17:37:59 2023

Set parameter LogFile to value "../reopt_p2/problem2_45.log"
Set parameter TimeLimit to value 600
Gurobi Optimizer version 10.0.2 build v10.0.2rc0 (linux64)

CPU model: Intel(R) Xeon(R) Platinum 8280 CPU @ 2.70GHz, instruction set [SSE2|AVX|AVX2|AVX512]
Thread count: 112 physical cores, 112 logical processors, using up to 32 threads

Optimize a model with 142694 rows, 297218 columns and 517344 nonzeros
Model fingerprint: 0x1751c883
Variable types: 0 continuous, 297218 integer (297218 binary)
Coefficient statistics:
  Matrix range     [1e-01, 4e+01]
  Objective range  [4e-01, 6e+01]
  Bounds range     [1e+00, 1e+00]
  RHS range        [1e+00, 1e+00]
Presolve removed 47606 rows and 98337 columns (presolve time = 110s) ...
Presolve removed 47606 rows and 98337 columns
Presolve time: 110.42s
Presolved: 95088 rows, 198881 columns, 395690 nonzeros
Variable types: 0 continuous, 198881 integer (198881 binary)
Found heuristic solution: objective 48752.126000
Deterministic concurrent LP optimizer: primal and dual simplex
Showing first log only...


Root simplex log...

Iteration    Objective       Primal Inf.    Dual Inf.      Time
       0    3.4558138e+03   4.000000e+00   5.793944e+07    112s
       4    2.5022233e+04   0.000000e+00   4.567143e+04    112s
    4087    1.5689450e+04   0.000000e+00   0.000000e+00    112s
Concurrent spin time: 0.02s

Solved with dual simplex

Use crossover to convert LP symmetric solution to basic solution...

Root crossover log...

       0 DPushes remaining with DInf 0.0000000e+00               112s

       0 PPushes remaining with PInf 0.0000000e+00               112s

  Push phase complete: Pinf 0.0000000e+00, Dinf 1.0247081e-11    112s


Root simplex log...

Iteration    Objective       Primal Inf.    Dual Inf.      Time
    3437    1.5689450e+04   0.000000e+00   0.000000e+00    112s
    4014    1.5689450e+04   0.000000e+00   0.000000e+00    112s
Extra simplex iterations after uncrush: 577

Root relaxation: objective 1.568945e+04, 4014 iterations, 1.22 seconds (0.58 work units)

    Nodes    |    Current Node    |     Objective Bounds      |     Work
 Expl Unexpl |  Obj  Depth IntInf | Incumbent    BestBd   Gap | It/Node Time

     0     0 15689.4497    0 1896 48752.1260 15689.4497  67.8%     -  115s
H    0     0                    26870.322000 15689.4497  41.6%     -  116s
H    0     0                    26845.104000 15689.4497  41.6%     -  116s
     0     0 16966.3885    0 1853 26845.1040 16966.3885  36.8%     -  121s
H    0     0                    26713.574000 16966.3885  36.5%     -  123s
     0     0 16983.7503    0 1854 26713.5740 16983.7503  36.4%     -  123s
     0     0 16983.8950    0 1852 26713.5740 16983.8950  36.4%     -  124s
     0     0 17962.4281    0 1910 26713.5740 17962.4281  32.8%     -  129s
     0     0 17988.1127    0 1911 26713.5740 17988.1127  32.7%     -  130s
     0     0 17990.2646    0 1902 26713.5740 17990.2646  32.7%     -  131s
     0     0 18626.2937    0 2940 26713.5740 18626.2937  30.3%     -  135s
H    0     0                    26708.330000 18626.2937  30.3%     -  136s
     0     0 18707.9560    0 1752 26708.3300 18707.9560  30.0%     -  137s
     0     0 18716.7028    0 1740 26708.3300 18716.7028  29.9%     -  138s
     0     0 19631.6191    0 6594 26708.3300 19631.6191  26.5%     -  147s
H    0     0                    26705.024000 19631.6191  26.5%     -  148s
     0     0 19867.1876    0 9579 26705.0240 19867.1876  25.6%     -  154s
     0     0 19873.7472    0 3600 26705.0240 19873.7472  25.6%     -  158s
     0     0 19881.7088    0 3580 26705.0240 19881.7088  25.6%     -  159s
     0     0 19882.4997    0 2423 26705.0240 19882.4997  25.5%     -  160s
     0     0 20168.4119    0 5352 26705.0240 20168.4119  24.5%     -  168s
     0     0 20364.2708    0 5726 26705.0240 20364.2708  23.7%     -  177s
     0     0 20414.0808    0 3113 26705.0240 20414.0808  23.6%     -  181s
     0     0 20454.8365    0 1503 26705.0240 20454.8365  23.4%     -  184s
     0     0 20463.9576    0 1506 26705.0240 20463.9576  23.4%     -  185s
     0     0 20463.9576    0 1508 26705.0240 20463.9576  23.4%     -  186s
     0     0 20657.7010    0 15938 26705.0240 20657.7010  22.6%     -  197s
     0     0 20884.2190    0 20412 26705.0240 20884.2190  21.8%     -  218s
     0     0 20919.1622    0 17156 26705.0240 20919.1622  21.7%     -  226s
     0     0 20950.3662    0 18860 26705.0240 20950.3662  21.5%     -  234s
     0     0 20963.0216    0 18042 26705.0240 20963.0216  21.5%     -  240s
     0     0 20965.2516    0 18120 26705.0240 20965.2516  21.5%     -  245s
     0     0 20968.1351    0 17487 26705.0240 20968.1351  21.5%     -  250s
     0     0 20969.3732    0 18134 26705.0240 20969.3732  21.5%     -  253s
     0     0 20976.9380    0 17792 26705.0240 20976.9380  21.4%     -  254s
     0     0 20977.2646    0 18148 26705.0240 20977.2646  21.4%     -  254s
     0     0 21610.0571    0 29205 26705.0240 21610.0571  19.1%     -  328s
H    0     0                    26673.192000 21610.0571  19.0%     -  329s
     0     0 21840.6113    0 36124 26673.1920 21840.6113  18.1%     -  385s
     0     0 21887.7395    0 35604 26673.1920 21887.7395  17.9%     -  404s
     0     0 21906.7384    0 35854 26673.1920 21906.7384  17.9%     -  420s
     0     0 21927.3485    0 37011 26673.1920 21927.3485  17.8%     -  436s
     0     0 21934.5304    0 35186 26673.1920 21934.5304  17.8%     -  448s
     0     0 21948.0011    0 37990 26673.1920 21948.0011  17.7%     -  464s
     0     0 21951.0381    0 38033 26673.1920 21951.0381  17.7%     -  476s
     0     0 21951.9017    0 37815 26673.1920 21951.9017  17.7%     -  487s
     0     0          -    0      26673.1920 21951.9017  17.7%     -  600s

Cutting planes:
  Gomory: 93
  Cover: 13117
  Clique: 3013
  MIR: 1600
  StrongCG: 79
  Zero half: 3
  RLT: 1

Explored 1 nodes (174888 simplex iterations) in 600.09 seconds (311.71 work units)
Thread count was 32 (of 112 available processors)

Solution count 7: 26673.2 26705 26708.3 ... 48752.1

Time limit reached
Best objective 2.667319200000e+04, best bound 2.195190174531e+04, gap 17.7005%

Gurobi 10.0.2 (linux64) logging started Wed Sep  6 16:19:39 2023

Set parameter LogFile to value "../reopt_p2/problem2_45.log"
Set parameter TimeLimit to value 600
Set parameter Threads to value 30
Gurobi Optimizer version 10.0.2 build v10.0.2rc0 (linux64)

CPU model: Intel(R) Xeon(R) Platinum 8280 CPU @ 2.70GHz, instruction set [SSE2|AVX|AVX2|AVX512]
Thread count: 112 physical cores, 112 logical processors, using up to 30 threads

Optimize a model with 142694 rows, 297218 columns and 517344 nonzeros
Model fingerprint: 0x1751c883
Variable types: 0 continuous, 297218 integer (297218 binary)
Coefficient statistics:
  Matrix range     [1e-01, 4e+01]
  Objective range  [4e-01, 6e+01]
  Bounds range     [1e+00, 1e+00]
  RHS range        [1e+00, 1e+00]
Presolve removed 47606 rows and 98337 columns (presolve time = 35s) ...
Presolve removed 47606 rows and 98337 columns
Presolve time: 34.78s
Presolved: 95088 rows, 198881 columns, 395690 nonzeros
Variable types: 0 continuous, 198881 integer (198881 binary)
Found heuristic solution: objective 48752.126000
Deterministic concurrent LP optimizer: primal and dual simplex
Showing first log only...


Root simplex log...

Iteration    Objective       Primal Inf.    Dual Inf.      Time
       0    3.4558138e+03   4.000000e+00   5.793944e+07     36s
       4    2.5022233e+04   0.000000e+00   4.567143e+04     36s
    4087    1.5689450e+04   0.000000e+00   0.000000e+00     36s
Concurrent spin time: 0.02s

Solved with dual simplex

Use crossover to convert LP symmetric solution to basic solution...

Root crossover log...

       0 DPushes remaining with DInf 0.0000000e+00                36s

       0 PPushes remaining with PInf 0.0000000e+00                36s

  Push phase complete: Pinf 0.0000000e+00, Dinf 1.0247081e-11     36s


Root simplex log...

Iteration    Objective       Primal Inf.    Dual Inf.      Time
    3437    1.5689450e+04   0.000000e+00   0.000000e+00     36s
    4014    1.5689450e+04   0.000000e+00   0.000000e+00     36s
Extra simplex iterations after uncrush: 577

Root relaxation: objective 1.568945e+04, 4014 iterations, 0.62 seconds (0.58 work units)

    Nodes    |    Current Node    |     Objective Bounds      |     Work
 Expl Unexpl |  Obj  Depth IntInf | Incumbent    BestBd   Gap | It/Node Time

     0     0 15689.4497    0 1896 48752.1260 15689.4497  67.8%     -   36s
H    0     0                    26870.322000 15689.4497  41.6%     -   37s
H    0     0                    26845.104000 15689.4497  41.6%     -   37s
     0     0 16966.3885    0 1853 26845.1040 16966.3885  36.8%     -   39s
H    0     0                    26713.574000 16966.3885  36.5%     -   39s
     0     0 16983.7503    0 1854 26713.5740 16983.7503  36.4%     -   40s
     0     0 16983.8950    0 1852 26713.5740 16983.8950  36.4%     -   40s
     0     0 17962.4281    0 1910 26713.5740 17962.4281  32.8%     -   42s
     0     0 17988.1127    0 1911 26713.5740 17988.1127  32.7%     -   43s
     0     0 17990.2646    0 1902 26713.5740 17990.2646  32.7%     -   43s
     0     0 18626.2937    0 2940 26713.5740 18626.2937  30.3%     -   45s
H    0     0                    26708.330000 18626.2937  30.3%     -   46s
     0     0 18707.9560    0 1752 26708.3300 18707.9560  30.0%     -   46s
     0     0 18716.7028    0 1740 26708.3300 18716.7028  29.9%     -   47s
     0     0 19631.6191    0 6594 26708.3300 19631.6191  26.5%     -   51s
H    0     0                    26705.024000 19631.6191  26.5%     -   51s
     0     0 19867.1876    0 9579 26705.0240 19867.1876  25.6%     -   54s
     0     0 19873.7472    0 3600 26705.0240 19873.7472  25.6%     -   56s
     0     0 19881.7088    0 3580 26705.0240 19881.7088  25.6%     -   57s
     0     0 19882.4997    0 2423 26705.0240 19882.4997  25.5%     -   57s
     0     0 20168.4119    0 5352 26705.0240 20168.4119  24.5%     -   61s
     0     0 20364.2708    0 5726 26705.0240 20364.2708  23.7%     -   66s
     0     0 20414.0808    0 3113 26705.0240 20414.0808  23.6%     -   68s
     0     0 20454.8365    0 1503 26705.0240 20454.8365  23.4%     -   70s
     0     0 20463.9576    0 1506 26705.0240 20463.9576  23.4%     -   70s
     0     0 20463.9576    0 1508 26705.0240 20463.9576  23.4%     -   71s
     0     0 20657.7010    0 15938 26705.0240 20657.7010  22.6%     -   76s
     0     0 20884.2190    0 20412 26705.0240 20884.2190  21.8%     -   87s
     0     0 20919.1622    0 17156 26705.0240 20919.1622  21.7%     -   91s
     0     0 20950.3662    0 18860 26705.0240 20950.3662  21.5%     -   94s
     0     0 20963.0216    0 18042 26705.0240 20963.0216  21.5%     -   97s
     0     0 20965.2516    0 18120 26705.0240 20965.2516  21.5%     -   99s
     0     0 20968.1351    0 17487 26705.0240 20968.1351  21.5%     -  101s
     0     0 20969.3732    0 18134 26705.0240 20969.3732  21.5%     -  102s
     0     0 20976.9380    0 17792 26705.0240 20976.9380  21.4%     -  103s
     0     0 20977.2646    0 18148 26705.0240 20977.2646  21.4%     -  103s
     0     0 21610.0571    0 29205 26705.0240 21610.0571  19.1%     -  132s
H    0     0                    26673.192000 21610.0571  19.0%     -  133s
     0     0 21840.6113    0 36124 26673.1920 21840.6113  18.1%     -  153s
     0     0 21887.7395    0 35604 26673.1920 21887.7395  17.9%     -  160s
     0     0 21906.7384    0 35854 26673.1920 21906.7384  17.9%     -  166s
     0     0 21927.3485    0 37011 26673.1920 21927.3485  17.8%     -  173s
     0     0 21934.5304    0 35186 26673.1920 21934.5304  17.8%     -  177s
     0     0 21948.0011    0 37990 26673.1920 21948.0011  17.7%     -  183s
     0     0 21951.0381    0 38033 26673.1920 21951.0381  17.7%     -  188s
     0     0 21951.9017    0 37815 26673.1920 21951.9017  17.7%     -  191s
     0     0 22452.0285    0 35647 26673.1920 22452.0285  15.8%     -  244s
H    0     0                    26655.990000 22452.0285  15.8%     -  245s
     0     0 22562.5578    0 43497 26655.9900 22562.5578  15.4%     -  266s
     0     0 22606.0689    0 35124 26655.9900 22606.0689  15.2%     -  279s
     0     0 22648.5862    0 42518 26655.9900 22648.5862  15.0%     -  288s
     0     0 22663.2928    0 35418 26655.9900 22663.2928  15.0%     -  293s
     0     0 22671.5463    0 35426 26655.9900 22671.5463  14.9%     -  297s
     0     0 22674.5617    0 34601 26655.9900 22674.5617  14.9%     -  300s
     0     0 22676.8153    0 34451 26655.9900 22676.8153  14.9%     -  302s
     0     0 22899.1512    0 47162 26655.9900 22899.1512  14.1%     -  344s
H    0     0                    26627.976000 22899.1512  14.0%     -  345s
     0     0 22965.1924    0 47368 26627.9760 22965.1924  13.8%     -  356s
     0     0 22991.6602    0 51412 26627.9760 22991.6602  13.7%     -  366s
     0     0 23005.2377    0 49866 26627.9760 23005.2377  13.6%     -  371s
     0     0 23013.6281    0 52108 26627.9760 23013.6281  13.6%     -  375s
     0     0 23017.4037    0 52019 26627.9760 23017.4037  13.6%     -  377s
     0     0 23018.4493    0 52025 26627.9760 23018.4493  13.6%     -  378s
     0     0 23281.1878    0 38422 26627.9760 23281.1878  12.6%     -  408s
     0     0 23313.1485    0 47404 26627.9760 23313.1485  12.4%     -  418s
     0     0 23364.9992    0 43489 26627.9760 23364.9992  12.3%     -  428s
     0     0 23393.5867    0 54859 26627.9760 23393.5867  12.1%     -  436s
     0     0 23421.7318    0 55438 26627.9760 23421.7318  12.0%     -  440s
     0     0 23426.9954    0 54806 26627.9760 23426.9954  12.0%     -  443s
     0     0 23431.7884    0 55351 26627.9760 23431.7884  12.0%     -  445s
     0     0 23434.2274    0 39509 26627.9760 23434.2274  12.0%     -  446s
     0     0 23495.1522    0 54268 26627.9760 23495.1522  11.8%     -  461s
H    0     0                    26625.246000 23495.1522  11.8%     -  462s
     0     0 23540.2162    0 56288 26625.2460 23540.2162  11.6%     -  469s
     0     0 23551.8576    0 56297 26625.2460 23551.8576  11.5%     -  473s
     0     0 23557.6453    0 56188 26625.2460 23557.6453  11.5%     -  476s
     0     0 23560.0844    0 56254 26625.2460 23560.0844  11.5%     -  478s
     0     0 23739.9362    0 43250 26625.2460 23739.9362  10.8%     -  499s
     0     0 23777.5349    0 54295 26625.2460 23777.5349  10.7%     -  510s
     0     0 23794.8242    0 56798 26625.2460 23794.8242  10.6%     -  515s
     0     0 23804.8225    0 38258 26625.2460 23804.8225  10.6%     -  518s
     0     0 23807.4506    0 38396 26625.2460 23807.4506  10.6%     -  519s
     0     0 23829.0685    0 56519 26625.2460 23829.0685  10.5%     -  526s
     0     0 23881.3609    0 57754 26625.2460 23881.3609  10.3%     -  535s
     0     0 23895.1910    0 57723 26625.2460 23895.1910  10.3%     -  539s
     0     0 23902.3785    0 57222 26625.2460 23902.3785  10.2%     -  541s
     0     0 23909.0049    0 56920 26625.2460 23909.0049  10.2%     -  543s
     0     0 23913.9213    0 57248 26625.2460 23913.9213  10.2%     -  544s
     0     0 23914.8186    0 57263 26625.2460 23914.8186  10.2%     -  545s
     0     0 23996.1334    0 37531 26625.2460 23996.1334  9.87%     -  555s
     0     0 24076.9301    0 60117 26625.2460 24076.9301  9.57%     -  570s
     0     0 24093.8133    0 59959 26625.2460 24093.8133  9.51%     -  574s
     0     0 24098.9870    0 60247 26625.2460 24098.9870  9.49%     -  577s
     0     0 24100.0695    0 58807 26625.2460 24100.0695  9.48%     -  578s
     0     0 24164.4068    0 60085 26625.2460 24164.4068  9.24%     -  591s
     0     0 24183.8487    0 59915 26625.2460 24183.8487  9.17%     -  597s
     0     0 24190.5796    0 60179 26625.2460 24190.5796  9.14%     -  599s

Cutting planes:
  Gomory: 97
  Cover: 19771
  Clique: 4477
  MIR: 1915
  StrongCG: 60
  Zero half: 6
  RLT: 1

Explored 1 nodes (474688 simplex iterations) in 600.07 seconds (1079.97 work units)
Thread count was 30 (of 112 available processors)

Solution count 10: 26625.2 26628 26656 ... 48752.1

Time limit reached
Best objective 2.662524600000e+04, best bound 2.419057964910e+04, gap 9.1442%
