
Gurobi 9.5.1 (linux64, gurobi_cl) logging started Tue Jan 31 16:44:07 2023

Set parameter Username
Set parameter TimeLimit to value 7200
Set parameter LogFile to value "./log/reopt_p2/problem2_0.log"
Set parameter Threads to value 1
Academic license - for non-commercial use only - expires 2023-07-13
Using license file /opt/gurobi951/linux64/gurobi.lic

Gurobi Optimizer version 9.5.1 build v9.5.1rc2 (linux64)
Copyright (c) 2022, Gurobi Optimization, LLC

Read MPS format model from file ./ins/reopt_p2/problem2_0.mps.mps.gz
Reading time = 0.24 seconds
problem_: 73440 rows, 156140 columns, 249332 nonzeros
Thread count: 112 physical cores, 224 logical processors, using up to 1 threads
Optimize a model with 73440 rows, 156140 columns and 249332 nonzeros
Model fingerprint: 0xe1c64ae2
Variable types: 0 continuous, 156140 integer (156140 binary)
Coefficient statistics:
  Matrix range     [1e+00, 3e+01]
  Objective range  [4e-01, 6e+01]
  Bounds range     [1e+00, 1e+00]
  RHS range        [1e+00, 1e+00]
Presolve removed 32713 rows and 72916 columns (presolve time = 8s) ...
Presolve removed 32713 rows and 72916 columns
Presolve time: 8.28s
Presolved: 40727 rows, 83224 columns, 165560 nonzeros
Variable types: 0 continuous, 83224 integer (83224 binary)
Found heuristic solution: objective 27830.854000

Root simplex log...

Iteration    Objective       Primal Inf.    Dual Inf.      Time
       0    7.6076894e+03   3.450000e+02   0.000000e+00      9s
    2960    1.0774639e+04   0.000000e+00   0.000000e+00      9s
    2960    1.0774639e+04   0.000000e+00   0.000000e+00      9s

Use crossover to convert LP symmetric solution to basic solution...

Root crossover log...

       0 DPushes remaining with DInf 0.0000000e+00                 9s

      31 PPushes remaining with PInf 0.0000000e+00                 9s
       0 PPushes remaining with PInf 0.0000000e+00                 9s

  Push phase complete: Pinf 0.0000000e+00, Dinf 1.4174061e+00      9s


Root simplex log...

Iteration    Objective       Primal Inf.    Dual Inf.      Time
    3968    1.0774639e+04   0.000000e+00   1.417406e+00      9s
    3977    1.0774639e+04   0.000000e+00   0.000000e+00      9s
    4844    1.0774639e+04   0.000000e+00   0.000000e+00      9s
Extra simplex iterations after uncrush: 867

Root relaxation: objective 1.077464e+04, 4844 iterations, 0.46 seconds (0.33 work units)

    Nodes    |    Current Node    |     Objective Bounds      |     Work
 Expl Unexpl |  Obj  Depth IntInf | Incumbent    BestBd   Gap | It/Node Time

     0     0 10774.6387    0 1249 27830.8540 10774.6387  61.3%     -    9s
H    0     0                    16441.498000 10774.6387  34.5%     -    9s
H    0     0                    16233.238000 10774.6387  33.6%     -    9s
     0     0 11898.9158    0  966 16233.2380 11898.9158  26.7%     -   10s
H    0     0                    16211.944000 11898.9158  26.6%     -   11s
     0     0 11904.4971    0  965 16211.9440 11904.4971  26.6%     -   11s
     0     0 12385.5470    0 1760 16211.9440 12385.5470  23.6%     -   12s
     0     0 12396.2268    0 1057 16211.9440 12396.2268  23.5%     -   12s
     0     0 12396.2485    0 1057 16211.9440 12396.2485  23.5%     -   13s
     0     0 12677.9368    0  813 16211.9440 12677.9368  21.8%     -   13s
H    0     0                    16204.186000 12677.9368  21.8%     -   14s
     0     0 12813.8601    0 1205 16204.1860 12813.8601  20.9%     -   14s
     0     0 12815.7097    0  915 16204.1860 12815.7097  20.9%     -   14s
     0     0 12815.7097    0  919 16204.1860 12815.7097  20.9%     -   14s
     0     0 13170.0176    0 2191 16204.1860 13170.0176  18.7%     -   16s
     0     0 13265.2481    0 4291 16204.1860 13265.2481  18.1%     -   17s
     0     0 13275.1450    0 3570 16204.1860 13275.1450  18.1%     -   17s
     0     0 13278.3801    0 3014 16204.1860 13278.3801  18.1%     -   18s
     0     0 13278.4338    0 3737 16204.1860 13278.4338  18.1%     -   18s
     0     0 13589.3345    0 4535 16204.1860 13589.3345  16.1%     -   20s
H    0     0                    16144.080000 13589.3345  15.8%     -   20s
     0     0 13698.7907    0 7598 16144.0800 13698.7907  15.1%     -   22s
     0     0 13723.6753    0 7185 16144.0800 13723.6753  15.0%     -   23s
     0     0 13727.7386    0 7380 16144.0800 13727.7386  15.0%     -   23s
     0     0 13731.9392    0 7420 16144.0800 13731.9392  14.9%     -   23s
     0     0 13733.9576    0 7417 16144.0800 13733.9576  14.9%     -   24s
     0     0 13734.9600    0 7424 16144.0800 13734.9600  14.9%     -   24s
     0     0 13735.7133    0 7433 16144.0800 13735.7133  14.9%     -   24s
     0     0 13735.9228    0 7435 16144.0800 13735.9228  14.9%     -   24s
     0     0 14145.1592    0 9935 16144.0800 14145.1592  12.4%     -   30s
H    0     0                    16127.358000 14145.1592  12.3%     -   30s
     0     0 14222.9482    0 11793 16127.3580 14222.9482  11.8%     -   33s
     0     0 14258.4263    0 13249 16127.3580 14258.4263  11.6%     -   35s
     0     0 14268.8725    0 13103 16127.3580 14268.8725  11.5%     -   36s
     0     0 14273.0677    0 13297 16127.3580 14273.0677  11.5%     -   36s
     0     0 14275.1166    0 13240 16127.3580 14275.1166  11.5%     -   37s
     0     0 14276.0335    0 13480 16127.3580 14276.0335  11.5%     -   37s
     0     0 14276.3732    0 13241 16127.3580 14276.3732  11.5%     -   37s
     0     0 14627.0508    0 16925 16127.3580 14627.0508  9.30%     -   48s
H    0     0                    16080.690000 14627.0508  9.04%     -   48s
     0     0 14711.7967    0 17602 16080.6900 14711.7967  8.51%     -   51s
     0     0 14742.4326    0 17890 16080.6900 14742.4326  8.32%     -   54s
     0     0 14748.7373    0 18313 16080.6900 14748.7373  8.28%     -   55s
     0     0 14751.9684    0 18064 16080.6900 14751.9684  8.26%     -   56s
     0     0 14753.3881    0 18282 16080.6900 14753.3881  8.25%     -   56s
     0     0 14753.7653    0 18271 16080.6900 14753.7653  8.25%     -   57s
     0     0 15055.7739    0 16187 16080.6900 15055.7739  6.37%     -   67s
     0     0 15088.2803    0 17045 16080.6900 15088.2803  6.17%     -   69s
     0     0 15104.3616    0 17198 16080.6900 15104.3616  6.07%     -   70s
     0     0 15116.4226    0 17210 16080.6900 15116.4226  6.00%     -   72s
     0     0 15119.3922    0 17424 16080.6900 15119.3922  5.98%     -   73s
     0     0 15120.6763    0 17320 16080.6900 15120.6763  5.97%     -   73s
     0     0 15225.0310    0 18959 16080.6900 15225.0310  5.32%     -   81s
H    0     0                    16063.872000 15225.0310  5.22%     -   81s
     0     0 15249.3174    0 16578 16063.8720 15249.3174  5.07%     -   82s
     0     0 15254.5417    0 16462 16063.8720 15254.5417  5.04%     -   83s
     0     0 15264.1119    0 17561 16063.8720 15264.1119  4.98%     -   84s
     0     0 15267.1203    0 18133 16063.8720 15267.1203  4.96%     -   85s
     0     0 15268.1536    0 17605 16063.8720 15268.1536  4.95%     -   85s
     0     0 15343.8913    0 19456 16063.8720 15343.8913  4.48%     -   90s
     0     0 15361.5390    0 16814 16063.8720 15361.5390  4.37%     -   92s
     0     0 15369.6427    0 21033 16063.8720 15369.6427  4.32%     -   93s
     0     0 15374.1918    0 16864 16063.8720 15374.1918  4.29%     -   93s
     0     0 15375.7820    0 21068 16063.8720 15375.7820  4.28%     -   94s
     0     0 15427.6267    0 16728 16063.8720 15427.6267  3.96%     -   98s
     0     0 15429.8868    0 16770 16063.8720 15429.8868  3.95%     -   99s
     0     0 15434.2317    0 16793 16063.8720 15434.2317  3.92%     -   99s
     0     0 15434.3963    0 16812 16063.8720 15434.3963  3.92%     -  100s
     0     0 15455.9411    0 16574 16063.8720 15455.9411  3.78%     -  102s
     0     0 15456.6518    0 16628 16063.8720 15456.6518  3.78%     -  103s
     0     0 15459.9047    0 16545 16063.8720 15459.9047  3.76%     -  104s
     0     0 15459.9047    0 16532 16063.8720 15459.9047  3.76%     -  106s
     0     0 15460.1471    0 2406 16063.8720 15460.1471  3.76%     -  130s
     0     0 15460.1471    0 10248 16063.8720 15460.1471  3.76%     -  136s
     0     0 15460.1471    0 16097 16063.8720 15460.1471  3.76%     -  140s
     0     0 15479.0086    0 16195 16063.8720 15479.0086  3.64%     -  143s
     0     0 15488.5964    0 16145 16063.8720 15488.5964  3.58%     -  144s
     0     0 15491.8191    0 16117 16063.8720 15491.8191  3.56%     -  145s
     0     0 15492.0287    0 16122 16063.8720 15492.0287  3.56%     -  146s
     0     0 15492.2348    0 16115 16063.8720 15492.2348  3.56%     -  147s
     0     0 15492.2348    0 16117 16063.8720 15492.2348  3.56%     -  147s
     0     0 15494.2658    0 16117 16063.8720 15494.2658  3.55%     -  152s
     0     0 15494.8466    0 16122 16063.8720 15494.8466  3.54%     -  153s
     0     0 15495.1147    0 16126 16063.8720 15495.1147  3.54%     -  154s
     0     0 15495.1271    0 16126 16063.8720 15495.1271  3.54%     -  154s
     0     0 15495.3579    0 16131 16063.8720 15495.3579  3.54%     -  158s
     0     0 15495.4133    0 16134 16063.8720 15495.4133  3.54%     -  158s
     0     0 15495.5079    0 16133 16063.8720 15495.5079  3.54%     -  161s
     0     0 15495.5079    0 16133 16063.8720 15495.5079  3.54%     -  161s
     0     0 15495.5079    0 16134 16063.8720 15495.5079  3.54%     -  165s
     0     0 15495.5079    0 16120 16063.8720 15495.5079  3.54%     -  169s
     0     2 15496.0866    0 16118 16063.8720 15496.0866  3.53%     -  179s
     1     4 15571.1214    1 15993 16063.8720 15496.0866  3.53% 19318  181s
H   27    26                    16050.358000 15571.1458  2.99%  1011  185s
H   52    50                    16044.874000 15571.1458  2.95%   557  186s
H   54    52                    16037.998000 15571.1458  2.91%   540  186s
   100    88 15671.1335    3 15278 16037.9980 15571.3654  2.91%   368  191s
H  104    87                    16019.152000 15571.3654  2.80%   402  193s
   140   123 16004.4135   28   76 16019.1520 15571.3654  2.80%   320  195s
   201   168 15876.6040    5 2467 16019.1520 15642.4414  2.35%   286  200s
   289   234 15818.7638    5 2067 16019.1520 15646.9398  2.32%   225  205s
   377   304 15803.3979    3 1849 16019.1520 15666.4201  2.20%   190  210s
   499   380 15857.6101   15   47 16019.1520 15671.3056  2.17%   154  215s
   511   391 15973.6550   22 16532 16019.1520 15671.3056  2.17%   151  255s
   513   392 15960.2966   34 2215 16019.1520 15671.3056  2.17%   151  261s
   514   393 15973.6550   22 9492 16019.1520 15671.3056  2.17%   150  267s
   515   394 15867.1062   15 15153 16019.1520 15671.3056  2.17%   150  271s
   517   395 15770.6602    5 15144 16019.1520 15671.3056  2.17%   149  275s
   522   398 15948.9776   28 15135 16019.1520 15671.3056  2.17%   148  283s
   523   399 15965.4084   42 15158 16019.1520 15671.3056  2.17%   148  285s
   527   402 15928.0056   20 15156 16019.1520 15671.3056  2.17%   147  290s
   532   405 15966.9013   33 15162 16019.1520 15671.3056  2.17%   145  295s
   538   409 15879.9283   16 15157 16019.1520 15671.3056  2.17%   144  301s
   543   412 16010.7562   44 15161 16019.1520 15671.3056  2.17%   142  306s
   548   416 15906.0393   20 15160 16019.1520 15671.3056  2.17%   141  311s
   555   420 15892.7660   20 15158 16019.1520 15671.3056  2.17%   139  317s
   559   423 15803.5817    8 15165 16019.1520 15671.3056  2.17%   138  322s
   565   427 15971.5943   45 15169 16019.1520 15671.3056  2.17%   137  327s
   567   428 16003.7637   30 15169 16019.1520 15671.3056  2.17%   136  332s
   569   430 15857.5421    6 15169 16019.1520 15671.3056  2.17%   136  338s
   570   430 15891.4586   36 15156 16019.1520 15671.3056  2.17%   136  344s
   571   431 15876.6900   13 15156 16019.1520 15671.3056  2.17%   135  351s
   572   434 15671.3056   13 14960 16019.1520 15671.3056  2.17%   357  358s
   573   434 15676.4340   13 1730 16019.1520 15671.3056  2.17%   364  361s
   582   440 15707.4745   18 1728 16019.1520 15671.3056  2.17%   361  365s
   652   482 15962.0020   53   42 16019.1520 15671.3056  2.17%   329  370s
   677   483 15671.3056   14 14847 16019.1520 15671.3056  2.17%   321  376s
   679   484 15671.3056   15 1721 16019.1520 15671.3056  2.17%   334  381s
   734   517 15857.2101   43   42 16019.1520 15671.3056  2.17%   315  385s
   801   547 15805.1539   17  398 16019.1520 15671.3056  2.17%   298  390s
   832   568 15856.4717   33  670 16019.1520 15671.3056  2.17%   298  395s
   902   601 15686.0603   16 14835 16019.1520 15686.0603  2.08%   286  402s
   903   601 15716.1895   17 14722 16019.1520 15686.1094  2.08%   289  407s
   913   608 15851.1372   23 1016 16019.1520 15695.2482  2.02%   291  410s
   982   634     cutoff   42      16019.1520 15695.2482  2.02%   277  415s
   985   636 15854.4283   16  406 16019.1520 15695.3451  2.02%   284  421s
  1046   666 15794.0805   15 1898 16019.1520 15697.3209  2.01%   272  425s
  1106   686 15951.6154   37  397 16019.1520 15697.5568  2.01%   264  430s
  1172   705 15872.7887   40   34 16019.1520 15699.8137  1.99%   254  435s
  1256   738 15856.9216   43 1308 16019.1520 15701.0544  1.99%   241  440s
  1314   762 15868.8121   23  399 16019.1520 15701.1047  1.99%   237  445s
  1355   780     cutoff   26      16019.1520 15702.8363  1.97%   237  450s
  1384   787 15818.0215   27 1169 16019.1520 15702.9145  1.97%   238  455s
  1423   803 15840.0996   22 1010 16019.1520 15716.2575  1.89%   235  460s
  1455   814 15757.4232   18 14730 16019.1520 15717.4784  1.88%   234  467s
  1457   816 15879.9659   20 14295 16019.1520 15717.4784  1.88%   237  473s
  1458   816 15948.1797   21 14066 16019.1520 15717.4784  1.88%   239  475s
  1472   823 16011.1175   34 13084 16019.1520 15717.4784  1.88%   243  480s
  1478   821 15808.3951   20 14729 16019.1520 15717.8252  1.88%   247  485s
  1484   825 15943.5995   26 14221 16019.1520 15717.8252  1.88%   252  490s
  1498   826 15746.9286   19 14803 16019.1520 15721.0415  1.86%   256  496s
  1505   831 15943.6937   26 1020 16019.1520 15721.0415  1.86%   260  500s
  1563   856 16009.0288   39   32 16019.1520 15721.0621  1.86%   255  505s
  1586   861 15903.9986   22   53 16019.1520 15723.3139  1.85%   257  510s
  1607   867 15886.2393   22   54 16019.1520 15723.7446  1.84%   259  515s
  1632   875 15874.9586   22   50 16019.1520 15726.2597  1.83%   261  520s
  1691   913 15990.8274   42   35 16019.1520 15726.2597  1.83%   255  525s
  1717   911 15956.5510   23  381 16019.1520 15740.5697  1.74%   257  530s
H 1745   897                    16019.151990 15741.6325  1.73%   254  532s
  1798   925 15884.9254   45   33 16019.1520 15741.6477  1.73%   247  535s
  1902   998 15918.9344   47   37 16019.1520 15742.5271  1.73%   234  540s
  2031  1097 15979.4869   64  646 16019.1520 15746.9440  1.70%   221  545s
  2042  1094 15820.0935   20 14718 16019.1520 15749.4268  1.68%   223  551s
  2045  1097 15947.2558   23 14377 16019.1520 15749.4268  1.68%   225  555s
  2061  1103 15797.3531   24   50 16019.1520 15750.8095  1.68%   227  560s
  2179  1192 15885.2183   22   48 16019.1520 15755.0203  1.65%   216  565s
  2301  1274 15980.7166   43   37 16019.1520 15756.5259  1.64%   206  570s
  2354  1308 15872.2357   20 14703 16019.1520 15759.4072  1.62%   204  576s
  2360  1312 16009.9822   23 1187 16019.1520 15759.4072  1.62%   207  580s
  2423  1341 15887.8417   21 14705 16019.1520 15762.0666  1.60%   206  586s
  2430  1346 15918.4389   27 14717 16019.1520 15762.0666  1.60%   207  590s
  2450  1364 15985.3504   46 14569 16019.1520 15762.0666  1.60%   208  595s
  2503  1396 15984.9021   53  641 16019.1520 15763.2509  1.60%   206  600s
  2570  1433 15991.2002   33   50 16019.1520 15763.6294  1.60%   203  605s
  2692  1495 15809.0197   27   44 16019.1520 15765.8532  1.58%   195  610s
  2771  1543     cutoff   38      16019.1520 15766.6876  1.58%   192  615s
  2857  1604 15955.5082   35   28 16019.1520 15767.0412  1.57%   187  620s
  2936  1658 15910.5654   36  317 16019.1520 15769.6917  1.56%   184  625s
  3028  1716 15877.4306   30   36 16019.1520 15772.6408  1.54%   180  630s
  3072  1735 15953.8887   20 1048 16019.1520 15773.0412  1.54%   180  635s
  3136  1774 16012.7747   43   20 16019.1520 15775.7688  1.52%   178  640s
  3193  1809 15935.9784   22   61 16019.1520 15781.9066  1.48%   178  645s
  3293  1870 15864.1661   29   35 16019.1520 15783.0410  1.47%   173  650s
  3359  1920 15977.3270   43  654 16019.1520 15783.4135  1.47%   172  655s
  3379  1925 15968.6747   20   73 16019.1520 15785.2253  1.46%   174  660s
  3454  1966 15880.2386   31   33 16019.1520 15786.1954  1.45%   172  665s
  3518  2012 15903.9219   17   54 16019.1520 15786.2494  1.45%   170  671s
  3585  2054 15904.5200   20 5712 16019.1520 15787.7524  1.44%   169  676s
  3625  2077 15993.6454   49  309 16019.1520 15788.4948  1.44%   168  680s
  3635  2079 15972.4659   24   71 16019.1520 15789.0242  1.44%   170  685s
  3666  2090 15865.3197   31   36 16019.1520 15789.3124  1.43%   171  690s
  3751  2137     cutoff   44      16019.1520 15791.0416  1.42%   168  695s
  3812  2177 15923.6142   42  664 16019.1520 15792.2284  1.42%   167  700s
  3882  2223 15898.8719   38  348 16019.1520 15793.7088  1.41%   166  705s
  3956  2267 15912.1682   16   53 16019.1520 15795.2447  1.40%   165  711s
  3980  2272 15921.2601   23 5567 16019.1520 15796.1250  1.39%   167  716s
  3989  2271 15910.7643   21   54 16019.1520 15796.1261  1.39%   168  720s
  4011  2282 15934.4694   21  661 16019.1520 15798.5492  1.38%   169  725s
  4095  2354 15974.2486   32   34 16019.1520 15799.0595  1.37%   167  730s
  4164  2366 15904.8472   25 2089 16019.1520 15799.1083  1.37%   165  735s
  4202  2379 15933.2874   23  393 16019.1520 15800.2776  1.37%   166  740s
  4225  2390 15963.1053   25   52 16019.1520 15801.8959  1.36%   167  745s
  4297  2425 15892.1753   31   34 16019.1520 15802.6095  1.35%   166  750s
  4388  2468 15884.2472   29   35 16019.1520 15804.4110  1.34%   164  755s
H 4454  2529                    16019.151966 15804.4110  1.34%   161  757s
  4507  2559 16002.2951   48   27 16019.1520 15805.2690  1.34%   160  760s
  4593  2618 16011.4399   53   16 16019.1520 15805.5686  1.33%   158  765s
  4712  2669 15952.0888   21  666 16019.1520 15806.5875  1.33%   155  770s
  4838  2752     cutoff   51      16019.1520 15807.4456  1.32%   152  775s
  4908  2793 15860.1166   21 14735 16019.1520 15808.9907  1.31%   152  784s
  4910  2795 15873.5964   23 14723 16019.1520 15808.9907  1.31%   152  785s
  4925  2810 15986.4734   38 14700 16019.1520 15808.9907  1.31%   153  790s
  4931  2808 15844.5106   22 14737 16019.1520 15809.0295  1.31%   154  795s
  4945  2822 15962.2906   36 14709 16019.1520 15809.0295  1.31%   155  800s
  4951  2820     cutoff   37      16019.1520 15809.0295  1.31%   157  805s
  5028  2862 15940.3597   25 1533 16019.1520 15809.9080  1.31%   156  811s
  5070  2882 15913.5717   24  396 16019.1520 15810.7812  1.30%   156  815s
  5098  2905 15928.1812   25  394 16019.1520 15810.9759  1.30%   157  820s
  5111  2918 16006.0940   38   38 16019.1520 15810.9759  1.30%   157  825s
  5200  2970 15887.8774   29   31 16019.1520 15811.7774  1.29%   155  830s
  5259  2994 16001.8148   29   70 16019.1520 15812.5279  1.29%   155  835s
  5308  3013 15880.5410   30  648 16019.1520 15812.7982  1.29%   155  840s
  5356  3040 16015.9923   23   52 16019.1520 15813.5624  1.28%   155  845s
  5429  3057 15952.1000   23   52 16019.1520 15814.0300  1.28%   154  850s
  5457  3065     cutoff   28      16019.1520 15814.6892  1.28%   155  855s
  5579  3127 15979.3534   27   36 16019.1520 15817.5959  1.26%   152  860s
  5657  3166 15958.7219   29  692 16019.1520 15818.4700  1.25%   151  865s
  5720  3202 16010.4775   22   67 16019.1520 15819.3160  1.25%   151  870s
  5743  3208 15877.6740   35   33 16019.1520 15819.7941  1.24%   152  875s
  5856  3286 16011.0149   56    7 16019.1520 15820.2620  1.24%   150  880s
  5871  3299 15939.0421   34 14704 16019.1520 15820.5538  1.24%   151  885s
  5875  3301     cutoff   38      16019.1520 15820.5538  1.24%   152  890s
  5887  3307 15968.3377   42   28 16019.1520 15820.5726  1.24%   153  895s
  5903  3311 15911.3528   23 14234 16019.1520 15820.6110  1.24%   154  904s
  5905  3313 15926.8334   25 14230 16019.1520 15820.6110  1.24%   154  905s
  5914  3314     cutoff   29      16019.1520 15820.6110  1.24%   156  911s
  5919  3313     cutoff   29      16019.1520 15820.6110  1.24%   157  915s
  5925  3313     cutoff   28      16019.1520 15820.6110  1.24%   158  920s
  5932  3310     cutoff   25      16019.1520 15820.6110  1.24%   161  927s
  5949  3313     cutoff   30      16019.1520 15820.6465  1.24%   161  930s
  6044  3378 15927.9425   29 1531 16019.1520 15821.1353  1.24%   159  935s
  6071  3391     cutoff   36      16019.1520 15821.2083  1.24%   160  940s
  6128  3402 15958.3918   36  316 16019.1520 15822.1344  1.23%   160  945s
  6235  3452     cutoff   39      16019.1520 15823.0975  1.22%   157  950s
  6339  3518 15928.8738   28  394 16019.1520 15824.3674  1.22%   156  955s
  6419  3567 15922.7853   25  401 16019.1520 15824.6334  1.21%   155  960s
  6515  3631 15952.1107   44   48 16019.1520 15825.0529  1.21%   154  965s
  6570  3641 15933.8409   21  392 16019.1520 15825.4228  1.21%   154  971s
  6599  3655 16000.1865   27  656 16019.1520 15825.7048  1.21%   154  975s
  6752  3737 15915.0335   27  397 16019.1520 15827.2479  1.20%   152  980s
  6847  3780 15890.9751   33   31 16019.1520 15827.8301  1.19%   150  985s
  6969  3846 15973.1843   27  394 16019.1520 15828.3156  1.19%   148  990s
  7007  3860 15927.8678   20 1045 16019.1520 15828.6073  1.19%   149  995s
  7098  3890 16002.4792   46   23 16019.1520 15829.3368  1.18%   148 1000s
  7252  3981 15945.6903   42   26 16019.1520 15830.4069  1.18%   145 1005s
  7352  4026 15947.5605   31  350 16019.1520 15831.0633  1.17%   144 1010s
  7477  4120     cutoff   57      16019.1520 15831.1708  1.17%   142 1015s
  7614  4182 15975.6409   41   25 16019.1520 15832.3019  1.17%   140 1020s
  7696  4210     cutoff   54      16019.1520 15832.5366  1.16%   139 1025s
  7755  4212 15940.7543   23  395 16019.1520 15832.8213  1.16%   140 1030s
  7803  4233 15973.3395   46  671 16019.1520 15832.8579  1.16%   140 1035s
  7874  4272 16007.6903   21   62 16019.1520 15833.0211  1.16%   139 1040s
  7903  4277 15890.0885   19  690 16019.1520 15833.9972  1.16%   140 1045s
  7988  4319 15982.9929   34   26 16019.1520 15834.7149  1.15%   139 1050s
  8090  4371 15954.2063   32  656 16019.1520 15835.4202  1.15%   138 1055s
  8206  4439 15905.1010   39   38 16019.1520 15835.8220  1.14%   137 1060s
  8292  4477 15884.1855   33   30 16019.1520 15836.7310  1.14%   136 1065s
  8333  4500 15976.2906   33 7185 16019.1520 15836.9731  1.14%   137 1070s
  8439  4525     cutoff   51      16019.1520 15837.0180  1.14%   135 1075s
  8591  4620 infeasible   40      16019.1520 15838.1494  1.13%   133 1080s
  8746  4709 15927.4843   30  397 16019.1520 15839.2881  1.12%   132 1085s
  8782  4727 15967.2763   30  395 16019.1520 15839.5262  1.12%   132 1090s
  8860  4762 15990.2205   52   27 16019.1520 15840.1430  1.12%   132 1095s
  8976  4813 15895.7131   42   27 16019.1520 15840.7131  1.11%   131 1100s
  9111  4890 15951.7619   42   27 16019.1520 15841.5420  1.11%   129 1105s
  9182  4912 15992.9505   40   25 16019.1520 15843.0551  1.10%   129 1110s
  9311  4979 15981.7515   31  389 16019.1520 15843.7721  1.09%   128 1115s
  9411  5039 15931.9833   44   23 16019.1520 15844.4697  1.09%   127 1120s
  9524  5095 15965.1247   44   31 16019.1520 15844.8762  1.09%   126 1125s
  9640  5151 15910.8523   34   34 16019.1520 15846.0781  1.08%   125 1130s
  9798  5234 15953.0786   52   16 16019.1520 15847.9045  1.07%   123 1135s
  9888  5277 16009.9287   26   58 16019.1520 15848.4320  1.07%   123 1140s
 10030  5362 15964.4128   35   30 16019.1520 15850.4090  1.05%   121 1145s
 10154  5420     cutoff   56      16019.1520 15850.5302  1.05%   120 1150s
 10202  5440 15927.2633   36   27 16019.1520 15850.8376  1.05%   120 1423s
 10237  5462 16008.8034   49   16 16019.1520 15850.9466  1.05%   120 1425s
 10334  5491 15930.9903   25 1004 16019.1520 15851.7305  1.05%   119 1430s
 10402  5519     cutoff   23      16019.1520 15851.9467  1.04%   119 1435s
 10450  5529 15993.2352   46   13 16019.1520 15852.3430  1.04%   119 1440s
 10548  5579 15994.6625   41   12 16019.1520 15852.9439  1.04%   119 1445s
 10667  5633 15997.9304   41  628 16019.1520 15853.1053  1.04%   118 1450s
 10781  5678 infeasible   46      16019.1520 15853.7521  1.03%   117 1455s
 10873  5714 15935.0704   29   15 16019.1520 15854.3110  1.03%   117 1460s
 10889  5717     cutoff   17      16019.1520 15854.4955  1.03%   118 1465s
 10923  5726 16000.1891   21  385 16019.1520 15855.0471  1.02%   118 1470s
 11015  5754 infeasible   38      16019.1520 15856.1972  1.02%   118 1475s
 11104  5771 15943.7553   38  354 16019.1520 15857.1755  1.01%   118 1480s
 11117  5776 15865.3249   24 14716 16019.1520 15857.2239  1.01%   118 1485s
 11118  5777 15977.5545   25 14403 16019.1520 15857.2239  1.01%   118 1490s
 11120  5779 15978.4434   26 14970 16019.1520 15857.2239  1.01%   119 1495s
 11131  5785 15987.9431   30 14950 16019.1520 15857.2239  1.01%   120 1500s
 11171  5782 15964.7840   39  816 16019.1520 15858.2343  1.00%   120 1505s
 11202  5786 16001.7831   30   24 16019.1520 15858.9524  1.00%   121 1510s
 11332  5808     cutoff   24      16019.1520 15859.2852  1.00%   120 1516s
 11353  5820 15956.3772   40   21 16019.1520 15859.6054  1.00%   120 1520s
 11444  5853     cutoff   26      16019.1520 15861.3749  0.98%   120 1525s
 11537  5885 16011.1553   51   11 16019.1520 15862.0909  0.98%   120 1530s
 11610  5921 15956.7699   23   34 16019.1520 15862.6696  0.98%   120 1535s
 11659  5926     cutoff   31      16019.1520 15862.9450  0.98%   120 1540s
 11746  5953 15997.8901   32   50 16019.1520 15863.5888  0.97%   120 1545s
 11867  5996 15997.2740   49   14 16019.1520 15864.6637  0.96%   119 1550s
 11976  6025     cutoff   37      16019.1520 15864.9061  0.96%   118 1555s
 12064  6050 16009.8416   53   11 16019.1520 15865.3135  0.96%   118 1560s
 12147  6074 15965.8003   30   15 16019.1520 15865.9358  0.96%   118 1565s
 12248  6127 15973.4269   33   13 16019.1520 15866.3183  0.95%   117 1570s
 12342  6141 15942.3986   27  992 16019.1520 15867.1033  0.95%   117 1575s
 12434  6169 15969.2022   21 1905 16019.1520 15867.6988  0.95%   117 1581s
 12482  6178     cutoff   40      16019.1520 15868.0249  0.94%   117 1585s
 12565  6209 15957.3907   43  809 16019.1520 15868.5620  0.94%   117 1590s
 12619  6219 15947.2574   24  991 16019.1520 15868.9835  0.94%   117 1595s
 12718  6244 15941.3180   34 1523 16019.1520 15869.3898  0.93%   117 1600s
 12804  6275 16002.9063   39   17 16019.1520 15869.8990  0.93%   116 1605s
 12919  6315 16005.0792   43  957 16019.1520 15870.2349  0.93%   116 1610s
 13026  6341 15987.1368   32   18 16019.1520 15870.6523  0.93%   115 1615s
 13117  6363     cutoff   27      16019.1520 15871.1632  0.92%   115 1622s
 13183  6390 15959.0386   34   22 16019.1520 15871.4042  0.92%   115 1625s
 13266  6420 16016.4218   40   10 16019.1520 15871.9723  0.92%   115 1630s
 13326  6442     cutoff   28      16019.1520 15872.1773  0.92%   115 1635s
 13403  6460 15959.6907   29   24 16019.1520 15872.6182  0.91%   115 1640s
 13504  6500 16006.8707   37   19 16019.1520 15872.8538  0.91%   115 1645s
 13541  6517 15983.0349   23 14995 16019.1520 15872.9276  0.91%   115 1650s
 13616  6541 15948.4527   22 14969 16019.1520 15873.1899  0.91%   115 1661s
 13620  6543     cutoff   26      16019.1520 15873.1899  0.91%   116 1666s
 13656  6549 15958.6028   22 14968 16019.1520 15873.3514  0.91%   116 1673s
 13659  6550 15978.8005   24 14970 16019.1520 15873.3514  0.91%   116 1675s
 13663  6548     cutoff   25      16019.1520 15873.3514  0.91%   117 1680s
 13714  6561 16014.5332   24 14496 16019.1520 15873.6147  0.91%   118 1688s
 13740  6570 15987.2816   43   16 16019.1520 15873.7378  0.91%   118 1690s
 13843  6612 infeasible   48      16019.1520 15874.0838  0.91%   117 1695s
 13877  6610 15983.3556   21 14971 16019.1520 15874.0933  0.91%   117 1700s
 13902  6620 15983.4620   28   27 16019.1520 15874.2223  0.90%   118 1705s
 13979  6642 15997.4604   33   20 16019.1520 15874.3844  0.90%   117 1710s
 14108  6668 16001.2341   44   15 16019.1520 15874.8654  0.90%   117 1715s
 14260  6753 15954.1316   40   21 16019.1520 15875.3009  0.90%   116 1720s
 14377  6831 15973.6903   35   19 16019.1520 15875.3315  0.90%   115 1725s
 14500  6866 15951.7093   36  306 16019.1520 15875.5110  0.90%   114 1730s
 14558  6885     cutoff   27      16019.1520 15875.5872  0.90%   115 1735s
 14625  6911 15995.9875   33   17 16019.1520 15875.7824  0.89%   115 1740s
 14751  6933     cutoff   25      16019.1520 15876.0797  0.89%   114 1747s
 14790  6951 15977.8974   21 1905 16019.1520 15876.5564  0.89%   115 1750s
 14927  6996 15997.1491   31   31 16019.1520 15877.1249  0.89%   114 1755s
 15031  7046 15970.4760   39   15 16019.1520 15877.4281  0.88%   114 1760s
 15165  7091 15977.9822   41   11 16019.1520 15878.0986  0.88%   113 1765s
 15266  7118 15965.2212   20  697 16019.1520 15878.4895  0.88%   113 1770s
 15303  7137 15975.8745   42   15 16019.1520 15878.5335  0.88%   113 1775s
 15424  7163     cutoff   21      16019.1520 15879.1012  0.87%   113 1781s
 15536  7199 15974.7139   31   19 16019.1520 15879.7177  0.87%   112 1785s
 15664  7241 15966.5565   31   14 16019.1520 15879.9757  0.87%   112 1790s
 15737  7278 15944.6352   38   15 16019.1520 15880.2033  0.87%   112 1795s
 15762  7292     cutoff   24      16019.1520 15880.2095  0.87%   112 1800s
 15870  7316     cutoff   21      16019.1520 15880.7718  0.86%   112 1806s
 15928  7327 15963.8007   24 14959 16019.1520 15881.0886  0.86%   112 1812s
 15929  7326     cutoff   25      16019.1520 15881.0886  0.86%   113 1815s
 15982  7339 15956.2177   37  307 16019.1520 15881.3980  0.86%   113 1820s
 16103  7381 16007.4740   44    6 16019.1520 15882.1577  0.86%   112 1825s
 16224  7425 15970.1143   30   15 16019.1520 15882.5364  0.85%   112 1830s
 16288  7443 15989.3060   52   15 16019.1520 15882.7469  0.85%   112 1835s
 16418  7489 15994.3599   30   14 16019.1520 15883.0025  0.85%   112 1840s
 16569  7567 16007.4123   50   10 16019.1520 15883.2835  0.85%   111 1845s
 16671  7596     cutoff   36      16019.1520 15883.7533  0.85%   111 1850s
 16801  7661 15991.1017   41   15 16019.1520 15883.8978  0.84%   110 1855s
 16850  7680 15939.6795   39   21 16019.1520 15883.9370  0.84%   110 1860s
 16876  7691 15984.5559   39   10 16019.1520 15883.9813  0.84%   110 1865s
 16893  7699 16000.5974   35   13 16019.1520 15884.0569  0.84%   110 1870s
 16972  7717     cutoff   51      16019.1520 15884.1875  0.84%   110 1875s
 17108  7769 15964.2614   30   23 16019.1520 15884.9524  0.84%   109 1880s
 17212  7794 15989.1385   25   33 16019.1520 15885.2661  0.84%   109 1885s
 17359  7844 15941.3562   30   17 16019.1520 15885.4190  0.83%   108 1890s
 17492  7881 15965.3379   36    9 16019.1520 15885.8614  0.83%   108 1895s
 17603  7924 15963.5529   45   17 16019.1520 15886.1292  0.83%   108 1900s
 17745  7990 15991.4006   47   12 16019.1520 15886.3844  0.83%   107 1905s
 17814  8013     cutoff   25      16019.1520 15886.7101  0.83%   107 1912s
 17874  8038 15999.0263   33   16 16019.1520 15886.9150  0.83%   107 1915s
 18004  8103 16009.3351   30   31 16019.1520 15887.1344  0.82%   107 1920s
 18157  8147 16009.5842   49   14 16019.1520 15887.3231  0.82%   106 1925s
 18337  8212 infeasible   39      16019.1520 15887.8587  0.82%   105 1930s
 18427  8249 16009.4852   28   41 16019.1520 15888.0041  0.82%   105 1935s
 18487  8278 16018.0433   31   35 16019.1520 15888.0041  0.82%   105 1940s
 18648  8328 15986.5757   32   18 16019.1520 15888.6320  0.81%   105 1945s
 18714  8372 15962.3734   25 14961 16019.1520 15888.6575  0.81%   105 1951s
 18716  8372 16010.8190   26 14947 16019.1520 15888.6575  0.81%   105 1955s
 18753  8373     cutoff   22      16019.1520 15888.8079  0.81%   106 1961s
 18809  8392 15970.3442   23 14966 16019.1520 15889.1568  0.81%   106 1967s
 18821  8389     cutoff   41      16019.1520 15889.1611  0.81%   106 1970s
 18950  8422 15979.7883   37   17 16019.1520 15890.0145  0.81%   106 1975s
 19087  8463 15997.3315   42    5 16019.1520 15890.3309  0.80%   105 1980s
 19251  8507     cutoff   30      16019.1520 15890.5212  0.80%   105 1985s
 19332  8534     cutoff   34      16019.1520 15890.7072  0.80%   105 1990s
 19485  8596 15995.2164   43  784 16019.1520 15891.2735  0.80%   104 1995s
 19623  8632 15959.9528   42   16 16019.1520 15891.4698  0.80%   104 2000s
 19761  8668 15977.2929   50   15 16019.1520 15891.9579  0.79%   103 2005s
 19852  8684 15983.0654   26   36 16019.1520 15892.1026  0.79%   103 2010s
 19917  8701 16004.9820   47   11 16019.1520 15892.2216  0.79%   103 2015s
 20052  8738 15996.2589   36   14 16019.1520 15892.4842  0.79%   103 2020s
 20171  8778 15996.7059   35   18 16019.1520 15892.8996  0.79%   103 2025s
 20316  8815 15930.0546   35   19 16019.1520 15893.3130  0.79%   102 2030s
 20404  8842 15946.5037   36   17 16019.1520 15893.4748  0.78%   102 2037s
 20496  8854 15955.1448   25  960 16019.1520 15893.6460  0.78%   102 2040s
 20604  8886 infeasible   41      16019.1520 15893.8441  0.78%   102 2045s
 20759  8929 16006.6701   49   15 16019.1520 15894.1986  0.78%   101 2050s
 20864  8949     cutoff   35      16019.1520 15894.6679  0.78%   101 2055s
 20988  8997 15962.4229   39   16 16019.1520 15895.1330  0.77%   101 2060s
 21107  9015 15995.5891   36   31 16019.1520 15895.5960  0.77%   101 2065s
 21256  9052 15974.2723   33 1346 16019.1520 15896.1611  0.77%   100 2070s
 21397  9108 15965.5717   36   21 16019.1520 15896.3352  0.77%   100 2075s
 21531  9157 15964.8878   35   13 16019.1520 15896.7198  0.76%   100 2080s
 21650  9211     cutoff   40      16019.1520 15896.9874  0.76%  99.2 2085s
 21800  9243 15996.7923   40   13 16019.1520 15897.5126  0.76%  98.9 2090s
 21934  9285 15955.2039   36   19 16019.1520 15898.1455  0.76%  98.6 2095s
 22014  9314 16004.1630   36   24 16019.1520 15898.2636  0.75%  98.6 2100s
 22088  9333 15992.8032   31   15 16019.1520 15898.6234  0.75%  98.6 2105s
 22214  9357 15982.2542   32  337 16019.1520 15898.7771  0.75%  98.3 2110s
 22353  9392 15976.1758   31   15 16019.1520 15899.1742  0.75%  98.1 2115s
 22495  9460 15989.4497   43   10 16019.1520 15899.3182  0.75%  97.6 2120s
 22661  9504 15975.3397   41  819 16019.1520 15899.8109  0.74%  97.2 2125s
 22769  9529     cutoff   25      16019.1520 15900.0024  0.74%  97.3 2133s
 22806  9541 15993.9570   52   10 16019.1520 15900.0690  0.74%  97.2 2135s
 22952  9576     cutoff   35      16019.1520 15900.3357  0.74%  96.9 2140s
 23121  9644 15960.6881   36   11 16019.1520 15900.6117  0.74%  96.4 2145s
 23219  9679 15956.9426   41   19 16019.1520 15900.8129  0.74%  96.3 2150s
 23366  9732 15989.3869   37   24 16019.1520 15901.0646  0.74%  95.9 2155s
 23528  9777 16008.8791   41   11 16019.1520 15901.3607  0.74%  95.5 2160s
 23655  9813     cutoff   25      16019.1520 15901.5857  0.73%  95.3 2165s
 23746  9832 16014.4382   43   17 16019.1520 15901.9101  0.73%  95.3 2170s
 23861  9879 15993.4024   32  306 16019.1520 15902.0717  0.73%  95.0 2175s
 23932  9899     cutoff   27      16019.1520 15902.2696  0.73%  95.3 2182s
 23995  9922     cutoff   30      16019.1520 15902.4353  0.73%  95.2 2185s
 24159  9958 15961.2689   38   23 16019.1520 15902.9933  0.73%  94.8 2190s
 24222  9975 15982.3737   26 14977 16019.1520 15903.0826  0.72%  94.9 2195s
 24252  9979 15963.5253   40   11 16019.1520 15903.2140  0.72%  95.2 2200s
 24403 10029     cutoff   37      16019.1520 15903.4336  0.72%  94.8 2205s
 24549 10084     cutoff   46      16019.1520 15903.5853  0.72%  94.5 2210s
 24683 10117     cutoff   38      16019.1520 15903.8831  0.72%  94.2 2215s
 24813 10144 16009.8023   53   11 16019.1520 15904.1413  0.72%  94.0 2220s
 24931 10155 15984.1589   40   14 16019.1520 15904.4470  0.72%  93.9 2225s
 25050 10204 15951.3154   38   21 16019.1520 15904.6261  0.71%  93.7 2230s
 25132 10227     cutoff   37      16019.1520 15904.6756  0.71%  93.7 2235s
 25277 10279 15991.1209   40   16 16019.1520 15905.1148  0.71%  93.4 2240s
 25417 10311 15967.0794   35   16 16019.1520 15905.3354  0.71%  93.1 2245s
 25453 10324     cutoff   29      16019.1520 15905.4447  0.71%  93.4 2250s
 25505 10336     cutoff   25      16019.1520 15905.5749  0.71%  93.3 2255s
 25694 10399 15993.3106   34   29 16019.1520 15905.8937  0.71%  92.9 2260s
 25894 10460 15961.1560   40   19 16019.1520 15906.2089  0.71%  92.4 2265s
 26014 10509 16010.6112   37  951 16019.1520 15906.3617  0.70%  92.3 2270s
 26191 10563 15995.9386   36   13 16019.1520 15906.6265  0.70%  91.8 2275s
 26338 10588 15989.7597   27 14964 16019.1520 15907.0489  0.70%  91.9 2283s
 26339 10587     cutoff   28      16019.1520 15907.0489  0.70%  92.1 2286s
 26463 10617 15949.1909   34  815 16019.1520 15907.2922  0.70%  91.9 2290s
 26606 10669 15994.4065   25 14974 16019.1520 15907.5039  0.70%  91.8 2297s
 26665 10682 15946.9637   31   24 16019.1520 15907.6016  0.70%  91.7 2300s
 26826 10709 15944.3874   30   27 16019.1520 15907.9623  0.69%  91.4 2305s
 26935 10751 16006.8360   44   17 16019.1520 15908.1377  0.69%  91.3 2310s
 27086 10769 15999.7475   35   20 16019.1520 15908.6719  0.69%  91.1 2315s
 27231 10766     cutoff   44      16019.1520 15909.1449  0.69%  91.1 2320s
 27236 10763     cutoff   29      16019.1520 15909.2260  0.69%  91.5 2325s
 27321 10765 15995.1498   26 14976 16019.1520 15909.5412  0.68%  91.7 2332s
 27323 10763     cutoff   27      16019.1520 15909.5412  0.68%  91.7 2335s
 27373 10765     cutoff   30      16019.1520 15909.6311  0.68%  91.9 2340s
 27431 10773 15996.4378   43   20 16019.1520 15909.7623  0.68%  92.0 2345s
 27515 10778 15993.1115   29 14987 16019.1520 15909.9953  0.68%  92.1 2350s
 27577 10791 15999.9663   38   32 16019.1520 15910.2514  0.68%  92.2 2355s
 27706 10786     cutoff   27      16019.1520 15910.6138  0.68%  92.2 2360s
 27709 10785     cutoff   31      16019.1520 15910.6649  0.68%  92.5 2365s
 27810 10791 16006.7330   26   15 16019.1520 15910.9817  0.68%  92.6 2370s
 27852 10787 15980.4793   30 14858 16019.1520 15911.1243  0.67%  92.9 2375s
 27882 10792     cutoff   42      16019.1520 15911.1960  0.67%  93.1 2380s
 27992 10795 16002.8721   31   33 16019.1520 15911.5343  0.67%  93.1 2385s
 28065 10791 15997.6386   34   21 16019.1520 15911.9325  0.67%  93.2 2390s
 28178 10792 16011.5543   48    6 16019.1520 15912.3622  0.67%  93.2 2395s
 28291 10798 15964.8746   24   36 16019.1520 15912.7070  0.66%  93.2 2400s
 28445 10802     cutoff   29      16019.1520 15913.1055  0.66%  93.1 2405s
 28554 10826     cutoff   47      16019.1520 15913.3702  0.66%  93.0 2410s
 28677 10830 15972.6323   36  646 16019.1520 15914.0574  0.66%  93.0 2415s
 28839 10858 15967.1592   30   25 16019.1520 15914.5030  0.65%  92.8 2420s
 28985 10873 16003.1698   37   13 16019.1520 15914.9585  0.65%  92.6 2425s
 29078 10897 16004.3251   25  660 16019.1520 15915.1233  0.65%  92.8 2431s
 29180 10897 16000.9899   29  388 16019.1520 15915.3520  0.65%  92.7 2435s
 29325 10893     cutoff   40      16019.1520 15915.7614  0.65%  92.6 2440s
 29449 10916 16012.4944   32   18 16019.1520 15916.1905  0.64%  92.5 2445s
 29599 10916     cutoff   30      16019.1520 15916.5632  0.64%  92.3 2450s
 29667 10926 15999.4398   26 14977 16019.1520 15916.6576  0.64%  92.5 2455s
 29788 10934 15954.5754   27  649 16019.1520 15916.8453  0.64%  92.4 2460s
 29910 10949 16003.3595   42   14 16019.1520 15917.2828  0.64%  92.3 2465s
 30052 10954 15993.4670   43   19 16019.1520 15917.7338  0.63%  92.2 2470s
 30240 10955 15982.9494   41   12 16019.1520 15918.0540  0.63%  91.8 2475s
 30403 10967 16009.2474   46   16 16019.1520 15918.7511  0.63%  91.6 2480s
 30550 10978     cutoff   40      16019.1520 15919.0962  0.62%  91.5 2485s
 30610 10981 15978.2606   29   40 16019.1520 15919.2576  0.62%  91.4 2490s
 30647 10981 15999.1645   37   14 16019.1520 15919.3486  0.62%  91.6 2495s
 30795 10992     cutoff   40      16019.1520 15919.7818  0.62%  91.5 2500s
 30907 10994 15988.8420   26   20 16019.1520 15920.3519  0.62%  91.4 2505s
 31033 11006 15958.4650   27  655 16019.1520 15920.7445  0.61%  91.3 2510s
 31213 11039     cutoff   45      16019.1520 15920.9549  0.61%  91.0 2515s
 31249 11041 16012.1685   29 14802 16019.1520 15921.2879  0.61%  91.3 2520s
 31387 11038     cutoff   50      16019.1520 15921.6108  0.61%  91.1 2525s
 31561 11087     cutoff   37      16019.1520 15922.1844  0.61%  90.8 2530s
 31676 11102 15997.0316   21 7827 16019.1520 15922.5722  0.60%  90.9 2535s
 31762 11097     cutoff   26      16019.1520 15922.8328  0.60%  91.0 2540s
 31910 11115 16000.6319   37   56 16019.1520 15923.1307  0.60%  90.8 2545s
 32026 11114 16007.3353   28 14974 16019.1520 15923.3697  0.60%  90.9 2552s
 32040 11119 16010.9396   33   15 16019.1520 15923.3731  0.60%  91.0 2555s
 32148 11126 16005.9939   37  653 16019.1520 15923.5849  0.60%  91.0 2560s
 32278 11123 15983.0526   42   20 16019.1520 15924.0898  0.59%  91.0 2565s
 32444 11146 15962.2500   35  651 16019.1520 15924.4371  0.59%  90.8 2570s
 32608 11169 15984.1346   42   15 16019.1520 15924.8780  0.59%  90.6 2575s
 32777 11193     cutoff   35      16019.1520 15925.1954  0.59%  90.3 2580s
 32899 11206 15980.0572   29   35 16019.1520 15925.4583  0.58%  90.2 2585s
 33006 11210 15985.5779   32   28 16019.1520 15925.6922  0.58%  90.2 2590s
 33175 11214 16000.8446   46   15 16019.1520 15926.3913  0.58%  90.0 2595s
 33319 11224     cutoff   43      16019.1520 15926.7514  0.58%  89.9 2600s
 33481 11227     cutoff   41      16019.1520 15927.1663  0.57%  89.8 2605s
 33519 11230     cutoff   30      16019.1520 15927.2968  0.57%  89.9 2610s
 33680 11243 15988.3008   36  649 16019.1520 15927.5270  0.57%  89.7 2615s
 33837 11259 16015.9353   52   34 16019.1520 15928.0599  0.57%  89.6 2620s
 33966 11270     cutoff   26      16019.1520 15928.2346  0.57%  89.5 2625s
 34090 11296 16008.2649   39  656 16019.1520 15928.3721  0.57%  89.4 2630s
 34235 11309 16016.5766   57    6 16019.1520 15928.6484  0.56%  89.3 2635s
 34283 11311     cutoff   49      16019.1520 15928.7484  0.56%  89.4 2640s
 34440 11321 16010.6090   29 14969 16019.1520 15929.0920  0.56%  89.4 2647s
 34507 11328     cutoff   42      16019.1520 15929.1496  0.56%  89.3 2650s
 34650 11345 16001.0491   21   31 16019.1520 15929.3010  0.56%  89.2 2655s
 34773 11358 16001.9365   37   19 16019.1520 15929.5166  0.56%  89.2 2660s
 34891 11358 16002.8321   30   19 16019.1520 15929.8621  0.56%  89.1 2665s
 34919 11348 15987.8274   36  650 16019.1520 15930.0652  0.56%  89.3 2670s
 35030 11347     cutoff   43      16019.1520 15930.3574  0.55%  89.4 2675s
 35097 11349 16005.8409   31 14974 16019.1520 15930.4777  0.55%  89.6 2681s
 35178 11346     cutoff   35      16019.1520 15930.7098  0.55%  89.5 2685s
 35329 11348 15956.9148   34  649 16019.1520 15931.0183  0.55%  89.4 2690s
 35392 11346 15978.5932   38   22 16019.1520 15931.2851  0.55%  89.5 2695s
 35483 11352 15999.9805   32 14848 16019.1520 15931.4564  0.55%  89.6 2700s
 35487 11350 15987.6284   27   26 16019.1520 15931.5135  0.55%  89.8 2705s
 35657 11373 15999.1760   36   33 16019.1520 15931.8077  0.55%  89.6 2710s
 35722 11373 16003.7720   34  618 16019.1520 15931.9423  0.54%  89.5 2715s
 35810 11367     cutoff   31      16019.1520 15932.1650  0.54%  89.7 2721s
 35876 11368     cutoff   36      16019.1520 15932.4093  0.54%  89.8 2725s
 36003 11370     cutoff   32      16019.1520 15932.6871  0.54%  89.9 2733s
 36018 11371     cutoff   23      16019.1520 15932.7463  0.54%  90.0 2735s
 36084 11371 16008.3174   32  649 16019.1520 15932.8994  0.54%  90.1 2740s
 36212 11391 16006.6856   42   32 16019.1520 15933.1106  0.54%  90.0 2745s
 36376 11388     cutoff   43      16019.1520 15933.4205  0.54%  89.9 2750s
 36523 11392 16010.8873   27   28 16019.1520 15933.8184  0.53%  89.8 2755s
 36677 11400     cutoff   44      16019.1520 15934.1820  0.53%  89.7 2760s
 36851 11409 16010.5923   37   30 16019.1520 15934.5677  0.53%  89.5 2765s
 36921 11409     cutoff   33      16019.1520 15934.7104  0.53%  89.6 2771s
 37014 11421 15985.2743   34   19 16019.1520 15934.8962  0.53%  89.5 2775s
 37157 11430 16005.5681   41   18 16019.1520 15935.1141  0.52%  89.4 2780s
 37273 11418 15990.2807   46    9 16019.1520 15935.4418  0.52%  89.4 2785s
 37382 11421 15999.3993   38    9 16019.1520 15935.5891  0.52%  89.4 2790s
 37509 11427 15997.1975   37   20 16019.1520 15936.0363  0.52%  89.4 2795s
 37531 11420     cutoff   35      16019.1520 15936.1073  0.52%  89.7 2801s
 37624 11426 16004.0482   38   10 16019.1520 15936.2635  0.52%  89.6 2805s
 37672 11418 15995.1796   38   13 16019.1520 15936.3701  0.52%  89.8 2810s
 37830 11428 15997.7656   38   14 16019.1520 15936.6630  0.51%  89.6 2815s
 37937 11458 16006.2100   34   18 16019.1520 15936.8982  0.51%  89.6 2820s
 38076 11479 16000.7870   39   19 16019.1520 15937.1710  0.51%  89.5 2825s
 38252 11483 15970.9658   36  622 16019.1520 15937.3882  0.51%  89.2 2830s
 38288 11487     cutoff   24      16019.1520 15937.4551  0.51%  89.4 2835s
 38458 11497     cutoff   43      16019.1520 15937.7014  0.51%  89.2 2840s
 38558 11502     cutoff   37      16019.1520 15937.8774  0.51%  89.2 2845s
 38743 11519     cutoff   41      16019.1520 15938.1271  0.51%  88.9 2850s
 38917 11522 15992.9730   32   21 16019.1520 15938.4065  0.50%  88.7 2855s
 39100 11526 16006.6781   45   18 16019.1520 15938.6579  0.50%  88.5 2860s
 39290 11533 16006.2496   38   14 16019.1520 15939.0492  0.50%  88.2 2865s
 39343 11532 15972.8005   29 1010 16019.1520 15939.1560  0.50%  88.3 2870s
 39486 11524     cutoff   19      16019.1520 15939.4872  0.50%  88.3 2875s
 39648 11528 16008.2141   40   18 16019.1520 15939.7788  0.50%  88.1 2880s
 39819 11535 16001.9920   36   20 16019.1520 15940.0277  0.49%  87.9 2885s
 39938 11535 16011.5480   42   33 16019.1520 15940.3130  0.49%  87.8 2890s
 40073 11530     cutoff   41      16019.1520 15940.5604  0.49%  87.7 2895s
 40233 11505 15981.6637   33  816 16019.1520 15940.8634  0.49%  87.6 2900s
 40349 11487 16004.9609   42  956 16019.1520 15941.1308  0.49%  87.6 2905s
 40463 11465 15997.3655   37   51 16019.1520 15941.4430  0.49%  87.7 2910s
 40611 11432 16007.4171   36  642 16019.1520 15941.8120  0.48%  87.6 2915s
 40725 11405 16008.2612   33   11 16019.1520 15942.0640  0.48%  87.6 2920s
 40804 11381 16003.2271   38  639 16019.1520 15942.3695  0.48%  87.7 2925s
 40916 11357 16002.2479   35    6 16019.1520 15942.5848  0.48%  87.8 2930s
 41067 11324 15983.8415   38  813 16019.1520 15942.8739  0.48%  87.8 2935s
 41204 11298 16006.5072   34  811 16019.1520 15943.1914  0.47%  87.7 2940s
 41371 11276 16005.9721   35  638 16019.1520 15943.4928  0.47%  87.6 2945s
 41546 11257     cutoff   31      16019.1520 15943.7574  0.47%  87.5 2950s
 41706 11231     cutoff   42      16019.1520 15944.0991  0.47%  87.4 2955s
 41854 11201 16012.0335   31   21 16019.1520 15944.5492  0.47%  87.3 2960s
 41991 11174 15995.3795   37   55 16019.1520 15944.8205  0.46%  87.3 2965s
 42132 11140 15982.6260   33  816 16019.1520 15945.2756  0.46%  87.3 2970s
 42293 11122     cutoff   40      16019.1520 15945.5563  0.46%  87.2 2975s
 42447 11105 15999.6441   36   34 16019.1520 15945.9122  0.46%  87.1 2980s
 42587 11085     cutoff   27      16019.1520 15946.1831  0.46%  87.1 2985s
 42714 11046     cutoff   23      16019.1520 15946.5848  0.45%  87.2 2992s
 42781 11047     cutoff   34      16019.1520 15946.6818  0.45%  87.2 2995s
 42934 11045     cutoff   41      16019.1520 15946.8957  0.45%  87.1 3000s
 43086 11020 15984.1904   32  816 16019.1520 15947.4220  0.45%  87.0 3005s
 43229 11008 16014.4856   44   38 16019.1520 15947.6929  0.45%  87.0 3010s
 43372 10972 15983.5523   27   35 16019.1520 15948.0763  0.44%  86.9 3015s
 43533 10955 15989.6490   33  815 16019.1520 15948.3097  0.44%  86.8 3020s
 43667 10922 15990.5414   40   37 16019.1520 15948.7246  0.44%  86.8 3025s
 43720 10907     cutoff   23      16019.1520 15948.8355  0.44%  87.0 3030s
 43852 10885     cutoff   29      16019.1520 15949.0424  0.44%  86.9 3035s
 44008 10880     cutoff   40      16019.1520 15949.2323  0.44%  86.8 3040s
 44155 10857 16013.9906   36   13 16019.1520 15949.5988  0.43%  86.7 3045s
 44329 10829 16009.8746   41   33 16019.1520 15949.9616  0.43%  86.6 3050s
 44480 10794 15981.0912   36  814 16019.1520 15950.5256  0.43%  86.5 3055s
 44637 10770     cutoff   34      16019.1520 15950.8244  0.43%  86.5 3060s
 44762 10738 15990.1980   38  816 16019.1520 15951.2134  0.42%  86.5 3065s
 44878 10711 15992.7615   36  641 16019.1520 15951.4700  0.42%  86.5 3070s
 45072 10719     cutoff   41      16019.1520 15951.7226  0.42%  86.3 3075s
 45176 10684     cutoff   33      16019.1520 15951.9797  0.42%  86.4 3080s
 45280 10668     cutoff   22      16019.1520 15952.2436  0.42%  86.4 3085s
 45359 10648 15994.4220   33  812 16019.1520 15952.5399  0.42%  86.5 3090s
 45450 10633 15991.8187   31  342 16019.1520 15952.7216  0.41%  86.5 3095s
 45561 10610     cutoff   33      16019.1520 15952.9108  0.41%  86.6 3100s
 45699 10562     cutoff   25      16019.1520 15953.2380  0.41%  86.6 3105s
 45816 10571 16018.7160   43   26 16019.1520 15953.4348  0.41%  86.5 3110s
 45964 10547 16016.8690   32   35 16019.1520 15953.7948  0.41%  86.5 3115s
 46029 10534 16003.7570   32   38 16019.1520 15953.9524  0.41%  86.6 3120s
 46162 10517 15998.5723   33   35 16019.1520 15954.1670  0.41%  86.6 3125s
 46335 10497 16007.7394   38   32 16019.1520 15954.3998  0.40%  86.4 3130s
 46511 10484 16001.3429   39  813 16019.1520 15954.5859  0.40%  86.3 3135s
 46626 10446 15990.6039   35  814 16019.1520 15954.8735  0.40%  86.4 3140s
 46798 10420 16000.6899   39   30 16019.1520 15955.3121  0.40%  86.2 3145s
 46931 10380     cutoff   35      16019.1520 15955.6197  0.40%  86.4 3153s
 46979 10368     cutoff   35      16019.1520 15955.7336  0.40%  86.3 3155s
 47073 10362 15996.5864   39  814 16019.1520 15955.8772  0.39%  86.4 3160s
 47211 10315     cutoff   37      16019.1520 15956.2601  0.39%  86.4 3165s
 47368 10299 16005.1445   39   11 16019.1520 15956.5576  0.39%  86.3 3170s
 47487 10262     cutoff   41      16019.1520 15956.8943  0.39%  86.3 3175s
 47596 10215     cutoff   21      16019.1520 15957.3214  0.39%  86.5 3181s
 47646 10176     cutoff   39      16019.1520 15957.6255  0.38%  86.7 3185s
 47738 10104 15982.6568   21   35 16019.1520 15958.2537  0.38%  86.9 3190s
 47846 10060     cutoff   36      16019.1520 15958.5789  0.38%  87.0 3195s
 47919 10003     cutoff   36      16019.1520 15959.0010  0.38%  87.2 3200s
 48020  9936 15989.4194   28   35 16019.1520 15959.5325  0.37%  87.3 3205s
 48135  9870 16005.5087   37   18 16019.1520 15960.0914  0.37%  87.4 3210s
 48239  9800     cutoff   37      16019.1520 15960.5878  0.37%  87.6 3215s
 48357  9760     cutoff   36      16019.1520 15960.9845  0.36%  87.7 3220s
 48505  9655     cutoff   36      16019.1520 15961.6791  0.36%  87.8 3225s
 48637  9562     cutoff   39      16019.1520 15962.3443  0.35%  87.9 3230s
 48785  9464 15996.4091   35   40 16019.1520 15962.9650  0.35%  88.0 3235s
 48864  9410     cutoff   25      16019.1520 15963.3294  0.35%  88.3 3242s
 48903  9389 15995.7010   27   38 16019.1520 15963.4961  0.35%  88.3 3245s
 49019  9330     cutoff   38      16019.1520 15963.9375  0.34%  88.4 3250s
 49139  9241     cutoff   33      16019.1520 15964.4983  0.34%  88.5 3255s
 49298  9151 16008.0804   38  643 16019.1520 15965.1881  0.34%  88.6 3260s
 49412  9073     cutoff   38      16019.1520 15965.6757  0.33%  88.7 3265s
 49462  9059 16012.5986   27   37 16019.1520 15965.7689  0.33%  88.8 3270s
 49574  8981     cutoff   34      16019.1520 15966.2283  0.33%  88.9 3275s
 49729  8898     cutoff   29      16019.1520 15966.8009  0.33%  88.9 3280s
 49863  8796 infeasible   34      16019.1520 15967.3969  0.32%  89.0 3285s
 50001  8697     cutoff   28      16019.1520 15967.9841  0.32%  89.1 3290s
 50146  8584 infeasible   45      16019.1520 15968.7768  0.31%  89.2 3295s
 50265  8492 infeasible   34      16019.1520 15969.2997  0.31%  89.3 3300s
 50380  8421     cutoff   40      16019.1520 15969.7163  0.31%  89.4 3305s
 50508  8357 16004.6460   35  642 16019.1520 15970.1033  0.31%  89.4 3310s
 50661  8255     cutoff   34      16019.1520 15970.6703  0.30%  89.4 3315s
 50780  8179 16002.2278   35  358 16019.1520 15971.2258  0.30%  89.5 3320s
 50923  8077     cutoff   35      16019.1520 15971.8191  0.30%  89.5 3325s
 51066  7984 16005.7334   29  647 16019.1520 15972.3752  0.29%  89.5 3330s
 51202  7896     cutoff   43      16019.1520 15972.8871  0.29%  89.5 3335s
 51369  7784 16006.3381   33  357 16019.1520 15973.5921  0.28%  89.5 3340s
 51426  7744     cutoff   26      16019.1520 15973.8797  0.28%  89.7 3345s
 51540  7658 15993.1250   34  645 16019.1520 15974.4070  0.28%  89.7 3350s
 51662  7605     cutoff   37      16019.1520 15974.7492  0.28%  89.7 3355s
 51771  7506     cutoff   41      16019.1520 15975.2795  0.27%  89.8 3360s
 51867  7424     cutoff   26      16019.1520 15975.7336  0.27%  89.9 3365s
 51989  7319     cutoff   48      16019.1520 15976.1944  0.27%  90.0 3370s
 52124  7207     cutoff   44      16019.1520 15976.9252  0.26%  90.1 3375s
 52242  7121     cutoff   24      16019.1520 15977.3627  0.26%  90.2 3380s
 52279  7088     cutoff   26      16019.1520 15977.5772  0.26%  90.4 3385s
 52394  6984     cutoff   48      16019.1520 15978.1621  0.26%  90.4 3390s
 52568  6831     cutoff   36      16019.1520 15979.0356  0.25%  90.4 3395s
 52694  6717     cutoff   42      16019.1520 15979.5399  0.25%  90.5 3400s
 52841  6591     cutoff   34      16019.1520 15980.1754  0.24%  90.5 3405s
 52998  6464     cutoff   34      16019.1520 15980.8218  0.24%  90.5 3410s
 53128  6346     cutoff   48      16019.1520 15981.4132  0.24%  90.6 3415s
 53265  6225 16003.2762   36  640 16019.1520 15981.9783  0.23%  90.6 3420s
 53459  6057     cutoff   30      16019.1520 15982.7634  0.23%  90.6 3425s
 53609  5922     cutoff   36      16019.1520 15983.3914  0.22%  90.6 3430s
 53798  5768     cutoff   27      16019.1520 15984.2184  0.22%  90.6 3435s
 53966  5613     cutoff   28      16019.1520 15984.9043  0.21%  90.5 3440s
 54045  5544     cutoff   29      16019.1520 15985.1683  0.21%  90.7 3445s
 54194  5407     cutoff   31      16019.1520 15985.7893  0.21%  90.6 3450s
 54443  5158     cutoff   30      16019.1520 15986.9259  0.20%  90.5 3455s
 54692  4911     cutoff   40      16019.1520 15988.1695  0.19%  90.4 3460s
 54947  4657     cutoff   36      16019.1520 15989.2995  0.19%  90.3 3465s
 55167  4441     cutoff   32      16019.1520 15990.2783  0.18%  90.1 3470s
 55414  4197     cutoff   43      16019.1520 15991.3168  0.17%  90.0 3475s
 55661  3961     cutoff   33      16019.1520 15992.3162  0.17%  89.8 3480s
 55915  3709     cutoff   35      16019.1520 15993.4961  0.16%  89.6 3485s
 56148  3478     cutoff   24      16019.1520 15994.4282  0.15%  89.5 3490s
 56440  3188     cutoff   46      16019.1520 15995.6532  0.15%  89.2 3495s
 56712  2917     cutoff   36      16019.1520 15996.8566  0.14%  89.0 3500s
 56992  2639     cutoff   41      16019.1520 15998.2290  0.13%  88.7 3505s
 57291  2343     cutoff   42      16019.1520 15999.6264  0.12%  88.4 3510s
 57601  2039     cutoff   34      16019.1520 16001.0083  0.11%  88.1 3515s
 57916  1724     cutoff   42      16019.1520 16002.7686  0.10%  87.8 3520s
 58211  1429     cutoff   43      16019.1520 16004.3609  0.09%  87.5 3525s
 58529  1111     cutoff   38      16019.1520 16006.3760  0.08%  87.2 3530s
 58859   781     cutoff   44      16019.1520 16008.4867  0.07%  86.8 3535s
 59183   457     cutoff   35      16019.1520 16011.2948  0.05%  86.4 3540s
 59511   129     cutoff   33      16019.1520 16015.7422  0.02%  86.0 3545s

Cutting planes:
  Gomory: 42
  Cover: 1040
  Clique: 164
  MIR: 190
  StrongCG: 21
  Flow cover: 223
  Inf proof: 13
  Zero half: 180
  RLT: 36

Explored 59594 nodes (5365140 simplex iterations) in 3546.42 seconds (3274.66 work units)
Thread count was 1 (of 224 available processors)

Solution count 10: 16019.2 16019.2 16019.2 ... 16144.1

Optimal solution found (tolerance 1.00e-04)
Best objective 1.601915200000e+04, best bound 1.601757416714e+04, gap 0.0098%

Gurobi 10.0.2 (linux64) logging started Tue Sep  5 17:37:58 2023

Set parameter LogFile to value "../reopt_p2/problem2_0.log"
Set parameter TimeLimit to value 600
Gurobi Optimizer version 10.0.2 build v10.0.2rc0 (linux64)

CPU model: Intel(R) Xeon(R) Platinum 8280 CPU @ 2.70GHz, instruction set [SSE2|AVX|AVX2|AVX512]
Thread count: 112 physical cores, 112 logical processors, using up to 32 threads

Optimize a model with 73440 rows, 156140 columns and 249332 nonzeros
Model fingerprint: 0xe1c64ae2
Variable types: 0 continuous, 156140 integer (156140 binary)
Coefficient statistics:
  Matrix range     [1e+00, 3e+01]
  Objective range  [4e-01, 6e+01]
  Bounds range     [1e+00, 1e+00]
  RHS range        [1e+00, 1e+00]
Presolve removed 32713 rows and 72916 columns (presolve time = 13s) ...
Presolve removed 32713 rows and 72916 columns
Presolve time: 13.14s
Presolved: 40727 rows, 83224 columns, 165560 nonzeros
Variable types: 0 continuous, 83224 integer (83224 binary)
Found heuristic solution: objective 27830.854000
Deterministic concurrent LP optimizer: primal and dual simplex
Showing first log only...


Root simplex log...

Iteration    Objective       Primal Inf.    Dual Inf.      Time
       0    0.0000000e+00   6.000000e+00   9.590265e+07     14s
      13    1.7370641e+04   0.000000e+00   3.671386e+04     14s
    3061    1.0774639e+04   0.000000e+00   0.000000e+00     14s
Concurrent spin time: 0.10s

Solved with primal simplex
    3061    1.0774639e+04   0.000000e+00   0.000000e+00     14s

Use crossover to convert LP symmetric solution to basic solution...

Root crossover log...

       0 DPushes remaining with DInf 0.0000000e+00                14s

      26 PPushes remaining with PInf 0.0000000e+00                14s
       0 PPushes remaining with PInf 0.0000000e+00                14s

  Push phase complete: Pinf 0.0000000e+00, Dinf 2.0503275e-01     14s


Root simplex log...

Iteration    Objective       Primal Inf.    Dual Inf.      Time
    5280    1.0774639e+04   0.000000e+00   2.050328e-01     14s
    5281    1.0774639e+04   0.000000e+00   0.000000e+00     14s
    6005    1.0774639e+04   0.000000e+00   0.000000e+00     14s
Extra simplex iterations after uncrush: 724

Root relaxation: objective 1.077464e+04, 6005 iterations, 0.62 seconds (0.30 work units)

    Nodes    |    Current Node    |     Objective Bounds      |     Work
 Expl Unexpl |  Obj  Depth IntInf | Incumbent    BestBd   Gap | It/Node Time

     0     0 10774.6387    0 1249 27830.8540 10774.6387  61.3%     -   15s
H    0     0                    18724.464000 10774.6387  42.5%     -   16s
H    0     0                    16441.498000 10774.6387  34.5%     -   16s
H    0     0                    16233.238000 10774.6387  33.6%     -   16s
H    0     0                    16232.356000 10774.6387  33.6%     -   18s
H    0     0                    16211.062000 10774.6387  33.5%     -   18s
     0     0 11898.9158    0  968 16211.0620 11898.9158  26.6%     -   21s
     0     0 11904.4971    0  969 16211.0620 11904.4971  26.6%     -   22s
     0     0 12374.3935    0 1761 16211.0620 12374.3935  23.7%     -   29s
H    0     0                    16207.260000 12382.8927  23.6%     -   32s
     0     0 12382.8927    0 1060 16207.2600 12382.8927  23.6%     -   32s
     0     0 12383.0338    0 1061 16207.2600 12383.0338  23.6%     -   33s
     0     0 12665.6414    0  818 16207.2600 12665.6414  21.9%     -   36s
H    0     0                    16198.764000 12665.6414  21.8%     -   38s
H    0     0                    16176.156000 12665.6414  21.7%     -   39s
H    0     0                    16172.034000 12800.8545  20.8%     -   41s
     0     0 12800.8545    0 1206 16172.0340 12800.8545  20.8%     -   44s
     0     0 12802.9090    0  912 16172.0340 12802.9090  20.8%     -   44s
H    0     0                    16150.740000 12802.9090  20.7%     -   44s
H    0     0                    16149.042000 13155.7977  18.5%     -   45s
     0     0 13155.7977    0 2199 16149.0420 13155.7977  18.5%     -   51s
H    0     0                    16133.436000 13155.7977  18.5%     -   52s
     0     0 13250.4751    0 2625 16133.4360 13250.4751  17.9%     -   53s
     0     0 13259.4985    0 2265 16133.4360 13259.4985  17.8%     -   56s
     0     0 13260.8301    0 2657 16133.4360 13260.8301  17.8%     -   57s
     0     0 13260.8909    0 2658 16133.4360 13260.8909  17.8%     -   57s
H    0     0                    16124.046000 13260.8909  17.8%     -   60s
H    0     0                    16105.614000 13551.6186  15.9%     -   75s
H    0     0                    16063.132000 13551.6186  15.6%     -   75s
     0     0 13551.6186    0 5713 16063.1320 13551.6186  15.6%     -   79s
H    0     0                    16061.434000 13551.6186  15.6%     -   80s
H    0     0                    16056.454000 13551.6186  15.6%     -   80s
     0     0 13647.9757    0 6728 16056.4540 13647.9757  15.0%     -   90s
H    0     0                    16056.400000 13675.6086  14.8%     -   94s
     0     0 13675.6086    0 7368 16056.4000 13675.6086  14.8%     -   95s
H    0     0                    16054.702000 13681.5716  14.8%     -   98s
     0     0 13681.5716    0 6953 16054.7020 13681.5716  14.8%     -  100s
     0     0 13685.7835    0 7177 16054.7020 13685.7835  14.8%     -  100s
     0     0 13686.9208    0 7195 16054.7020 13686.9208  14.7%     -  100s
     0     0 13687.5883    0 7204 16054.7020 13687.5883  14.7%     -  101s
     0     0 13687.9780    0 7202 16054.7020 13687.9780  14.7%     -  101s
H    0     0                    16045.412000 14097.8447  12.1%     -  118s
     0     0 14097.8447    0 8477 16045.4120 14097.8447  12.1%     -  119s
     0     0 14180.8168    0 11811 16045.4120 14180.8168  11.6%     -  128s
H    0     0                    16020.778000 14218.7829  11.2%     -  133s
H    0     0                    16019.152000 14218.7829  11.2%     -  133s
     0     0 14218.7829    0 13308 16019.1520 14218.7829  11.2%     -  134s
     0     0 14233.7351    0 13134 16019.1520 14233.7351  11.1%     -  138s
     0     0 14238.8301    0 13304 16019.1520 14238.8301  11.1%     -  141s
     0     0 14242.3279    0 13180 16019.1520 14242.3279  11.1%     -  143s
     0     0 14246.2951    0 13227 16019.1520 14246.2951  11.1%     -  145s
     0     0 14247.7580    0 13290 16019.1520 14247.7580  11.1%     -  146s
     0     0 14248.4893    0 13532 16019.1520 14248.4893  11.1%     -  147s
H    0     0                    16019.151996 14637.4420  8.63%     -  178s
     0     0 14637.4420    0 16350 16019.1520 14637.4420  8.63%     -  179s
     0     0 14713.5849    0 17016 16019.1520 14713.5849  8.15%     -  191s
     0     0 14737.3409    0 18021 16019.1520 14737.3409  8.00%     -  200s
     0     0 14745.4611    0 18061 16019.1520 14745.4611  7.95%     -  205s
     0     0 14749.1162    0 17889 16019.1520 14749.1162  7.93%     -  209s
     0     0 14751.0818    0 17918 16019.1520 14751.0818  7.92%     -  211s
     0     0 14751.5625    0 17949 16019.1520 14751.5625  7.91%     -  213s
H    0     0                    16019.151968 15053.7578  6.03%     -  252s
H    0     0                    16019.151965 15053.7578  6.03%     -  252s
     0     0 15053.7578    0 16175 16019.1520 15053.7578  6.03%     -  253s
     0     0 15086.9801    0 17198 16019.1520 15086.9801  5.82%     -  266s
     0     0 15106.2572    0 17184 16019.1520 15106.2572  5.70%     -  275s
     0     0 15115.0303    0 17336 16019.1520 15115.0303  5.64%     -  279s
     0     0 15116.9278    0 17070 16019.1520 15116.9278  5.63%     -  282s
     0     0 15117.9403    0 17270 16019.1520 15117.9403  5.63%     -  284s
     0     0 15231.0239    0 19809 16019.1520 15231.0239  4.92%     -  323s
     0     0 15256.3499    0 17029 16019.1520 15256.3499  4.76%     -  332s
     0     0 15269.1107    0 17221 16019.1520 15269.1107  4.68%     -  339s
     0     0 15271.2026    0 17323 16019.1520 15271.2026  4.67%     -  343s
     0     0 15271.8061    0 17557 16019.1520 15271.8061  4.67%     -  346s
     0     0 15347.2492    0 20574 16019.1520 15347.2492  4.19%     -  371s
     0     0 15368.2114    0 21033 16019.1520 15368.2114  4.06%     -  381s
     0     0 15372.3045    0 20356 16019.1520 15372.3045  4.04%     -  386s
     0     0 15377.6350    0 21114 16019.1520 15377.6350  4.00%     -  390s
     0     0 15379.3506    0 21093 16019.1520 15379.3506  3.99%     -  391s
     0     0 15414.3781    0 16650 16019.1520 15414.3781  3.78%     -  409s
     0     0 15432.6107    0 16674 16019.1520 15432.6107  3.66%     -  414s
     0     0 15433.0874    0 16709 16019.1520 15433.0874  3.66%     -  417s
     0     0 15447.6037    0 16442 16019.1520 15447.6037  3.57%     -  428s
     0     0 15452.1930    0 16605 16019.1520 15452.1930  3.54%     -  435s
     0     0 15453.1630    0 16605 16019.1520 15453.1630  3.53%     -  439s
     0     0 15463.1265    0 16514 16019.1520 15463.1265  3.47%     -  446s
     0     0 15463.1265    0 16502 16019.1520 15463.1265  3.47%     -  447s
     0     0 15463.1666    0 2215 16019.1520 15463.1666  3.47%     -  485s
     0     0 15463.1666    0 9505 16019.1520 15463.1666  3.47%     -  497s
     0     0 15463.1666    0 15120 16019.1520 15463.1666  3.47%     -  512s
     0     0 15481.4473    0 15224 16019.1520 15481.4473  3.36%     -  521s
     0     0 15490.7798    0 15181 16019.1520 15490.7798  3.30%     -  524s
     0     0 15494.6907    0 15156 16019.1520 15494.6907  3.27%     -  527s
     0     0 15495.1287    0 15147 16019.1520 15495.1287  3.27%     -  528s
     0     0 15495.1656    0 15136 16019.1520 15495.1656  3.27%     -  529s
     0     0 15499.3930    0 15169 16019.1520 15499.3930  3.24%     -  534s
     0     0 15500.6247    0 15159 16019.1520 15500.6247  3.24%     -  536s
     0     0 15500.7918    0 15170 16019.1520 15500.7918  3.24%     -  537s
     0     0 15500.9182    0 15155 16019.1520 15500.9182  3.24%     -  538s
     0     0 15500.9287    0 15153 16019.1520 15500.9287  3.24%     -  539s
     0     0 15501.4536    0 15161 16019.1520 15501.4536  3.23%     -  543s
     0     0 15501.6166    0 15158 16019.1520 15501.6166  3.23%     -  544s
     0     0 15501.6478    0 15165 16019.1520 15501.6478  3.23%     -  544s
     0     0 15501.8154    0 15163 16019.1520 15501.8154  3.23%     -  547s
     0     0 15501.8193    0 15167 16019.1520 15501.8193  3.23%     -  548s
     0     0 15501.8506    0 15167 16019.1520 15501.8506  3.23%     -  550s
     0     0 15501.8506    0 15160 16019.1520 15501.8506  3.23%     -  555s
     0     2 15502.0375    0 15154 16019.1520 15502.0375  3.23%     -  567s
     1     5 15576.8381    1 15028 16019.1520 15502.0375  3.23% 18025  570s
     7    16 15672.4579    3 14690 16019.1520 15619.7513  2.49%  5356  576s
    15    31 15712.0954    4 14267 16019.1520 15673.0279  2.16%  4359  580s
    31    48 15762.5765    5 14192 16019.1520 15713.4601  1.91%  3233  592s
    62    74 15801.7893    6 14202 16019.1520 15763.2139  1.60%  3077  595s
   158   117 infeasible    8      16019.1520 15812.5884  1.29%  1385  600s

Cutting planes:
  Gomory: 24
  Cover: 870
  Clique: 180
  MIR: 185
  StrongCG: 15
  Inf proof: 1
  Zero half: 2
  RLT: 3

Explored 189 nodes (418871 simplex iterations) in 600.11 seconds (253.63 work units)
Thread count was 32 (of 112 available processors)

Solution count 10: 16019.2 16019.2 16019.2 ... 16061.4

Time limit reached
Best objective 1.601915196517e+04, best bound 1.581258838876e+04, gap 1.2895%

Gurobi 10.0.2 (linux64) logging started Wed Sep  6 08:52:45 2023

Set parameter LogFile to value "../reopt_p2/problem2_0.log"
Set parameter TimeLimit to value 600
Set parameter Threads to value 30
Gurobi Optimizer version 10.0.2 build v10.0.2rc0 (linux64)

CPU model: Intel(R) Xeon(R) Platinum 8280 CPU @ 2.70GHz, instruction set [SSE2|AVX|AVX2|AVX512]
Thread count: 112 physical cores, 112 logical processors, using up to 30 threads

Optimize a model with 73440 rows, 156140 columns and 249332 nonzeros
Model fingerprint: 0xe1c64ae2
Variable types: 0 continuous, 156140 integer (156140 binary)
Coefficient statistics:
  Matrix range     [1e+00, 3e+01]
  Objective range  [4e-01, 6e+01]
  Bounds range     [1e+00, 1e+00]
  RHS range        [1e+00, 1e+00]
Presolve removed 32713 rows and 72916 columns (presolve time = 10s) ...
Presolve removed 32713 rows and 72916 columns
Presolve time: 9.71s
Presolved: 40727 rows, 83224 columns, 165560 nonzeros
Variable types: 0 continuous, 83224 integer (83224 binary)
Found heuristic solution: objective 27830.854000
Deterministic concurrent LP optimizer: primal and dual simplex
Showing first log only...


Root simplex log...

Iteration    Objective       Primal Inf.    Dual Inf.      Time
       0    0.0000000e+00   6.000000e+00   9.590265e+07     10s
      13    1.7370641e+04   0.000000e+00   3.671386e+04     10s
    3061    1.0774639e+04   0.000000e+00   0.000000e+00     10s
Concurrent spin time: 0.04s

Solved with primal simplex
    3061    1.0774639e+04   0.000000e+00   0.000000e+00     10s

Use crossover to convert LP symmetric solution to basic solution...

Root crossover log...

       0 DPushes remaining with DInf 0.0000000e+00                10s

      26 PPushes remaining with PInf 0.0000000e+00                10s
       0 PPushes remaining with PInf 0.0000000e+00                10s

  Push phase complete: Pinf 0.0000000e+00, Dinf 2.0503275e-01     10s


Root simplex log...

Iteration    Objective       Primal Inf.    Dual Inf.      Time
    5280    1.0774639e+04   0.000000e+00   2.050328e-01     10s
    5281    1.0774639e+04   0.000000e+00   0.000000e+00     10s
    6005    1.0774639e+04   0.000000e+00   0.000000e+00     10s
Extra simplex iterations after uncrush: 724

Root relaxation: objective 1.077464e+04, 6005 iterations, 0.36 seconds (0.30 work units)

    Nodes    |    Current Node    |     Objective Bounds      |     Work
 Expl Unexpl |  Obj  Depth IntInf | Incumbent    BestBd   Gap | It/Node Time

     0     0 10774.6387    0 1249 27830.8540 10774.6387  61.3%     -   10s
H    0     0                    18724.464000 10774.6387  42.5%     -   11s
H    0     0                    16441.498000 10774.6387  34.5%     -   11s
H    0     0                    16233.238000 10774.6387  33.6%     -   11s
H    0     0                    16232.356000 10774.6387  33.6%     -   11s
H    0     0                    16211.062000 10774.6387  33.5%     -   11s
     0     0 11898.9158    0  968 16211.0620 11898.9158  26.6%     -   11s
     0     0 11904.4971    0  969 16211.0620 11904.4971  26.6%     -   12s
     0     0 12374.3935    0 1761 16211.0620 12374.3935  23.7%     -   13s
H    0     0                    16207.260000 12382.8927  23.6%     -   13s
     0     0 12382.8927    0 1060 16207.2600 12382.8927  23.6%     -   13s
     0     0 12383.0338    0 1061 16207.2600 12383.0338  23.6%     -   13s
     0     0 12665.6414    0  818 16207.2600 12665.6414  21.9%     -   14s
H    0     0                    16198.764000 12665.6414  21.8%     -   14s
H    0     0                    16176.156000 12665.6414  21.7%     -   14s
H    0     0                    16172.034000 12800.8545  20.8%     -   14s
     0     0 12800.8545    0 1206 16172.0340 12800.8545  20.8%     -   15s
     0     0 12802.9090    0  912 16172.0340 12802.9090  20.8%     -   15s
H    0     0                    16150.740000 12802.9090  20.7%     -   15s
H    0     0                    16149.042000 13155.7977  18.5%     -   15s
     0     0 13155.7977    0 2199 16149.0420 13155.7977  18.5%     -   16s
H    0     0                    16133.436000 13155.7977  18.5%     -   16s
     0     0 13250.4751    0 2625 16133.4360 13250.4751  17.9%     -   17s
     0     0 13259.4985    0 2265 16133.4360 13259.4985  17.8%     -   17s
     0     0 13260.8301    0 2657 16133.4360 13260.8301  17.8%     -   17s
     0     0 13260.8909    0 2658 16133.4360 13260.8909  17.8%     -   18s
H    0     0                    16124.046000 13260.8909  17.8%     -   18s
H    0     0                    16105.614000 13551.6186  15.9%     -   20s
H    0     0                    16063.132000 13551.6186  15.6%     -   20s
     0     0 13551.6186    0 5713 16063.1320 13551.6186  15.6%     -   21s
H    0     0                    16061.434000 13551.6186  15.6%     -   21s
H    0     0                    16056.454000 13551.6186  15.6%     -   21s
     0     0 13647.9757    0 6728 16056.4540 13647.9757  15.0%     -   22s
H    0     0                    16056.400000 13675.6086  14.8%     -   23s
     0     0 13675.6086    0 7368 16056.4000 13675.6086  14.8%     -   24s
H    0     0                    16054.702000 13681.5716  14.8%     -   24s
     0     0 13681.5716    0 6953 16054.7020 13681.5716  14.8%     -   25s
     0     0 13685.7835    0 7177 16054.7020 13685.7835  14.8%     -   25s
     0     0 13686.9208    0 7195 16054.7020 13686.9208  14.7%     -   25s
     0     0 13687.5883    0 7204 16054.7020 13687.5883  14.7%     -   26s
     0     0 13687.9780    0 7202 16054.7020 13687.9780  14.7%     -   26s
H    0     0                    16045.412000 14097.8447  12.1%     -   36s
     0     0 14097.8447    0 8477 16045.4120 14097.8447  12.1%     -   36s
     0     0 14180.8168    0 11811 16045.4120 14180.8168  11.6%     -   42s
H    0     0                    16020.778000 14218.7829  11.2%     -   45s
H    0     0                    16019.152000 14218.7829  11.2%     -   45s
     0     0 14218.7829    0 13308 16019.1520 14218.7829  11.2%     -   46s
     0     0 14233.7351    0 13134 16019.1520 14233.7351  11.1%     -   49s
     0     0 14238.8301    0 13304 16019.1520 14238.8301  11.1%     -   50s
     0     0 14242.3279    0 13180 16019.1520 14242.3279  11.1%     -   52s
     0     0 14246.2951    0 13227 16019.1520 14246.2951  11.1%     -   53s
     0     0 14247.7580    0 13290 16019.1520 14247.7580  11.1%     -   54s
     0     0 14248.4893    0 13532 16019.1520 14248.4893  11.1%     -   55s
H    0     0                    16019.151996 14637.4420  8.63%     -   76s
     0     0 14637.4420    0 16350 16019.1520 14637.4420  8.63%     -   77s
     0     0 14713.5849    0 17016 16019.1520 14713.5849  8.15%     -   85s
     0     0 14737.3409    0 18021 16019.1520 14737.3409  8.00%     -   91s
     0     0 14745.4611    0 18061 16019.1520 14745.4611  7.95%     -   95s
     0     0 14749.1162    0 17889 16019.1520 14749.1162  7.93%     -   97s
     0     0 14751.0818    0 17918 16019.1520 14751.0818  7.92%     -   99s
     0     0 14751.5625    0 17949 16019.1520 14751.5625  7.91%     -  100s
H    0     0                    16019.151968 15053.7578  6.03%     -  126s
H    0     0                    16019.151965 15053.7578  6.03%     -  126s
     0     0 15053.7578    0 16175 16019.1520 15053.7578  6.03%     -  127s
     0     0 15086.9801    0 17198 16019.1520 15086.9801  5.82%     -  136s
     0     0 15106.2572    0 17184 16019.1520 15106.2572  5.70%     -  141s
     0     0 15115.0303    0 17336 16019.1520 15115.0303  5.64%     -  144s
     0     0 15116.9278    0 17070 16019.1520 15116.9278  5.63%     -  146s
     0     0 15117.9403    0 17270 16019.1520 15117.9403  5.63%     -  147s
     0     0 15231.0239    0 19809 16019.1520 15231.0239  4.92%     -  173s
     0     0 15256.3499    0 17029 16019.1520 15256.3499  4.76%     -  180s
     0     0 15269.1107    0 17221 16019.1520 15269.1107  4.68%     -  185s
     0     0 15271.2026    0 17323 16019.1520 15271.2026  4.67%     -  187s
     0     0 15271.8061    0 17557 16019.1520 15271.8061  4.67%     -  190s
     0     0 15347.2492    0 20574 16019.1520 15347.2492  4.19%     -  206s
     0     0 15368.2114    0 21033 16019.1520 15368.2114  4.06%     -  214s
     0     0 15372.3045    0 20356 16019.1520 15372.3045  4.04%     -  217s
     0     0 15377.6350    0 21114 16019.1520 15377.6350  4.00%     -  219s
     0     0 15379.3506    0 21093 16019.1520 15379.3506  3.99%     -  221s
     0     0 15414.3781    0 16650 16019.1520 15414.3781  3.78%     -  233s
     0     0 15432.6107    0 16674 16019.1520 15432.6107  3.66%     -  236s
     0     0 15433.0874    0 16709 16019.1520 15433.0874  3.66%     -  239s
     0     0 15447.6037    0 16442 16019.1520 15447.6037  3.57%     -  247s
     0     0 15452.1930    0 16605 16019.1520 15452.1930  3.54%     -  251s
     0     0 15453.1630    0 16605 16019.1520 15453.1630  3.53%     -  254s
     0     0 15463.1265    0 16514 16019.1520 15463.1265  3.47%     -  259s
     0     0 15463.1265    0 16502 16019.1520 15463.1265  3.47%     -  260s
     0     0 15463.1666    0 2215 16019.1520 15463.1666  3.47%     -  280s
     0     0 15463.1666    0 9505 16019.1520 15463.1666  3.47%     -  287s
     0     0 15463.1666    0 15120 16019.1520 15463.1666  3.47%     -  294s
     0     0 15481.4473    0 15224 16019.1520 15481.4473  3.36%     -  299s
     0     0 15490.7798    0 15181 16019.1520 15490.7798  3.30%     -  301s
     0     0 15494.6907    0 15156 16019.1520 15494.6907  3.27%     -  302s
     0     0 15495.1287    0 15147 16019.1520 15495.1287  3.27%     -  303s
     0     0 15495.1656    0 15136 16019.1520 15495.1656  3.27%     -  304s
     0     0 15499.3930    0 15169 16019.1520 15499.3930  3.24%     -  306s
     0     0 15500.6247    0 15159 16019.1520 15500.6247  3.24%     -  307s
     0     0 15500.7918    0 15170 16019.1520 15500.7918  3.24%     -  308s
     0     0 15500.9182    0 15155 16019.1520 15500.9182  3.24%     -  309s
     0     0 15500.9287    0 15153 16019.1520 15500.9287  3.24%     -  310s
     0     0 15501.4536    0 15161 16019.1520 15501.4536  3.23%     -  312s
     0     0 15501.6166    0 15158 16019.1520 15501.6166  3.23%     -  312s
     0     0 15501.6478    0 15165 16019.1520 15501.6478  3.23%     -  312s
     0     0 15501.8154    0 15163 16019.1520 15501.8154  3.23%     -  314s
     0     0 15501.8193    0 15167 16019.1520 15501.8193  3.23%     -  314s
     0     0 15501.8506    0 15167 16019.1520 15501.8506  3.23%     -  315s
     0     0 15501.8506    0 15160 16019.1520 15501.8506  3.23%     -  318s
     0     2 15502.0375    0 15154 16019.1520 15502.0375  3.23%     -  325s
     3     8 15625.0239    2 14617 16019.1520 15576.8448  2.76%  8416  330s
    23    31 15881.4610    4 7860 16019.1520 15712.1339  1.92%  3431  335s
    31    49 15762.5765    5 14192 16019.1520 15713.4601  1.91%  3233  342s
    61    71 15801.7893    6 14202 16019.1520 15763.2139  1.60%  3077  345s
   238   147 15908.4620    9 13780 16019.1520 15812.5884  1.29%   968  350s
  1093   497 15947.7085   14 13799 16019.1520 15824.1637  1.22%   260  355s
  1764   584 15993.2704   16 13399 16019.1520 15824.1637  1.22%   202  360s
  2857   466     cutoff   14      16019.1520 15929.6744  0.56%   154  365s

Cutting planes:
  Gomory: 28
  Cover: 1017
  Clique: 192
  MIR: 186
  StrongCG: 15
  Inf proof: 5
  Zero half: 2
  RLT: 3

Explored 4361 nodes (712922 simplex iterations) in 369.88 seconds (306.48 work units)
Thread count was 30 (of 112 available processors)

Solution count 10: 16019.2 16019.2 16019.2 ... 16061.4

Optimal solution found (tolerance 1.00e-04)
Best objective 1.601915196517e+04, best bound 1.601915196477e+04, gap 0.0000%
